--------------- Clean Started: 04/15/2019 16:30:14 Project: countZilla, Configuration: ARM GCC 5.4-2016-q2-update Debug ---------------
Deleting file ".\CortexM0\ARM_GCC_541\Debug\main.o"
Deleting file ".\CortexM0\ARM_GCC_541\Debug\cyfitter_cfg.o"
Deleting file ".\CortexM0\ARM_GCC_541\Debug\cymetadata.o"
Deleting file ".\CortexM0\ARM_GCC_541\Debug\GLCD.o"
Deleting file ".\CortexM0\ARM_GCC_541\Debug\GLCD_Font.o"
Deleting file ".\CortexM0\ARM_GCC_541\Debug\Backlight.o"
Deleting file ".\CortexM0\ARM_GCC_541\Debug\Backlight_PM.o"
Deleting file ".\CortexM0\ARM_GCC_541\Debug\GLCD_Reset.o"
Deleting file ".\CortexM0\ARM_GCC_541\Debug\GLCD_SPIM_UDB.o"
Deleting file ".\CortexM0\ARM_GCC_541\Debug\GLCD_SPIM_UDB_PM.o"
Deleting file ".\CortexM0\ARM_GCC_541\Debug\GLCD_SPIM_UDB_INT.o"
Deleting file ".\CortexM0\ARM_GCC_541\Debug\GLCD_SCLK.o"
Deleting file ".\CortexM0\ARM_GCC_541\Debug\GLCD_MOSI.o"
Deleting file ".\CortexM0\ARM_GCC_541\Debug\GLCD_SS.o"
Deleting file ".\CortexM0\ARM_GCC_541\Debug\GLCD_SPIM_UDB_IntClock.o"
Deleting file ".\CortexM0\ARM_GCC_541\Debug\Cm0Start.o"
Deleting file ".\CortexM0\ARM_GCC_541\Debug\CyBootAsmGnu.o"
Deleting file ".\CortexM0\ARM_GCC_541\Debug\CyFlash.o"
Deleting file ".\CortexM0\ARM_GCC_541\Debug\CyLib.o"
Deleting file ".\CortexM0\ARM_GCC_541\Debug\cyPm.o"
Deleting file ".\CortexM0\ARM_GCC_541\Debug\cyutils.o"
Deleting file ".\CortexM0\ARM_GCC_541\Debug\CyLFClk.o"
Deleting file ".\CortexM0\ARM_GCC_541\Debug\cy_em_eeprom.o"
Deleting file ".\CortexM0\ARM_GCC_541\Debug\A_Button.o"
Deleting file ".\CortexM0\ARM_GCC_541\Debug\A_Button_PM.o"
Deleting file ".\CortexM0\ARM_GCC_541\Debug\A_Interrupt.o"
Deleting file ".\CortexM0\ARM_GCC_541\Debug\B_Button.o"
Deleting file ".\CortexM0\ARM_GCC_541\Debug\B_Button_PM.o"
Deleting file ".\CortexM0\ARM_GCC_541\Debug\B_Interrupt.o"
Deleting file ".\CortexM0\ARM_GCC_541\Debug\C_Button.o"
Deleting file ".\CortexM0\ARM_GCC_541\Debug\C_Button_PM.o"
Deleting file ".\CortexM0\ARM_GCC_541\Debug\C_Interrupt.o"
Deleting file ".\CortexM0\ARM_GCC_541\Debug\D_Button.o"
Deleting file ".\CortexM0\ARM_GCC_541\Debug\D_Button_PM.o"
Deleting file ".\CortexM0\ARM_GCC_541\Debug\D_Interrupt.o"
Deleting file ".\CortexM0\ARM_GCC_541\Debug\StickButton.o"
Deleting file ".\CortexM0\ARM_GCC_541\Debug\StickButton_PM.o"
Deleting file ".\CortexM0\ARM_GCC_541\Debug\StickButton_Interrupt.o"
Deleting file ".\CortexM0\ARM_GCC_541\Debug\countZilla.hex"
Deleting file ".\CortexM0\ARM_GCC_541\Debug\countZilla.elf"
Deleting file ".\CortexM0\ARM_GCC_541\Debug\countZilla.map"
Deleting file ".\countZilla.cycdx"
Deleting file ".\countZilla.rpt"
Deleting file ".\countZilla_timing.html"
Deleting file ".\CortexM0\ARM_GCC_541\Debug\.deps\SOURCE_C__ARM_GCC_GENERIC.P"
Deleting file ".\CortexM0\ARM_GCC_541\Debug\.deps\SOURCE_ASM__ARM_GCC_GENERIC.P"
--------------- Clean Succeeded: 04/15/2019 16:30:14 ---------------
