ARM GAS  C:\Users\quint\AppData\Local\Temp\ccIBlj5H.s 			page 1


   1              		.syntax unified
   2              		.cpu cortex-m0
   3              		.fpu softvfp
   4              		.eabi_attribute 20, 1
   5              		.eabi_attribute 21, 1
   6              		.eabi_attribute 23, 3
   7              		.eabi_attribute 24, 1
   8              		.eabi_attribute 25, 1
   9              		.eabi_attribute 26, 1
  10              		.eabi_attribute 30, 1
  11              		.eabi_attribute 34, 0
  12              		.eabi_attribute 18, 4
  13              		.thumb
  14              		.syntax unified
  15              		.file	"D_Interrupt.c"
  16              		.text
  17              	.Ltext0:
  18              		.cfi_sections	.debug_frame
  19              		.section	.text.D_Interrupt_SetVector,"ax",%progbits
  20              		.align	2
  21              		.global	D_Interrupt_SetVector
  22              		.code	16
  23              		.thumb_func
  24              		.type	D_Interrupt_SetVector, %function
  25              	D_Interrupt_SetVector:
  26              	.LFB37:
  27              		.file 1 "Generated_Source\\PSoC4\\D_Interrupt.c"
   1:Generated_Source\PSoC4/D_Interrupt.c **** /*******************************************************************************
   2:Generated_Source\PSoC4/D_Interrupt.c **** * File Name: D_Interrupt.c  
   3:Generated_Source\PSoC4/D_Interrupt.c **** * Version 1.70
   4:Generated_Source\PSoC4/D_Interrupt.c **** *
   5:Generated_Source\PSoC4/D_Interrupt.c **** *  Description:
   6:Generated_Source\PSoC4/D_Interrupt.c **** *   API for controlling the state of an interrupt.
   7:Generated_Source\PSoC4/D_Interrupt.c **** *
   8:Generated_Source\PSoC4/D_Interrupt.c **** *
   9:Generated_Source\PSoC4/D_Interrupt.c **** *  Note:
  10:Generated_Source\PSoC4/D_Interrupt.c **** *
  11:Generated_Source\PSoC4/D_Interrupt.c **** ********************************************************************************
  12:Generated_Source\PSoC4/D_Interrupt.c **** * Copyright 2008-2015, Cypress Semiconductor Corporation.  All rights reserved.
  13:Generated_Source\PSoC4/D_Interrupt.c **** * You may use this file only in accordance with the license, terms, conditions, 
  14:Generated_Source\PSoC4/D_Interrupt.c **** * disclaimers, and limitations in the end user license agreement accompanying 
  15:Generated_Source\PSoC4/D_Interrupt.c **** * the software package with which this file was provided.
  16:Generated_Source\PSoC4/D_Interrupt.c **** *******************************************************************************/
  17:Generated_Source\PSoC4/D_Interrupt.c **** 
  18:Generated_Source\PSoC4/D_Interrupt.c **** 
  19:Generated_Source\PSoC4/D_Interrupt.c **** #include <cydevice_trm.h>
  20:Generated_Source\PSoC4/D_Interrupt.c **** #include <CyLib.h>
  21:Generated_Source\PSoC4/D_Interrupt.c **** #include <D_Interrupt.h>
  22:Generated_Source\PSoC4/D_Interrupt.c **** #include "cyapicallbacks.h"
  23:Generated_Source\PSoC4/D_Interrupt.c **** 
  24:Generated_Source\PSoC4/D_Interrupt.c **** #if !defined(D_Interrupt__REMOVED) /* Check for removal by optimization */
  25:Generated_Source\PSoC4/D_Interrupt.c **** 
  26:Generated_Source\PSoC4/D_Interrupt.c **** /*******************************************************************************
  27:Generated_Source\PSoC4/D_Interrupt.c **** *  Place your includes, defines and code here 
  28:Generated_Source\PSoC4/D_Interrupt.c **** ********************************************************************************/
  29:Generated_Source\PSoC4/D_Interrupt.c **** /* `#START D_Interrupt_intc` */
  30:Generated_Source\PSoC4/D_Interrupt.c ****    #include "project.h"
ARM GAS  C:\Users\quint\AppData\Local\Temp\ccIBlj5H.s 			page 2


  31:Generated_Source\PSoC4/D_Interrupt.c **** #include <stdio.h>
  32:Generated_Source\PSoC4/D_Interrupt.c **** #define PUSHED 0
  33:Generated_Source\PSoC4/D_Interrupt.c **** extern int count; 
  34:Generated_Source\PSoC4/D_Interrupt.c **** extern char mystring[20];
  35:Generated_Source\PSoC4/D_Interrupt.c **** /* `#END` */
  36:Generated_Source\PSoC4/D_Interrupt.c **** 
  37:Generated_Source\PSoC4/D_Interrupt.c **** extern cyisraddress CyRamVectors[CYINT_IRQ_BASE + CY_NUM_INTERRUPTS];
  38:Generated_Source\PSoC4/D_Interrupt.c **** 
  39:Generated_Source\PSoC4/D_Interrupt.c **** /* Declared in startup, used to set unused interrupts to. */
  40:Generated_Source\PSoC4/D_Interrupt.c **** CY_ISR_PROTO(IntDefaultHandler);
  41:Generated_Source\PSoC4/D_Interrupt.c **** 
  42:Generated_Source\PSoC4/D_Interrupt.c **** 
  43:Generated_Source\PSoC4/D_Interrupt.c **** /*******************************************************************************
  44:Generated_Source\PSoC4/D_Interrupt.c **** * Function Name: D_Interrupt_Start
  45:Generated_Source\PSoC4/D_Interrupt.c **** ********************************************************************************
  46:Generated_Source\PSoC4/D_Interrupt.c **** *
  47:Generated_Source\PSoC4/D_Interrupt.c **** * Summary:
  48:Generated_Source\PSoC4/D_Interrupt.c **** *  Set up the interrupt and enable it. This function disables the interrupt, 
  49:Generated_Source\PSoC4/D_Interrupt.c **** *  sets the default interrupt vector, sets the priority from the value in the
  50:Generated_Source\PSoC4/D_Interrupt.c **** *  Design Wide Resources Interrupt Editor, then enables the interrupt to the 
  51:Generated_Source\PSoC4/D_Interrupt.c **** *  interrupt controller.
  52:Generated_Source\PSoC4/D_Interrupt.c **** *
  53:Generated_Source\PSoC4/D_Interrupt.c **** * Parameters:  
  54:Generated_Source\PSoC4/D_Interrupt.c **** *   None
  55:Generated_Source\PSoC4/D_Interrupt.c **** *
  56:Generated_Source\PSoC4/D_Interrupt.c **** * Return:
  57:Generated_Source\PSoC4/D_Interrupt.c **** *   None
  58:Generated_Source\PSoC4/D_Interrupt.c **** *
  59:Generated_Source\PSoC4/D_Interrupt.c **** *******************************************************************************/
  60:Generated_Source\PSoC4/D_Interrupt.c **** void D_Interrupt_Start(void)
  61:Generated_Source\PSoC4/D_Interrupt.c **** {
  62:Generated_Source\PSoC4/D_Interrupt.c ****     /* For all we know the interrupt is active. */
  63:Generated_Source\PSoC4/D_Interrupt.c ****     D_Interrupt_Disable();
  64:Generated_Source\PSoC4/D_Interrupt.c **** 
  65:Generated_Source\PSoC4/D_Interrupt.c ****     /* Set the ISR to point to the D_Interrupt Interrupt. */
  66:Generated_Source\PSoC4/D_Interrupt.c ****     D_Interrupt_SetVector(&D_Interrupt_Interrupt);
  67:Generated_Source\PSoC4/D_Interrupt.c **** 
  68:Generated_Source\PSoC4/D_Interrupt.c ****     /* Set the priority. */
  69:Generated_Source\PSoC4/D_Interrupt.c ****     D_Interrupt_SetPriority((uint8)D_Interrupt_INTC_PRIOR_NUMBER);
  70:Generated_Source\PSoC4/D_Interrupt.c **** 
  71:Generated_Source\PSoC4/D_Interrupt.c ****     /* Enable it. */
  72:Generated_Source\PSoC4/D_Interrupt.c ****     D_Interrupt_Enable();
  73:Generated_Source\PSoC4/D_Interrupt.c **** }
  74:Generated_Source\PSoC4/D_Interrupt.c **** 
  75:Generated_Source\PSoC4/D_Interrupt.c **** 
  76:Generated_Source\PSoC4/D_Interrupt.c **** /*******************************************************************************
  77:Generated_Source\PSoC4/D_Interrupt.c **** * Function Name: D_Interrupt_StartEx
  78:Generated_Source\PSoC4/D_Interrupt.c **** ********************************************************************************
  79:Generated_Source\PSoC4/D_Interrupt.c **** *
  80:Generated_Source\PSoC4/D_Interrupt.c **** * Summary:
  81:Generated_Source\PSoC4/D_Interrupt.c **** *  Sets up the interrupt and enables it. This function disables the interrupt,
  82:Generated_Source\PSoC4/D_Interrupt.c **** *  sets the interrupt vector based on the address passed in, sets the priority 
  83:Generated_Source\PSoC4/D_Interrupt.c **** *  from the value in the Design Wide Resources Interrupt Editor, then enables 
  84:Generated_Source\PSoC4/D_Interrupt.c **** *  the interrupt to the interrupt controller.
  85:Generated_Source\PSoC4/D_Interrupt.c **** *  
  86:Generated_Source\PSoC4/D_Interrupt.c **** *  When defining ISR functions, the CY_ISR and CY_ISR_PROTO macros should be 
  87:Generated_Source\PSoC4/D_Interrupt.c **** *  used to provide consistent definition across compilers:
ARM GAS  C:\Users\quint\AppData\Local\Temp\ccIBlj5H.s 			page 3


  88:Generated_Source\PSoC4/D_Interrupt.c **** *  
  89:Generated_Source\PSoC4/D_Interrupt.c **** *  Function definition example:
  90:Generated_Source\PSoC4/D_Interrupt.c **** *   CY_ISR(MyISR)
  91:Generated_Source\PSoC4/D_Interrupt.c **** *   {
  92:Generated_Source\PSoC4/D_Interrupt.c **** *   }
  93:Generated_Source\PSoC4/D_Interrupt.c **** *   Function prototype example:
  94:Generated_Source\PSoC4/D_Interrupt.c **** *   CY_ISR_PROTO(MyISR);
  95:Generated_Source\PSoC4/D_Interrupt.c **** *
  96:Generated_Source\PSoC4/D_Interrupt.c **** * Parameters:  
  97:Generated_Source\PSoC4/D_Interrupt.c **** *   address: Address of the ISR to set in the interrupt vector table.
  98:Generated_Source\PSoC4/D_Interrupt.c **** *
  99:Generated_Source\PSoC4/D_Interrupt.c **** * Return:
 100:Generated_Source\PSoC4/D_Interrupt.c **** *   None
 101:Generated_Source\PSoC4/D_Interrupt.c **** *
 102:Generated_Source\PSoC4/D_Interrupt.c **** *******************************************************************************/
 103:Generated_Source\PSoC4/D_Interrupt.c **** void D_Interrupt_StartEx(cyisraddress address)
 104:Generated_Source\PSoC4/D_Interrupt.c **** {
 105:Generated_Source\PSoC4/D_Interrupt.c ****     /* For all we know the interrupt is active. */
 106:Generated_Source\PSoC4/D_Interrupt.c ****     D_Interrupt_Disable();
 107:Generated_Source\PSoC4/D_Interrupt.c **** 
 108:Generated_Source\PSoC4/D_Interrupt.c ****     /* Set the ISR to point to the D_Interrupt Interrupt. */
 109:Generated_Source\PSoC4/D_Interrupt.c ****     D_Interrupt_SetVector(address);
 110:Generated_Source\PSoC4/D_Interrupt.c **** 
 111:Generated_Source\PSoC4/D_Interrupt.c ****     /* Set the priority. */
 112:Generated_Source\PSoC4/D_Interrupt.c ****     D_Interrupt_SetPriority((uint8)D_Interrupt_INTC_PRIOR_NUMBER);
 113:Generated_Source\PSoC4/D_Interrupt.c **** 
 114:Generated_Source\PSoC4/D_Interrupt.c ****     /* Enable it. */
 115:Generated_Source\PSoC4/D_Interrupt.c ****     D_Interrupt_Enable();
 116:Generated_Source\PSoC4/D_Interrupt.c **** }
 117:Generated_Source\PSoC4/D_Interrupt.c **** 
 118:Generated_Source\PSoC4/D_Interrupt.c **** 
 119:Generated_Source\PSoC4/D_Interrupt.c **** /*******************************************************************************
 120:Generated_Source\PSoC4/D_Interrupt.c **** * Function Name: D_Interrupt_Stop
 121:Generated_Source\PSoC4/D_Interrupt.c **** ********************************************************************************
 122:Generated_Source\PSoC4/D_Interrupt.c **** *
 123:Generated_Source\PSoC4/D_Interrupt.c **** * Summary:
 124:Generated_Source\PSoC4/D_Interrupt.c **** *   Disables and removes the interrupt.
 125:Generated_Source\PSoC4/D_Interrupt.c **** *
 126:Generated_Source\PSoC4/D_Interrupt.c **** * Parameters:  
 127:Generated_Source\PSoC4/D_Interrupt.c **** *   None
 128:Generated_Source\PSoC4/D_Interrupt.c **** *
 129:Generated_Source\PSoC4/D_Interrupt.c **** * Return:
 130:Generated_Source\PSoC4/D_Interrupt.c **** *   None
 131:Generated_Source\PSoC4/D_Interrupt.c **** *
 132:Generated_Source\PSoC4/D_Interrupt.c **** *******************************************************************************/
 133:Generated_Source\PSoC4/D_Interrupt.c **** void D_Interrupt_Stop(void)
 134:Generated_Source\PSoC4/D_Interrupt.c **** {
 135:Generated_Source\PSoC4/D_Interrupt.c ****     /* Disable this interrupt. */
 136:Generated_Source\PSoC4/D_Interrupt.c ****     D_Interrupt_Disable();
 137:Generated_Source\PSoC4/D_Interrupt.c **** 
 138:Generated_Source\PSoC4/D_Interrupt.c ****     /* Set the ISR to point to the passive one. */
 139:Generated_Source\PSoC4/D_Interrupt.c ****     D_Interrupt_SetVector(&IntDefaultHandler);
 140:Generated_Source\PSoC4/D_Interrupt.c **** }
 141:Generated_Source\PSoC4/D_Interrupt.c **** 
 142:Generated_Source\PSoC4/D_Interrupt.c **** 
 143:Generated_Source\PSoC4/D_Interrupt.c **** /*******************************************************************************
 144:Generated_Source\PSoC4/D_Interrupt.c **** * Function Name: D_Interrupt_Interrupt
ARM GAS  C:\Users\quint\AppData\Local\Temp\ccIBlj5H.s 			page 4


 145:Generated_Source\PSoC4/D_Interrupt.c **** ********************************************************************************
 146:Generated_Source\PSoC4/D_Interrupt.c **** *
 147:Generated_Source\PSoC4/D_Interrupt.c **** * Summary:
 148:Generated_Source\PSoC4/D_Interrupt.c **** *   The default Interrupt Service Routine for D_Interrupt.
 149:Generated_Source\PSoC4/D_Interrupt.c **** *
 150:Generated_Source\PSoC4/D_Interrupt.c **** *   Add custom code between the START and END comments to keep the next version
 151:Generated_Source\PSoC4/D_Interrupt.c **** *   of this file from over-writing your code.
 152:Generated_Source\PSoC4/D_Interrupt.c **** *
 153:Generated_Source\PSoC4/D_Interrupt.c **** *   Note You may use either the default ISR by using this API, or you may define
 154:Generated_Source\PSoC4/D_Interrupt.c **** *   your own separate ISR through ISR_StartEx().
 155:Generated_Source\PSoC4/D_Interrupt.c **** *
 156:Generated_Source\PSoC4/D_Interrupt.c **** * Parameters:  
 157:Generated_Source\PSoC4/D_Interrupt.c **** *   None
 158:Generated_Source\PSoC4/D_Interrupt.c **** *
 159:Generated_Source\PSoC4/D_Interrupt.c **** * Return:
 160:Generated_Source\PSoC4/D_Interrupt.c **** *   None
 161:Generated_Source\PSoC4/D_Interrupt.c **** *
 162:Generated_Source\PSoC4/D_Interrupt.c **** *******************************************************************************/
 163:Generated_Source\PSoC4/D_Interrupt.c **** CY_ISR(D_Interrupt_Interrupt)
 164:Generated_Source\PSoC4/D_Interrupt.c **** {
 165:Generated_Source\PSoC4/D_Interrupt.c ****     #ifdef D_Interrupt_INTERRUPT_INTERRUPT_CALLBACK
 166:Generated_Source\PSoC4/D_Interrupt.c ****         D_Interrupt_Interrupt_InterruptCallback();
 167:Generated_Source\PSoC4/D_Interrupt.c ****     #endif /* D_Interrupt_INTERRUPT_INTERRUPT_CALLBACK */ 
 168:Generated_Source\PSoC4/D_Interrupt.c **** 
 169:Generated_Source\PSoC4/D_Interrupt.c ****     /*  Place your Interrupt code here. */
 170:Generated_Source\PSoC4/D_Interrupt.c ****     /* `#START D_Interrupt_Interrupt` */
 171:Generated_Source\PSoC4/D_Interrupt.c ****     
 172:Generated_Source\PSoC4/D_Interrupt.c ****     //Decrements the pointer 10 times a second when pressed
 173:Generated_Source\PSoC4/D_Interrupt.c ****    
 174:Generated_Source\PSoC4/D_Interrupt.c ****   
 175:Generated_Source\PSoC4/D_Interrupt.c ****             D_Interrupt_ClearPending(); 
 176:Generated_Source\PSoC4/D_Interrupt.c ****     /* `#END` */
 177:Generated_Source\PSoC4/D_Interrupt.c **** }
 178:Generated_Source\PSoC4/D_Interrupt.c **** 
 179:Generated_Source\PSoC4/D_Interrupt.c **** 
 180:Generated_Source\PSoC4/D_Interrupt.c **** /*******************************************************************************
 181:Generated_Source\PSoC4/D_Interrupt.c **** * Function Name: D_Interrupt_SetVector
 182:Generated_Source\PSoC4/D_Interrupt.c **** ********************************************************************************
 183:Generated_Source\PSoC4/D_Interrupt.c **** *
 184:Generated_Source\PSoC4/D_Interrupt.c **** * Summary:
 185:Generated_Source\PSoC4/D_Interrupt.c **** *   Change the ISR vector for the Interrupt. Note calling D_Interrupt_Start
 186:Generated_Source\PSoC4/D_Interrupt.c **** *   will override any effect this method would have had. To set the vector 
 187:Generated_Source\PSoC4/D_Interrupt.c **** *   before the component has been started use D_Interrupt_StartEx instead.
 188:Generated_Source\PSoC4/D_Interrupt.c **** * 
 189:Generated_Source\PSoC4/D_Interrupt.c **** *   When defining ISR functions, the CY_ISR and CY_ISR_PROTO macros should be 
 190:Generated_Source\PSoC4/D_Interrupt.c **** *   used to provide consistent definition across compilers:
 191:Generated_Source\PSoC4/D_Interrupt.c **** *
 192:Generated_Source\PSoC4/D_Interrupt.c **** *   Function definition example:
 193:Generated_Source\PSoC4/D_Interrupt.c **** *   CY_ISR(MyISR)
 194:Generated_Source\PSoC4/D_Interrupt.c **** *   {
 195:Generated_Source\PSoC4/D_Interrupt.c **** *   }
 196:Generated_Source\PSoC4/D_Interrupt.c **** *
 197:Generated_Source\PSoC4/D_Interrupt.c **** *   Function prototype example:
 198:Generated_Source\PSoC4/D_Interrupt.c **** *     CY_ISR_PROTO(MyISR);
 199:Generated_Source\PSoC4/D_Interrupt.c **** *
 200:Generated_Source\PSoC4/D_Interrupt.c **** * Parameters:
 201:Generated_Source\PSoC4/D_Interrupt.c **** *   address: Address of the ISR to set in the interrupt vector table.
ARM GAS  C:\Users\quint\AppData\Local\Temp\ccIBlj5H.s 			page 5


 202:Generated_Source\PSoC4/D_Interrupt.c **** *
 203:Generated_Source\PSoC4/D_Interrupt.c **** * Return:
 204:Generated_Source\PSoC4/D_Interrupt.c **** *   None
 205:Generated_Source\PSoC4/D_Interrupt.c **** *
 206:Generated_Source\PSoC4/D_Interrupt.c **** *******************************************************************************/
 207:Generated_Source\PSoC4/D_Interrupt.c **** void D_Interrupt_SetVector(cyisraddress address)
 208:Generated_Source\PSoC4/D_Interrupt.c **** {
  28              		.loc 1 208 0
  29              		.cfi_startproc
  30              		@ args = 0, pretend = 0, frame = 0
  31              		@ frame_needed = 0, uses_anonymous_args = 0
  32              		@ link register save eliminated.
  33              	.LVL0:
 209:Generated_Source\PSoC4/D_Interrupt.c ****     CyRamVectors[CYINT_IRQ_BASE + D_Interrupt__INTC_NUMBER] = address;
  34              		.loc 1 209 0
  35 0000 014B     		ldr	r3, .L2
  36 0002 9864     		str	r0, [r3, #72]
 210:Generated_Source\PSoC4/D_Interrupt.c **** }
  37              		.loc 1 210 0
  38              		@ sp needed
  39 0004 7047     		bx	lr
  40              	.L3:
  41 0006 C046     		.align	2
  42              	.L2:
  43 0008 00000000 		.word	CyRamVectors
  44              		.cfi_endproc
  45              	.LFE37:
  46              		.size	D_Interrupt_SetVector, .-D_Interrupt_SetVector
  47              		.section	.text.D_Interrupt_GetVector,"ax",%progbits
  48              		.align	2
  49              		.global	D_Interrupt_GetVector
  50              		.code	16
  51              		.thumb_func
  52              		.type	D_Interrupt_GetVector, %function
  53              	D_Interrupt_GetVector:
  54              	.LFB38:
 211:Generated_Source\PSoC4/D_Interrupt.c **** 
 212:Generated_Source\PSoC4/D_Interrupt.c **** 
 213:Generated_Source\PSoC4/D_Interrupt.c **** /*******************************************************************************
 214:Generated_Source\PSoC4/D_Interrupt.c **** * Function Name: D_Interrupt_GetVector
 215:Generated_Source\PSoC4/D_Interrupt.c **** ********************************************************************************
 216:Generated_Source\PSoC4/D_Interrupt.c **** *
 217:Generated_Source\PSoC4/D_Interrupt.c **** * Summary:
 218:Generated_Source\PSoC4/D_Interrupt.c **** *   Gets the "address" of the current ISR vector for the Interrupt.
 219:Generated_Source\PSoC4/D_Interrupt.c **** *
 220:Generated_Source\PSoC4/D_Interrupt.c **** * Parameters:
 221:Generated_Source\PSoC4/D_Interrupt.c **** *   None
 222:Generated_Source\PSoC4/D_Interrupt.c **** *
 223:Generated_Source\PSoC4/D_Interrupt.c **** * Return:
 224:Generated_Source\PSoC4/D_Interrupt.c **** *   Address of the ISR in the interrupt vector table.
 225:Generated_Source\PSoC4/D_Interrupt.c **** *
 226:Generated_Source\PSoC4/D_Interrupt.c **** *******************************************************************************/
 227:Generated_Source\PSoC4/D_Interrupt.c **** cyisraddress D_Interrupt_GetVector(void)
 228:Generated_Source\PSoC4/D_Interrupt.c **** {
  55              		.loc 1 228 0
  56              		.cfi_startproc
  57              		@ args = 0, pretend = 0, frame = 0
ARM GAS  C:\Users\quint\AppData\Local\Temp\ccIBlj5H.s 			page 6


  58              		@ frame_needed = 0, uses_anonymous_args = 0
  59              		@ link register save eliminated.
 229:Generated_Source\PSoC4/D_Interrupt.c ****     return CyRamVectors[CYINT_IRQ_BASE + D_Interrupt__INTC_NUMBER];
  60              		.loc 1 229 0
  61 0000 014B     		ldr	r3, .L5
  62 0002 986C     		ldr	r0, [r3, #72]
 230:Generated_Source\PSoC4/D_Interrupt.c **** }
  63              		.loc 1 230 0
  64              		@ sp needed
  65 0004 7047     		bx	lr
  66              	.L6:
  67 0006 C046     		.align	2
  68              	.L5:
  69 0008 00000000 		.word	CyRamVectors
  70              		.cfi_endproc
  71              	.LFE38:
  72              		.size	D_Interrupt_GetVector, .-D_Interrupt_GetVector
  73              		.section	.text.D_Interrupt_SetPriority,"ax",%progbits
  74              		.align	2
  75              		.global	D_Interrupt_SetPriority
  76              		.code	16
  77              		.thumb_func
  78              		.type	D_Interrupt_SetPriority, %function
  79              	D_Interrupt_SetPriority:
  80              	.LFB39:
 231:Generated_Source\PSoC4/D_Interrupt.c **** 
 232:Generated_Source\PSoC4/D_Interrupt.c **** 
 233:Generated_Source\PSoC4/D_Interrupt.c **** /*******************************************************************************
 234:Generated_Source\PSoC4/D_Interrupt.c **** * Function Name: D_Interrupt_SetPriority
 235:Generated_Source\PSoC4/D_Interrupt.c **** ********************************************************************************
 236:Generated_Source\PSoC4/D_Interrupt.c **** *
 237:Generated_Source\PSoC4/D_Interrupt.c **** * Summary:
 238:Generated_Source\PSoC4/D_Interrupt.c **** *   Sets the Priority of the Interrupt. 
 239:Generated_Source\PSoC4/D_Interrupt.c **** *
 240:Generated_Source\PSoC4/D_Interrupt.c **** *   Note calling D_Interrupt_Start or D_Interrupt_StartEx will 
 241:Generated_Source\PSoC4/D_Interrupt.c **** *   override any effect this API would have had. This API should only be called
 242:Generated_Source\PSoC4/D_Interrupt.c **** *   after D_Interrupt_Start or D_Interrupt_StartEx has been called. 
 243:Generated_Source\PSoC4/D_Interrupt.c **** *   To set the initial priority for the component, use the Design-Wide Resources
 244:Generated_Source\PSoC4/D_Interrupt.c **** *   Interrupt Editor.
 245:Generated_Source\PSoC4/D_Interrupt.c **** *
 246:Generated_Source\PSoC4/D_Interrupt.c **** *   Note This API has no effect on Non-maskable interrupt NMI).
 247:Generated_Source\PSoC4/D_Interrupt.c **** *
 248:Generated_Source\PSoC4/D_Interrupt.c **** * Parameters:
 249:Generated_Source\PSoC4/D_Interrupt.c **** *   priority: Priority of the interrupt, 0 being the highest priority
 250:Generated_Source\PSoC4/D_Interrupt.c **** *             PSoC 3 and PSoC 5LP: Priority is from 0 to 7.
 251:Generated_Source\PSoC4/D_Interrupt.c **** *             PSoC 4: Priority is from 0 to 3.
 252:Generated_Source\PSoC4/D_Interrupt.c **** *
 253:Generated_Source\PSoC4/D_Interrupt.c **** * Return:
 254:Generated_Source\PSoC4/D_Interrupt.c **** *   None
 255:Generated_Source\PSoC4/D_Interrupt.c **** *
 256:Generated_Source\PSoC4/D_Interrupt.c **** *******************************************************************************/
 257:Generated_Source\PSoC4/D_Interrupt.c **** void D_Interrupt_SetPriority(uint8 priority)
 258:Generated_Source\PSoC4/D_Interrupt.c **** {
  81              		.loc 1 258 0
  82              		.cfi_startproc
  83              		@ args = 0, pretend = 0, frame = 0
  84              		@ frame_needed = 0, uses_anonymous_args = 0
ARM GAS  C:\Users\quint\AppData\Local\Temp\ccIBlj5H.s 			page 7


  85              	.LVL1:
  86 0000 10B5     		push	{r4, lr}
  87              		.cfi_def_cfa_offset 8
  88              		.cfi_offset 4, -8
  89              		.cfi_offset 14, -4
  90 0002 0400     		movs	r4, r0
  91              	.LVL2:
 259:Generated_Source\PSoC4/D_Interrupt.c **** 	uint8 interruptState;
 260:Generated_Source\PSoC4/D_Interrupt.c ****     uint32 priorityOffset = ((D_Interrupt__INTC_NUMBER % 4u) * 8u) + 6u;
 261:Generated_Source\PSoC4/D_Interrupt.c ****     
 262:Generated_Source\PSoC4/D_Interrupt.c **** 	interruptState = CyEnterCriticalSection();
  92              		.loc 1 262 0
  93 0004 FFF7FEFF 		bl	CyEnterCriticalSection
  94              	.LVL3:
 263:Generated_Source\PSoC4/D_Interrupt.c ****     *D_Interrupt_INTC_PRIOR = (*D_Interrupt_INTC_PRIOR & (uint32)(~D_Interrupt__INTC_PRIOR_MASK)) |
  95              		.loc 1 263 0
  96 0008 044A     		ldr	r2, .L8
  97 000a 1168     		ldr	r1, [r2]
  98 000c 044B     		ldr	r3, .L8+4
  99 000e 0B40     		ands	r3, r1
 264:Generated_Source\PSoC4/D_Interrupt.c ****                                     ((uint32)priority << priorityOffset);
 100              		.loc 1 264 0
 101 0010 A405     		lsls	r4, r4, #22
 263:Generated_Source\PSoC4/D_Interrupt.c ****     *D_Interrupt_INTC_PRIOR = (*D_Interrupt_INTC_PRIOR & (uint32)(~D_Interrupt__INTC_PRIOR_MASK)) |
 102              		.loc 1 263 0
 103 0012 1C43     		orrs	r4, r3
 104 0014 1460     		str	r4, [r2]
 265:Generated_Source\PSoC4/D_Interrupt.c **** 	CyExitCriticalSection(interruptState);
 105              		.loc 1 265 0
 106 0016 FFF7FEFF 		bl	CyExitCriticalSection
 107              	.LVL4:
 266:Generated_Source\PSoC4/D_Interrupt.c **** }
 108              		.loc 1 266 0
 109              		@ sp needed
 110 001a 10BD     		pop	{r4, pc}
 111              	.L9:
 112              		.align	2
 113              	.L8:
 114 001c 00E400E0 		.word	-536812544
 115 0020 FFFF3FFF 		.word	-12582913
 116              		.cfi_endproc
 117              	.LFE39:
 118              		.size	D_Interrupt_SetPriority, .-D_Interrupt_SetPriority
 119              		.section	.text.D_Interrupt_GetPriority,"ax",%progbits
 120              		.align	2
 121              		.global	D_Interrupt_GetPriority
 122              		.code	16
 123              		.thumb_func
 124              		.type	D_Interrupt_GetPriority, %function
 125              	D_Interrupt_GetPriority:
 126              	.LFB40:
 267:Generated_Source\PSoC4/D_Interrupt.c **** 
 268:Generated_Source\PSoC4/D_Interrupt.c **** 
 269:Generated_Source\PSoC4/D_Interrupt.c **** /*******************************************************************************
 270:Generated_Source\PSoC4/D_Interrupt.c **** * Function Name: D_Interrupt_GetPriority
 271:Generated_Source\PSoC4/D_Interrupt.c **** ********************************************************************************
 272:Generated_Source\PSoC4/D_Interrupt.c **** *
ARM GAS  C:\Users\quint\AppData\Local\Temp\ccIBlj5H.s 			page 8


 273:Generated_Source\PSoC4/D_Interrupt.c **** * Summary:
 274:Generated_Source\PSoC4/D_Interrupt.c **** *   Gets the Priority of the Interrupt.
 275:Generated_Source\PSoC4/D_Interrupt.c **** *
 276:Generated_Source\PSoC4/D_Interrupt.c **** * Parameters:
 277:Generated_Source\PSoC4/D_Interrupt.c **** *   None
 278:Generated_Source\PSoC4/D_Interrupt.c **** *
 279:Generated_Source\PSoC4/D_Interrupt.c **** * Return:
 280:Generated_Source\PSoC4/D_Interrupt.c **** *   Priority of the interrupt, 0 being the highest priority
 281:Generated_Source\PSoC4/D_Interrupt.c **** *    PSoC 3 and PSoC 5LP: Priority is from 0 to 7.
 282:Generated_Source\PSoC4/D_Interrupt.c **** *    PSoC 4: Priority is from 0 to 3.
 283:Generated_Source\PSoC4/D_Interrupt.c **** *
 284:Generated_Source\PSoC4/D_Interrupt.c **** *******************************************************************************/
 285:Generated_Source\PSoC4/D_Interrupt.c **** uint8 D_Interrupt_GetPriority(void)
 286:Generated_Source\PSoC4/D_Interrupt.c **** {
 127              		.loc 1 286 0
 128              		.cfi_startproc
 129              		@ args = 0, pretend = 0, frame = 0
 130              		@ frame_needed = 0, uses_anonymous_args = 0
 131              		@ link register save eliminated.
 132              	.LVL5:
 287:Generated_Source\PSoC4/D_Interrupt.c ****     uint32 priority;
 288:Generated_Source\PSoC4/D_Interrupt.c **** 	uint32 priorityOffset = ((D_Interrupt__INTC_NUMBER % 4u) * 8u) + 6u;
 289:Generated_Source\PSoC4/D_Interrupt.c **** 
 290:Generated_Source\PSoC4/D_Interrupt.c ****     priority = (*D_Interrupt_INTC_PRIOR & D_Interrupt__INTC_PRIOR_MASK) >> priorityOffset;
 133              		.loc 1 290 0
 134 0000 024B     		ldr	r3, .L11
 135 0002 1868     		ldr	r0, [r3]
 136 0004 800D     		lsrs	r0, r0, #22
 137              	.LVL6:
 291:Generated_Source\PSoC4/D_Interrupt.c **** 
 292:Generated_Source\PSoC4/D_Interrupt.c ****     return (uint8)priority;
 138              		.loc 1 292 0
 139 0006 0323     		movs	r3, #3
 140 0008 1840     		ands	r0, r3
 141              	.LVL7:
 293:Generated_Source\PSoC4/D_Interrupt.c **** }
 142              		.loc 1 293 0
 143              		@ sp needed
 144 000a 7047     		bx	lr
 145              	.L12:
 146              		.align	2
 147              	.L11:
 148 000c 00E400E0 		.word	-536812544
 149              		.cfi_endproc
 150              	.LFE40:
 151              		.size	D_Interrupt_GetPriority, .-D_Interrupt_GetPriority
 152              		.section	.text.D_Interrupt_Enable,"ax",%progbits
 153              		.align	2
 154              		.global	D_Interrupt_Enable
 155              		.code	16
 156              		.thumb_func
 157              		.type	D_Interrupt_Enable, %function
 158              	D_Interrupt_Enable:
 159              	.LFB41:
 294:Generated_Source\PSoC4/D_Interrupt.c **** 
 295:Generated_Source\PSoC4/D_Interrupt.c **** 
 296:Generated_Source\PSoC4/D_Interrupt.c **** /*******************************************************************************
ARM GAS  C:\Users\quint\AppData\Local\Temp\ccIBlj5H.s 			page 9


 297:Generated_Source\PSoC4/D_Interrupt.c **** * Function Name: D_Interrupt_Enable
 298:Generated_Source\PSoC4/D_Interrupt.c **** ********************************************************************************
 299:Generated_Source\PSoC4/D_Interrupt.c **** *
 300:Generated_Source\PSoC4/D_Interrupt.c **** * Summary:
 301:Generated_Source\PSoC4/D_Interrupt.c **** *   Enables the interrupt to the interrupt controller. Do not call this function
 302:Generated_Source\PSoC4/D_Interrupt.c **** *   unless ISR_Start() has been called or the functionality of the ISR_Start() 
 303:Generated_Source\PSoC4/D_Interrupt.c **** *   function, which sets the vector and the priority, has been called.
 304:Generated_Source\PSoC4/D_Interrupt.c **** *
 305:Generated_Source\PSoC4/D_Interrupt.c **** * Parameters:
 306:Generated_Source\PSoC4/D_Interrupt.c **** *   None
 307:Generated_Source\PSoC4/D_Interrupt.c **** *
 308:Generated_Source\PSoC4/D_Interrupt.c **** * Return:
 309:Generated_Source\PSoC4/D_Interrupt.c **** *   None
 310:Generated_Source\PSoC4/D_Interrupt.c **** *
 311:Generated_Source\PSoC4/D_Interrupt.c **** *******************************************************************************/
 312:Generated_Source\PSoC4/D_Interrupt.c **** void D_Interrupt_Enable(void)
 313:Generated_Source\PSoC4/D_Interrupt.c **** {
 160              		.loc 1 313 0
 161              		.cfi_startproc
 162              		@ args = 0, pretend = 0, frame = 0
 163              		@ frame_needed = 0, uses_anonymous_args = 0
 164              		@ link register save eliminated.
 314:Generated_Source\PSoC4/D_Interrupt.c ****     /* Enable the general interrupt. */
 315:Generated_Source\PSoC4/D_Interrupt.c ****     *D_Interrupt_INTC_SET_EN = D_Interrupt__INTC_MASK;
 165              		.loc 1 315 0
 166 0000 0422     		movs	r2, #4
 167 0002 014B     		ldr	r3, .L14
 168 0004 1A60     		str	r2, [r3]
 316:Generated_Source\PSoC4/D_Interrupt.c **** }
 169              		.loc 1 316 0
 170              		@ sp needed
 171 0006 7047     		bx	lr
 172              	.L15:
 173              		.align	2
 174              	.L14:
 175 0008 00E100E0 		.word	-536813312
 176              		.cfi_endproc
 177              	.LFE41:
 178              		.size	D_Interrupt_Enable, .-D_Interrupt_Enable
 179              		.section	.text.D_Interrupt_GetState,"ax",%progbits
 180              		.align	2
 181              		.global	D_Interrupt_GetState
 182              		.code	16
 183              		.thumb_func
 184              		.type	D_Interrupt_GetState, %function
 185              	D_Interrupt_GetState:
 186              	.LFB42:
 317:Generated_Source\PSoC4/D_Interrupt.c **** 
 318:Generated_Source\PSoC4/D_Interrupt.c **** 
 319:Generated_Source\PSoC4/D_Interrupt.c **** /*******************************************************************************
 320:Generated_Source\PSoC4/D_Interrupt.c **** * Function Name: D_Interrupt_GetState
 321:Generated_Source\PSoC4/D_Interrupt.c **** ********************************************************************************
 322:Generated_Source\PSoC4/D_Interrupt.c **** *
 323:Generated_Source\PSoC4/D_Interrupt.c **** * Summary:
 324:Generated_Source\PSoC4/D_Interrupt.c **** *   Gets the state (enabled, disabled) of the Interrupt.
 325:Generated_Source\PSoC4/D_Interrupt.c **** *
 326:Generated_Source\PSoC4/D_Interrupt.c **** * Parameters:
ARM GAS  C:\Users\quint\AppData\Local\Temp\ccIBlj5H.s 			page 10


 327:Generated_Source\PSoC4/D_Interrupt.c **** *   None
 328:Generated_Source\PSoC4/D_Interrupt.c **** *
 329:Generated_Source\PSoC4/D_Interrupt.c **** * Return:
 330:Generated_Source\PSoC4/D_Interrupt.c **** *   1 if enabled, 0 if disabled.
 331:Generated_Source\PSoC4/D_Interrupt.c **** *
 332:Generated_Source\PSoC4/D_Interrupt.c **** *******************************************************************************/
 333:Generated_Source\PSoC4/D_Interrupt.c **** uint8 D_Interrupt_GetState(void)
 334:Generated_Source\PSoC4/D_Interrupt.c **** {
 187              		.loc 1 334 0
 188              		.cfi_startproc
 189              		@ args = 0, pretend = 0, frame = 0
 190              		@ frame_needed = 0, uses_anonymous_args = 0
 191              		@ link register save eliminated.
 335:Generated_Source\PSoC4/D_Interrupt.c ****     /* Get the state of the general interrupt. */
 336:Generated_Source\PSoC4/D_Interrupt.c ****     return ((*D_Interrupt_INTC_SET_EN & (uint32)D_Interrupt__INTC_MASK) != 0u) ? 1u:0u;
 192              		.loc 1 336 0
 193 0000 034B     		ldr	r3, .L19
 194 0002 1B68     		ldr	r3, [r3]
 195 0004 5B07     		lsls	r3, r3, #29
 196 0006 01D5     		bpl	.L18
 197 0008 0120     		movs	r0, #1
 198 000a 00E0     		b	.L17
 199              	.L18:
 200 000c 0020     		movs	r0, #0
 201              	.L17:
 337:Generated_Source\PSoC4/D_Interrupt.c **** }
 202              		.loc 1 337 0 discriminator 4
 203              		@ sp needed
 204 000e 7047     		bx	lr
 205              	.L20:
 206              		.align	2
 207              	.L19:
 208 0010 00E100E0 		.word	-536813312
 209              		.cfi_endproc
 210              	.LFE42:
 211              		.size	D_Interrupt_GetState, .-D_Interrupt_GetState
 212              		.section	.text.D_Interrupt_Disable,"ax",%progbits
 213              		.align	2
 214              		.global	D_Interrupt_Disable
 215              		.code	16
 216              		.thumb_func
 217              		.type	D_Interrupt_Disable, %function
 218              	D_Interrupt_Disable:
 219              	.LFB43:
 338:Generated_Source\PSoC4/D_Interrupt.c **** 
 339:Generated_Source\PSoC4/D_Interrupt.c **** 
 340:Generated_Source\PSoC4/D_Interrupt.c **** /*******************************************************************************
 341:Generated_Source\PSoC4/D_Interrupt.c **** * Function Name: D_Interrupt_Disable
 342:Generated_Source\PSoC4/D_Interrupt.c **** ********************************************************************************
 343:Generated_Source\PSoC4/D_Interrupt.c **** *
 344:Generated_Source\PSoC4/D_Interrupt.c **** * Summary:
 345:Generated_Source\PSoC4/D_Interrupt.c **** *   Disables the Interrupt in the interrupt controller.
 346:Generated_Source\PSoC4/D_Interrupt.c **** *
 347:Generated_Source\PSoC4/D_Interrupt.c **** * Parameters:
 348:Generated_Source\PSoC4/D_Interrupt.c **** *   None
 349:Generated_Source\PSoC4/D_Interrupt.c **** *
 350:Generated_Source\PSoC4/D_Interrupt.c **** * Return:
ARM GAS  C:\Users\quint\AppData\Local\Temp\ccIBlj5H.s 			page 11


 351:Generated_Source\PSoC4/D_Interrupt.c **** *   None
 352:Generated_Source\PSoC4/D_Interrupt.c **** *
 353:Generated_Source\PSoC4/D_Interrupt.c **** *******************************************************************************/
 354:Generated_Source\PSoC4/D_Interrupt.c **** void D_Interrupt_Disable(void)
 355:Generated_Source\PSoC4/D_Interrupt.c **** {
 220              		.loc 1 355 0
 221              		.cfi_startproc
 222              		@ args = 0, pretend = 0, frame = 0
 223              		@ frame_needed = 0, uses_anonymous_args = 0
 224              		@ link register save eliminated.
 356:Generated_Source\PSoC4/D_Interrupt.c ****     /* Disable the general interrupt. */
 357:Generated_Source\PSoC4/D_Interrupt.c ****     *D_Interrupt_INTC_CLR_EN = D_Interrupt__INTC_MASK;
 225              		.loc 1 357 0
 226 0000 0422     		movs	r2, #4
 227 0002 014B     		ldr	r3, .L22
 228 0004 1A60     		str	r2, [r3]
 358:Generated_Source\PSoC4/D_Interrupt.c **** }
 229              		.loc 1 358 0
 230              		@ sp needed
 231 0006 7047     		bx	lr
 232              	.L23:
 233              		.align	2
 234              	.L22:
 235 0008 80E100E0 		.word	-536813184
 236              		.cfi_endproc
 237              	.LFE43:
 238              		.size	D_Interrupt_Disable, .-D_Interrupt_Disable
 239              		.section	.text.D_Interrupt_Start,"ax",%progbits
 240              		.align	2
 241              		.global	D_Interrupt_Start
 242              		.code	16
 243              		.thumb_func
 244              		.type	D_Interrupt_Start, %function
 245              	D_Interrupt_Start:
 246              	.LFB33:
  61:Generated_Source\PSoC4/D_Interrupt.c ****     /* For all we know the interrupt is active. */
 247              		.loc 1 61 0
 248              		.cfi_startproc
 249              		@ args = 0, pretend = 0, frame = 0
 250              		@ frame_needed = 0, uses_anonymous_args = 0
 251 0000 10B5     		push	{r4, lr}
 252              		.cfi_def_cfa_offset 8
 253              		.cfi_offset 4, -8
 254              		.cfi_offset 14, -4
  63:Generated_Source\PSoC4/D_Interrupt.c **** 
 255              		.loc 1 63 0
 256 0002 FFF7FEFF 		bl	D_Interrupt_Disable
 257              	.LVL8:
  66:Generated_Source\PSoC4/D_Interrupt.c **** 
 258              		.loc 1 66 0
 259 0006 0448     		ldr	r0, .L25
 260 0008 FFF7FEFF 		bl	D_Interrupt_SetVector
 261              	.LVL9:
  69:Generated_Source\PSoC4/D_Interrupt.c **** 
 262              		.loc 1 69 0
 263 000c 0320     		movs	r0, #3
 264 000e FFF7FEFF 		bl	D_Interrupt_SetPriority
ARM GAS  C:\Users\quint\AppData\Local\Temp\ccIBlj5H.s 			page 12


 265              	.LVL10:
  72:Generated_Source\PSoC4/D_Interrupt.c **** }
 266              		.loc 1 72 0
 267 0012 FFF7FEFF 		bl	D_Interrupt_Enable
 268              	.LVL11:
  73:Generated_Source\PSoC4/D_Interrupt.c **** 
 269              		.loc 1 73 0
 270              		@ sp needed
 271 0016 10BD     		pop	{r4, pc}
 272              	.L26:
 273              		.align	2
 274              	.L25:
 275 0018 00000000 		.word	D_Interrupt_Interrupt
 276              		.cfi_endproc
 277              	.LFE33:
 278              		.size	D_Interrupt_Start, .-D_Interrupt_Start
 279              		.section	.text.D_Interrupt_StartEx,"ax",%progbits
 280              		.align	2
 281              		.global	D_Interrupt_StartEx
 282              		.code	16
 283              		.thumb_func
 284              		.type	D_Interrupt_StartEx, %function
 285              	D_Interrupt_StartEx:
 286              	.LFB34:
 104:Generated_Source\PSoC4/D_Interrupt.c ****     /* For all we know the interrupt is active. */
 287              		.loc 1 104 0
 288              		.cfi_startproc
 289              		@ args = 0, pretend = 0, frame = 0
 290              		@ frame_needed = 0, uses_anonymous_args = 0
 291              	.LVL12:
 292 0000 10B5     		push	{r4, lr}
 293              		.cfi_def_cfa_offset 8
 294              		.cfi_offset 4, -8
 295              		.cfi_offset 14, -4
 296 0002 0400     		movs	r4, r0
 106:Generated_Source\PSoC4/D_Interrupt.c **** 
 297              		.loc 1 106 0
 298 0004 FFF7FEFF 		bl	D_Interrupt_Disable
 299              	.LVL13:
 109:Generated_Source\PSoC4/D_Interrupt.c **** 
 300              		.loc 1 109 0
 301 0008 2000     		movs	r0, r4
 302 000a FFF7FEFF 		bl	D_Interrupt_SetVector
 303              	.LVL14:
 112:Generated_Source\PSoC4/D_Interrupt.c **** 
 304              		.loc 1 112 0
 305 000e 0320     		movs	r0, #3
 306 0010 FFF7FEFF 		bl	D_Interrupt_SetPriority
 307              	.LVL15:
 115:Generated_Source\PSoC4/D_Interrupt.c **** }
 308              		.loc 1 115 0
 309 0014 FFF7FEFF 		bl	D_Interrupt_Enable
 310              	.LVL16:
 116:Generated_Source\PSoC4/D_Interrupt.c **** 
 311              		.loc 1 116 0
 312              		@ sp needed
 313              	.LVL17:
ARM GAS  C:\Users\quint\AppData\Local\Temp\ccIBlj5H.s 			page 13


 314 0018 10BD     		pop	{r4, pc}
 315              		.cfi_endproc
 316              	.LFE34:
 317              		.size	D_Interrupt_StartEx, .-D_Interrupt_StartEx
 318 001a C046     		.section	.text.D_Interrupt_Stop,"ax",%progbits
 319              		.align	2
 320              		.global	D_Interrupt_Stop
 321              		.code	16
 322              		.thumb_func
 323              		.type	D_Interrupt_Stop, %function
 324              	D_Interrupt_Stop:
 325              	.LFB35:
 134:Generated_Source\PSoC4/D_Interrupt.c ****     /* Disable this interrupt. */
 326              		.loc 1 134 0
 327              		.cfi_startproc
 328              		@ args = 0, pretend = 0, frame = 0
 329              		@ frame_needed = 0, uses_anonymous_args = 0
 330 0000 10B5     		push	{r4, lr}
 331              		.cfi_def_cfa_offset 8
 332              		.cfi_offset 4, -8
 333              		.cfi_offset 14, -4
 136:Generated_Source\PSoC4/D_Interrupt.c **** 
 334              		.loc 1 136 0
 335 0002 FFF7FEFF 		bl	D_Interrupt_Disable
 336              	.LVL18:
 139:Generated_Source\PSoC4/D_Interrupt.c **** }
 337              		.loc 1 139 0
 338 0006 0248     		ldr	r0, .L29
 339 0008 FFF7FEFF 		bl	D_Interrupt_SetVector
 340              	.LVL19:
 140:Generated_Source\PSoC4/D_Interrupt.c **** 
 341              		.loc 1 140 0
 342              		@ sp needed
 343 000c 10BD     		pop	{r4, pc}
 344              	.L30:
 345 000e C046     		.align	2
 346              	.L29:
 347 0010 00000000 		.word	IntDefaultHandler
 348              		.cfi_endproc
 349              	.LFE35:
 350              		.size	D_Interrupt_Stop, .-D_Interrupt_Stop
 351              		.section	.text.D_Interrupt_SetPending,"ax",%progbits
 352              		.align	2
 353              		.global	D_Interrupt_SetPending
 354              		.code	16
 355              		.thumb_func
 356              		.type	D_Interrupt_SetPending, %function
 357              	D_Interrupt_SetPending:
 358              	.LFB44:
 359:Generated_Source\PSoC4/D_Interrupt.c **** 
 360:Generated_Source\PSoC4/D_Interrupt.c **** 
 361:Generated_Source\PSoC4/D_Interrupt.c **** /*******************************************************************************
 362:Generated_Source\PSoC4/D_Interrupt.c **** * Function Name: D_Interrupt_SetPending
 363:Generated_Source\PSoC4/D_Interrupt.c **** ********************************************************************************
 364:Generated_Source\PSoC4/D_Interrupt.c **** *
 365:Generated_Source\PSoC4/D_Interrupt.c **** * Summary:
 366:Generated_Source\PSoC4/D_Interrupt.c **** *   Causes the Interrupt to enter the pending state, a software method of
ARM GAS  C:\Users\quint\AppData\Local\Temp\ccIBlj5H.s 			page 14


 367:Generated_Source\PSoC4/D_Interrupt.c **** *   generating the interrupt.
 368:Generated_Source\PSoC4/D_Interrupt.c **** *
 369:Generated_Source\PSoC4/D_Interrupt.c **** * Parameters:
 370:Generated_Source\PSoC4/D_Interrupt.c **** *   None
 371:Generated_Source\PSoC4/D_Interrupt.c **** *
 372:Generated_Source\PSoC4/D_Interrupt.c **** * Return:
 373:Generated_Source\PSoC4/D_Interrupt.c **** *   None
 374:Generated_Source\PSoC4/D_Interrupt.c **** *
 375:Generated_Source\PSoC4/D_Interrupt.c **** * Side Effects:
 376:Generated_Source\PSoC4/D_Interrupt.c **** *   If interrupts are enabled and the interrupt is set up properly, the ISR is
 377:Generated_Source\PSoC4/D_Interrupt.c **** *   entered (depending on the priority of this interrupt and other pending 
 378:Generated_Source\PSoC4/D_Interrupt.c **** *   interrupts).
 379:Generated_Source\PSoC4/D_Interrupt.c **** *
 380:Generated_Source\PSoC4/D_Interrupt.c **** *******************************************************************************/
 381:Generated_Source\PSoC4/D_Interrupt.c **** void D_Interrupt_SetPending(void)
 382:Generated_Source\PSoC4/D_Interrupt.c **** {
 359              		.loc 1 382 0
 360              		.cfi_startproc
 361              		@ args = 0, pretend = 0, frame = 0
 362              		@ frame_needed = 0, uses_anonymous_args = 0
 363              		@ link register save eliminated.
 383:Generated_Source\PSoC4/D_Interrupt.c ****     *D_Interrupt_INTC_SET_PD = D_Interrupt__INTC_MASK;
 364              		.loc 1 383 0
 365 0000 0422     		movs	r2, #4
 366 0002 014B     		ldr	r3, .L32
 367 0004 1A60     		str	r2, [r3]
 384:Generated_Source\PSoC4/D_Interrupt.c **** }
 368              		.loc 1 384 0
 369              		@ sp needed
 370 0006 7047     		bx	lr
 371              	.L33:
 372              		.align	2
 373              	.L32:
 374 0008 00E200E0 		.word	-536813056
 375              		.cfi_endproc
 376              	.LFE44:
 377              		.size	D_Interrupt_SetPending, .-D_Interrupt_SetPending
 378              		.section	.text.D_Interrupt_ClearPending,"ax",%progbits
 379              		.align	2
 380              		.global	D_Interrupt_ClearPending
 381              		.code	16
 382              		.thumb_func
 383              		.type	D_Interrupt_ClearPending, %function
 384              	D_Interrupt_ClearPending:
 385              	.LFB45:
 385:Generated_Source\PSoC4/D_Interrupt.c **** 
 386:Generated_Source\PSoC4/D_Interrupt.c **** 
 387:Generated_Source\PSoC4/D_Interrupt.c **** /*******************************************************************************
 388:Generated_Source\PSoC4/D_Interrupt.c **** * Function Name: D_Interrupt_ClearPending
 389:Generated_Source\PSoC4/D_Interrupt.c **** ********************************************************************************
 390:Generated_Source\PSoC4/D_Interrupt.c **** *
 391:Generated_Source\PSoC4/D_Interrupt.c **** * Summary:
 392:Generated_Source\PSoC4/D_Interrupt.c **** *   Clears a pending interrupt in the interrupt controller.
 393:Generated_Source\PSoC4/D_Interrupt.c **** *
 394:Generated_Source\PSoC4/D_Interrupt.c **** *   Note Some interrupt sources are clear-on-read and require the block 
 395:Generated_Source\PSoC4/D_Interrupt.c **** *   interrupt/status register to be read/cleared with the appropriate block API 
 396:Generated_Source\PSoC4/D_Interrupt.c **** *   (GPIO, UART, and so on). Otherwise the ISR will continue to remain in 
ARM GAS  C:\Users\quint\AppData\Local\Temp\ccIBlj5H.s 			page 15


 397:Generated_Source\PSoC4/D_Interrupt.c **** *   pending state even though the interrupt itself is cleared using this API.
 398:Generated_Source\PSoC4/D_Interrupt.c **** *
 399:Generated_Source\PSoC4/D_Interrupt.c **** * Parameters:
 400:Generated_Source\PSoC4/D_Interrupt.c **** *   None
 401:Generated_Source\PSoC4/D_Interrupt.c **** *
 402:Generated_Source\PSoC4/D_Interrupt.c **** * Return:
 403:Generated_Source\PSoC4/D_Interrupt.c **** *   None
 404:Generated_Source\PSoC4/D_Interrupt.c **** *
 405:Generated_Source\PSoC4/D_Interrupt.c **** *******************************************************************************/
 406:Generated_Source\PSoC4/D_Interrupt.c **** void D_Interrupt_ClearPending(void)
 407:Generated_Source\PSoC4/D_Interrupt.c **** {
 386              		.loc 1 407 0
 387              		.cfi_startproc
 388              		@ args = 0, pretend = 0, frame = 0
 389              		@ frame_needed = 0, uses_anonymous_args = 0
 390              		@ link register save eliminated.
 408:Generated_Source\PSoC4/D_Interrupt.c ****     *D_Interrupt_INTC_CLR_PD = D_Interrupt__INTC_MASK;
 391              		.loc 1 408 0
 392 0000 0422     		movs	r2, #4
 393 0002 014B     		ldr	r3, .L35
 394 0004 1A60     		str	r2, [r3]
 409:Generated_Source\PSoC4/D_Interrupt.c **** }
 395              		.loc 1 409 0
 396              		@ sp needed
 397 0006 7047     		bx	lr
 398              	.L36:
 399              		.align	2
 400              	.L35:
 401 0008 80E200E0 		.word	-536812928
 402              		.cfi_endproc
 403              	.LFE45:
 404              		.size	D_Interrupt_ClearPending, .-D_Interrupt_ClearPending
 405              		.section	.text.D_Interrupt_Interrupt,"ax",%progbits
 406              		.align	2
 407              		.global	D_Interrupt_Interrupt
 408              		.code	16
 409              		.thumb_func
 410              		.type	D_Interrupt_Interrupt, %function
 411              	D_Interrupt_Interrupt:
 412              	.LFB36:
 164:Generated_Source\PSoC4/D_Interrupt.c ****     #ifdef D_Interrupt_INTERRUPT_INTERRUPT_CALLBACK
 413              		.loc 1 164 0
 414              		.cfi_startproc
 415              		@ args = 0, pretend = 0, frame = 0
 416              		@ frame_needed = 0, uses_anonymous_args = 0
 417 0000 10B5     		push	{r4, lr}
 418              		.cfi_def_cfa_offset 8
 419              		.cfi_offset 4, -8
 420              		.cfi_offset 14, -4
 175:Generated_Source\PSoC4/D_Interrupt.c ****     /* `#END` */
 421              		.loc 1 175 0
 422 0002 FFF7FEFF 		bl	D_Interrupt_ClearPending
 423              	.LVL20:
 177:Generated_Source\PSoC4/D_Interrupt.c **** 
 424              		.loc 1 177 0
 425              		@ sp needed
 426 0006 10BD     		pop	{r4, pc}
ARM GAS  C:\Users\quint\AppData\Local\Temp\ccIBlj5H.s 			page 16


 427              		.cfi_endproc
 428              	.LFE36:
 429              		.size	D_Interrupt_Interrupt, .-D_Interrupt_Interrupt
 430              		.comm	GLCD_FONT8x16,1552,4
 431              		.text
 432              	.Letext0:
 433              		.file 2 "Generated_Source\\PSoC4/cytypes.h"
 434              		.file 3 "Generated_Source\\PSoC4\\GLCD.h"
 435              		.file 4 "Generated_Source\\PSoC4/CyLib.h"
 436              		.section	.debug_info,"",%progbits
 437              	.Ldebug_info0:
 438 0000 44030000 		.4byte	0x344
 439 0004 0400     		.2byte	0x4
 440 0006 00000000 		.4byte	.Ldebug_abbrev0
 441 000a 04       		.byte	0x4
 442 000b 01       		.uleb128 0x1
 443 000c 1D020000 		.4byte	.LASF38
 444 0010 0C       		.byte	0xc
 445 0011 87010000 		.4byte	.LASF39
 446 0015 D0010000 		.4byte	.LASF40
 447 0019 00000000 		.4byte	.Ldebug_ranges0+0
 448 001d 00000000 		.4byte	0
 449 0021 00000000 		.4byte	.Ldebug_line0
 450 0025 02       		.uleb128 0x2
 451 0026 01       		.byte	0x1
 452 0027 06       		.byte	0x6
 453 0028 4B030000 		.4byte	.LASF0
 454 002c 02       		.uleb128 0x2
 455 002d 01       		.byte	0x1
 456 002e 08       		.byte	0x8
 457 002f A2000000 		.4byte	.LASF1
 458 0033 02       		.uleb128 0x2
 459 0034 02       		.byte	0x2
 460 0035 05       		.byte	0x5
 461 0036 D5020000 		.4byte	.LASF2
 462 003a 02       		.uleb128 0x2
 463 003b 02       		.byte	0x2
 464 003c 07       		.byte	0x7
 465 003d E5000000 		.4byte	.LASF3
 466 0041 02       		.uleb128 0x2
 467 0042 04       		.byte	0x4
 468 0043 05       		.byte	0x5
 469 0044 0A030000 		.4byte	.LASF4
 470 0048 02       		.uleb128 0x2
 471 0049 04       		.byte	0x4
 472 004a 07       		.byte	0x7
 473 004b D3000000 		.4byte	.LASF5
 474 004f 02       		.uleb128 0x2
 475 0050 08       		.byte	0x8
 476 0051 05       		.byte	0x5
 477 0052 B4020000 		.4byte	.LASF6
 478 0056 02       		.uleb128 0x2
 479 0057 08       		.byte	0x8
 480 0058 07       		.byte	0x7
 481 0059 AC010000 		.4byte	.LASF7
 482 005d 03       		.uleb128 0x3
 483 005e 04       		.byte	0x4
ARM GAS  C:\Users\quint\AppData\Local\Temp\ccIBlj5H.s 			page 17


 484 005f 05       		.byte	0x5
 485 0060 696E7400 		.ascii	"int\000"
 486 0064 02       		.uleb128 0x2
 487 0065 04       		.byte	0x4
 488 0066 07       		.byte	0x7
 489 0067 69010000 		.4byte	.LASF8
 490 006b 04       		.uleb128 0x4
 491 006c DF020000 		.4byte	.LASF9
 492 0070 02       		.byte	0x2
 493 0071 E401     		.2byte	0x1e4
 494 0073 2C000000 		.4byte	0x2c
 495 0077 04       		.uleb128 0x4
 496 0078 4B010000 		.4byte	.LASF10
 497 007c 02       		.byte	0x2
 498 007d E601     		.2byte	0x1e6
 499 007f 48000000 		.4byte	0x48
 500 0083 02       		.uleb128 0x2
 501 0084 04       		.byte	0x4
 502 0085 04       		.byte	0x4
 503 0086 9C000000 		.4byte	.LASF11
 504 008a 02       		.uleb128 0x2
 505 008b 08       		.byte	0x8
 506 008c 04       		.byte	0x4
 507 008d 01010000 		.4byte	.LASF12
 508 0091 02       		.uleb128 0x2
 509 0092 01       		.byte	0x1
 510 0093 08       		.byte	0x8
 511 0094 D0020000 		.4byte	.LASF13
 512 0098 04       		.uleb128 0x4
 513 0099 00000000 		.4byte	.LASF14
 514 009d 02       		.byte	0x2
 515 009e 9002     		.2byte	0x290
 516 00a0 A4000000 		.4byte	0xa4
 517 00a4 05       		.uleb128 0x5
 518 00a5 77000000 		.4byte	0x77
 519 00a9 04       		.uleb128 0x4
 520 00aa C3010000 		.4byte	.LASF15
 521 00ae 02       		.byte	0x2
 522 00af A002     		.2byte	0x2a0
 523 00b1 B5000000 		.4byte	0xb5
 524 00b5 06       		.uleb128 0x6
 525 00b6 04       		.byte	0x4
 526 00b7 BB000000 		.4byte	0xbb
 527 00bb 07       		.uleb128 0x7
 528 00bc 02       		.uleb128 0x2
 529 00bd 08       		.byte	0x8
 530 00be 04       		.byte	0x4
 531 00bf 29030000 		.4byte	.LASF16
 532 00c3 02       		.uleb128 0x2
 533 00c4 04       		.byte	0x4
 534 00c5 07       		.byte	0x7
 535 00c6 AB020000 		.4byte	.LASF17
 536 00ca 08       		.uleb128 0x8
 537 00cb 35010000 		.4byte	.LASF18
 538 00cf 01       		.byte	0x1
 539 00d0 CF       		.byte	0xcf
 540 00d1 00000000 		.4byte	.LFB37
ARM GAS  C:\Users\quint\AppData\Local\Temp\ccIBlj5H.s 			page 18


 541 00d5 0C000000 		.4byte	.LFE37-.LFB37
 542 00d9 01       		.uleb128 0x1
 543 00da 9C       		.byte	0x9c
 544 00db ED000000 		.4byte	0xed
 545 00df 09       		.uleb128 0x9
 546 00e0 42000000 		.4byte	.LASF20
 547 00e4 01       		.byte	0x1
 548 00e5 CF       		.byte	0xcf
 549 00e6 A9000000 		.4byte	0xa9
 550 00ea 01       		.uleb128 0x1
 551 00eb 50       		.byte	0x50
 552 00ec 00       		.byte	0
 553 00ed 0A       		.uleb128 0xa
 554 00ee 13030000 		.4byte	.LASF24
 555 00f2 01       		.byte	0x1
 556 00f3 E3       		.byte	0xe3
 557 00f4 A9000000 		.4byte	0xa9
 558 00f8 00000000 		.4byte	.LFB38
 559 00fc 0C000000 		.4byte	.LFE38-.LFB38
 560 0100 01       		.uleb128 0x1
 561 0101 9C       		.byte	0x9c
 562 0102 0B       		.uleb128 0xb
 563 0103 08010000 		.4byte	.LASF19
 564 0107 01       		.byte	0x1
 565 0108 0101     		.2byte	0x101
 566 010a 00000000 		.4byte	.LFB39
 567 010e 24000000 		.4byte	.LFE39-.LFB39
 568 0112 01       		.uleb128 0x1
 569 0113 9C       		.byte	0x9c
 570 0114 58010000 		.4byte	0x158
 571 0118 0C       		.uleb128 0xc
 572 0119 F8000000 		.4byte	.LASF21
 573 011d 01       		.byte	0x1
 574 011e 0101     		.2byte	0x101
 575 0120 6B000000 		.4byte	0x6b
 576 0124 00000000 		.4byte	.LLST0
 577 0128 0D       		.uleb128 0xd
 578 0129 C4000000 		.4byte	.LASF22
 579 012d 01       		.byte	0x1
 580 012e 0301     		.2byte	0x103
 581 0130 6B000000 		.4byte	0x6b
 582 0134 21000000 		.4byte	.LLST1
 583 0138 0E       		.uleb128 0xe
 584 0139 FB020000 		.4byte	.LASF23
 585 013d 01       		.byte	0x1
 586 013e 0401     		.2byte	0x104
 587 0140 77000000 		.4byte	0x77
 588 0144 16       		.byte	0x16
 589 0145 0F       		.uleb128 0xf
 590 0146 08000000 		.4byte	.LVL3
 591 014a 31030000 		.4byte	0x331
 592 014e 0F       		.uleb128 0xf
 593 014f 1A000000 		.4byte	.LVL4
 594 0153 3C030000 		.4byte	0x33c
 595 0157 00       		.byte	0
 596 0158 10       		.uleb128 0x10
 597 0159 06000000 		.4byte	.LASF41
ARM GAS  C:\Users\quint\AppData\Local\Temp\ccIBlj5H.s 			page 19


 598 015d 01       		.byte	0x1
 599 015e 1D01     		.2byte	0x11d
 600 0160 6B000000 		.4byte	0x6b
 601 0164 00000000 		.4byte	.LFB40
 602 0168 10000000 		.4byte	.LFE40-.LFB40
 603 016c 01       		.uleb128 0x1
 604 016d 9C       		.byte	0x9c
 605 016e 90010000 		.4byte	0x190
 606 0172 0D       		.uleb128 0xd
 607 0173 F8000000 		.4byte	.LASF21
 608 0177 01       		.byte	0x1
 609 0178 1F01     		.2byte	0x11f
 610 017a 77000000 		.4byte	0x77
 611 017e 34000000 		.4byte	.LLST2
 612 0182 0E       		.uleb128 0xe
 613 0183 FB020000 		.4byte	.LASF23
 614 0187 01       		.byte	0x1
 615 0188 2001     		.2byte	0x120
 616 018a 77000000 		.4byte	0x77
 617 018e 16       		.byte	0x16
 618 018f 00       		.byte	0
 619 0190 11       		.uleb128 0x11
 620 0191 5E000000 		.4byte	.LASF26
 621 0195 01       		.byte	0x1
 622 0196 3801     		.2byte	0x138
 623 0198 00000000 		.4byte	.LFB41
 624 019c 0C000000 		.4byte	.LFE41-.LFB41
 625 01a0 01       		.uleb128 0x1
 626 01a1 9C       		.byte	0x9c
 627 01a2 12       		.uleb128 0x12
 628 01a3 20010000 		.4byte	.LASF25
 629 01a7 01       		.byte	0x1
 630 01a8 4D01     		.2byte	0x14d
 631 01aa 6B000000 		.4byte	0x6b
 632 01ae 00000000 		.4byte	.LFB42
 633 01b2 14000000 		.4byte	.LFE42-.LFB42
 634 01b6 01       		.uleb128 0x1
 635 01b7 9C       		.byte	0x9c
 636 01b8 11       		.uleb128 0x11
 637 01b9 B0000000 		.4byte	.LASF27
 638 01bd 01       		.byte	0x1
 639 01be 6201     		.2byte	0x162
 640 01c0 00000000 		.4byte	.LFB43
 641 01c4 0C000000 		.4byte	.LFE43-.LFB43
 642 01c8 01       		.uleb128 0x1
 643 01c9 9C       		.byte	0x9c
 644 01ca 08       		.uleb128 0x8
 645 01cb 8A000000 		.4byte	.LASF28
 646 01cf 01       		.byte	0x1
 647 01d0 3C       		.byte	0x3c
 648 01d1 00000000 		.4byte	.LFB33
 649 01d5 1C000000 		.4byte	.LFE33-.LFB33
 650 01d9 01       		.uleb128 0x1
 651 01da 9C       		.byte	0x9c
 652 01db 1C020000 		.4byte	0x21c
 653 01df 0F       		.uleb128 0xf
 654 01e0 06000000 		.4byte	.LVL8
ARM GAS  C:\Users\quint\AppData\Local\Temp\ccIBlj5H.s 			page 20


 655 01e4 B8010000 		.4byte	0x1b8
 656 01e8 13       		.uleb128 0x13
 657 01e9 0C000000 		.4byte	.LVL9
 658 01ed CA000000 		.4byte	0xca
 659 01f1 FF010000 		.4byte	0x1ff
 660 01f5 14       		.uleb128 0x14
 661 01f6 01       		.uleb128 0x1
 662 01f7 50       		.byte	0x50
 663 01f8 05       		.uleb128 0x5
 664 01f9 03       		.byte	0x3
 665 01fa 00000000 		.4byte	D_Interrupt_Interrupt
 666 01fe 00       		.byte	0
 667 01ff 13       		.uleb128 0x13
 668 0200 12000000 		.4byte	.LVL10
 669 0204 02010000 		.4byte	0x102
 670 0208 12020000 		.4byte	0x212
 671 020c 14       		.uleb128 0x14
 672 020d 01       		.uleb128 0x1
 673 020e 50       		.byte	0x50
 674 020f 01       		.uleb128 0x1
 675 0210 33       		.byte	0x33
 676 0211 00       		.byte	0
 677 0212 0F       		.uleb128 0xf
 678 0213 16000000 		.4byte	.LVL11
 679 0217 90010000 		.4byte	0x190
 680 021b 00       		.byte	0
 681 021c 08       		.uleb128 0x8
 682 021d 4A000000 		.4byte	.LASF29
 683 0221 01       		.byte	0x1
 684 0222 67       		.byte	0x67
 685 0223 00000000 		.4byte	.LFB34
 686 0227 1A000000 		.4byte	.LFE34-.LFB34
 687 022b 01       		.uleb128 0x1
 688 022c 9C       		.byte	0x9c
 689 022d 7A020000 		.4byte	0x27a
 690 0231 15       		.uleb128 0x15
 691 0232 42000000 		.4byte	.LASF20
 692 0236 01       		.byte	0x1
 693 0237 67       		.byte	0x67
 694 0238 A9000000 		.4byte	0xa9
 695 023c 56000000 		.4byte	.LLST3
 696 0240 0F       		.uleb128 0xf
 697 0241 08000000 		.4byte	.LVL13
 698 0245 B8010000 		.4byte	0x1b8
 699 0249 13       		.uleb128 0x13
 700 024a 0E000000 		.4byte	.LVL14
 701 024e CA000000 		.4byte	0xca
 702 0252 5D020000 		.4byte	0x25d
 703 0256 14       		.uleb128 0x14
 704 0257 01       		.uleb128 0x1
 705 0258 50       		.byte	0x50
 706 0259 02       		.uleb128 0x2
 707 025a 74       		.byte	0x74
 708 025b 00       		.sleb128 0
 709 025c 00       		.byte	0
 710 025d 13       		.uleb128 0x13
 711 025e 14000000 		.4byte	.LVL15
ARM GAS  C:\Users\quint\AppData\Local\Temp\ccIBlj5H.s 			page 21


 712 0262 02010000 		.4byte	0x102
 713 0266 70020000 		.4byte	0x270
 714 026a 14       		.uleb128 0x14
 715 026b 01       		.uleb128 0x1
 716 026c 50       		.byte	0x50
 717 026d 01       		.uleb128 0x1
 718 026e 33       		.byte	0x33
 719 026f 00       		.byte	0
 720 0270 0F       		.uleb128 0xf
 721 0271 18000000 		.4byte	.LVL16
 722 0275 90010000 		.4byte	0x190
 723 0279 00       		.byte	0
 724 027a 08       		.uleb128 0x8
 725 027b 76010000 		.4byte	.LASF30
 726 027f 01       		.byte	0x1
 727 0280 85       		.byte	0x85
 728 0281 00000000 		.4byte	.LFB35
 729 0285 14000000 		.4byte	.LFE35-.LFB35
 730 0289 01       		.uleb128 0x1
 731 028a 9C       		.byte	0x9c
 732 028b A2020000 		.4byte	0x2a2
 733 028f 0F       		.uleb128 0xf
 734 0290 06000000 		.4byte	.LVL18
 735 0294 B8010000 		.4byte	0x1b8
 736 0298 0F       		.uleb128 0xf
 737 0299 0C000000 		.4byte	.LVL19
 738 029d CA000000 		.4byte	0xca
 739 02a1 00       		.byte	0
 740 02a2 11       		.uleb128 0x11
 741 02a3 1E000000 		.4byte	.LASF31
 742 02a7 01       		.byte	0x1
 743 02a8 7D01     		.2byte	0x17d
 744 02aa 00000000 		.4byte	.LFB44
 745 02ae 0C000000 		.4byte	.LFE44-.LFB44
 746 02b2 01       		.uleb128 0x1
 747 02b3 9C       		.byte	0x9c
 748 02b4 11       		.uleb128 0x11
 749 02b5 71000000 		.4byte	.LASF32
 750 02b9 01       		.byte	0x1
 751 02ba 9601     		.2byte	0x196
 752 02bc 00000000 		.4byte	.LFB45
 753 02c0 0C000000 		.4byte	.LFE45-.LFB45
 754 02c4 01       		.uleb128 0x1
 755 02c5 9C       		.byte	0x9c
 756 02c6 08       		.uleb128 0x8
 757 02c7 35030000 		.4byte	.LASF33
 758 02cb 01       		.byte	0x1
 759 02cc A3       		.byte	0xa3
 760 02cd 00000000 		.4byte	.LFB36
 761 02d1 08000000 		.4byte	.LFE36-.LFB36
 762 02d5 01       		.uleb128 0x1
 763 02d6 9C       		.byte	0x9c
 764 02d7 E5020000 		.4byte	0x2e5
 765 02db 0F       		.uleb128 0xf
 766 02dc 06000000 		.4byte	.LVL20
 767 02e0 B4020000 		.4byte	0x2b4
 768 02e4 00       		.byte	0
ARM GAS  C:\Users\quint\AppData\Local\Temp\ccIBlj5H.s 			page 22


 769 02e5 16       		.uleb128 0x16
 770 02e6 FB020000 		.4byte	0x2fb
 771 02ea FB020000 		.4byte	0x2fb
 772 02ee 17       		.uleb128 0x17
 773 02ef C3000000 		.4byte	0xc3
 774 02f3 60       		.byte	0x60
 775 02f4 17       		.uleb128 0x17
 776 02f5 C3000000 		.4byte	0xc3
 777 02f9 0F       		.byte	0xf
 778 02fa 00       		.byte	0
 779 02fb 18       		.uleb128 0x18
 780 02fc 6B000000 		.4byte	0x6b
 781 0300 19       		.uleb128 0x19
 782 0301 C2020000 		.4byte	.LASF34
 783 0305 03       		.byte	0x3
 784 0306 42       		.byte	0x42
 785 0307 11030000 		.4byte	0x311
 786 030b 05       		.uleb128 0x5
 787 030c 03       		.byte	0x3
 788 030d 00000000 		.4byte	GLCD_FONT8x16
 789 0311 18       		.uleb128 0x18
 790 0312 E5020000 		.4byte	0x2e5
 791 0316 16       		.uleb128 0x16
 792 0317 A9000000 		.4byte	0xa9
 793 031b 26030000 		.4byte	0x326
 794 031f 17       		.uleb128 0x17
 795 0320 C3000000 		.4byte	0xc3
 796 0324 2F       		.byte	0x2f
 797 0325 00       		.byte	0
 798 0326 1A       		.uleb128 0x1a
 799 0327 35000000 		.4byte	.LASF35
 800 032b 01       		.byte	0x1
 801 032c 25       		.byte	0x25
 802 032d 16030000 		.4byte	0x316
 803 0331 1B       		.uleb128 0x1b
 804 0332 52010000 		.4byte	.LASF36
 805 0336 52010000 		.4byte	.LASF36
 806 033a 04       		.byte	0x4
 807 033b E5       		.byte	0xe5
 808 033c 1B       		.uleb128 0x1b
 809 033d E5020000 		.4byte	.LASF37
 810 0341 E5020000 		.4byte	.LASF37
 811 0345 04       		.byte	0x4
 812 0346 E6       		.byte	0xe6
 813 0347 00       		.byte	0
 814              		.section	.debug_abbrev,"",%progbits
 815              	.Ldebug_abbrev0:
 816 0000 01       		.uleb128 0x1
 817 0001 11       		.uleb128 0x11
 818 0002 01       		.byte	0x1
 819 0003 25       		.uleb128 0x25
 820 0004 0E       		.uleb128 0xe
 821 0005 13       		.uleb128 0x13
 822 0006 0B       		.uleb128 0xb
 823 0007 03       		.uleb128 0x3
 824 0008 0E       		.uleb128 0xe
 825 0009 1B       		.uleb128 0x1b
ARM GAS  C:\Users\quint\AppData\Local\Temp\ccIBlj5H.s 			page 23


 826 000a 0E       		.uleb128 0xe
 827 000b 55       		.uleb128 0x55
 828 000c 17       		.uleb128 0x17
 829 000d 11       		.uleb128 0x11
 830 000e 01       		.uleb128 0x1
 831 000f 10       		.uleb128 0x10
 832 0010 17       		.uleb128 0x17
 833 0011 00       		.byte	0
 834 0012 00       		.byte	0
 835 0013 02       		.uleb128 0x2
 836 0014 24       		.uleb128 0x24
 837 0015 00       		.byte	0
 838 0016 0B       		.uleb128 0xb
 839 0017 0B       		.uleb128 0xb
 840 0018 3E       		.uleb128 0x3e
 841 0019 0B       		.uleb128 0xb
 842 001a 03       		.uleb128 0x3
 843 001b 0E       		.uleb128 0xe
 844 001c 00       		.byte	0
 845 001d 00       		.byte	0
 846 001e 03       		.uleb128 0x3
 847 001f 24       		.uleb128 0x24
 848 0020 00       		.byte	0
 849 0021 0B       		.uleb128 0xb
 850 0022 0B       		.uleb128 0xb
 851 0023 3E       		.uleb128 0x3e
 852 0024 0B       		.uleb128 0xb
 853 0025 03       		.uleb128 0x3
 854 0026 08       		.uleb128 0x8
 855 0027 00       		.byte	0
 856 0028 00       		.byte	0
 857 0029 04       		.uleb128 0x4
 858 002a 16       		.uleb128 0x16
 859 002b 00       		.byte	0
 860 002c 03       		.uleb128 0x3
 861 002d 0E       		.uleb128 0xe
 862 002e 3A       		.uleb128 0x3a
 863 002f 0B       		.uleb128 0xb
 864 0030 3B       		.uleb128 0x3b
 865 0031 05       		.uleb128 0x5
 866 0032 49       		.uleb128 0x49
 867 0033 13       		.uleb128 0x13
 868 0034 00       		.byte	0
 869 0035 00       		.byte	0
 870 0036 05       		.uleb128 0x5
 871 0037 35       		.uleb128 0x35
 872 0038 00       		.byte	0
 873 0039 49       		.uleb128 0x49
 874 003a 13       		.uleb128 0x13
 875 003b 00       		.byte	0
 876 003c 00       		.byte	0
 877 003d 06       		.uleb128 0x6
 878 003e 0F       		.uleb128 0xf
 879 003f 00       		.byte	0
 880 0040 0B       		.uleb128 0xb
 881 0041 0B       		.uleb128 0xb
 882 0042 49       		.uleb128 0x49
ARM GAS  C:\Users\quint\AppData\Local\Temp\ccIBlj5H.s 			page 24


 883 0043 13       		.uleb128 0x13
 884 0044 00       		.byte	0
 885 0045 00       		.byte	0
 886 0046 07       		.uleb128 0x7
 887 0047 15       		.uleb128 0x15
 888 0048 00       		.byte	0
 889 0049 27       		.uleb128 0x27
 890 004a 19       		.uleb128 0x19
 891 004b 00       		.byte	0
 892 004c 00       		.byte	0
 893 004d 08       		.uleb128 0x8
 894 004e 2E       		.uleb128 0x2e
 895 004f 01       		.byte	0x1
 896 0050 3F       		.uleb128 0x3f
 897 0051 19       		.uleb128 0x19
 898 0052 03       		.uleb128 0x3
 899 0053 0E       		.uleb128 0xe
 900 0054 3A       		.uleb128 0x3a
 901 0055 0B       		.uleb128 0xb
 902 0056 3B       		.uleb128 0x3b
 903 0057 0B       		.uleb128 0xb
 904 0058 27       		.uleb128 0x27
 905 0059 19       		.uleb128 0x19
 906 005a 11       		.uleb128 0x11
 907 005b 01       		.uleb128 0x1
 908 005c 12       		.uleb128 0x12
 909 005d 06       		.uleb128 0x6
 910 005e 40       		.uleb128 0x40
 911 005f 18       		.uleb128 0x18
 912 0060 9742     		.uleb128 0x2117
 913 0062 19       		.uleb128 0x19
 914 0063 01       		.uleb128 0x1
 915 0064 13       		.uleb128 0x13
 916 0065 00       		.byte	0
 917 0066 00       		.byte	0
 918 0067 09       		.uleb128 0x9
 919 0068 05       		.uleb128 0x5
 920 0069 00       		.byte	0
 921 006a 03       		.uleb128 0x3
 922 006b 0E       		.uleb128 0xe
 923 006c 3A       		.uleb128 0x3a
 924 006d 0B       		.uleb128 0xb
 925 006e 3B       		.uleb128 0x3b
 926 006f 0B       		.uleb128 0xb
 927 0070 49       		.uleb128 0x49
 928 0071 13       		.uleb128 0x13
 929 0072 02       		.uleb128 0x2
 930 0073 18       		.uleb128 0x18
 931 0074 00       		.byte	0
 932 0075 00       		.byte	0
 933 0076 0A       		.uleb128 0xa
 934 0077 2E       		.uleb128 0x2e
 935 0078 00       		.byte	0
 936 0079 3F       		.uleb128 0x3f
 937 007a 19       		.uleb128 0x19
 938 007b 03       		.uleb128 0x3
 939 007c 0E       		.uleb128 0xe
ARM GAS  C:\Users\quint\AppData\Local\Temp\ccIBlj5H.s 			page 25


 940 007d 3A       		.uleb128 0x3a
 941 007e 0B       		.uleb128 0xb
 942 007f 3B       		.uleb128 0x3b
 943 0080 0B       		.uleb128 0xb
 944 0081 27       		.uleb128 0x27
 945 0082 19       		.uleb128 0x19
 946 0083 49       		.uleb128 0x49
 947 0084 13       		.uleb128 0x13
 948 0085 11       		.uleb128 0x11
 949 0086 01       		.uleb128 0x1
 950 0087 12       		.uleb128 0x12
 951 0088 06       		.uleb128 0x6
 952 0089 40       		.uleb128 0x40
 953 008a 18       		.uleb128 0x18
 954 008b 9742     		.uleb128 0x2117
 955 008d 19       		.uleb128 0x19
 956 008e 00       		.byte	0
 957 008f 00       		.byte	0
 958 0090 0B       		.uleb128 0xb
 959 0091 2E       		.uleb128 0x2e
 960 0092 01       		.byte	0x1
 961 0093 3F       		.uleb128 0x3f
 962 0094 19       		.uleb128 0x19
 963 0095 03       		.uleb128 0x3
 964 0096 0E       		.uleb128 0xe
 965 0097 3A       		.uleb128 0x3a
 966 0098 0B       		.uleb128 0xb
 967 0099 3B       		.uleb128 0x3b
 968 009a 05       		.uleb128 0x5
 969 009b 27       		.uleb128 0x27
 970 009c 19       		.uleb128 0x19
 971 009d 11       		.uleb128 0x11
 972 009e 01       		.uleb128 0x1
 973 009f 12       		.uleb128 0x12
 974 00a0 06       		.uleb128 0x6
 975 00a1 40       		.uleb128 0x40
 976 00a2 18       		.uleb128 0x18
 977 00a3 9742     		.uleb128 0x2117
 978 00a5 19       		.uleb128 0x19
 979 00a6 01       		.uleb128 0x1
 980 00a7 13       		.uleb128 0x13
 981 00a8 00       		.byte	0
 982 00a9 00       		.byte	0
 983 00aa 0C       		.uleb128 0xc
 984 00ab 05       		.uleb128 0x5
 985 00ac 00       		.byte	0
 986 00ad 03       		.uleb128 0x3
 987 00ae 0E       		.uleb128 0xe
 988 00af 3A       		.uleb128 0x3a
 989 00b0 0B       		.uleb128 0xb
 990 00b1 3B       		.uleb128 0x3b
 991 00b2 05       		.uleb128 0x5
 992 00b3 49       		.uleb128 0x49
 993 00b4 13       		.uleb128 0x13
 994 00b5 02       		.uleb128 0x2
 995 00b6 17       		.uleb128 0x17
 996 00b7 00       		.byte	0
ARM GAS  C:\Users\quint\AppData\Local\Temp\ccIBlj5H.s 			page 26


 997 00b8 00       		.byte	0
 998 00b9 0D       		.uleb128 0xd
 999 00ba 34       		.uleb128 0x34
 1000 00bb 00       		.byte	0
 1001 00bc 03       		.uleb128 0x3
 1002 00bd 0E       		.uleb128 0xe
 1003 00be 3A       		.uleb128 0x3a
 1004 00bf 0B       		.uleb128 0xb
 1005 00c0 3B       		.uleb128 0x3b
 1006 00c1 05       		.uleb128 0x5
 1007 00c2 49       		.uleb128 0x49
 1008 00c3 13       		.uleb128 0x13
 1009 00c4 02       		.uleb128 0x2
 1010 00c5 17       		.uleb128 0x17
 1011 00c6 00       		.byte	0
 1012 00c7 00       		.byte	0
 1013 00c8 0E       		.uleb128 0xe
 1014 00c9 34       		.uleb128 0x34
 1015 00ca 00       		.byte	0
 1016 00cb 03       		.uleb128 0x3
 1017 00cc 0E       		.uleb128 0xe
 1018 00cd 3A       		.uleb128 0x3a
 1019 00ce 0B       		.uleb128 0xb
 1020 00cf 3B       		.uleb128 0x3b
 1021 00d0 05       		.uleb128 0x5
 1022 00d1 49       		.uleb128 0x49
 1023 00d2 13       		.uleb128 0x13
 1024 00d3 1C       		.uleb128 0x1c
 1025 00d4 0B       		.uleb128 0xb
 1026 00d5 00       		.byte	0
 1027 00d6 00       		.byte	0
 1028 00d7 0F       		.uleb128 0xf
 1029 00d8 898201   		.uleb128 0x4109
 1030 00db 00       		.byte	0
 1031 00dc 11       		.uleb128 0x11
 1032 00dd 01       		.uleb128 0x1
 1033 00de 31       		.uleb128 0x31
 1034 00df 13       		.uleb128 0x13
 1035 00e0 00       		.byte	0
 1036 00e1 00       		.byte	0
 1037 00e2 10       		.uleb128 0x10
 1038 00e3 2E       		.uleb128 0x2e
 1039 00e4 01       		.byte	0x1
 1040 00e5 3F       		.uleb128 0x3f
 1041 00e6 19       		.uleb128 0x19
 1042 00e7 03       		.uleb128 0x3
 1043 00e8 0E       		.uleb128 0xe
 1044 00e9 3A       		.uleb128 0x3a
 1045 00ea 0B       		.uleb128 0xb
 1046 00eb 3B       		.uleb128 0x3b
 1047 00ec 05       		.uleb128 0x5
 1048 00ed 27       		.uleb128 0x27
 1049 00ee 19       		.uleb128 0x19
 1050 00ef 49       		.uleb128 0x49
 1051 00f0 13       		.uleb128 0x13
 1052 00f1 11       		.uleb128 0x11
 1053 00f2 01       		.uleb128 0x1
ARM GAS  C:\Users\quint\AppData\Local\Temp\ccIBlj5H.s 			page 27


 1054 00f3 12       		.uleb128 0x12
 1055 00f4 06       		.uleb128 0x6
 1056 00f5 40       		.uleb128 0x40
 1057 00f6 18       		.uleb128 0x18
 1058 00f7 9742     		.uleb128 0x2117
 1059 00f9 19       		.uleb128 0x19
 1060 00fa 01       		.uleb128 0x1
 1061 00fb 13       		.uleb128 0x13
 1062 00fc 00       		.byte	0
 1063 00fd 00       		.byte	0
 1064 00fe 11       		.uleb128 0x11
 1065 00ff 2E       		.uleb128 0x2e
 1066 0100 00       		.byte	0
 1067 0101 3F       		.uleb128 0x3f
 1068 0102 19       		.uleb128 0x19
 1069 0103 03       		.uleb128 0x3
 1070 0104 0E       		.uleb128 0xe
 1071 0105 3A       		.uleb128 0x3a
 1072 0106 0B       		.uleb128 0xb
 1073 0107 3B       		.uleb128 0x3b
 1074 0108 05       		.uleb128 0x5
 1075 0109 27       		.uleb128 0x27
 1076 010a 19       		.uleb128 0x19
 1077 010b 11       		.uleb128 0x11
 1078 010c 01       		.uleb128 0x1
 1079 010d 12       		.uleb128 0x12
 1080 010e 06       		.uleb128 0x6
 1081 010f 40       		.uleb128 0x40
 1082 0110 18       		.uleb128 0x18
 1083 0111 9742     		.uleb128 0x2117
 1084 0113 19       		.uleb128 0x19
 1085 0114 00       		.byte	0
 1086 0115 00       		.byte	0
 1087 0116 12       		.uleb128 0x12
 1088 0117 2E       		.uleb128 0x2e
 1089 0118 00       		.byte	0
 1090 0119 3F       		.uleb128 0x3f
 1091 011a 19       		.uleb128 0x19
 1092 011b 03       		.uleb128 0x3
 1093 011c 0E       		.uleb128 0xe
 1094 011d 3A       		.uleb128 0x3a
 1095 011e 0B       		.uleb128 0xb
 1096 011f 3B       		.uleb128 0x3b
 1097 0120 05       		.uleb128 0x5
 1098 0121 27       		.uleb128 0x27
 1099 0122 19       		.uleb128 0x19
 1100 0123 49       		.uleb128 0x49
 1101 0124 13       		.uleb128 0x13
 1102 0125 11       		.uleb128 0x11
 1103 0126 01       		.uleb128 0x1
 1104 0127 12       		.uleb128 0x12
 1105 0128 06       		.uleb128 0x6
 1106 0129 40       		.uleb128 0x40
 1107 012a 18       		.uleb128 0x18
 1108 012b 9742     		.uleb128 0x2117
 1109 012d 19       		.uleb128 0x19
 1110 012e 00       		.byte	0
ARM GAS  C:\Users\quint\AppData\Local\Temp\ccIBlj5H.s 			page 28


 1111 012f 00       		.byte	0
 1112 0130 13       		.uleb128 0x13
 1113 0131 898201   		.uleb128 0x4109
 1114 0134 01       		.byte	0x1
 1115 0135 11       		.uleb128 0x11
 1116 0136 01       		.uleb128 0x1
 1117 0137 31       		.uleb128 0x31
 1118 0138 13       		.uleb128 0x13
 1119 0139 01       		.uleb128 0x1
 1120 013a 13       		.uleb128 0x13
 1121 013b 00       		.byte	0
 1122 013c 00       		.byte	0
 1123 013d 14       		.uleb128 0x14
 1124 013e 8A8201   		.uleb128 0x410a
 1125 0141 00       		.byte	0
 1126 0142 02       		.uleb128 0x2
 1127 0143 18       		.uleb128 0x18
 1128 0144 9142     		.uleb128 0x2111
 1129 0146 18       		.uleb128 0x18
 1130 0147 00       		.byte	0
 1131 0148 00       		.byte	0
 1132 0149 15       		.uleb128 0x15
 1133 014a 05       		.uleb128 0x5
 1134 014b 00       		.byte	0
 1135 014c 03       		.uleb128 0x3
 1136 014d 0E       		.uleb128 0xe
 1137 014e 3A       		.uleb128 0x3a
 1138 014f 0B       		.uleb128 0xb
 1139 0150 3B       		.uleb128 0x3b
 1140 0151 0B       		.uleb128 0xb
 1141 0152 49       		.uleb128 0x49
 1142 0153 13       		.uleb128 0x13
 1143 0154 02       		.uleb128 0x2
 1144 0155 17       		.uleb128 0x17
 1145 0156 00       		.byte	0
 1146 0157 00       		.byte	0
 1147 0158 16       		.uleb128 0x16
 1148 0159 01       		.uleb128 0x1
 1149 015a 01       		.byte	0x1
 1150 015b 49       		.uleb128 0x49
 1151 015c 13       		.uleb128 0x13
 1152 015d 01       		.uleb128 0x1
 1153 015e 13       		.uleb128 0x13
 1154 015f 00       		.byte	0
 1155 0160 00       		.byte	0
 1156 0161 17       		.uleb128 0x17
 1157 0162 21       		.uleb128 0x21
 1158 0163 00       		.byte	0
 1159 0164 49       		.uleb128 0x49
 1160 0165 13       		.uleb128 0x13
 1161 0166 2F       		.uleb128 0x2f
 1162 0167 0B       		.uleb128 0xb
 1163 0168 00       		.byte	0
 1164 0169 00       		.byte	0
 1165 016a 18       		.uleb128 0x18
 1166 016b 26       		.uleb128 0x26
 1167 016c 00       		.byte	0
ARM GAS  C:\Users\quint\AppData\Local\Temp\ccIBlj5H.s 			page 29


 1168 016d 49       		.uleb128 0x49
 1169 016e 13       		.uleb128 0x13
 1170 016f 00       		.byte	0
 1171 0170 00       		.byte	0
 1172 0171 19       		.uleb128 0x19
 1173 0172 34       		.uleb128 0x34
 1174 0173 00       		.byte	0
 1175 0174 03       		.uleb128 0x3
 1176 0175 0E       		.uleb128 0xe
 1177 0176 3A       		.uleb128 0x3a
 1178 0177 0B       		.uleb128 0xb
 1179 0178 3B       		.uleb128 0x3b
 1180 0179 0B       		.uleb128 0xb
 1181 017a 49       		.uleb128 0x49
 1182 017b 13       		.uleb128 0x13
 1183 017c 3F       		.uleb128 0x3f
 1184 017d 19       		.uleb128 0x19
 1185 017e 02       		.uleb128 0x2
 1186 017f 18       		.uleb128 0x18
 1187 0180 00       		.byte	0
 1188 0181 00       		.byte	0
 1189 0182 1A       		.uleb128 0x1a
 1190 0183 34       		.uleb128 0x34
 1191 0184 00       		.byte	0
 1192 0185 03       		.uleb128 0x3
 1193 0186 0E       		.uleb128 0xe
 1194 0187 3A       		.uleb128 0x3a
 1195 0188 0B       		.uleb128 0xb
 1196 0189 3B       		.uleb128 0x3b
 1197 018a 0B       		.uleb128 0xb
 1198 018b 49       		.uleb128 0x49
 1199 018c 13       		.uleb128 0x13
 1200 018d 3F       		.uleb128 0x3f
 1201 018e 19       		.uleb128 0x19
 1202 018f 3C       		.uleb128 0x3c
 1203 0190 19       		.uleb128 0x19
 1204 0191 00       		.byte	0
 1205 0192 00       		.byte	0
 1206 0193 1B       		.uleb128 0x1b
 1207 0194 2E       		.uleb128 0x2e
 1208 0195 00       		.byte	0
 1209 0196 3F       		.uleb128 0x3f
 1210 0197 19       		.uleb128 0x19
 1211 0198 3C       		.uleb128 0x3c
 1212 0199 19       		.uleb128 0x19
 1213 019a 6E       		.uleb128 0x6e
 1214 019b 0E       		.uleb128 0xe
 1215 019c 03       		.uleb128 0x3
 1216 019d 0E       		.uleb128 0xe
 1217 019e 3A       		.uleb128 0x3a
 1218 019f 0B       		.uleb128 0xb
 1219 01a0 3B       		.uleb128 0x3b
 1220 01a1 0B       		.uleb128 0xb
 1221 01a2 00       		.byte	0
 1222 01a3 00       		.byte	0
 1223 01a4 00       		.byte	0
 1224              		.section	.debug_loc,"",%progbits
ARM GAS  C:\Users\quint\AppData\Local\Temp\ccIBlj5H.s 			page 30


 1225              	.Ldebug_loc0:
 1226              	.LLST0:
 1227 0000 00000000 		.4byte	.LVL1
 1228 0004 07000000 		.4byte	.LVL3-1
 1229 0008 0100     		.2byte	0x1
 1230 000a 50       		.byte	0x50
 1231 000b 07000000 		.4byte	.LVL3-1
 1232 000f 24000000 		.4byte	.LFE39
 1233 0013 0400     		.2byte	0x4
 1234 0015 F3       		.byte	0xf3
 1235 0016 01       		.uleb128 0x1
 1236 0017 50       		.byte	0x50
 1237 0018 9F       		.byte	0x9f
 1238 0019 00000000 		.4byte	0
 1239 001d 00000000 		.4byte	0
 1240              	.LLST1:
 1241 0021 08000000 		.4byte	.LVL3
 1242 0025 19000000 		.4byte	.LVL4-1
 1243 0029 0100     		.2byte	0x1
 1244 002b 50       		.byte	0x50
 1245 002c 00000000 		.4byte	0
 1246 0030 00000000 		.4byte	0
 1247              	.LLST2:
 1248 0034 06000000 		.4byte	.LVL6
 1249 0038 0A000000 		.4byte	.LVL7
 1250 003c 0500     		.2byte	0x5
 1251 003e 70       		.byte	0x70
 1252 003f 00       		.sleb128 0
 1253 0040 33       		.byte	0x33
 1254 0041 1A       		.byte	0x1a
 1255 0042 9F       		.byte	0x9f
 1256 0043 0A000000 		.4byte	.LVL7
 1257 0047 10000000 		.4byte	.LFE40
 1258 004b 0100     		.2byte	0x1
 1259 004d 50       		.byte	0x50
 1260 004e 00000000 		.4byte	0
 1261 0052 00000000 		.4byte	0
 1262              	.LLST3:
 1263 0056 00000000 		.4byte	.LVL12
 1264 005a 07000000 		.4byte	.LVL13-1
 1265 005e 0100     		.2byte	0x1
 1266 0060 50       		.byte	0x50
 1267 0061 07000000 		.4byte	.LVL13-1
 1268 0065 18000000 		.4byte	.LVL17
 1269 0069 0100     		.2byte	0x1
 1270 006b 54       		.byte	0x54
 1271 006c 18000000 		.4byte	.LVL17
 1272 0070 1A000000 		.4byte	.LFE34
 1273 0074 0400     		.2byte	0x4
 1274 0076 F3       		.byte	0xf3
 1275 0077 01       		.uleb128 0x1
 1276 0078 50       		.byte	0x50
 1277 0079 9F       		.byte	0x9f
 1278 007a 00000000 		.4byte	0
 1279 007e 00000000 		.4byte	0
 1280              		.section	.debug_aranges,"",%progbits
 1281 0000 7C000000 		.4byte	0x7c
ARM GAS  C:\Users\quint\AppData\Local\Temp\ccIBlj5H.s 			page 31


 1282 0004 0200     		.2byte	0x2
 1283 0006 00000000 		.4byte	.Ldebug_info0
 1284 000a 04       		.byte	0x4
 1285 000b 00       		.byte	0
 1286 000c 0000     		.2byte	0
 1287 000e 0000     		.2byte	0
 1288 0010 00000000 		.4byte	.LFB37
 1289 0014 0C000000 		.4byte	.LFE37-.LFB37
 1290 0018 00000000 		.4byte	.LFB38
 1291 001c 0C000000 		.4byte	.LFE38-.LFB38
 1292 0020 00000000 		.4byte	.LFB39
 1293 0024 24000000 		.4byte	.LFE39-.LFB39
 1294 0028 00000000 		.4byte	.LFB40
 1295 002c 10000000 		.4byte	.LFE40-.LFB40
 1296 0030 00000000 		.4byte	.LFB41
 1297 0034 0C000000 		.4byte	.LFE41-.LFB41
 1298 0038 00000000 		.4byte	.LFB42
 1299 003c 14000000 		.4byte	.LFE42-.LFB42
 1300 0040 00000000 		.4byte	.LFB43
 1301 0044 0C000000 		.4byte	.LFE43-.LFB43
 1302 0048 00000000 		.4byte	.LFB33
 1303 004c 1C000000 		.4byte	.LFE33-.LFB33
 1304 0050 00000000 		.4byte	.LFB34
 1305 0054 1A000000 		.4byte	.LFE34-.LFB34
 1306 0058 00000000 		.4byte	.LFB35
 1307 005c 14000000 		.4byte	.LFE35-.LFB35
 1308 0060 00000000 		.4byte	.LFB44
 1309 0064 0C000000 		.4byte	.LFE44-.LFB44
 1310 0068 00000000 		.4byte	.LFB45
 1311 006c 0C000000 		.4byte	.LFE45-.LFB45
 1312 0070 00000000 		.4byte	.LFB36
 1313 0074 08000000 		.4byte	.LFE36-.LFB36
 1314 0078 00000000 		.4byte	0
 1315 007c 00000000 		.4byte	0
 1316              		.section	.debug_ranges,"",%progbits
 1317              	.Ldebug_ranges0:
 1318 0000 00000000 		.4byte	.LFB37
 1319 0004 0C000000 		.4byte	.LFE37
 1320 0008 00000000 		.4byte	.LFB38
 1321 000c 0C000000 		.4byte	.LFE38
 1322 0010 00000000 		.4byte	.LFB39
 1323 0014 24000000 		.4byte	.LFE39
 1324 0018 00000000 		.4byte	.LFB40
 1325 001c 10000000 		.4byte	.LFE40
 1326 0020 00000000 		.4byte	.LFB41
 1327 0024 0C000000 		.4byte	.LFE41
 1328 0028 00000000 		.4byte	.LFB42
 1329 002c 14000000 		.4byte	.LFE42
 1330 0030 00000000 		.4byte	.LFB43
 1331 0034 0C000000 		.4byte	.LFE43
 1332 0038 00000000 		.4byte	.LFB33
 1333 003c 1C000000 		.4byte	.LFE33
 1334 0040 00000000 		.4byte	.LFB34
 1335 0044 1A000000 		.4byte	.LFE34
 1336 0048 00000000 		.4byte	.LFB35
 1337 004c 14000000 		.4byte	.LFE35
 1338 0050 00000000 		.4byte	.LFB44
ARM GAS  C:\Users\quint\AppData\Local\Temp\ccIBlj5H.s 			page 32


 1339 0054 0C000000 		.4byte	.LFE44
 1340 0058 00000000 		.4byte	.LFB45
 1341 005c 0C000000 		.4byte	.LFE45
 1342 0060 00000000 		.4byte	.LFB36
 1343 0064 08000000 		.4byte	.LFE36
 1344 0068 00000000 		.4byte	0
 1345 006c 00000000 		.4byte	0
 1346              		.section	.debug_line,"",%progbits
 1347              	.Ldebug_line0:
 1348 0000 5E010000 		.section	.debug_str,"MS",%progbits,1
 1348      02005D00 
 1348      00000201 
 1348      FB0E0D00 
 1348      01010101 
 1349              	.LASF14:
 1350 0000 72656733 		.ascii	"reg32\000"
 1350      3200
 1351              	.LASF41:
 1352 0006 445F496E 		.ascii	"D_Interrupt_GetPriority\000"
 1352      74657272 
 1352      7570745F 
 1352      47657450 
 1352      72696F72 
 1353              	.LASF31:
 1354 001e 445F496E 		.ascii	"D_Interrupt_SetPending\000"
 1354      74657272 
 1354      7570745F 
 1354      53657450 
 1354      656E6469 
 1355              	.LASF35:
 1356 0035 43795261 		.ascii	"CyRamVectors\000"
 1356      6D566563 
 1356      746F7273 
 1356      00
 1357              	.LASF20:
 1358 0042 61646472 		.ascii	"address\000"
 1358      65737300 
 1359              	.LASF29:
 1360 004a 445F496E 		.ascii	"D_Interrupt_StartEx\000"
 1360      74657272 
 1360      7570745F 
 1360      53746172 
 1360      74457800 
 1361              	.LASF26:
 1362 005e 445F496E 		.ascii	"D_Interrupt_Enable\000"
 1362      74657272 
 1362      7570745F 
 1362      456E6162 
 1362      6C6500
 1363              	.LASF32:
 1364 0071 445F496E 		.ascii	"D_Interrupt_ClearPending\000"
 1364      74657272 
 1364      7570745F 
 1364      436C6561 
 1364      7250656E 
 1365              	.LASF28:
 1366 008a 445F496E 		.ascii	"D_Interrupt_Start\000"
ARM GAS  C:\Users\quint\AppData\Local\Temp\ccIBlj5H.s 			page 33


 1366      74657272 
 1366      7570745F 
 1366      53746172 
 1366      7400
 1367              	.LASF11:
 1368 009c 666C6F61 		.ascii	"float\000"
 1368      7400
 1369              	.LASF1:
 1370 00a2 756E7369 		.ascii	"unsigned char\000"
 1370      676E6564 
 1370      20636861 
 1370      7200
 1371              	.LASF27:
 1372 00b0 445F496E 		.ascii	"D_Interrupt_Disable\000"
 1372      74657272 
 1372      7570745F 
 1372      44697361 
 1372      626C6500 
 1373              	.LASF22:
 1374 00c4 696E7465 		.ascii	"interruptState\000"
 1374      72727570 
 1374      74537461 
 1374      746500
 1375              	.LASF5:
 1376 00d3 6C6F6E67 		.ascii	"long unsigned int\000"
 1376      20756E73 
 1376      69676E65 
 1376      6420696E 
 1376      7400
 1377              	.LASF3:
 1378 00e5 73686F72 		.ascii	"short unsigned int\000"
 1378      7420756E 
 1378      7369676E 
 1378      65642069 
 1378      6E7400
 1379              	.LASF21:
 1380 00f8 7072696F 		.ascii	"priority\000"
 1380      72697479 
 1380      00
 1381              	.LASF12:
 1382 0101 646F7562 		.ascii	"double\000"
 1382      6C6500
 1383              	.LASF19:
 1384 0108 445F496E 		.ascii	"D_Interrupt_SetPriority\000"
 1384      74657272 
 1384      7570745F 
 1384      53657450 
 1384      72696F72 
 1385              	.LASF25:
 1386 0120 445F496E 		.ascii	"D_Interrupt_GetState\000"
 1386      74657272 
 1386      7570745F 
 1386      47657453 
 1386      74617465 
 1387              	.LASF18:
 1388 0135 445F496E 		.ascii	"D_Interrupt_SetVector\000"
 1388      74657272 
ARM GAS  C:\Users\quint\AppData\Local\Temp\ccIBlj5H.s 			page 34


 1388      7570745F 
 1388      53657456 
 1388      6563746F 
 1389              	.LASF10:
 1390 014b 75696E74 		.ascii	"uint32\000"
 1390      333200
 1391              	.LASF36:
 1392 0152 4379456E 		.ascii	"CyEnterCriticalSection\000"
 1392      74657243 
 1392      72697469 
 1392      63616C53 
 1392      65637469 
 1393              	.LASF8:
 1394 0169 756E7369 		.ascii	"unsigned int\000"
 1394      676E6564 
 1394      20696E74 
 1394      00
 1395              	.LASF30:
 1396 0176 445F496E 		.ascii	"D_Interrupt_Stop\000"
 1396      74657272 
 1396      7570745F 
 1396      53746F70 
 1396      00
 1397              	.LASF39:
 1398 0187 47656E65 		.ascii	"Generated_Source\\PSoC4\\D_Interrupt.c\000"
 1398      72617465 
 1398      645F536F 
 1398      75726365 
 1398      5C50536F 
 1399              	.LASF7:
 1400 01ac 6C6F6E67 		.ascii	"long long unsigned int\000"
 1400      206C6F6E 
 1400      6720756E 
 1400      7369676E 
 1400      65642069 
 1401              	.LASF15:
 1402 01c3 63796973 		.ascii	"cyisraddress\000"
 1402      72616464 
 1402      72657373 
 1402      00
 1403              	.LASF40:
 1404 01d0 443A5C47 		.ascii	"D:\\GIT\\Microcontroller System Design Projects\\Hw"
 1404      49545C4D 
 1404      6963726F 
 1404      636F6E74 
 1404      726F6C6C 
 1405 0200 34204265 		.ascii	"4 Beat Meter\\BeatMeter.cydsn\000"
 1405      6174204D 
 1405      65746572 
 1405      5C426561 
 1405      744D6574 
 1406              	.LASF38:
 1407 021d 474E5520 		.ascii	"GNU C11 5.4.1 20160609 (release) [ARM/embedded-5-br"
 1407      43313120 
 1407      352E342E 
 1407      31203230 
 1407      31363036 
ARM GAS  C:\Users\quint\AppData\Local\Temp\ccIBlj5H.s 			page 35


 1408 0250 616E6368 		.ascii	"anch revision 237715] -mcpu=cortex-m0 -mthumb -g -O"
 1408      20726576 
 1408      6973696F 
 1408      6E203233 
 1408      37373135 
 1409 0283 67202D66 		.ascii	"g -ffunction-sections -ffat-lto-objects\000"
 1409      66756E63 
 1409      74696F6E 
 1409      2D736563 
 1409      74696F6E 
 1410              	.LASF17:
 1411 02ab 73697A65 		.ascii	"sizetype\000"
 1411      74797065 
 1411      00
 1412              	.LASF6:
 1413 02b4 6C6F6E67 		.ascii	"long long int\000"
 1413      206C6F6E 
 1413      6720696E 
 1413      7400
 1414              	.LASF34:
 1415 02c2 474C4344 		.ascii	"GLCD_FONT8x16\000"
 1415      5F464F4E 
 1415      54387831 
 1415      3600
 1416              	.LASF13:
 1417 02d0 63686172 		.ascii	"char\000"
 1417      00
 1418              	.LASF2:
 1419 02d5 73686F72 		.ascii	"short int\000"
 1419      7420696E 
 1419      7400
 1420              	.LASF9:
 1421 02df 75696E74 		.ascii	"uint8\000"
 1421      3800
 1422              	.LASF37:
 1423 02e5 43794578 		.ascii	"CyExitCriticalSection\000"
 1423      69744372 
 1423      69746963 
 1423      616C5365 
 1423      6374696F 
 1424              	.LASF23:
 1425 02fb 7072696F 		.ascii	"priorityOffset\000"
 1425      72697479 
 1425      4F666673 
 1425      657400
 1426              	.LASF4:
 1427 030a 6C6F6E67 		.ascii	"long int\000"
 1427      20696E74 
 1427      00
 1428              	.LASF24:
 1429 0313 445F496E 		.ascii	"D_Interrupt_GetVector\000"
 1429      74657272 
 1429      7570745F 
 1429      47657456 
 1429      6563746F 
 1430              	.LASF16:
 1431 0329 6C6F6E67 		.ascii	"long double\000"
ARM GAS  C:\Users\quint\AppData\Local\Temp\ccIBlj5H.s 			page 36


 1431      20646F75 
 1431      626C6500 
 1432              	.LASF33:
 1433 0335 445F496E 		.ascii	"D_Interrupt_Interrupt\000"
 1433      74657272 
 1433      7570745F 
 1433      496E7465 
 1433      72727570 
 1434              	.LASF0:
 1435 034b 7369676E 		.ascii	"signed char\000"
 1435      65642063 
 1435      68617200 
 1436              		.ident	"GCC: (GNU Tools for ARM Embedded Processors) 5.4.1 20160609 (release) [ARM/embedded-5-bran
