--------------- Rebuild Started: 04/23/2019 21:04:28 Project: BeatMeter, Configuration: ARM GCC 5.4-2016-q2-update Debug ---------------
Deleting file ".\CortexM0\ARM_GCC_541\Debug\main.o"
Deleting file ".\CortexM0\ARM_GCC_541\Debug\cyfitter_cfg.o"
Deleting file ".\CortexM0\ARM_GCC_541\Debug\cymetadata.o"
Deleting file ".\CortexM0\ARM_GCC_541\Debug\GLCD.o"
Deleting file ".\CortexM0\ARM_GCC_541\Debug\GLCD_Font.o"
Deleting file ".\CortexM0\ARM_GCC_541\Debug\Backlight.o"
Deleting file ".\CortexM0\ARM_GCC_541\Debug\Backlight_PM.o"
Deleting file ".\CortexM0\ARM_GCC_541\Debug\A_Button.o"
Deleting file ".\CortexM0\ARM_GCC_541\Debug\A_Button_PM.o"
Deleting file ".\CortexM0\ARM_GCC_541\Debug\A_Interrupt.o"
Deleting file ".\CortexM0\ARM_GCC_541\Debug\B_Button.o"
Deleting file ".\CortexM0\ARM_GCC_541\Debug\B_Button_PM.o"
Deleting file ".\CortexM0\ARM_GCC_541\Debug\B_Interrupt.o"
Deleting file ".\CortexM0\ARM_GCC_541\Debug\C_Button.o"
Deleting file ".\CortexM0\ARM_GCC_541\Debug\C_Button_PM.o"
Deleting file ".\CortexM0\ARM_GCC_541\Debug\C_Interrupt.o"
Deleting file ".\CortexM0\ARM_GCC_541\Debug\D_Button.o"
Deleting file ".\CortexM0\ARM_GCC_541\Debug\D_Button_PM.o"
Deleting file ".\CortexM0\ARM_GCC_541\Debug\D_Interrupt.o"
Deleting file ".\CortexM0\ARM_GCC_541\Debug\StickButton.o"
Deleting file ".\CortexM0\ARM_GCC_541\Debug\StickButton_PM.o"
Deleting file ".\CortexM0\ARM_GCC_541\Debug\StickButton_Interrupt.o"
Deleting file ".\CortexM0\ARM_GCC_541\Debug\GLCD_Reset.o"
Deleting file ".\CortexM0\ARM_GCC_541\Debug\GLCD_SPIM_UDB.o"
Deleting file ".\CortexM0\ARM_GCC_541\Debug\GLCD_SPIM_UDB_PM.o"
Deleting file ".\CortexM0\ARM_GCC_541\Debug\GLCD_SPIM_UDB_INT.o"
Deleting file ".\CortexM0\ARM_GCC_541\Debug\GLCD_SCLK.o"
Deleting file ".\CortexM0\ARM_GCC_541\Debug\GLCD_MOSI.o"
Deleting file ".\CortexM0\ARM_GCC_541\Debug\GLCD_SS.o"
Deleting file ".\CortexM0\ARM_GCC_541\Debug\GLCD_SPIM_UDB_IntClock.o"
Deleting file ".\CortexM0\ARM_GCC_541\Debug\cy_em_eeprom.o"
Deleting file ".\CortexM0\ARM_GCC_541\Debug\Cm0Start.o"
Deleting file ".\CortexM0\ARM_GCC_541\Debug\CyFlash.o"
Deleting file ".\CortexM0\ARM_GCC_541\Debug\CyLib.o"
Deleting file ".\CortexM0\ARM_GCC_541\Debug\cyPm.o"
Deleting file ".\CortexM0\ARM_GCC_541\Debug\cyutils.o"
Deleting file ".\CortexM0\ARM_GCC_541\Debug\CyBootAsmGnu.o"
Deleting file ".\CortexM0\ARM_GCC_541\Debug\CyLFClk.o"
Deleting file ".\CortexM0\ARM_GCC_541\Debug\R_LED.o"
Deleting file ".\CortexM0\ARM_GCC_541\Debug\R_LED_PM.o"
Deleting file ".\CortexM0\ARM_GCC_541\Debug\G_LED.o"
Deleting file ".\CortexM0\ARM_GCC_541\Debug\G_LED_PM.o"
Deleting file ".\CortexM0\ARM_GCC_541\Debug\B_LED.o"
Deleting file ".\CortexM0\ARM_GCC_541\Debug\B_LED_PM.o"
Deleting file ".\CortexM0\ARM_GCC_541\Debug\Timer_1.o"
Deleting file ".\CortexM0\ARM_GCC_541\Debug\Timer_1_PM.o"
Deleting file ".\CortexM0\ARM_GCC_541\Debug\Clock_1.o"
Deleting file ".\CortexM0\ARM_GCC_541\Debug\PWM_1.o"
Deleting file ".\CortexM0\ARM_GCC_541\Debug\PWM_1_PM.o"
Deleting file ".\CortexM0\ARM_GCC_541\Debug\BeatMeter.hex"
Deleting file ".\CortexM0\ARM_GCC_541\Debug\BeatMeter.elf"
Deleting file ".\CortexM0\ARM_GCC_541\Debug\BeatMeter.map"
Deleting file ".\BeatMeter.cycdx"
Deleting file ".\BeatMeter.svd"
Deleting file ".\BeatMeter.rpt"
Deleting file ".\BeatMeter_timing.html"
Deleting file ".\CortexM0\ARM_GCC_541\Debug\.deps\SOURCE_C__ARM_GCC_GENERIC.P"
Deleting file ".\CortexM0\ARM_GCC_541\Debug\.deps\SOURCE_ASM__ARM_GCC_GENERIC.P"
cydsfit.exe -.appdatapath "C:\Users\quint\AppData\Local\Cypress Semiconductor\PSoC Creator\4.2" -.fdsnotice -.fdswarpdepfile=warp_dependencies.txt -.fdselabdepfile=elab_dependencies.txt -.fdsbldfile=generated_files.txt -.fdsreffile=referenced_files.txt -p "D:\GIT\Microcontroller System Design Projects\Hw4 Beat Meter\BeatMeter.cydsn\BeatMeter.cyprj" -d CY8C4245AXI-483 -s "D:\GIT\Microcontroller System Design Projects\Hw4 Beat Meter\BeatMeter.cydsn\Generated_Source\PSoC4" -- -yv2 -q10 -ygs -o2 -v3 -.fftcfgtype=LE
Elaborating Design...
HDL Generation...
Synthesis...
Tech Mapping...
Analog Placement...
Analog Routing...
Analog Code Generation...
Digital Placement...
Digital Routing...
Bitstream Generation...
Bitstream Verification...
Static timing analysis...
API Generation...
Dependency Generation...
Cleanup...
arm-none-eabi-gcc.exe -mcpu=cortex-m0 -mthumb -I. -IGenerated_Source\PSoC4 -Wa,-alh=.\CortexM0\ARM_GCC_541\Debug/main.lst -g -D DEBUG -D CY_CORE_ID=0 -Wall -ffunction-sections -ffat-lto-objects -Og -c main.c -o .\CortexM0\ARM_GCC_541\Debug\main.o
main.c: In function 'main':
main.c:47:6: warning: implicit declaration of function 'C_Interrupt_ClearPending' [-Wimplicit-function-declaration]
      C_Interrupt_ClearPending();
      ^
main.c:48:6: warning: implicit declaration of function 'C_Interrupt_Start' [-Wimplicit-function-declaration]
      C_Interrupt_Start();
      ^
main.c:49:6: warning: implicit declaration of function 'D_Interrupt_ClearPending' [-Wimplicit-function-declaration]
      D_Interrupt_ClearPending();
      ^
main.c:50:6: warning: implicit declaration of function 'D_Interrupt_Start' [-Wimplicit-function-declaration]
      D_Interrupt_Start();
      ^
main.c:51:6: warning: implicit declaration of function 'StickButton_Interrupt_ClearPending' [-Wimplicit-function-declaration]
      StickButton_Interrupt_ClearPending();
      ^
main.c:52:6: warning: implicit declaration of function 'StickButton_Interrupt_Start' [-Wimplicit-function-declaration]
      StickButton_Interrupt_Start();
      ^
arm-none-eabi-gcc.exe -mcpu=cortex-m0 -mthumb -I. -IGenerated_Source\PSoC4 -Wa,-alh=.\CortexM0\ARM_GCC_541\Debug/cyfitter_cfg.lst -g -D DEBUG -D CY_CORE_ID=0 -Wall -ffunction-sections -ffat-lto-objects -Og -c Generated_Source\PSoC4\cyfitter_cfg.c -o .\CortexM0\ARM_GCC_541\Debug\cyfitter_cfg.o
arm-none-eabi-gcc.exe -mcpu=cortex-m0 -mthumb -I. -IGenerated_Source\PSoC4 -Wa,-alh=.\CortexM0\ARM_GCC_541\Debug/cymetadata.lst -g -D DEBUG -D CY_CORE_ID=0 -Wall -ffunction-sections -ffat-lto-objects -Og -c Generated_Source\PSoC4\cymetadata.c -o .\CortexM0\ARM_GCC_541\Debug\cymetadata.o
arm-none-eabi-gcc.exe -mcpu=cortex-m0 -mthumb -I. -IGenerated_Source\PSoC4 -Wa,-alh=.\CortexM0\ARM_GCC_541\Debug/GLCD.lst -g -D DEBUG -D CY_CORE_ID=0 -Wall -ffunction-sections -ffat-lto-objects -Og -c Generated_Source\PSoC4\GLCD.c -o .\CortexM0\ARM_GCC_541\Debug\GLCD.o
arm-none-eabi-gcc.exe -mcpu=cortex-m0 -mthumb -I. -IGenerated_Source\PSoC4 -Wa,-alh=.\CortexM0\ARM_GCC_541\Debug/GLCD_Font.lst -g -D DEBUG -D CY_CORE_ID=0 -Wall -ffunction-sections -ffat-lto-objects -Og -c Generated_Source\PSoC4\GLCD_Font.c -o .\CortexM0\ARM_GCC_541\Debug\GLCD_Font.o
arm-none-eabi-gcc.exe -mcpu=cortex-m0 -mthumb -I. -IGenerated_Source\PSoC4 -Wa,-alh=.\CortexM0\ARM_GCC_541\Debug/Backlight.lst -g -D DEBUG -D CY_CORE_ID=0 -Wall -ffunction-sections -ffat-lto-objects -Og -c Generated_Source\PSoC4\Backlight.c -o .\CortexM0\ARM_GCC_541\Debug\Backlight.o
arm-none-eabi-gcc.exe -mcpu=cortex-m0 -mthumb -I. -IGenerated_Source\PSoC4 -Wa,-alh=.\CortexM0\ARM_GCC_541\Debug/Backlight_PM.lst -g -D DEBUG -D CY_CORE_ID=0 -Wall -ffunction-sections -ffat-lto-objects -Og -c Generated_Source\PSoC4\Backlight_PM.c -o .\CortexM0\ARM_GCC_541\Debug\Backlight_PM.o
arm-none-eabi-gcc.exe -mcpu=cortex-m0 -mthumb -I. -IGenerated_Source\PSoC4 -Wa,-alh=.\CortexM0\ARM_GCC_541\Debug/A_Button.lst -g -D DEBUG -D CY_CORE_ID=0 -Wall -ffunction-sections -ffat-lto-objects -Og -c Generated_Source\PSoC4\A_Button.c -o .\CortexM0\ARM_GCC_541\Debug\A_Button.o
arm-none-eabi-gcc.exe -mcpu=cortex-m0 -mthumb -I. -IGenerated_Source\PSoC4 -Wa,-alh=.\CortexM0\ARM_GCC_541\Debug/A_Button_PM.lst -g -D DEBUG -D CY_CORE_ID=0 -Wall -ffunction-sections -ffat-lto-objects -Og -c Generated_Source\PSoC4\A_Button_PM.c -o .\CortexM0\ARM_GCC_541\Debug\A_Button_PM.o
arm-none-eabi-gcc.exe -mcpu=cortex-m0 -mthumb -I. -IGenerated_Source\PSoC4 -Wa,-alh=.\CortexM0\ARM_GCC_541\Debug/A_Interrupt.lst -g -D DEBUG -D CY_CORE_ID=0 -Wall -ffunction-sections -ffat-lto-objects -Og -c Generated_Source\PSoC4\A_Interrupt.c -o .\CortexM0\ARM_GCC_541\Debug\A_Interrupt.o
arm-none-eabi-gcc.exe -mcpu=cortex-m0 -mthumb -I. -IGenerated_Source\PSoC4 -Wa,-alh=.\CortexM0\ARM_GCC_541\Debug/B_Interrupt.lst -g -D DEBUG -D CY_CORE_ID=0 -Wall -ffunction-sections -ffat-lto-objects -Og -c Generated_Source\PSoC4\B_Interrupt.c -o .\CortexM0\ARM_GCC_541\Debug\B_Interrupt.o
arm-none-eabi-gcc.exe -mcpu=cortex-m0 -mthumb -I. -IGenerated_Source\PSoC4 -Wa,-alh=.\CortexM0\ARM_GCC_541\Debug/GLCD_Reset.lst -g -D DEBUG -D CY_CORE_ID=0 -Wall -ffunction-sections -ffat-lto-objects -Og -c Generated_Source\PSoC4\GLCD_Reset.c -o .\CortexM0\ARM_GCC_541\Debug\GLCD_Reset.o
arm-none-eabi-gcc.exe -mcpu=cortex-m0 -mthumb -I. -IGenerated_Source\PSoC4 -Wa,-alh=.\CortexM0\ARM_GCC_541\Debug/GLCD_SPIM_UDB.lst -g -D DEBUG -D CY_CORE_ID=0 -Wall -ffunction-sections -ffat-lto-objects -Og -c Generated_Source\PSoC4\GLCD_SPIM_UDB.c -o .\CortexM0\ARM_GCC_541\Debug\GLCD_SPIM_UDB.o
arm-none-eabi-gcc.exe -mcpu=cortex-m0 -mthumb -I. -IGenerated_Source\PSoC4 -Wa,-alh=.\CortexM0\ARM_GCC_541\Debug/GLCD_SPIM_UDB_PM.lst -g -D DEBUG -D CY_CORE_ID=0 -Wall -ffunction-sections -ffat-lto-objects -Og -c Generated_Source\PSoC4\GLCD_SPIM_UDB_PM.c -o .\CortexM0\ARM_GCC_541\Debug\GLCD_SPIM_UDB_PM.o
arm-none-eabi-gcc.exe -mcpu=cortex-m0 -mthumb -I. -IGenerated_Source\PSoC4 -Wa,-alh=.\CortexM0\ARM_GCC_541\Debug/GLCD_SPIM_UDB_INT.lst -g -D DEBUG -D CY_CORE_ID=0 -Wall -ffunction-sections -ffat-lto-objects -Og -c Generated_Source\PSoC4\GLCD_SPIM_UDB_INT.c -o .\CortexM0\ARM_GCC_541\Debug\GLCD_SPIM_UDB_INT.o
arm-none-eabi-gcc.exe -mcpu=cortex-m0 -mthumb -I. -IGenerated_Source\PSoC4 -Wa,-alh=.\CortexM0\ARM_GCC_541\Debug/GLCD_SCLK.lst -g -D DEBUG -D CY_CORE_ID=0 -Wall -ffunction-sections -ffat-lto-objects -Og -c Generated_Source\PSoC4\GLCD_SCLK.c -o .\CortexM0\ARM_GCC_541\Debug\GLCD_SCLK.o
arm-none-eabi-gcc.exe -mcpu=cortex-m0 -mthumb -I. -IGenerated_Source\PSoC4 -Wa,-alh=.\CortexM0\ARM_GCC_541\Debug/GLCD_MOSI.lst -g -D DEBUG -D CY_CORE_ID=0 -Wall -ffunction-sections -ffat-lto-objects -Og -c Generated_Source\PSoC4\GLCD_MOSI.c -o .\CortexM0\ARM_GCC_541\Debug\GLCD_MOSI.o
arm-none-eabi-gcc.exe -mcpu=cortex-m0 -mthumb -I. -IGenerated_Source\PSoC4 -Wa,-alh=.\CortexM0\ARM_GCC_541\Debug/GLCD_SS.lst -g -D DEBUG -D CY_CORE_ID=0 -Wall -ffunction-sections -ffat-lto-objects -Og -c Generated_Source\PSoC4\GLCD_SS.c -o .\CortexM0\ARM_GCC_541\Debug\GLCD_SS.o
arm-none-eabi-gcc.exe -mcpu=cortex-m0 -mthumb -I. -IGenerated_Source\PSoC4 -Wa,-alh=.\CortexM0\ARM_GCC_541\Debug/GLCD_SPIM_UDB_IntClock.lst -g -D DEBUG -D CY_CORE_ID=0 -Wall -ffunction-sections -ffat-lto-objects -Og -c Generated_Source\PSoC4\GLCD_SPIM_UDB_IntClock.c -o .\CortexM0\ARM_GCC_541\Debug\GLCD_SPIM_UDB_IntClock.o
arm-none-eabi-gcc.exe -mcpu=cortex-m0 -mthumb -I. -IGenerated_Source\PSoC4 -Wa,-alh=.\CortexM0\ARM_GCC_541\Debug/cy_em_eeprom.lst -g -D DEBUG -D CY_CORE_ID=0 -Wall -ffunction-sections -ffat-lto-objects -Og -c Generated_Source\PSoC4\cy_em_eeprom.c -o .\CortexM0\ARM_GCC_541\Debug\cy_em_eeprom.o
arm-none-eabi-gcc.exe -mcpu=cortex-m0 -mthumb -I. -IGenerated_Source\PSoC4 -Wa,-alh=.\CortexM0\ARM_GCC_541\Debug/Cm0Start.lst -g -D DEBUG -D CY_CORE_ID=0 -Wall -ffunction-sections -ffat-lto-objects -Og -c Generated_Source\PSoC4\Cm0Start.c -o .\CortexM0\ARM_GCC_541\Debug\Cm0Start.o
arm-none-eabi-gcc.exe -mcpu=cortex-m0 -mthumb -I. -IGenerated_Source\PSoC4 -Wa,-alh=.\CortexM0\ARM_GCC_541\Debug/CyFlash.lst -g -D DEBUG -D CY_CORE_ID=0 -Wall -ffunction-sections -ffat-lto-objects -Og -c Generated_Source\PSoC4\CyFlash.c -o .\CortexM0\ARM_GCC_541\Debug\CyFlash.o
arm-none-eabi-gcc.exe -mcpu=cortex-m0 -mthumb -I. -IGenerated_Source\PSoC4 -Wa,-alh=.\CortexM0\ARM_GCC_541\Debug/CyLib.lst -g -D DEBUG -D CY_CORE_ID=0 -Wall -ffunction-sections -ffat-lto-objects -Og -c Generated_Source\PSoC4\CyLib.c -o .\CortexM0\ARM_GCC_541\Debug\CyLib.o
arm-none-eabi-gcc.exe -mcpu=cortex-m0 -mthumb -I. -IGenerated_Source\PSoC4 -Wa,-alh=.\CortexM0\ARM_GCC_541\Debug/cyPm.lst -g -D DEBUG -D CY_CORE_ID=0 -Wall -ffunction-sections -ffat-lto-objects -Og -c Generated_Source\PSoC4\cyPm.c -o .\CortexM0\ARM_GCC_541\Debug\cyPm.o
arm-none-eabi-gcc.exe -mcpu=cortex-m0 -mthumb -I. -IGenerated_Source\PSoC4 -Wa,-alh=.\CortexM0\ARM_GCC_541\Debug/cyutils.lst -g -D DEBUG -D CY_CORE_ID=0 -Wall -ffunction-sections -ffat-lto-objects -Og -c Generated_Source\PSoC4\cyutils.c -o .\CortexM0\ARM_GCC_541\Debug\cyutils.o
arm-none-eabi-gcc.exe -mcpu=cortex-m0 -mthumb -I. -IGenerated_Source\PSoC4 -Wa,-alh=.\CortexM0\ARM_GCC_541\Debug/CyLFClk.lst -g -D DEBUG -D CY_CORE_ID=0 -Wall -ffunction-sections -ffat-lto-objects -Og -c Generated_Source\PSoC4\CyLFClk.c -o .\CortexM0\ARM_GCC_541\Debug\CyLFClk.o
arm-none-eabi-gcc.exe -mcpu=cortex-m0 -mthumb -I. -IGenerated_Source\PSoC4 -Wa,-alh=.\CortexM0\ARM_GCC_541\Debug/R_LED.lst -g -D DEBUG -D CY_CORE_ID=0 -Wall -ffunction-sections -ffat-lto-objects -Og -c Generated_Source\PSoC4\R_LED.c -o .\CortexM0\ARM_GCC_541\Debug\R_LED.o
arm-none-eabi-gcc.exe -mcpu=cortex-m0 -mthumb -I. -IGenerated_Source\PSoC4 -Wa,-alh=.\CortexM0\ARM_GCC_541\Debug/R_LED_PM.lst -g -D DEBUG -D CY_CORE_ID=0 -Wall -ffunction-sections -ffat-lto-objects -Og -c Generated_Source\PSoC4\R_LED_PM.c -o .\CortexM0\ARM_GCC_541\Debug\R_LED_PM.o
arm-none-eabi-gcc.exe -mcpu=cortex-m0 -mthumb -I. -IGenerated_Source\PSoC4 -Wa,-alh=.\CortexM0\ARM_GCC_541\Debug/G_LED.lst -g -D DEBUG -D CY_CORE_ID=0 -Wall -ffunction-sections -ffat-lto-objects -Og -c Generated_Source\PSoC4\G_LED.c -o .\CortexM0\ARM_GCC_541\Debug\G_LED.o
arm-none-eabi-gcc.exe -mcpu=cortex-m0 -mthumb -I. -IGenerated_Source\PSoC4 -Wa,-alh=.\CortexM0\ARM_GCC_541\Debug/G_LED_PM.lst -g -D DEBUG -D CY_CORE_ID=0 -Wall -ffunction-sections -ffat-lto-objects -Og -c Generated_Source\PSoC4\G_LED_PM.c -o .\CortexM0\ARM_GCC_541\Debug\G_LED_PM.o
arm-none-eabi-gcc.exe -mcpu=cortex-m0 -mthumb -I. -IGenerated_Source\PSoC4 -Wa,-alh=.\CortexM0\ARM_GCC_541\Debug/B_LED.lst -g -D DEBUG -D CY_CORE_ID=0 -Wall -ffunction-sections -ffat-lto-objects -Og -c Generated_Source\PSoC4\B_LED.c -o .\CortexM0\ARM_GCC_541\Debug\B_LED.o
arm-none-eabi-gcc.exe -mcpu=cortex-m0 -mthumb -I. -IGenerated_Source\PSoC4 -Wa,-alh=.\CortexM0\ARM_GCC_541\Debug/B_LED_PM.lst -g -D DEBUG -D CY_CORE_ID=0 -Wall -ffunction-sections -ffat-lto-objects -Og -c Generated_Source\PSoC4\B_LED_PM.c -o .\CortexM0\ARM_GCC_541\Debug\B_LED_PM.o
arm-none-eabi-gcc.exe -mcpu=cortex-m0 -mthumb -I. -IGenerated_Source\PSoC4 -Wa,-alh=.\CortexM0\ARM_GCC_541\Debug/Timer_1.lst -g -D DEBUG -D CY_CORE_ID=0 -Wall -ffunction-sections -ffat-lto-objects -Og -c Generated_Source\PSoC4\Timer_1.c -o .\CortexM0\ARM_GCC_541\Debug\Timer_1.o
arm-none-eabi-gcc.exe -mcpu=cortex-m0 -mthumb -I. -IGenerated_Source\PSoC4 -Wa,-alh=.\CortexM0\ARM_GCC_541\Debug/Timer_1_PM.lst -g -D DEBUG -D CY_CORE_ID=0 -Wall -ffunction-sections -ffat-lto-objects -Og -c Generated_Source\PSoC4\Timer_1_PM.c -o .\CortexM0\ARM_GCC_541\Debug\Timer_1_PM.o
arm-none-eabi-gcc.exe -mcpu=cortex-m0 -mthumb -I. -IGenerated_Source\PSoC4 -Wa,-alh=.\CortexM0\ARM_GCC_541\Debug/Clock_1.lst -g -D DEBUG -D CY_CORE_ID=0 -Wall -ffunction-sections -ffat-lto-objects -Og -c Generated_Source\PSoC4\Clock_1.c -o .\CortexM0\ARM_GCC_541\Debug\Clock_1.o
arm-none-eabi-gcc.exe -mcpu=cortex-m0 -mthumb -I. -IGenerated_Source\PSoC4 -Wa,-alh=.\CortexM0\ARM_GCC_541\Debug/PWM_1.lst -g -D DEBUG -D CY_CORE_ID=0 -Wall -ffunction-sections -ffat-lto-objects -Og -c Generated_Source\PSoC4\PWM_1.c -o .\CortexM0\ARM_GCC_541\Debug\PWM_1.o
arm-none-eabi-gcc.exe -mcpu=cortex-m0 -mthumb -I. -IGenerated_Source\PSoC4 -Wa,-alh=.\CortexM0\ARM_GCC_541\Debug/PWM_1_PM.lst -g -D DEBUG -D CY_CORE_ID=0 -Wall -ffunction-sections -ffat-lto-objects -Og -c Generated_Source\PSoC4\PWM_1_PM.c -o .\CortexM0\ARM_GCC_541\Debug\PWM_1_PM.o
arm-none-eabi-as.exe -mcpu=cortex-m0 -mthumb -I. -IGenerated_Source\PSoC4 -alh=.\CortexM0\ARM_GCC_541\Debug/CyBootAsmGnu.lst -g -W -o .\CortexM0\ARM_GCC_541\Debug\CyBootAsmGnu.o Generated_Source\PSoC4\CyBootAsmGnu.s
arm-none-eabi-ar.exe -rs .\CortexM0\ARM_GCC_541\Debug\BeatMeter.a .\CortexM0\ARM_GCC_541\Debug\GLCD.o .\CortexM0\ARM_GCC_541\Debug\GLCD_Font.o .\CortexM0\ARM_GCC_541\Debug\Backlight.o .\CortexM0\ARM_GCC_541\Debug\Backlight_PM.o .\CortexM0\ARM_GCC_541\Debug\A_Button.o .\CortexM0\ARM_GCC_541\Debug\A_Button_PM.o .\CortexM0\ARM_GCC_541\Debug\A_Interrupt.o .\CortexM0\ARM_GCC_541\Debug\B_Interrupt.o .\CortexM0\ARM_GCC_541\Debug\GLCD_Reset.o .\CortexM0\ARM_GCC_541\Debug\GLCD_SPIM_UDB.o .\CortexM0\ARM_GCC_541\Debug\GLCD_SPIM_UDB_PM.o .\CortexM0\ARM_GCC_541\Debug\GLCD_SPIM_UDB_INT.o .\CortexM0\ARM_GCC_541\Debug\GLCD_SCLK.o .\CortexM0\ARM_GCC_541\Debug\GLCD_MOSI.o .\CortexM0\ARM_GCC_541\Debug\GLCD_SS.o .\CortexM0\ARM_GCC_541\Debug\GLCD_SPIM_UDB_IntClock.o .\CortexM0\ARM_GCC_541\Debug\cy_em_eeprom.o .\CortexM0\ARM_GCC_541\Debug\CyFlash.o .\CortexM0\ARM_GCC_541\Debug\CyLib.o .\CortexM0\ARM_GCC_541\Debug\cyPm.o .\CortexM0\ARM_GCC_541\Debug\cyutils.o .\CortexM0\ARM_GCC_541\Debug\CyLFClk.o .\CortexM0\ARM_GCC_541\Debug\R_LED.o .\CortexM0\ARM_GCC_541\Debug\R_LED_PM.o .\CortexM0\ARM_GCC_541\Debug\G_LED.o .\CortexM0\ARM_GCC_541\Debug\G_LED_PM.o .\CortexM0\ARM_GCC_541\Debug\B_LED.o .\CortexM0\ARM_GCC_541\Debug\B_LED_PM.o .\CortexM0\ARM_GCC_541\Debug\Timer_1.o .\CortexM0\ARM_GCC_541\Debug\Timer_1_PM.o .\CortexM0\ARM_GCC_541\Debug\Clock_1.o .\CortexM0\ARM_GCC_541\Debug\PWM_1.o .\CortexM0\ARM_GCC_541\Debug\PWM_1_PM.o .\CortexM0\ARM_GCC_541\Debug\CyBootAsmGnu.o
arm-none-eabi-ar.exe: creating .\CortexM0\ARM_GCC_541\Debug\BeatMeter.a
arm-none-eabi-gcc.exe -Wl,--start-group -o "D:\GIT\Microcontroller System Design Projects\Hw4 Beat Meter\BeatMeter.cydsn\CortexM0\ARM_GCC_541\Debug\BeatMeter.elf" .\CortexM0\ARM_GCC_541\Debug\main.o .\CortexM0\ARM_GCC_541\Debug\cyfitter_cfg.o .\CortexM0\ARM_GCC_541\Debug\cymetadata.o .\CortexM0\ARM_GCC_541\Debug\Cm0Start.o .\CortexM0\ARM_GCC_541\Debug\BeatMeter.a -mcpu=cortex-m0 -mthumb -l m -L Generated_Source\PSoC4 -Wl,-Map,.\CortexM0\ARM_GCC_541\Debug/BeatMeter.map -T Generated_Source\PSoC4\cm0gcc.ld -specs=nano.specs -Wl,--gc-sections -g -ffunction-sections -Og -ffat-lto-objects -Wl,--end-group
.\CortexM0\ARM_GCC_541\Debug\main.o: In function `main':
D:\GIT\Microcontroller System Design Projects\Hw4 Beat Meter\BeatMeter.cydsn/main.c:47: undefined reference to `C_Interrupt_ClearPending'
D:\GIT\Microcontroller System Design Projects\Hw4 Beat Meter\BeatMeter.cydsn/main.c:48: undefined reference to `C_Interrupt_Start'
D:\GIT\Microcontroller System Design Projects\Hw4 Beat Meter\BeatMeter.cydsn/main.c:49: undefined reference to `D_Interrupt_ClearPending'
D:\GIT\Microcontroller System Design Projects\Hw4 Beat Meter\BeatMeter.cydsn/main.c:50: undefined reference to `D_Interrupt_Start'
D:\GIT\Microcontroller System Design Projects\Hw4 Beat Meter\BeatMeter.cydsn/main.c:51: undefined reference to `StickButton_Interrupt_ClearPending'
D:\GIT\Microcontroller System Design Projects\Hw4 Beat Meter\BeatMeter.cydsn/main.c:52: undefined reference to `StickButton_Interrupt_Start'
collect2.exe: error: ld returned 1 exit status
The command 'arm-none-eabi-gcc.exe' failed with exit code '1'.
--------------- Rebuild Failed: 04/23/2019 21:04:44 ---------------
