ARM GAS  C:\Users\quint\AppData\Local\Temp\ccvrRi7d.s 			page 1


   1              		.syntax unified
   2              		.cpu cortex-m0
   3              		.fpu softvfp
   4              		.eabi_attribute 20, 1
   5              		.eabi_attribute 21, 1
   6              		.eabi_attribute 23, 3
   7              		.eabi_attribute 24, 1
   8              		.eabi_attribute 25, 1
   9              		.eabi_attribute 26, 1
  10              		.eabi_attribute 30, 1
  11              		.eabi_attribute 34, 0
  12              		.eabi_attribute 18, 4
  13              		.thumb
  14              		.syntax unified
  15              		.file	"I2C_I2C.c"
  16              		.text
  17              	.Ltext0:
  18              		.cfi_sections	.debug_frame
  19              		.section	.text.I2C_I2CInit,"ax",%progbits
  20              		.align	2
  21              		.global	I2C_I2CInit
  22              		.code	16
  23              		.thumb_func
  24              		.type	I2C_I2CInit, %function
  25              	I2C_I2CInit:
  26              	.LFB0:
  27              		.file 1 "Generated_Source\\PSoC4\\I2C_I2C.c"
   1:Generated_Source\PSoC4/I2C_I2C.c **** /***************************************************************************//**
   2:Generated_Source\PSoC4/I2C_I2C.c **** * \file I2C_I2C.c
   3:Generated_Source\PSoC4/I2C_I2C.c **** * \version 4.0
   4:Generated_Source\PSoC4/I2C_I2C.c **** *
   5:Generated_Source\PSoC4/I2C_I2C.c **** * \brief
   6:Generated_Source\PSoC4/I2C_I2C.c **** *  This file provides the source code to the API for the SCB Component in
   7:Generated_Source\PSoC4/I2C_I2C.c **** *  I2C mode.
   8:Generated_Source\PSoC4/I2C_I2C.c **** *
   9:Generated_Source\PSoC4/I2C_I2C.c **** * Note:
  10:Generated_Source\PSoC4/I2C_I2C.c **** *
  11:Generated_Source\PSoC4/I2C_I2C.c **** *******************************************************************************
  12:Generated_Source\PSoC4/I2C_I2C.c **** * \copyright
  13:Generated_Source\PSoC4/I2C_I2C.c **** * Copyright 2013-2017, Cypress Semiconductor Corporation.  All rights reserved.
  14:Generated_Source\PSoC4/I2C_I2C.c **** * You may use this file only in accordance with the license, terms, conditions,
  15:Generated_Source\PSoC4/I2C_I2C.c **** * disclaimers, and limitations in the end user license agreement accompanying
  16:Generated_Source\PSoC4/I2C_I2C.c **** * the software package with which this file was provided.
  17:Generated_Source\PSoC4/I2C_I2C.c **** *******************************************************************************/
  18:Generated_Source\PSoC4/I2C_I2C.c **** 
  19:Generated_Source\PSoC4/I2C_I2C.c **** #include "I2C_PVT.h"
  20:Generated_Source\PSoC4/I2C_I2C.c **** #include "I2C_I2C_PVT.h"
  21:Generated_Source\PSoC4/I2C_I2C.c **** 
  22:Generated_Source\PSoC4/I2C_I2C.c **** 
  23:Generated_Source\PSoC4/I2C_I2C.c **** /***************************************
  24:Generated_Source\PSoC4/I2C_I2C.c **** *      I2C Private Vars
  25:Generated_Source\PSoC4/I2C_I2C.c **** ***************************************/
  26:Generated_Source\PSoC4/I2C_I2C.c **** 
  27:Generated_Source\PSoC4/I2C_I2C.c **** volatile uint8 I2C_state;  /* Current state of I2C FSM */
  28:Generated_Source\PSoC4/I2C_I2C.c **** 
  29:Generated_Source\PSoC4/I2C_I2C.c **** #if(I2C_SCB_MODE_UNCONFIG_CONST_CFG)
  30:Generated_Source\PSoC4/I2C_I2C.c **** 
ARM GAS  C:\Users\quint\AppData\Local\Temp\ccvrRi7d.s 			page 2


  31:Generated_Source\PSoC4/I2C_I2C.c ****     /***************************************
  32:Generated_Source\PSoC4/I2C_I2C.c ****     *  Configuration Structure Initialization
  33:Generated_Source\PSoC4/I2C_I2C.c ****     ***************************************/
  34:Generated_Source\PSoC4/I2C_I2C.c **** 
  35:Generated_Source\PSoC4/I2C_I2C.c ****     /* Constant configuration of I2C */
  36:Generated_Source\PSoC4/I2C_I2C.c ****     const I2C_I2C_INIT_STRUCT I2C_configI2C =
  37:Generated_Source\PSoC4/I2C_I2C.c ****     {
  38:Generated_Source\PSoC4/I2C_I2C.c ****         I2C_I2C_MODE,
  39:Generated_Source\PSoC4/I2C_I2C.c ****         I2C_I2C_OVS_FACTOR_LOW,
  40:Generated_Source\PSoC4/I2C_I2C.c ****         I2C_I2C_OVS_FACTOR_HIGH,
  41:Generated_Source\PSoC4/I2C_I2C.c ****         I2C_I2C_MEDIAN_FILTER_ENABLE,
  42:Generated_Source\PSoC4/I2C_I2C.c ****         I2C_I2C_SLAVE_ADDRESS,
  43:Generated_Source\PSoC4/I2C_I2C.c ****         I2C_I2C_SLAVE_ADDRESS_MASK,
  44:Generated_Source\PSoC4/I2C_I2C.c ****         I2C_I2C_ACCEPT_ADDRESS,
  45:Generated_Source\PSoC4/I2C_I2C.c ****         I2C_I2C_WAKE_ENABLE,
  46:Generated_Source\PSoC4/I2C_I2C.c ****         I2C_I2C_BYTE_MODE_ENABLE,
  47:Generated_Source\PSoC4/I2C_I2C.c ****         I2C_I2C_DATA_RATE,
  48:Generated_Source\PSoC4/I2C_I2C.c ****         I2C_I2C_ACCEPT_GENERAL_CALL,
  49:Generated_Source\PSoC4/I2C_I2C.c ****     };
  50:Generated_Source\PSoC4/I2C_I2C.c **** 
  51:Generated_Source\PSoC4/I2C_I2C.c ****     /*******************************************************************************
  52:Generated_Source\PSoC4/I2C_I2C.c ****     * Function Name: I2C_I2CInit
  53:Generated_Source\PSoC4/I2C_I2C.c ****     ****************************************************************************//**
  54:Generated_Source\PSoC4/I2C_I2C.c ****     *
  55:Generated_Source\PSoC4/I2C_I2C.c ****     *
  56:Generated_Source\PSoC4/I2C_I2C.c ****     *  Configures the I2C for I2C operation.
  57:Generated_Source\PSoC4/I2C_I2C.c ****     *
  58:Generated_Source\PSoC4/I2C_I2C.c ****     *  This function is intended specifically to be used when the I2C 
  59:Generated_Source\PSoC4/I2C_I2C.c ****     *  configuration is set to “Unconfigured I2C” in the customizer. 
  60:Generated_Source\PSoC4/I2C_I2C.c ****     *  After initializing the I2C in I2C mode using this function, 
  61:Generated_Source\PSoC4/I2C_I2C.c ****     *  the component can be enabled using the I2C_Start() or 
  62:Generated_Source\PSoC4/I2C_I2C.c ****     * I2C_Enable() function.
  63:Generated_Source\PSoC4/I2C_I2C.c ****     *  This function uses a pointer to a structure that provides the configuration 
  64:Generated_Source\PSoC4/I2C_I2C.c ****     *  settings. This structure contains the same information that would otherwise 
  65:Generated_Source\PSoC4/I2C_I2C.c ****     *  be provided by the customizer settings.
  66:Generated_Source\PSoC4/I2C_I2C.c ****     *
  67:Generated_Source\PSoC4/I2C_I2C.c ****     *  \param config: pointer to a structure that contains the following list of 
  68:Generated_Source\PSoC4/I2C_I2C.c ****     *   fields. These fields match the selections available in the customizer. 
  69:Generated_Source\PSoC4/I2C_I2C.c ****     *   Refer to the customizer for further description of the settings.
  70:Generated_Source\PSoC4/I2C_I2C.c ****     *
  71:Generated_Source\PSoC4/I2C_I2C.c ****     *******************************************************************************/
  72:Generated_Source\PSoC4/I2C_I2C.c ****     void I2C_I2CInit(const I2C_I2C_INIT_STRUCT *config)
  73:Generated_Source\PSoC4/I2C_I2C.c ****     {
  74:Generated_Source\PSoC4/I2C_I2C.c ****         uint32 medianFilter;
  75:Generated_Source\PSoC4/I2C_I2C.c ****         uint32 locEnableWake;
  76:Generated_Source\PSoC4/I2C_I2C.c **** 
  77:Generated_Source\PSoC4/I2C_I2C.c ****         if(NULL == config)
  78:Generated_Source\PSoC4/I2C_I2C.c ****         {
  79:Generated_Source\PSoC4/I2C_I2C.c ****             CYASSERT(0u != 0u); /* Halt execution due to bad function parameter */
  80:Generated_Source\PSoC4/I2C_I2C.c ****         }
  81:Generated_Source\PSoC4/I2C_I2C.c ****         else
  82:Generated_Source\PSoC4/I2C_I2C.c ****         {
  83:Generated_Source\PSoC4/I2C_I2C.c ****             /* Configure pins */
  84:Generated_Source\PSoC4/I2C_I2C.c ****             I2C_SetPins(I2C_SCB_MODE_I2C, I2C_DUMMY_PARAM,
  85:Generated_Source\PSoC4/I2C_I2C.c ****                                      I2C_DUMMY_PARAM);
  86:Generated_Source\PSoC4/I2C_I2C.c **** 
  87:Generated_Source\PSoC4/I2C_I2C.c ****             /* Store internal configuration */
ARM GAS  C:\Users\quint\AppData\Local\Temp\ccvrRi7d.s 			page 3


  88:Generated_Source\PSoC4/I2C_I2C.c ****             I2C_scbMode       = (uint8) I2C_SCB_MODE_I2C;
  89:Generated_Source\PSoC4/I2C_I2C.c ****             I2C_scbEnableWake = (uint8) config->enableWake;
  90:Generated_Source\PSoC4/I2C_I2C.c ****             I2C_scbEnableIntr = (uint8) I2C_SCB_IRQ_INTERNAL;
  91:Generated_Source\PSoC4/I2C_I2C.c **** 
  92:Generated_Source\PSoC4/I2C_I2C.c ****             I2C_mode          = (uint8) config->mode;
  93:Generated_Source\PSoC4/I2C_I2C.c ****             I2C_acceptAddr    = (uint8) config->acceptAddr;
  94:Generated_Source\PSoC4/I2C_I2C.c **** 
  95:Generated_Source\PSoC4/I2C_I2C.c ****         #if (I2C_CY_SCBIP_V0)
  96:Generated_Source\PSoC4/I2C_I2C.c ****             /* Adjust SDA filter settings. Ticket ID#150521 */
  97:Generated_Source\PSoC4/I2C_I2C.c ****             I2C_SET_I2C_CFG_SDA_FILT_TRIM(I2C_EC_AM_I2C_CFG_SDA_FILT_TRIM);
  98:Generated_Source\PSoC4/I2C_I2C.c ****         #endif /* (I2C_CY_SCBIP_V0) */
  99:Generated_Source\PSoC4/I2C_I2C.c **** 
 100:Generated_Source\PSoC4/I2C_I2C.c ****             /* Adjust AF and DF filter settings. Ticket ID#176179 */
 101:Generated_Source\PSoC4/I2C_I2C.c ****             if (((I2C_I2C_MODE_SLAVE != config->mode) &&
 102:Generated_Source\PSoC4/I2C_I2C.c ****                  (config->dataRate <= I2C_I2C_DATA_RATE_FS_MODE_MAX)) ||
 103:Generated_Source\PSoC4/I2C_I2C.c ****                  (I2C_I2C_MODE_SLAVE == config->mode))
 104:Generated_Source\PSoC4/I2C_I2C.c ****             {
 105:Generated_Source\PSoC4/I2C_I2C.c ****                 /* AF = 1, DF = 0 */
 106:Generated_Source\PSoC4/I2C_I2C.c ****                 I2C_I2C_CFG_ANALOG_FITER_ENABLE;
 107:Generated_Source\PSoC4/I2C_I2C.c ****                 medianFilter = I2C_DIGITAL_FILTER_DISABLE;
 108:Generated_Source\PSoC4/I2C_I2C.c ****             }
 109:Generated_Source\PSoC4/I2C_I2C.c ****             else
 110:Generated_Source\PSoC4/I2C_I2C.c ****             {
 111:Generated_Source\PSoC4/I2C_I2C.c ****                 /* AF = 0, DF = 1 */
 112:Generated_Source\PSoC4/I2C_I2C.c ****                 I2C_I2C_CFG_ANALOG_FITER_DISABLE;
 113:Generated_Source\PSoC4/I2C_I2C.c ****                 medianFilter = I2C_DIGITAL_FILTER_ENABLE;
 114:Generated_Source\PSoC4/I2C_I2C.c ****             }
 115:Generated_Source\PSoC4/I2C_I2C.c **** 
 116:Generated_Source\PSoC4/I2C_I2C.c ****         #if (!I2C_CY_SCBIP_V0)
 117:Generated_Source\PSoC4/I2C_I2C.c ****             locEnableWake = (I2C_I2C_MULTI_MASTER_SLAVE) ? (0u) : (config->enableWake);
 118:Generated_Source\PSoC4/I2C_I2C.c ****         #else
 119:Generated_Source\PSoC4/I2C_I2C.c ****             locEnableWake = config->enableWake;
 120:Generated_Source\PSoC4/I2C_I2C.c ****         #endif /* (!I2C_CY_SCBIP_V0) */
 121:Generated_Source\PSoC4/I2C_I2C.c **** 
 122:Generated_Source\PSoC4/I2C_I2C.c ****             /* Configure I2C interface */
 123:Generated_Source\PSoC4/I2C_I2C.c ****             I2C_CTRL_REG     = I2C_GET_CTRL_BYTE_MODE  (config->enableByteMode) |
 124:Generated_Source\PSoC4/I2C_I2C.c ****                                             I2C_GET_CTRL_ADDR_ACCEPT(config->acceptAddr)     |
 125:Generated_Source\PSoC4/I2C_I2C.c ****                                             I2C_GET_CTRL_EC_AM_MODE (locEnableWake);
 126:Generated_Source\PSoC4/I2C_I2C.c **** 
 127:Generated_Source\PSoC4/I2C_I2C.c ****             I2C_I2C_CTRL_REG = I2C_GET_I2C_CTRL_HIGH_PHASE_OVS(config->oversampleHigh) |
 128:Generated_Source\PSoC4/I2C_I2C.c ****                     I2C_GET_I2C_CTRL_LOW_PHASE_OVS (config->oversampleLow)                         
 129:Generated_Source\PSoC4/I2C_I2C.c ****                     I2C_GET_I2C_CTRL_S_GENERAL_IGNORE((uint32)(0u == config->acceptGeneralAddr))   
 130:Generated_Source\PSoC4/I2C_I2C.c ****                     I2C_GET_I2C_CTRL_SL_MSTR_MODE  (config->mode);
 131:Generated_Source\PSoC4/I2C_I2C.c **** 
 132:Generated_Source\PSoC4/I2C_I2C.c ****             /* Configure RX direction */
 133:Generated_Source\PSoC4/I2C_I2C.c ****             I2C_RX_CTRL_REG      = I2C_GET_RX_CTRL_MEDIAN(medianFilter) |
 134:Generated_Source\PSoC4/I2C_I2C.c ****                                                 I2C_I2C_RX_CTRL;
 135:Generated_Source\PSoC4/I2C_I2C.c ****             I2C_RX_FIFO_CTRL_REG = I2C_CLEAR_REG;
 136:Generated_Source\PSoC4/I2C_I2C.c **** 
 137:Generated_Source\PSoC4/I2C_I2C.c ****             /* Set default address and mask */
 138:Generated_Source\PSoC4/I2C_I2C.c ****             I2C_RX_MATCH_REG    = ((I2C_I2C_SLAVE) ?
 139:Generated_Source\PSoC4/I2C_I2C.c ****                                                 (I2C_GET_I2C_8BIT_ADDRESS(config->slaveAddr) |
 140:Generated_Source\PSoC4/I2C_I2C.c ****                                                  I2C_GET_RX_MATCH_MASK(config->slaveAddrMask)) :
 141:Generated_Source\PSoC4/I2C_I2C.c ****                                                 (I2C_CLEAR_REG));
 142:Generated_Source\PSoC4/I2C_I2C.c **** 
 143:Generated_Source\PSoC4/I2C_I2C.c **** 
 144:Generated_Source\PSoC4/I2C_I2C.c ****             /* Configure TX direction */
ARM GAS  C:\Users\quint\AppData\Local\Temp\ccvrRi7d.s 			page 4


 145:Generated_Source\PSoC4/I2C_I2C.c ****             I2C_TX_CTRL_REG      = I2C_I2C_TX_CTRL;
 146:Generated_Source\PSoC4/I2C_I2C.c ****             I2C_TX_FIFO_CTRL_REG = I2C_CLEAR_REG;
 147:Generated_Source\PSoC4/I2C_I2C.c **** 
 148:Generated_Source\PSoC4/I2C_I2C.c ****             /* Configure interrupt with I2C handler but do not enable it */
 149:Generated_Source\PSoC4/I2C_I2C.c ****             CyIntDisable    (I2C_ISR_NUMBER);
 150:Generated_Source\PSoC4/I2C_I2C.c ****             CyIntSetPriority(I2C_ISR_NUMBER, I2C_ISR_PRIORITY);
 151:Generated_Source\PSoC4/I2C_I2C.c ****             (void) CyIntSetVector(I2C_ISR_NUMBER, &I2C_I2C_ISR);
 152:Generated_Source\PSoC4/I2C_I2C.c **** 
 153:Generated_Source\PSoC4/I2C_I2C.c ****             /* Configure interrupt sources */
 154:Generated_Source\PSoC4/I2C_I2C.c ****         #if(!I2C_CY_SCBIP_V1)
 155:Generated_Source\PSoC4/I2C_I2C.c ****             I2C_INTR_SPI_EC_MASK_REG = I2C_NO_INTR_SOURCES;
 156:Generated_Source\PSoC4/I2C_I2C.c ****         #endif /* (!I2C_CY_SCBIP_V1) */
 157:Generated_Source\PSoC4/I2C_I2C.c **** 
 158:Generated_Source\PSoC4/I2C_I2C.c ****             I2C_INTR_I2C_EC_MASK_REG = I2C_NO_INTR_SOURCES;
 159:Generated_Source\PSoC4/I2C_I2C.c ****             I2C_INTR_RX_MASK_REG     = I2C_NO_INTR_SOURCES;
 160:Generated_Source\PSoC4/I2C_I2C.c ****             I2C_INTR_TX_MASK_REG     = I2C_NO_INTR_SOURCES;
 161:Generated_Source\PSoC4/I2C_I2C.c **** 
 162:Generated_Source\PSoC4/I2C_I2C.c ****             I2C_INTR_SLAVE_MASK_REG  = ((I2C_I2C_SLAVE) ?
 163:Generated_Source\PSoC4/I2C_I2C.c ****                             (I2C_GET_INTR_SLAVE_I2C_GENERAL(config->acceptGeneralAddr) |
 164:Generated_Source\PSoC4/I2C_I2C.c ****                              I2C_I2C_INTR_SLAVE_MASK) : (I2C_CLEAR_REG));
 165:Generated_Source\PSoC4/I2C_I2C.c **** 
 166:Generated_Source\PSoC4/I2C_I2C.c ****             I2C_INTR_MASTER_MASK_REG = I2C_NO_INTR_SOURCES;
 167:Generated_Source\PSoC4/I2C_I2C.c **** 
 168:Generated_Source\PSoC4/I2C_I2C.c ****             /* Configure global variables */
 169:Generated_Source\PSoC4/I2C_I2C.c ****             I2C_state = I2C_I2C_FSM_IDLE;
 170:Generated_Source\PSoC4/I2C_I2C.c **** 
 171:Generated_Source\PSoC4/I2C_I2C.c ****             /* Internal slave variables */
 172:Generated_Source\PSoC4/I2C_I2C.c ****             I2C_slStatus        = 0u;
 173:Generated_Source\PSoC4/I2C_I2C.c ****             I2C_slRdBufIndex    = 0u;
 174:Generated_Source\PSoC4/I2C_I2C.c ****             I2C_slWrBufIndex    = 0u;
 175:Generated_Source\PSoC4/I2C_I2C.c ****             I2C_slOverFlowCount = 0u;
 176:Generated_Source\PSoC4/I2C_I2C.c **** 
 177:Generated_Source\PSoC4/I2C_I2C.c ****             /* Internal master variables */
 178:Generated_Source\PSoC4/I2C_I2C.c ****             I2C_mstrStatus     = 0u;
 179:Generated_Source\PSoC4/I2C_I2C.c ****             I2C_mstrRdBufIndex = 0u;
 180:Generated_Source\PSoC4/I2C_I2C.c ****             I2C_mstrWrBufIndex = 0u;
 181:Generated_Source\PSoC4/I2C_I2C.c ****         }
 182:Generated_Source\PSoC4/I2C_I2C.c ****     }
 183:Generated_Source\PSoC4/I2C_I2C.c **** 
 184:Generated_Source\PSoC4/I2C_I2C.c **** #else
 185:Generated_Source\PSoC4/I2C_I2C.c **** 
 186:Generated_Source\PSoC4/I2C_I2C.c ****     /*******************************************************************************
 187:Generated_Source\PSoC4/I2C_I2C.c ****     * Function Name: I2C_I2CInit
 188:Generated_Source\PSoC4/I2C_I2C.c ****     ****************************************************************************//**
 189:Generated_Source\PSoC4/I2C_I2C.c ****     *
 190:Generated_Source\PSoC4/I2C_I2C.c ****     *  Configures the SCB for the I2C operation.
 191:Generated_Source\PSoC4/I2C_I2C.c ****     *
 192:Generated_Source\PSoC4/I2C_I2C.c ****     *******************************************************************************/
 193:Generated_Source\PSoC4/I2C_I2C.c ****     void I2C_I2CInit(void)
 194:Generated_Source\PSoC4/I2C_I2C.c ****     {
  28              		.loc 1 194 0
  29              		.cfi_startproc
  30              		@ args = 0, pretend = 0, frame = 0
  31              		@ frame_needed = 0, uses_anonymous_args = 0
  32 0000 10B5     		push	{r4, lr}
  33              		.cfi_def_cfa_offset 8
  34              		.cfi_offset 4, -8
ARM GAS  C:\Users\quint\AppData\Local\Temp\ccvrRi7d.s 			page 5


  35              		.cfi_offset 14, -4
 195:Generated_Source\PSoC4/I2C_I2C.c ****     #if(I2C_CY_SCBIP_V0)
 196:Generated_Source\PSoC4/I2C_I2C.c ****         /* Adjust SDA filter settings. Ticket ID#150521 */
 197:Generated_Source\PSoC4/I2C_I2C.c ****         I2C_SET_I2C_CFG_SDA_FILT_TRIM(I2C_EC_AM_I2C_CFG_SDA_FILT_TRIM);
  36              		.loc 1 197 0
  37 0002 1B4A     		ldr	r2, .L2
  38 0004 1168     		ldr	r1, [r2]
  39 0006 0C23     		movs	r3, #12
  40 0008 0B43     		orrs	r3, r1
  41 000a 1360     		str	r3, [r2]
 198:Generated_Source\PSoC4/I2C_I2C.c ****     #endif /* (I2C_CY_SCBIP_V0) */
 199:Generated_Source\PSoC4/I2C_I2C.c **** 
 200:Generated_Source\PSoC4/I2C_I2C.c ****         /* Adjust AF and DF filter settings. Ticket ID#176179 */
 201:Generated_Source\PSoC4/I2C_I2C.c ****         I2C_I2C_CFG_ANALOG_FITER_ENABLE_ADJ;
 202:Generated_Source\PSoC4/I2C_I2C.c **** 
 203:Generated_Source\PSoC4/I2C_I2C.c ****         /* Configure I2C interface */
 204:Generated_Source\PSoC4/I2C_I2C.c ****         I2C_CTRL_REG     = I2C_I2C_DEFAULT_CTRL;
  42              		.loc 1 204 0
  43 000c 0024     		movs	r4, #0
  44 000e 194B     		ldr	r3, .L2+4
  45 0010 1C60     		str	r4, [r3]
 205:Generated_Source\PSoC4/I2C_I2C.c ****         I2C_I2C_CTRL_REG = I2C_I2C_DEFAULT_I2C_CTRL;
  46              		.loc 1 205 0
  47 0012 194A     		ldr	r2, .L2+8
  48 0014 194B     		ldr	r3, .L2+12
  49 0016 1A60     		str	r2, [r3]
 206:Generated_Source\PSoC4/I2C_I2C.c **** 
 207:Generated_Source\PSoC4/I2C_I2C.c ****         /* Configure RX direction */
 208:Generated_Source\PSoC4/I2C_I2C.c ****         I2C_RX_CTRL_REG      = I2C_I2C_DEFAULT_RX_CTRL;
  50              		.loc 1 208 0
  51 0018 194B     		ldr	r3, .L2+16
  52 001a 1A4A     		ldr	r2, .L2+20
  53 001c 1360     		str	r3, [r2]
 209:Generated_Source\PSoC4/I2C_I2C.c ****         I2C_RX_FIFO_CTRL_REG = I2C_I2C_DEFAULT_RX_FIFO_CTRL;
  54              		.loc 1 209 0
  55 001e 1A4A     		ldr	r2, .L2+24
  56 0020 1460     		str	r4, [r2]
 210:Generated_Source\PSoC4/I2C_I2C.c **** 
 211:Generated_Source\PSoC4/I2C_I2C.c ****         /* Set default address and mask */
 212:Generated_Source\PSoC4/I2C_I2C.c ****         I2C_RX_MATCH_REG     = I2C_I2C_DEFAULT_RX_MATCH;
  57              		.loc 1 212 0
  58 0022 1A4A     		ldr	r2, .L2+28
  59 0024 1460     		str	r4, [r2]
 213:Generated_Source\PSoC4/I2C_I2C.c **** 
 214:Generated_Source\PSoC4/I2C_I2C.c ****         /* Configure TX direction */
 215:Generated_Source\PSoC4/I2C_I2C.c ****         I2C_TX_CTRL_REG      = I2C_I2C_DEFAULT_TX_CTRL;
  60              		.loc 1 215 0
  61 0026 1A4A     		ldr	r2, .L2+32
  62 0028 1360     		str	r3, [r2]
 216:Generated_Source\PSoC4/I2C_I2C.c ****         I2C_TX_FIFO_CTRL_REG = I2C_I2C_DEFAULT_TX_FIFO_CTRL;
  63              		.loc 1 216 0
  64 002a 1A4B     		ldr	r3, .L2+36
  65 002c 1C60     		str	r4, [r3]
 217:Generated_Source\PSoC4/I2C_I2C.c **** 
 218:Generated_Source\PSoC4/I2C_I2C.c ****         /* Configure interrupt with I2C handler but do not enable it */
 219:Generated_Source\PSoC4/I2C_I2C.c ****         CyIntDisable    (I2C_ISR_NUMBER);
  66              		.loc 1 219 0
ARM GAS  C:\Users\quint\AppData\Local\Temp\ccvrRi7d.s 			page 6


  67 002e 0A20     		movs	r0, #10
  68 0030 FFF7FEFF 		bl	CyIntDisable
  69              	.LVL0:
 220:Generated_Source\PSoC4/I2C_I2C.c ****         CyIntSetPriority(I2C_ISR_NUMBER, I2C_ISR_PRIORITY);
  70              		.loc 1 220 0
  71 0034 0021     		movs	r1, #0
  72 0036 0A20     		movs	r0, #10
  73 0038 FFF7FEFF 		bl	CyIntSetPriority
  74              	.LVL1:
 221:Generated_Source\PSoC4/I2C_I2C.c ****     #if(!I2C_I2C_EXTERN_INTR_HANDLER)
 222:Generated_Source\PSoC4/I2C_I2C.c ****         (void) CyIntSetVector(I2C_ISR_NUMBER, &I2C_I2C_ISR);
  75              		.loc 1 222 0
  76 003c 1649     		ldr	r1, .L2+40
  77 003e 0A20     		movs	r0, #10
  78 0040 FFF7FEFF 		bl	CyIntSetVector
  79              	.LVL2:
 223:Generated_Source\PSoC4/I2C_I2C.c ****     #endif /* (I2C_I2C_EXTERN_INTR_HANDLER) */
 224:Generated_Source\PSoC4/I2C_I2C.c **** 
 225:Generated_Source\PSoC4/I2C_I2C.c ****         /* Configure interrupt sources */
 226:Generated_Source\PSoC4/I2C_I2C.c ****     #if(!I2C_CY_SCBIP_V1)
 227:Generated_Source\PSoC4/I2C_I2C.c ****         I2C_INTR_SPI_EC_MASK_REG = I2C_I2C_DEFAULT_INTR_SPI_EC_MASK;
  80              		.loc 1 227 0
  81 0044 154B     		ldr	r3, .L2+44
  82 0046 1C60     		str	r4, [r3]
 228:Generated_Source\PSoC4/I2C_I2C.c ****     #endif /* (!I2C_CY_SCBIP_V1) */
 229:Generated_Source\PSoC4/I2C_I2C.c **** 
 230:Generated_Source\PSoC4/I2C_I2C.c ****         I2C_INTR_I2C_EC_MASK_REG = I2C_I2C_DEFAULT_INTR_I2C_EC_MASK;
  83              		.loc 1 230 0
  84 0048 154B     		ldr	r3, .L2+48
  85 004a 1C60     		str	r4, [r3]
 231:Generated_Source\PSoC4/I2C_I2C.c ****         I2C_INTR_SLAVE_MASK_REG  = I2C_I2C_DEFAULT_INTR_SLAVE_MASK;
  86              		.loc 1 231 0
  87 004c 154B     		ldr	r3, .L2+52
  88 004e 1C60     		str	r4, [r3]
 232:Generated_Source\PSoC4/I2C_I2C.c ****         I2C_INTR_MASTER_MASK_REG = I2C_I2C_DEFAULT_INTR_MASTER_MASK;
  89              		.loc 1 232 0
  90 0050 154B     		ldr	r3, .L2+56
  91 0052 1C60     		str	r4, [r3]
 233:Generated_Source\PSoC4/I2C_I2C.c ****         I2C_INTR_RX_MASK_REG     = I2C_I2C_DEFAULT_INTR_RX_MASK;
  92              		.loc 1 233 0
  93 0054 154B     		ldr	r3, .L2+60
  94 0056 1C60     		str	r4, [r3]
 234:Generated_Source\PSoC4/I2C_I2C.c ****         I2C_INTR_TX_MASK_REG     = I2C_I2C_DEFAULT_INTR_TX_MASK;
  95              		.loc 1 234 0
  96 0058 154B     		ldr	r3, .L2+64
  97 005a 1C60     		str	r4, [r3]
 235:Generated_Source\PSoC4/I2C_I2C.c **** 
 236:Generated_Source\PSoC4/I2C_I2C.c ****         /* Configure global variables */
 237:Generated_Source\PSoC4/I2C_I2C.c ****         I2C_state = I2C_I2C_FSM_IDLE;
  98              		.loc 1 237 0
  99 005c 1022     		movs	r2, #16
 100 005e 154B     		ldr	r3, .L2+68
 101 0060 1A70     		strb	r2, [r3]
 238:Generated_Source\PSoC4/I2C_I2C.c **** 
 239:Generated_Source\PSoC4/I2C_I2C.c ****     #if(I2C_I2C_SLAVE)
 240:Generated_Source\PSoC4/I2C_I2C.c ****         /* Internal slave variable */
 241:Generated_Source\PSoC4/I2C_I2C.c ****         I2C_slStatus        = 0u;
ARM GAS  C:\Users\quint\AppData\Local\Temp\ccvrRi7d.s 			page 7


 242:Generated_Source\PSoC4/I2C_I2C.c ****         I2C_slRdBufIndex    = 0u;
 243:Generated_Source\PSoC4/I2C_I2C.c ****         I2C_slWrBufIndex    = 0u;
 244:Generated_Source\PSoC4/I2C_I2C.c ****         I2C_slOverFlowCount = 0u;
 245:Generated_Source\PSoC4/I2C_I2C.c ****     #endif /* (I2C_I2C_SLAVE) */
 246:Generated_Source\PSoC4/I2C_I2C.c **** 
 247:Generated_Source\PSoC4/I2C_I2C.c ****     #if(I2C_I2C_MASTER)
 248:Generated_Source\PSoC4/I2C_I2C.c ****     /* Internal master variable */
 249:Generated_Source\PSoC4/I2C_I2C.c ****         I2C_mstrStatus     = 0u;
 102              		.loc 1 249 0
 103 0062 154B     		ldr	r3, .L2+72
 104 0064 1C80     		strh	r4, [r3]
 250:Generated_Source\PSoC4/I2C_I2C.c ****         I2C_mstrRdBufIndex = 0u;
 105              		.loc 1 250 0
 106 0066 154B     		ldr	r3, .L2+76
 107 0068 1C60     		str	r4, [r3]
 251:Generated_Source\PSoC4/I2C_I2C.c ****         I2C_mstrWrBufIndex = 0u;
 108              		.loc 1 251 0
 109 006a 154B     		ldr	r3, .L2+80
 110 006c 1C60     		str	r4, [r3]
 252:Generated_Source\PSoC4/I2C_I2C.c ****     #endif /* (I2C_I2C_MASTER) */
 253:Generated_Source\PSoC4/I2C_I2C.c ****     }
 111              		.loc 1 253 0
 112              		@ sp needed
 113 006e 10BD     		pop	{r4, pc}
 114              	.L3:
 115              		.align	2
 116              	.L2:
 117 0070 70000640 		.word	1074135152
 118 0074 00000640 		.word	1074135040
 119 0078 77080080 		.word	-2147481481
 120 007c 60000640 		.word	1074135136
 121 0080 07010080 		.word	-2147483385
 122 0084 00030640 		.word	1074135808
 123 0088 04030640 		.word	1074135812
 124 008c 10030640 		.word	1074135824
 125 0090 00020640 		.word	1074135552
 126 0094 04020640 		.word	1074135556
 127 0098 00000000 		.word	I2C_I2C_ISR
 128 009c C80E0640 		.word	1074138824
 129 00a0 880E0640 		.word	1074138760
 130 00a4 480F0640 		.word	1074138952
 131 00a8 080F0640 		.word	1074138888
 132 00ac C80F0640 		.word	1074139080
 133 00b0 880F0640 		.word	1074139016
 134 00b4 00000000 		.word	I2C_state
 135 00b8 00000000 		.word	I2C_mstrStatus
 136 00bc 00000000 		.word	I2C_mstrRdBufIndex
 137 00c0 00000000 		.word	I2C_mstrWrBufIndex
 138              		.cfi_endproc
 139              	.LFE0:
 140              		.size	I2C_I2CInit, .-I2C_I2CInit
 141              		.section	.text.I2C_I2CStop,"ax",%progbits
 142              		.align	2
 143              		.global	I2C_I2CStop
 144              		.code	16
 145              		.thumb_func
 146              		.type	I2C_I2CStop, %function
ARM GAS  C:\Users\quint\AppData\Local\Temp\ccvrRi7d.s 			page 8


 147              	I2C_I2CStop:
 148              	.LFB1:
 254:Generated_Source\PSoC4/I2C_I2C.c **** #endif /* (I2C_SCB_MODE_UNCONFIG_CONST_CFG) */
 255:Generated_Source\PSoC4/I2C_I2C.c **** 
 256:Generated_Source\PSoC4/I2C_I2C.c **** 
 257:Generated_Source\PSoC4/I2C_I2C.c **** /*******************************************************************************
 258:Generated_Source\PSoC4/I2C_I2C.c **** * Function Name: I2C_I2CStop
 259:Generated_Source\PSoC4/I2C_I2C.c **** ****************************************************************************//**
 260:Generated_Source\PSoC4/I2C_I2C.c **** *
 261:Generated_Source\PSoC4/I2C_I2C.c **** *  Resets the I2C FSM into the default state.
 262:Generated_Source\PSoC4/I2C_I2C.c **** *
 263:Generated_Source\PSoC4/I2C_I2C.c **** *******************************************************************************/
 264:Generated_Source\PSoC4/I2C_I2C.c **** void I2C_I2CStop(void)
 265:Generated_Source\PSoC4/I2C_I2C.c **** {
 149              		.loc 1 265 0
 150              		.cfi_startproc
 151              		@ args = 0, pretend = 0, frame = 0
 152              		@ frame_needed = 0, uses_anonymous_args = 0
 153              		@ link register save eliminated.
 266:Generated_Source\PSoC4/I2C_I2C.c ****     /* Clear command registers because they keep assigned value after IP block was disabled */
 267:Generated_Source\PSoC4/I2C_I2C.c ****     I2C_I2C_MASTER_CMD_REG = 0u;
 154              		.loc 1 267 0
 155 0000 0023     		movs	r3, #0
 156 0002 044A     		ldr	r2, .L5
 157 0004 1360     		str	r3, [r2]
 268:Generated_Source\PSoC4/I2C_I2C.c ****     I2C_I2C_SLAVE_CMD_REG  = 0u;
 158              		.loc 1 268 0
 159 0006 044A     		ldr	r2, .L5+4
 160 0008 1360     		str	r3, [r2]
 269:Generated_Source\PSoC4/I2C_I2C.c ****     
 270:Generated_Source\PSoC4/I2C_I2C.c ****     I2C_state = I2C_I2C_FSM_IDLE;
 161              		.loc 1 270 0
 162 000a 1022     		movs	r2, #16
 163 000c 034B     		ldr	r3, .L5+8
 164 000e 1A70     		strb	r2, [r3]
 271:Generated_Source\PSoC4/I2C_I2C.c **** }
 165              		.loc 1 271 0
 166              		@ sp needed
 167 0010 7047     		bx	lr
 168              	.L6:
 169 0012 C046     		.align	2
 170              	.L5:
 171 0014 68000640 		.word	1074135144
 172 0018 6C000640 		.word	1074135148
 173 001c 00000000 		.word	I2C_state
 174              		.cfi_endproc
 175              	.LFE1:
 176              		.size	I2C_I2CStop, .-I2C_I2CStop
 177              		.section	.text.I2C_I2CFwBlockReset,"ax",%progbits
 178              		.align	2
 179              		.global	I2C_I2CFwBlockReset
 180              		.code	16
 181              		.thumb_func
 182              		.type	I2C_I2CFwBlockReset, %function
 183              	I2C_I2CFwBlockReset:
 184              	.LFB2:
 272:Generated_Source\PSoC4/I2C_I2C.c **** 
ARM GAS  C:\Users\quint\AppData\Local\Temp\ccvrRi7d.s 			page 9


 273:Generated_Source\PSoC4/I2C_I2C.c **** 
 274:Generated_Source\PSoC4/I2C_I2C.c **** /*******************************************************************************
 275:Generated_Source\PSoC4/I2C_I2C.c **** * Function Name: I2C_I2CFwBlockReset
 276:Generated_Source\PSoC4/I2C_I2C.c **** ****************************************************************************//**
 277:Generated_Source\PSoC4/I2C_I2C.c **** *
 278:Generated_Source\PSoC4/I2C_I2C.c **** * Resets the scb IP block and I2C into the known state.
 279:Generated_Source\PSoC4/I2C_I2C.c **** *
 280:Generated_Source\PSoC4/I2C_I2C.c **** *******************************************************************************/
 281:Generated_Source\PSoC4/I2C_I2C.c **** void I2C_I2CFwBlockReset(void)
 282:Generated_Source\PSoC4/I2C_I2C.c **** {
 185              		.loc 1 282 0
 186              		.cfi_startproc
 187              		@ args = 0, pretend = 0, frame = 0
 188              		@ frame_needed = 0, uses_anonymous_args = 0
 189 0000 10B5     		push	{r4, lr}
 190              		.cfi_def_cfa_offset 8
 191              		.cfi_offset 4, -8
 192              		.cfi_offset 14, -4
 283:Generated_Source\PSoC4/I2C_I2C.c ****     /* Disable scb IP: stop respond to I2C traffic */
 284:Generated_Source\PSoC4/I2C_I2C.c ****     I2C_CTRL_REG &= (uint32) ~I2C_CTRL_ENABLED;
 193              		.loc 1 284 0
 194 0002 144A     		ldr	r2, .L8
 195 0004 1368     		ldr	r3, [r2]
 196 0006 5B00     		lsls	r3, r3, #1
 197 0008 5B08     		lsrs	r3, r3, #1
 198 000a 1360     		str	r3, [r2]
 285:Generated_Source\PSoC4/I2C_I2C.c **** 
 286:Generated_Source\PSoC4/I2C_I2C.c ****     /* Clear command registers they are not cleared after scb IP is disabled */
 287:Generated_Source\PSoC4/I2C_I2C.c ****     I2C_I2C_MASTER_CMD_REG = 0u;
 199              		.loc 1 287 0
 200 000c 0023     		movs	r3, #0
 201 000e 1249     		ldr	r1, .L8+4
 202 0010 0B60     		str	r3, [r1]
 288:Generated_Source\PSoC4/I2C_I2C.c ****     I2C_I2C_SLAVE_CMD_REG  = 0u;
 203              		.loc 1 288 0
 204 0012 1249     		ldr	r1, .L8+8
 205 0014 0B60     		str	r3, [r1]
 289:Generated_Source\PSoC4/I2C_I2C.c **** 
 290:Generated_Source\PSoC4/I2C_I2C.c ****     I2C_DISABLE_AUTO_DATA;
 206              		.loc 1 290 0
 207 0016 1248     		ldr	r0, .L8+12
 208 0018 0468     		ldr	r4, [r0]
 209 001a 1249     		ldr	r1, .L8+16
 210 001c 2140     		ands	r1, r4
 211 001e 0160     		str	r1, [r0]
 291:Generated_Source\PSoC4/I2C_I2C.c **** 
 292:Generated_Source\PSoC4/I2C_I2C.c ****     I2C_SetTxInterruptMode(I2C_NO_INTR_SOURCES);
 212              		.loc 1 292 0
 213 0020 1149     		ldr	r1, .L8+20
 214 0022 0B60     		str	r3, [r1]
 293:Generated_Source\PSoC4/I2C_I2C.c ****     I2C_SetRxInterruptMode(I2C_NO_INTR_SOURCES);
 215              		.loc 1 293 0
 216 0024 1149     		ldr	r1, .L8+24
 217 0026 0B60     		str	r3, [r1]
 294:Generated_Source\PSoC4/I2C_I2C.c ****     
 295:Generated_Source\PSoC4/I2C_I2C.c **** #if(I2C_CY_SCBIP_V0)
 296:Generated_Source\PSoC4/I2C_I2C.c ****     /* Clear interrupt sources as they are not cleared after scb IP is disabled */
ARM GAS  C:\Users\quint\AppData\Local\Temp\ccvrRi7d.s 			page 10


 297:Generated_Source\PSoC4/I2C_I2C.c ****     I2C_ClearTxInterruptSource    (I2C_INTR_TX_ALL);
 218              		.loc 1 297 0
 219 0028 1149     		ldr	r1, .L8+28
 220 002a 124B     		ldr	r3, .L8+32
 221 002c 1960     		str	r1, [r3]
 298:Generated_Source\PSoC4/I2C_I2C.c ****     I2C_ClearRxInterruptSource    (I2C_INTR_RX_ALL);
 222              		.loc 1 298 0
 223 002e 1249     		ldr	r1, .L8+36
 224 0030 124B     		ldr	r3, .L8+40
 225 0032 1960     		str	r1, [r3]
 299:Generated_Source\PSoC4/I2C_I2C.c ****     I2C_ClearSlaveInterruptSource (I2C_INTR_SLAVE_ALL);
 226              		.loc 1 299 0
 227 0034 1249     		ldr	r1, .L8+44
 228 0036 134B     		ldr	r3, .L8+48
 229 0038 1960     		str	r1, [r3]
 300:Generated_Source\PSoC4/I2C_I2C.c ****     I2C_ClearMasterInterruptSource(I2C_INTR_MASTER_ALL);
 230              		.loc 1 300 0
 231 003a 1349     		ldr	r1, .L8+52
 232 003c 134B     		ldr	r3, .L8+56
 233 003e 1960     		str	r1, [r3]
 301:Generated_Source\PSoC4/I2C_I2C.c **** #endif /* (I2C_CY_SCBIP_V0) */
 302:Generated_Source\PSoC4/I2C_I2C.c **** 
 303:Generated_Source\PSoC4/I2C_I2C.c ****     I2C_state = I2C_I2C_FSM_IDLE;
 234              		.loc 1 303 0
 235 0040 1021     		movs	r1, #16
 236 0042 134B     		ldr	r3, .L8+60
 237 0044 1970     		strb	r1, [r3]
 304:Generated_Source\PSoC4/I2C_I2C.c **** 
 305:Generated_Source\PSoC4/I2C_I2C.c ****     /* Enable scb IP: start respond to I2C traffic */
 306:Generated_Source\PSoC4/I2C_I2C.c ****     I2C_CTRL_REG |= (uint32) I2C_CTRL_ENABLED;
 238              		.loc 1 306 0
 239 0046 1368     		ldr	r3, [r2]
 240 0048 8021     		movs	r1, #128
 241 004a 0906     		lsls	r1, r1, #24
 242 004c 0B43     		orrs	r3, r1
 243 004e 1360     		str	r3, [r2]
 307:Generated_Source\PSoC4/I2C_I2C.c **** }
 244              		.loc 1 307 0
 245              		@ sp needed
 246 0050 10BD     		pop	{r4, pc}
 247              	.L9:
 248 0052 C046     		.align	2
 249              	.L8:
 250 0054 00000640 		.word	1074135040
 251 0058 68000640 		.word	1074135144
 252 005c 6C000640 		.word	1074135148
 253 0060 60000640 		.word	1074135136
 254 0064 FF5CFFFF 		.word	-41729
 255 0068 880F0640 		.word	1074139016
 256 006c C80F0640 		.word	1074139080
 257 0070 F3070000 		.word	2035
 258 0074 800F0640 		.word	1074139008
 259 0078 ED0F0000 		.word	4077
 260 007c C00F0640 		.word	1074139072
 261 0080 FF0F0000 		.word	4095
 262 0084 400F0640 		.word	1074138944
 263 0088 17030000 		.word	791
ARM GAS  C:\Users\quint\AppData\Local\Temp\ccvrRi7d.s 			page 11


 264 008c 000F0640 		.word	1074138880
 265 0090 00000000 		.word	I2C_state
 266              		.cfi_endproc
 267              	.LFE2:
 268              		.size	I2C_I2CFwBlockReset, .-I2C_I2CFwBlockReset
 269              		.comm	I2C_state,1,1
 270              		.text
 271              	.Letext0:
 272              		.file 2 "Generated_Source\\PSoC4/cytypes.h"
 273              		.file 3 "Generated_Source\\PSoC4\\I2C_I2C_PVT.h"
 274              		.file 4 "Generated_Source\\PSoC4/CyLib.h"
 275              		.section	.debug_info,"",%progbits
 276              	.Ldebug_info0:
 277 0000 92010000 		.4byte	0x192
 278 0004 0400     		.2byte	0x4
 279 0006 00000000 		.4byte	.Ldebug_abbrev0
 280 000a 04       		.byte	0x4
 281 000b 01       		.uleb128 0x1
 282 000c 6F010000 		.4byte	.LASF27
 283 0010 0C       		.byte	0xc
 284 0011 EE000000 		.4byte	.LASF28
 285 0015 87000000 		.4byte	.LASF29
 286 0019 00000000 		.4byte	.Ldebug_ranges0+0
 287 001d 00000000 		.4byte	0
 288 0021 00000000 		.4byte	.Ldebug_line0
 289 0025 02       		.uleb128 0x2
 290 0026 01       		.byte	0x1
 291 0027 06       		.byte	0x6
 292 0028 41000000 		.4byte	.LASF0
 293 002c 02       		.uleb128 0x2
 294 002d 01       		.byte	0x1
 295 002e 08       		.byte	0x8
 296 002f 61000000 		.4byte	.LASF1
 297 0033 02       		.uleb128 0x2
 298 0034 02       		.byte	0x2
 299 0035 05       		.byte	0x5
 300 0036 22010000 		.4byte	.LASF2
 301 003a 02       		.uleb128 0x2
 302 003b 02       		.byte	0x2
 303 003c 07       		.byte	0x7
 304 003d 15000000 		.4byte	.LASF3
 305 0041 02       		.uleb128 0x2
 306 0042 04       		.byte	0x4
 307 0043 05       		.byte	0x5
 308 0044 41020000 		.4byte	.LASF4
 309 0048 02       		.uleb128 0x2
 310 0049 04       		.byte	0x4
 311 004a 07       		.byte	0x7
 312 004b 6F000000 		.4byte	.LASF5
 313 004f 02       		.uleb128 0x2
 314 0050 08       		.byte	0x8
 315 0051 05       		.byte	0x5
 316 0052 06020000 		.4byte	.LASF6
 317 0056 02       		.uleb128 0x2
 318 0057 08       		.byte	0x8
 319 0058 07       		.byte	0x7
 320 0059 47010000 		.4byte	.LASF7
ARM GAS  C:\Users\quint\AppData\Local\Temp\ccvrRi7d.s 			page 12


 321 005d 03       		.uleb128 0x3
 322 005e 04       		.byte	0x4
 323 005f 05       		.byte	0x5
 324 0060 696E7400 		.ascii	"int\000"
 325 0064 02       		.uleb128 0x2
 326 0065 04       		.byte	0x4
 327 0066 07       		.byte	0x7
 328 0067 3A010000 		.4byte	.LASF8
 329 006b 04       		.uleb128 0x4
 330 006c 81000000 		.4byte	.LASF9
 331 0070 02       		.byte	0x2
 332 0071 E401     		.2byte	0x1e4
 333 0073 2C000000 		.4byte	0x2c
 334 0077 04       		.uleb128 0x4
 335 0078 2C010000 		.4byte	.LASF10
 336 007c 02       		.byte	0x2
 337 007d E501     		.2byte	0x1e5
 338 007f 3A000000 		.4byte	0x3a
 339 0083 04       		.uleb128 0x4
 340 0084 33010000 		.4byte	.LASF11
 341 0088 02       		.byte	0x2
 342 0089 E601     		.2byte	0x1e6
 343 008b 48000000 		.4byte	0x48
 344 008f 02       		.uleb128 0x2
 345 0090 04       		.byte	0x4
 346 0091 04       		.byte	0x4
 347 0092 3B000000 		.4byte	.LASF12
 348 0096 02       		.uleb128 0x2
 349 0097 08       		.byte	0x8
 350 0098 04       		.byte	0x4
 351 0099 0F010000 		.4byte	.LASF13
 352 009d 02       		.uleb128 0x2
 353 009e 01       		.byte	0x1
 354 009f 08       		.byte	0x8
 355 00a0 14020000 		.4byte	.LASF14
 356 00a4 05       		.uleb128 0x5
 357 00a5 6B000000 		.4byte	0x6b
 358 00a9 05       		.uleb128 0x5
 359 00aa 77000000 		.4byte	0x77
 360 00ae 04       		.uleb128 0x4
 361 00af 00000000 		.4byte	.LASF15
 362 00b3 02       		.byte	0x2
 363 00b4 9002     		.2byte	0x290
 364 00b6 BA000000 		.4byte	0xba
 365 00ba 05       		.uleb128 0x5
 366 00bb 83000000 		.4byte	0x83
 367 00bf 02       		.uleb128 0x2
 368 00c0 08       		.byte	0x8
 369 00c1 04       		.byte	0x4
 370 00c2 4A020000 		.4byte	.LASF16
 371 00c6 02       		.uleb128 0x2
 372 00c7 04       		.byte	0x4
 373 00c8 07       		.byte	0x7
 374 00c9 FD010000 		.4byte	.LASF17
 375 00cd 06       		.uleb128 0x6
 376 00ce 16010000 		.4byte	.LASF30
 377 00d2 01       		.byte	0x1
ARM GAS  C:\Users\quint\AppData\Local\Temp\ccvrRi7d.s 			page 13


 378 00d3 C1       		.byte	0xc1
 379 00d4 00000000 		.4byte	.LFB0
 380 00d8 C4000000 		.4byte	.LFE0-.LFB0
 381 00dc 01       		.uleb128 0x1
 382 00dd 9C       		.byte	0x9c
 383 00de 1E010000 		.4byte	0x11e
 384 00e2 07       		.uleb128 0x7
 385 00e3 34000000 		.4byte	.LVL0
 386 00e7 74010000 		.4byte	0x174
 387 00eb F5000000 		.4byte	0xf5
 388 00ef 08       		.uleb128 0x8
 389 00f0 01       		.uleb128 0x1
 390 00f1 50       		.byte	0x50
 391 00f2 01       		.uleb128 0x1
 392 00f3 3A       		.byte	0x3a
 393 00f4 00       		.byte	0
 394 00f5 07       		.uleb128 0x7
 395 00f6 3C000000 		.4byte	.LVL1
 396 00fa 7F010000 		.4byte	0x17f
 397 00fe 0E010000 		.4byte	0x10e
 398 0102 08       		.uleb128 0x8
 399 0103 01       		.uleb128 0x1
 400 0104 50       		.byte	0x50
 401 0105 01       		.uleb128 0x1
 402 0106 3A       		.byte	0x3a
 403 0107 08       		.uleb128 0x8
 404 0108 01       		.uleb128 0x1
 405 0109 51       		.byte	0x51
 406 010a 02       		.uleb128 0x2
 407 010b 74       		.byte	0x74
 408 010c 00       		.sleb128 0
 409 010d 00       		.byte	0
 410 010e 09       		.uleb128 0x9
 411 010f 44000000 		.4byte	.LVL2
 412 0113 8A010000 		.4byte	0x18a
 413 0117 08       		.uleb128 0x8
 414 0118 01       		.uleb128 0x1
 415 0119 50       		.byte	0x50
 416 011a 01       		.uleb128 0x1
 417 011b 3A       		.byte	0x3a
 418 011c 00       		.byte	0
 419 011d 00       		.byte	0
 420 011e 0A       		.uleb128 0xa
 421 011f 26020000 		.4byte	.LASF18
 422 0123 01       		.byte	0x1
 423 0124 0801     		.2byte	0x108
 424 0126 00000000 		.4byte	.LFB1
 425 012a 20000000 		.4byte	.LFE1-.LFB1
 426 012e 01       		.uleb128 0x1
 427 012f 9C       		.byte	0x9c
 428 0130 0A       		.uleb128 0xa
 429 0131 4D000000 		.4byte	.LASF19
 430 0135 01       		.byte	0x1
 431 0136 1901     		.2byte	0x119
 432 0138 00000000 		.4byte	.LFB2
 433 013c 94000000 		.4byte	.LFE2-.LFB2
 434 0140 01       		.uleb128 0x1
ARM GAS  C:\Users\quint\AppData\Local\Temp\ccvrRi7d.s 			page 14


 435 0141 9C       		.byte	0x9c
 436 0142 0B       		.uleb128 0xb
 437 0143 56020000 		.4byte	.LASF20
 438 0147 01       		.byte	0x1
 439 0148 1B       		.byte	0x1b
 440 0149 A4000000 		.4byte	0xa4
 441 014d 05       		.uleb128 0x5
 442 014e 03       		.byte	0x3
 443 014f 00000000 		.4byte	I2C_state
 444 0153 0C       		.uleb128 0xc
 445 0154 32020000 		.4byte	.LASF21
 446 0158 03       		.byte	0x3
 447 0159 31       		.byte	0x31
 448 015a A9000000 		.4byte	0xa9
 449 015e 0C       		.uleb128 0xc
 450 015f 28000000 		.4byte	.LASF22
 451 0163 03       		.byte	0x3
 452 0164 37       		.byte	0x37
 453 0165 BA000000 		.4byte	0xba
 454 0169 0C       		.uleb128 0xc
 455 016a 60020000 		.4byte	.LASF23
 456 016e 03       		.byte	0x3
 457 016f 3C       		.byte	0x3c
 458 0170 BA000000 		.4byte	0xba
 459 0174 0D       		.uleb128 0xd
 460 0175 19020000 		.4byte	.LASF24
 461 0179 19020000 		.4byte	.LASF24
 462 017d 04       		.byte	0x4
 463 017e C5       		.byte	0xc5
 464 017f 0D       		.uleb128 0xd
 465 0180 5E010000 		.4byte	.LASF25
 466 0184 5E010000 		.4byte	.LASF25
 467 0188 04       		.byte	0x4
 468 0189 C0       		.byte	0xc0
 469 018a 0D       		.uleb128 0xd
 470 018b 06000000 		.4byte	.LASF26
 471 018f 06000000 		.4byte	.LASF26
 472 0193 04       		.byte	0x4
 473 0194 BD       		.byte	0xbd
 474 0195 00       		.byte	0
 475              		.section	.debug_abbrev,"",%progbits
 476              	.Ldebug_abbrev0:
 477 0000 01       		.uleb128 0x1
 478 0001 11       		.uleb128 0x11
 479 0002 01       		.byte	0x1
 480 0003 25       		.uleb128 0x25
 481 0004 0E       		.uleb128 0xe
 482 0005 13       		.uleb128 0x13
 483 0006 0B       		.uleb128 0xb
 484 0007 03       		.uleb128 0x3
 485 0008 0E       		.uleb128 0xe
 486 0009 1B       		.uleb128 0x1b
 487 000a 0E       		.uleb128 0xe
 488 000b 55       		.uleb128 0x55
 489 000c 17       		.uleb128 0x17
 490 000d 11       		.uleb128 0x11
 491 000e 01       		.uleb128 0x1
ARM GAS  C:\Users\quint\AppData\Local\Temp\ccvrRi7d.s 			page 15


 492 000f 10       		.uleb128 0x10
 493 0010 17       		.uleb128 0x17
 494 0011 00       		.byte	0
 495 0012 00       		.byte	0
 496 0013 02       		.uleb128 0x2
 497 0014 24       		.uleb128 0x24
 498 0015 00       		.byte	0
 499 0016 0B       		.uleb128 0xb
 500 0017 0B       		.uleb128 0xb
 501 0018 3E       		.uleb128 0x3e
 502 0019 0B       		.uleb128 0xb
 503 001a 03       		.uleb128 0x3
 504 001b 0E       		.uleb128 0xe
 505 001c 00       		.byte	0
 506 001d 00       		.byte	0
 507 001e 03       		.uleb128 0x3
 508 001f 24       		.uleb128 0x24
 509 0020 00       		.byte	0
 510 0021 0B       		.uleb128 0xb
 511 0022 0B       		.uleb128 0xb
 512 0023 3E       		.uleb128 0x3e
 513 0024 0B       		.uleb128 0xb
 514 0025 03       		.uleb128 0x3
 515 0026 08       		.uleb128 0x8
 516 0027 00       		.byte	0
 517 0028 00       		.byte	0
 518 0029 04       		.uleb128 0x4
 519 002a 16       		.uleb128 0x16
 520 002b 00       		.byte	0
 521 002c 03       		.uleb128 0x3
 522 002d 0E       		.uleb128 0xe
 523 002e 3A       		.uleb128 0x3a
 524 002f 0B       		.uleb128 0xb
 525 0030 3B       		.uleb128 0x3b
 526 0031 05       		.uleb128 0x5
 527 0032 49       		.uleb128 0x49
 528 0033 13       		.uleb128 0x13
 529 0034 00       		.byte	0
 530 0035 00       		.byte	0
 531 0036 05       		.uleb128 0x5
 532 0037 35       		.uleb128 0x35
 533 0038 00       		.byte	0
 534 0039 49       		.uleb128 0x49
 535 003a 13       		.uleb128 0x13
 536 003b 00       		.byte	0
 537 003c 00       		.byte	0
 538 003d 06       		.uleb128 0x6
 539 003e 2E       		.uleb128 0x2e
 540 003f 01       		.byte	0x1
 541 0040 3F       		.uleb128 0x3f
 542 0041 19       		.uleb128 0x19
 543 0042 03       		.uleb128 0x3
 544 0043 0E       		.uleb128 0xe
 545 0044 3A       		.uleb128 0x3a
 546 0045 0B       		.uleb128 0xb
 547 0046 3B       		.uleb128 0x3b
 548 0047 0B       		.uleb128 0xb
ARM GAS  C:\Users\quint\AppData\Local\Temp\ccvrRi7d.s 			page 16


 549 0048 27       		.uleb128 0x27
 550 0049 19       		.uleb128 0x19
 551 004a 11       		.uleb128 0x11
 552 004b 01       		.uleb128 0x1
 553 004c 12       		.uleb128 0x12
 554 004d 06       		.uleb128 0x6
 555 004e 40       		.uleb128 0x40
 556 004f 18       		.uleb128 0x18
 557 0050 9742     		.uleb128 0x2117
 558 0052 19       		.uleb128 0x19
 559 0053 01       		.uleb128 0x1
 560 0054 13       		.uleb128 0x13
 561 0055 00       		.byte	0
 562 0056 00       		.byte	0
 563 0057 07       		.uleb128 0x7
 564 0058 898201   		.uleb128 0x4109
 565 005b 01       		.byte	0x1
 566 005c 11       		.uleb128 0x11
 567 005d 01       		.uleb128 0x1
 568 005e 31       		.uleb128 0x31
 569 005f 13       		.uleb128 0x13
 570 0060 01       		.uleb128 0x1
 571 0061 13       		.uleb128 0x13
 572 0062 00       		.byte	0
 573 0063 00       		.byte	0
 574 0064 08       		.uleb128 0x8
 575 0065 8A8201   		.uleb128 0x410a
 576 0068 00       		.byte	0
 577 0069 02       		.uleb128 0x2
 578 006a 18       		.uleb128 0x18
 579 006b 9142     		.uleb128 0x2111
 580 006d 18       		.uleb128 0x18
 581 006e 00       		.byte	0
 582 006f 00       		.byte	0
 583 0070 09       		.uleb128 0x9
 584 0071 898201   		.uleb128 0x4109
 585 0074 01       		.byte	0x1
 586 0075 11       		.uleb128 0x11
 587 0076 01       		.uleb128 0x1
 588 0077 31       		.uleb128 0x31
 589 0078 13       		.uleb128 0x13
 590 0079 00       		.byte	0
 591 007a 00       		.byte	0
 592 007b 0A       		.uleb128 0xa
 593 007c 2E       		.uleb128 0x2e
 594 007d 00       		.byte	0
 595 007e 3F       		.uleb128 0x3f
 596 007f 19       		.uleb128 0x19
 597 0080 03       		.uleb128 0x3
 598 0081 0E       		.uleb128 0xe
 599 0082 3A       		.uleb128 0x3a
 600 0083 0B       		.uleb128 0xb
 601 0084 3B       		.uleb128 0x3b
 602 0085 05       		.uleb128 0x5
 603 0086 27       		.uleb128 0x27
 604 0087 19       		.uleb128 0x19
 605 0088 11       		.uleb128 0x11
ARM GAS  C:\Users\quint\AppData\Local\Temp\ccvrRi7d.s 			page 17


 606 0089 01       		.uleb128 0x1
 607 008a 12       		.uleb128 0x12
 608 008b 06       		.uleb128 0x6
 609 008c 40       		.uleb128 0x40
 610 008d 18       		.uleb128 0x18
 611 008e 9742     		.uleb128 0x2117
 612 0090 19       		.uleb128 0x19
 613 0091 00       		.byte	0
 614 0092 00       		.byte	0
 615 0093 0B       		.uleb128 0xb
 616 0094 34       		.uleb128 0x34
 617 0095 00       		.byte	0
 618 0096 03       		.uleb128 0x3
 619 0097 0E       		.uleb128 0xe
 620 0098 3A       		.uleb128 0x3a
 621 0099 0B       		.uleb128 0xb
 622 009a 3B       		.uleb128 0x3b
 623 009b 0B       		.uleb128 0xb
 624 009c 49       		.uleb128 0x49
 625 009d 13       		.uleb128 0x13
 626 009e 3F       		.uleb128 0x3f
 627 009f 19       		.uleb128 0x19
 628 00a0 02       		.uleb128 0x2
 629 00a1 18       		.uleb128 0x18
 630 00a2 00       		.byte	0
 631 00a3 00       		.byte	0
 632 00a4 0C       		.uleb128 0xc
 633 00a5 34       		.uleb128 0x34
 634 00a6 00       		.byte	0
 635 00a7 03       		.uleb128 0x3
 636 00a8 0E       		.uleb128 0xe
 637 00a9 3A       		.uleb128 0x3a
 638 00aa 0B       		.uleb128 0xb
 639 00ab 3B       		.uleb128 0x3b
 640 00ac 0B       		.uleb128 0xb
 641 00ad 49       		.uleb128 0x49
 642 00ae 13       		.uleb128 0x13
 643 00af 3F       		.uleb128 0x3f
 644 00b0 19       		.uleb128 0x19
 645 00b1 3C       		.uleb128 0x3c
 646 00b2 19       		.uleb128 0x19
 647 00b3 00       		.byte	0
 648 00b4 00       		.byte	0
 649 00b5 0D       		.uleb128 0xd
 650 00b6 2E       		.uleb128 0x2e
 651 00b7 00       		.byte	0
 652 00b8 3F       		.uleb128 0x3f
 653 00b9 19       		.uleb128 0x19
 654 00ba 3C       		.uleb128 0x3c
 655 00bb 19       		.uleb128 0x19
 656 00bc 6E       		.uleb128 0x6e
 657 00bd 0E       		.uleb128 0xe
 658 00be 03       		.uleb128 0x3
 659 00bf 0E       		.uleb128 0xe
 660 00c0 3A       		.uleb128 0x3a
 661 00c1 0B       		.uleb128 0xb
 662 00c2 3B       		.uleb128 0x3b
ARM GAS  C:\Users\quint\AppData\Local\Temp\ccvrRi7d.s 			page 18


 663 00c3 0B       		.uleb128 0xb
 664 00c4 00       		.byte	0
 665 00c5 00       		.byte	0
 666 00c6 00       		.byte	0
 667              		.section	.debug_aranges,"",%progbits
 668 0000 2C000000 		.4byte	0x2c
 669 0004 0200     		.2byte	0x2
 670 0006 00000000 		.4byte	.Ldebug_info0
 671 000a 04       		.byte	0x4
 672 000b 00       		.byte	0
 673 000c 0000     		.2byte	0
 674 000e 0000     		.2byte	0
 675 0010 00000000 		.4byte	.LFB0
 676 0014 C4000000 		.4byte	.LFE0-.LFB0
 677 0018 00000000 		.4byte	.LFB1
 678 001c 20000000 		.4byte	.LFE1-.LFB1
 679 0020 00000000 		.4byte	.LFB2
 680 0024 94000000 		.4byte	.LFE2-.LFB2
 681 0028 00000000 		.4byte	0
 682 002c 00000000 		.4byte	0
 683              		.section	.debug_ranges,"",%progbits
 684              	.Ldebug_ranges0:
 685 0000 00000000 		.4byte	.LFB0
 686 0004 C4000000 		.4byte	.LFE0
 687 0008 00000000 		.4byte	.LFB1
 688 000c 20000000 		.4byte	.LFE1
 689 0010 00000000 		.4byte	.LFB2
 690 0014 94000000 		.4byte	.LFE2
 691 0018 00000000 		.4byte	0
 692 001c 00000000 		.4byte	0
 693              		.section	.debug_line,"",%progbits
 694              	.Ldebug_line0:
 695 0000 BF000000 		.section	.debug_str,"MS",%progbits,1
 695      02006000 
 695      00000201 
 695      FB0E0D00 
 695      01010101 
 696              	.LASF15:
 697 0000 72656733 		.ascii	"reg32\000"
 697      3200
 698              	.LASF26:
 699 0006 4379496E 		.ascii	"CyIntSetVector\000"
 699      74536574 
 699      56656374 
 699      6F7200
 700              	.LASF3:
 701 0015 73686F72 		.ascii	"short unsigned int\000"
 701      7420756E 
 701      7369676E 
 701      65642069 
 701      6E7400
 702              	.LASF22:
 703 0028 4932435F 		.ascii	"I2C_mstrRdBufIndex\000"
 703      6D737472 
 703      52644275 
 703      66496E64 
 703      657800
ARM GAS  C:\Users\quint\AppData\Local\Temp\ccvrRi7d.s 			page 19


 704              	.LASF12:
 705 003b 666C6F61 		.ascii	"float\000"
 705      7400
 706              	.LASF0:
 707 0041 7369676E 		.ascii	"signed char\000"
 707      65642063 
 707      68617200 
 708              	.LASF19:
 709 004d 4932435F 		.ascii	"I2C_I2CFwBlockReset\000"
 709      49324346 
 709      77426C6F 
 709      636B5265 
 709      73657400 
 710              	.LASF1:
 711 0061 756E7369 		.ascii	"unsigned char\000"
 711      676E6564 
 711      20636861 
 711      7200
 712              	.LASF5:
 713 006f 6C6F6E67 		.ascii	"long unsigned int\000"
 713      20756E73 
 713      69676E65 
 713      6420696E 
 713      7400
 714              	.LASF9:
 715 0081 75696E74 		.ascii	"uint8\000"
 715      3800
 716              	.LASF29:
 717 0087 443A5C47 		.ascii	"D:\\GIT\\Microcontroller System Design Projects\\Hw"
 717      49545C4D 
 717      6963726F 
 717      636F6E74 
 717      726F6C6C 
 718 00b7 372D2054 		.ascii	"7- Tilt Control Star Blasters\\Clineq_Quinton_HW7.c"
 718      696C7420 
 718      436F6E74 
 718      726F6C20 
 718      53746172 
 719 00e9 7964736E 		.ascii	"ydsn\000"
 719      00
 720              	.LASF28:
 721 00ee 47656E65 		.ascii	"Generated_Source\\PSoC4\\I2C_I2C.c\000"
 721      72617465 
 721      645F536F 
 721      75726365 
 721      5C50536F 
 722              	.LASF13:
 723 010f 646F7562 		.ascii	"double\000"
 723      6C6500
 724              	.LASF30:
 725 0116 4932435F 		.ascii	"I2C_I2CInit\000"
 725      49324349 
 725      6E697400 
 726              	.LASF2:
 727 0122 73686F72 		.ascii	"short int\000"
 727      7420696E 
 727      7400
ARM GAS  C:\Users\quint\AppData\Local\Temp\ccvrRi7d.s 			page 20


 728              	.LASF10:
 729 012c 75696E74 		.ascii	"uint16\000"
 729      313600
 730              	.LASF11:
 731 0133 75696E74 		.ascii	"uint32\000"
 731      333200
 732              	.LASF8:
 733 013a 756E7369 		.ascii	"unsigned int\000"
 733      676E6564 
 733      20696E74 
 733      00
 734              	.LASF7:
 735 0147 6C6F6E67 		.ascii	"long long unsigned int\000"
 735      206C6F6E 
 735      6720756E 
 735      7369676E 
 735      65642069 
 736              	.LASF25:
 737 015e 4379496E 		.ascii	"CyIntSetPriority\000"
 737      74536574 
 737      5072696F 
 737      72697479 
 737      00
 738              	.LASF27:
 739 016f 474E5520 		.ascii	"GNU C11 5.4.1 20160609 (release) [ARM/embedded-5-br"
 739      43313120 
 739      352E342E 
 739      31203230 
 739      31363036 
 740 01a2 616E6368 		.ascii	"anch revision 237715] -mcpu=cortex-m0 -mthumb -g -O"
 740      20726576 
 740      6973696F 
 740      6E203233 
 740      37373135 
 741 01d5 67202D66 		.ascii	"g -ffunction-sections -ffat-lto-objects\000"
 741      66756E63 
 741      74696F6E 
 741      2D736563 
 741      74696F6E 
 742              	.LASF17:
 743 01fd 73697A65 		.ascii	"sizetype\000"
 743      74797065 
 743      00
 744              	.LASF6:
 745 0206 6C6F6E67 		.ascii	"long long int\000"
 745      206C6F6E 
 745      6720696E 
 745      7400
 746              	.LASF14:
 747 0214 63686172 		.ascii	"char\000"
 747      00
 748              	.LASF24:
 749 0219 4379496E 		.ascii	"CyIntDisable\000"
 749      74446973 
 749      61626C65 
 749      00
 750              	.LASF18:
ARM GAS  C:\Users\quint\AppData\Local\Temp\ccvrRi7d.s 			page 21


 751 0226 4932435F 		.ascii	"I2C_I2CStop\000"
 751      49324353 
 751      746F7000 
 752              	.LASF21:
 753 0232 4932435F 		.ascii	"I2C_mstrStatus\000"
 753      6D737472 
 753      53746174 
 753      757300
 754              	.LASF4:
 755 0241 6C6F6E67 		.ascii	"long int\000"
 755      20696E74 
 755      00
 756              	.LASF16:
 757 024a 6C6F6E67 		.ascii	"long double\000"
 757      20646F75 
 757      626C6500 
 758              	.LASF20:
 759 0256 4932435F 		.ascii	"I2C_state\000"
 759      73746174 
 759      6500
 760              	.LASF23:
 761 0260 4932435F 		.ascii	"I2C_mstrWrBufIndex\000"
 761      6D737472 
 761      57724275 
 761      66496E64 
 761      657800
 762              		.ident	"GCC: (GNU Tools for ARM Embedded Processors) 5.4.1 20160609 (release) [ARM/embedded-5-bran
