ARM GAS  C:\Users\quint\AppData\Local\Temp\cccDvJMg.s 			page 1


   1              		.syntax unified
   2              		.cpu cortex-m0
   3              		.fpu softvfp
   4              		.eabi_attribute 20, 1
   5              		.eabi_attribute 21, 1
   6              		.eabi_attribute 23, 3
   7              		.eabi_attribute 24, 1
   8              		.eabi_attribute 25, 1
   9              		.eabi_attribute 26, 1
  10              		.eabi_attribute 30, 1
  11              		.eabi_attribute 34, 0
  12              		.eabi_attribute 18, 4
  13              		.thumb
  14              		.syntax unified
  15              		.file	"D_Interrupt.c"
  16              		.text
  17              	.Ltext0:
  18              		.cfi_sections	.debug_frame
  19              		.section	.text.D_Interrupt_SetVector,"ax",%progbits
  20              		.align	2
  21              		.global	D_Interrupt_SetVector
  22              		.code	16
  23              		.thumb_func
  24              		.type	D_Interrupt_SetVector, %function
  25              	D_Interrupt_SetVector:
  26              	.LFB37:
  27              		.file 1 "Generated_Source\\PSoC4\\D_Interrupt.c"
   1:Generated_Source\PSoC4/D_Interrupt.c **** /*******************************************************************************
   2:Generated_Source\PSoC4/D_Interrupt.c **** * File Name: D_Interrupt.c  
   3:Generated_Source\PSoC4/D_Interrupt.c **** * Version 1.70
   4:Generated_Source\PSoC4/D_Interrupt.c **** *
   5:Generated_Source\PSoC4/D_Interrupt.c **** *  Description:
   6:Generated_Source\PSoC4/D_Interrupt.c **** *   API for controlling the state of an interrupt.
   7:Generated_Source\PSoC4/D_Interrupt.c **** *
   8:Generated_Source\PSoC4/D_Interrupt.c **** *
   9:Generated_Source\PSoC4/D_Interrupt.c **** *  Note:
  10:Generated_Source\PSoC4/D_Interrupt.c **** *
  11:Generated_Source\PSoC4/D_Interrupt.c **** ********************************************************************************
  12:Generated_Source\PSoC4/D_Interrupt.c **** * Copyright 2008-2015, Cypress Semiconductor Corporation.  All rights reserved.
  13:Generated_Source\PSoC4/D_Interrupt.c **** * You may use this file only in accordance with the license, terms, conditions, 
  14:Generated_Source\PSoC4/D_Interrupt.c **** * disclaimers, and limitations in the end user license agreement accompanying 
  15:Generated_Source\PSoC4/D_Interrupt.c **** * the software package with which this file was provided.
  16:Generated_Source\PSoC4/D_Interrupt.c **** *******************************************************************************/
  17:Generated_Source\PSoC4/D_Interrupt.c **** 
  18:Generated_Source\PSoC4/D_Interrupt.c **** 
  19:Generated_Source\PSoC4/D_Interrupt.c **** #include <cydevice_trm.h>
  20:Generated_Source\PSoC4/D_Interrupt.c **** #include <CyLib.h>
  21:Generated_Source\PSoC4/D_Interrupt.c **** #include <D_Interrupt.h>
  22:Generated_Source\PSoC4/D_Interrupt.c **** #include "cyapicallbacks.h"
  23:Generated_Source\PSoC4/D_Interrupt.c **** 
  24:Generated_Source\PSoC4/D_Interrupt.c **** #if !defined(D_Interrupt__REMOVED) /* Check for removal by optimization */
  25:Generated_Source\PSoC4/D_Interrupt.c **** 
  26:Generated_Source\PSoC4/D_Interrupt.c **** /*******************************************************************************
  27:Generated_Source\PSoC4/D_Interrupt.c **** *  Place your includes, defines and code here 
  28:Generated_Source\PSoC4/D_Interrupt.c **** ********************************************************************************/
  29:Generated_Source\PSoC4/D_Interrupt.c **** /* `#START D_Interrupt_intc` */
  30:Generated_Source\PSoC4/D_Interrupt.c ****    #include "project.h"
ARM GAS  C:\Users\quint\AppData\Local\Temp\cccDvJMg.s 			page 2


  31:Generated_Source\PSoC4/D_Interrupt.c **** #include <stdio.h>
  32:Generated_Source\PSoC4/D_Interrupt.c **** #define PUSHED 0
  33:Generated_Source\PSoC4/D_Interrupt.c **** extern int count; 
  34:Generated_Source\PSoC4/D_Interrupt.c **** extern char mystring[20];
  35:Generated_Source\PSoC4/D_Interrupt.c **** /* `#END` */
  36:Generated_Source\PSoC4/D_Interrupt.c **** 
  37:Generated_Source\PSoC4/D_Interrupt.c **** extern cyisraddress CyRamVectors[CYINT_IRQ_BASE + CY_NUM_INTERRUPTS];
  38:Generated_Source\PSoC4/D_Interrupt.c **** 
  39:Generated_Source\PSoC4/D_Interrupt.c **** /* Declared in startup, used to set unused interrupts to. */
  40:Generated_Source\PSoC4/D_Interrupt.c **** CY_ISR_PROTO(IntDefaultHandler);
  41:Generated_Source\PSoC4/D_Interrupt.c **** 
  42:Generated_Source\PSoC4/D_Interrupt.c **** 
  43:Generated_Source\PSoC4/D_Interrupt.c **** /*******************************************************************************
  44:Generated_Source\PSoC4/D_Interrupt.c **** * Function Name: D_Interrupt_Start
  45:Generated_Source\PSoC4/D_Interrupt.c **** ********************************************************************************
  46:Generated_Source\PSoC4/D_Interrupt.c **** *
  47:Generated_Source\PSoC4/D_Interrupt.c **** * Summary:
  48:Generated_Source\PSoC4/D_Interrupt.c **** *  Set up the interrupt and enable it. This function disables the interrupt, 
  49:Generated_Source\PSoC4/D_Interrupt.c **** *  sets the default interrupt vector, sets the priority from the value in the
  50:Generated_Source\PSoC4/D_Interrupt.c **** *  Design Wide Resources Interrupt Editor, then enables the interrupt to the 
  51:Generated_Source\PSoC4/D_Interrupt.c **** *  interrupt controller.
  52:Generated_Source\PSoC4/D_Interrupt.c **** *
  53:Generated_Source\PSoC4/D_Interrupt.c **** * Parameters:  
  54:Generated_Source\PSoC4/D_Interrupt.c **** *   None
  55:Generated_Source\PSoC4/D_Interrupt.c **** *
  56:Generated_Source\PSoC4/D_Interrupt.c **** * Return:
  57:Generated_Source\PSoC4/D_Interrupt.c **** *   None
  58:Generated_Source\PSoC4/D_Interrupt.c **** *
  59:Generated_Source\PSoC4/D_Interrupt.c **** *******************************************************************************/
  60:Generated_Source\PSoC4/D_Interrupt.c **** void D_Interrupt_Start(void)
  61:Generated_Source\PSoC4/D_Interrupt.c **** {
  62:Generated_Source\PSoC4/D_Interrupt.c ****     /* For all we know the interrupt is active. */
  63:Generated_Source\PSoC4/D_Interrupt.c ****     D_Interrupt_Disable();
  64:Generated_Source\PSoC4/D_Interrupt.c **** 
  65:Generated_Source\PSoC4/D_Interrupt.c ****     /* Set the ISR to point to the D_Interrupt Interrupt. */
  66:Generated_Source\PSoC4/D_Interrupt.c ****     D_Interrupt_SetVector(&D_Interrupt_Interrupt);
  67:Generated_Source\PSoC4/D_Interrupt.c **** 
  68:Generated_Source\PSoC4/D_Interrupt.c ****     /* Set the priority. */
  69:Generated_Source\PSoC4/D_Interrupt.c ****     D_Interrupt_SetPriority((uint8)D_Interrupt_INTC_PRIOR_NUMBER);
  70:Generated_Source\PSoC4/D_Interrupt.c **** 
  71:Generated_Source\PSoC4/D_Interrupt.c ****     /* Enable it. */
  72:Generated_Source\PSoC4/D_Interrupt.c ****     D_Interrupt_Enable();
  73:Generated_Source\PSoC4/D_Interrupt.c **** }
  74:Generated_Source\PSoC4/D_Interrupt.c **** 
  75:Generated_Source\PSoC4/D_Interrupt.c **** 
  76:Generated_Source\PSoC4/D_Interrupt.c **** /*******************************************************************************
  77:Generated_Source\PSoC4/D_Interrupt.c **** * Function Name: D_Interrupt_StartEx
  78:Generated_Source\PSoC4/D_Interrupt.c **** ********************************************************************************
  79:Generated_Source\PSoC4/D_Interrupt.c **** *
  80:Generated_Source\PSoC4/D_Interrupt.c **** * Summary:
  81:Generated_Source\PSoC4/D_Interrupt.c **** *  Sets up the interrupt and enables it. This function disables the interrupt,
  82:Generated_Source\PSoC4/D_Interrupt.c **** *  sets the interrupt vector based on the address passed in, sets the priority 
  83:Generated_Source\PSoC4/D_Interrupt.c **** *  from the value in the Design Wide Resources Interrupt Editor, then enables 
  84:Generated_Source\PSoC4/D_Interrupt.c **** *  the interrupt to the interrupt controller.
  85:Generated_Source\PSoC4/D_Interrupt.c **** *  
  86:Generated_Source\PSoC4/D_Interrupt.c **** *  When defining ISR functions, the CY_ISR and CY_ISR_PROTO macros should be 
  87:Generated_Source\PSoC4/D_Interrupt.c **** *  used to provide consistent definition across compilers:
ARM GAS  C:\Users\quint\AppData\Local\Temp\cccDvJMg.s 			page 3


  88:Generated_Source\PSoC4/D_Interrupt.c **** *  
  89:Generated_Source\PSoC4/D_Interrupt.c **** *  Function definition example:
  90:Generated_Source\PSoC4/D_Interrupt.c **** *   CY_ISR(MyISR)
  91:Generated_Source\PSoC4/D_Interrupt.c **** *   {
  92:Generated_Source\PSoC4/D_Interrupt.c **** *   }
  93:Generated_Source\PSoC4/D_Interrupt.c **** *   Function prototype example:
  94:Generated_Source\PSoC4/D_Interrupt.c **** *   CY_ISR_PROTO(MyISR);
  95:Generated_Source\PSoC4/D_Interrupt.c **** *
  96:Generated_Source\PSoC4/D_Interrupt.c **** * Parameters:  
  97:Generated_Source\PSoC4/D_Interrupt.c **** *   address: Address of the ISR to set in the interrupt vector table.
  98:Generated_Source\PSoC4/D_Interrupt.c **** *
  99:Generated_Source\PSoC4/D_Interrupt.c **** * Return:
 100:Generated_Source\PSoC4/D_Interrupt.c **** *   None
 101:Generated_Source\PSoC4/D_Interrupt.c **** *
 102:Generated_Source\PSoC4/D_Interrupt.c **** *******************************************************************************/
 103:Generated_Source\PSoC4/D_Interrupt.c **** void D_Interrupt_StartEx(cyisraddress address)
 104:Generated_Source\PSoC4/D_Interrupt.c **** {
 105:Generated_Source\PSoC4/D_Interrupt.c ****     /* For all we know the interrupt is active. */
 106:Generated_Source\PSoC4/D_Interrupt.c ****     D_Interrupt_Disable();
 107:Generated_Source\PSoC4/D_Interrupt.c **** 
 108:Generated_Source\PSoC4/D_Interrupt.c ****     /* Set the ISR to point to the D_Interrupt Interrupt. */
 109:Generated_Source\PSoC4/D_Interrupt.c ****     D_Interrupt_SetVector(address);
 110:Generated_Source\PSoC4/D_Interrupt.c **** 
 111:Generated_Source\PSoC4/D_Interrupt.c ****     /* Set the priority. */
 112:Generated_Source\PSoC4/D_Interrupt.c ****     D_Interrupt_SetPriority((uint8)D_Interrupt_INTC_PRIOR_NUMBER);
 113:Generated_Source\PSoC4/D_Interrupt.c **** 
 114:Generated_Source\PSoC4/D_Interrupt.c ****     /* Enable it. */
 115:Generated_Source\PSoC4/D_Interrupt.c ****     D_Interrupt_Enable();
 116:Generated_Source\PSoC4/D_Interrupt.c **** }
 117:Generated_Source\PSoC4/D_Interrupt.c **** 
 118:Generated_Source\PSoC4/D_Interrupt.c **** 
 119:Generated_Source\PSoC4/D_Interrupt.c **** /*******************************************************************************
 120:Generated_Source\PSoC4/D_Interrupt.c **** * Function Name: D_Interrupt_Stop
 121:Generated_Source\PSoC4/D_Interrupt.c **** ********************************************************************************
 122:Generated_Source\PSoC4/D_Interrupt.c **** *
 123:Generated_Source\PSoC4/D_Interrupt.c **** * Summary:
 124:Generated_Source\PSoC4/D_Interrupt.c **** *   Disables and removes the interrupt.
 125:Generated_Source\PSoC4/D_Interrupt.c **** *
 126:Generated_Source\PSoC4/D_Interrupt.c **** * Parameters:  
 127:Generated_Source\PSoC4/D_Interrupt.c **** *   None
 128:Generated_Source\PSoC4/D_Interrupt.c **** *
 129:Generated_Source\PSoC4/D_Interrupt.c **** * Return:
 130:Generated_Source\PSoC4/D_Interrupt.c **** *   None
 131:Generated_Source\PSoC4/D_Interrupt.c **** *
 132:Generated_Source\PSoC4/D_Interrupt.c **** *******************************************************************************/
 133:Generated_Source\PSoC4/D_Interrupt.c **** void D_Interrupt_Stop(void)
 134:Generated_Source\PSoC4/D_Interrupt.c **** {
 135:Generated_Source\PSoC4/D_Interrupt.c ****     /* Disable this interrupt. */
 136:Generated_Source\PSoC4/D_Interrupt.c ****     D_Interrupt_Disable();
 137:Generated_Source\PSoC4/D_Interrupt.c **** 
 138:Generated_Source\PSoC4/D_Interrupt.c ****     /* Set the ISR to point to the passive one. */
 139:Generated_Source\PSoC4/D_Interrupt.c ****     D_Interrupt_SetVector(&IntDefaultHandler);
 140:Generated_Source\PSoC4/D_Interrupt.c **** }
 141:Generated_Source\PSoC4/D_Interrupt.c **** 
 142:Generated_Source\PSoC4/D_Interrupt.c **** 
 143:Generated_Source\PSoC4/D_Interrupt.c **** /*******************************************************************************
 144:Generated_Source\PSoC4/D_Interrupt.c **** * Function Name: D_Interrupt_Interrupt
ARM GAS  C:\Users\quint\AppData\Local\Temp\cccDvJMg.s 			page 4


 145:Generated_Source\PSoC4/D_Interrupt.c **** ********************************************************************************
 146:Generated_Source\PSoC4/D_Interrupt.c **** *
 147:Generated_Source\PSoC4/D_Interrupt.c **** * Summary:
 148:Generated_Source\PSoC4/D_Interrupt.c **** *   The default Interrupt Service Routine for D_Interrupt.
 149:Generated_Source\PSoC4/D_Interrupt.c **** *
 150:Generated_Source\PSoC4/D_Interrupt.c **** *   Add custom code between the START and END comments to keep the next version
 151:Generated_Source\PSoC4/D_Interrupt.c **** *   of this file from over-writing your code.
 152:Generated_Source\PSoC4/D_Interrupt.c **** *
 153:Generated_Source\PSoC4/D_Interrupt.c **** *   Note You may use either the default ISR by using this API, or you may define
 154:Generated_Source\PSoC4/D_Interrupt.c **** *   your own separate ISR through ISR_StartEx().
 155:Generated_Source\PSoC4/D_Interrupt.c **** *
 156:Generated_Source\PSoC4/D_Interrupt.c **** * Parameters:  
 157:Generated_Source\PSoC4/D_Interrupt.c **** *   None
 158:Generated_Source\PSoC4/D_Interrupt.c **** *
 159:Generated_Source\PSoC4/D_Interrupt.c **** * Return:
 160:Generated_Source\PSoC4/D_Interrupt.c **** *   None
 161:Generated_Source\PSoC4/D_Interrupt.c **** *
 162:Generated_Source\PSoC4/D_Interrupt.c **** *******************************************************************************/
 163:Generated_Source\PSoC4/D_Interrupt.c **** CY_ISR(D_Interrupt_Interrupt)
 164:Generated_Source\PSoC4/D_Interrupt.c **** {
 165:Generated_Source\PSoC4/D_Interrupt.c ****     #ifdef D_Interrupt_INTERRUPT_INTERRUPT_CALLBACK
 166:Generated_Source\PSoC4/D_Interrupt.c ****         D_Interrupt_Interrupt_InterruptCallback();
 167:Generated_Source\PSoC4/D_Interrupt.c ****     #endif /* D_Interrupt_INTERRUPT_INTERRUPT_CALLBACK */ 
 168:Generated_Source\PSoC4/D_Interrupt.c **** 
 169:Generated_Source\PSoC4/D_Interrupt.c ****     /*  Place your Interrupt code here. */
 170:Generated_Source\PSoC4/D_Interrupt.c ****     /* `#START D_Interrupt_Interrupt` */
 171:Generated_Source\PSoC4/D_Interrupt.c ****     
 172:Generated_Source\PSoC4/D_Interrupt.c ****     //Decrements the pointer 10 times a second when pressed
 173:Generated_Source\PSoC4/D_Interrupt.c ****     while (D_Button_Read() == !PUSHED);
 174:Generated_Source\PSoC4/D_Interrupt.c **** 
 175:Generated_Source\PSoC4/D_Interrupt.c ****             //CyDelay(25);
 176:Generated_Source\PSoC4/D_Interrupt.c **** 	
 177:Generated_Source\PSoC4/D_Interrupt.c ****             while (D_Button_Read() == PUSHED)
 178:Generated_Source\PSoC4/D_Interrupt.c ****             {  
 179:Generated_Source\PSoC4/D_Interrupt.c ****                 count--;
 180:Generated_Source\PSoC4/D_Interrupt.c ****                  //sprintf(mystring, "%5d", count);
 181:Generated_Source\PSoC4/D_Interrupt.c ****             //GLCD_PrintString(mystring, 10, 10, GLCD_WHITE, GLCD_BLACK);
 182:Generated_Source\PSoC4/D_Interrupt.c ****                  CyDelay(50); 
 183:Generated_Source\PSoC4/D_Interrupt.c ****             }
 184:Generated_Source\PSoC4/D_Interrupt.c ****   
 185:Generated_Source\PSoC4/D_Interrupt.c ****             D_Interrupt_ClearPending(); 
 186:Generated_Source\PSoC4/D_Interrupt.c ****     /* `#END` */
 187:Generated_Source\PSoC4/D_Interrupt.c **** }
 188:Generated_Source\PSoC4/D_Interrupt.c **** 
 189:Generated_Source\PSoC4/D_Interrupt.c **** 
 190:Generated_Source\PSoC4/D_Interrupt.c **** /*******************************************************************************
 191:Generated_Source\PSoC4/D_Interrupt.c **** * Function Name: D_Interrupt_SetVector
 192:Generated_Source\PSoC4/D_Interrupt.c **** ********************************************************************************
 193:Generated_Source\PSoC4/D_Interrupt.c **** *
 194:Generated_Source\PSoC4/D_Interrupt.c **** * Summary:
 195:Generated_Source\PSoC4/D_Interrupt.c **** *   Change the ISR vector for the Interrupt. Note calling D_Interrupt_Start
 196:Generated_Source\PSoC4/D_Interrupt.c **** *   will override any effect this method would have had. To set the vector 
 197:Generated_Source\PSoC4/D_Interrupt.c **** *   before the component has been started use D_Interrupt_StartEx instead.
 198:Generated_Source\PSoC4/D_Interrupt.c **** * 
 199:Generated_Source\PSoC4/D_Interrupt.c **** *   When defining ISR functions, the CY_ISR and CY_ISR_PROTO macros should be 
 200:Generated_Source\PSoC4/D_Interrupt.c **** *   used to provide consistent definition across compilers:
 201:Generated_Source\PSoC4/D_Interrupt.c **** *
ARM GAS  C:\Users\quint\AppData\Local\Temp\cccDvJMg.s 			page 5


 202:Generated_Source\PSoC4/D_Interrupt.c **** *   Function definition example:
 203:Generated_Source\PSoC4/D_Interrupt.c **** *   CY_ISR(MyISR)
 204:Generated_Source\PSoC4/D_Interrupt.c **** *   {
 205:Generated_Source\PSoC4/D_Interrupt.c **** *   }
 206:Generated_Source\PSoC4/D_Interrupt.c **** *
 207:Generated_Source\PSoC4/D_Interrupt.c **** *   Function prototype example:
 208:Generated_Source\PSoC4/D_Interrupt.c **** *     CY_ISR_PROTO(MyISR);
 209:Generated_Source\PSoC4/D_Interrupt.c **** *
 210:Generated_Source\PSoC4/D_Interrupt.c **** * Parameters:
 211:Generated_Source\PSoC4/D_Interrupt.c **** *   address: Address of the ISR to set in the interrupt vector table.
 212:Generated_Source\PSoC4/D_Interrupt.c **** *
 213:Generated_Source\PSoC4/D_Interrupt.c **** * Return:
 214:Generated_Source\PSoC4/D_Interrupt.c **** *   None
 215:Generated_Source\PSoC4/D_Interrupt.c **** *
 216:Generated_Source\PSoC4/D_Interrupt.c **** *******************************************************************************/
 217:Generated_Source\PSoC4/D_Interrupt.c **** void D_Interrupt_SetVector(cyisraddress address)
 218:Generated_Source\PSoC4/D_Interrupt.c **** {
  28              		.loc 1 218 0
  29              		.cfi_startproc
  30              		@ args = 0, pretend = 0, frame = 0
  31              		@ frame_needed = 0, uses_anonymous_args = 0
  32              		@ link register save eliminated.
  33              	.LVL0:
 219:Generated_Source\PSoC4/D_Interrupt.c ****     CyRamVectors[CYINT_IRQ_BASE + D_Interrupt__INTC_NUMBER] = address;
  34              		.loc 1 219 0
  35 0000 014B     		ldr	r3, .L2
  36 0002 1865     		str	r0, [r3, #80]
 220:Generated_Source\PSoC4/D_Interrupt.c **** }
  37              		.loc 1 220 0
  38              		@ sp needed
  39 0004 7047     		bx	lr
  40              	.L3:
  41 0006 C046     		.align	2
  42              	.L2:
  43 0008 00000000 		.word	CyRamVectors
  44              		.cfi_endproc
  45              	.LFE37:
  46              		.size	D_Interrupt_SetVector, .-D_Interrupt_SetVector
  47              		.section	.text.D_Interrupt_GetVector,"ax",%progbits
  48              		.align	2
  49              		.global	D_Interrupt_GetVector
  50              		.code	16
  51              		.thumb_func
  52              		.type	D_Interrupt_GetVector, %function
  53              	D_Interrupt_GetVector:
  54              	.LFB38:
 221:Generated_Source\PSoC4/D_Interrupt.c **** 
 222:Generated_Source\PSoC4/D_Interrupt.c **** 
 223:Generated_Source\PSoC4/D_Interrupt.c **** /*******************************************************************************
 224:Generated_Source\PSoC4/D_Interrupt.c **** * Function Name: D_Interrupt_GetVector
 225:Generated_Source\PSoC4/D_Interrupt.c **** ********************************************************************************
 226:Generated_Source\PSoC4/D_Interrupt.c **** *
 227:Generated_Source\PSoC4/D_Interrupt.c **** * Summary:
 228:Generated_Source\PSoC4/D_Interrupt.c **** *   Gets the "address" of the current ISR vector for the Interrupt.
 229:Generated_Source\PSoC4/D_Interrupt.c **** *
 230:Generated_Source\PSoC4/D_Interrupt.c **** * Parameters:
 231:Generated_Source\PSoC4/D_Interrupt.c **** *   None
ARM GAS  C:\Users\quint\AppData\Local\Temp\cccDvJMg.s 			page 6


 232:Generated_Source\PSoC4/D_Interrupt.c **** *
 233:Generated_Source\PSoC4/D_Interrupt.c **** * Return:
 234:Generated_Source\PSoC4/D_Interrupt.c **** *   Address of the ISR in the interrupt vector table.
 235:Generated_Source\PSoC4/D_Interrupt.c **** *
 236:Generated_Source\PSoC4/D_Interrupt.c **** *******************************************************************************/
 237:Generated_Source\PSoC4/D_Interrupt.c **** cyisraddress D_Interrupt_GetVector(void)
 238:Generated_Source\PSoC4/D_Interrupt.c **** {
  55              		.loc 1 238 0
  56              		.cfi_startproc
  57              		@ args = 0, pretend = 0, frame = 0
  58              		@ frame_needed = 0, uses_anonymous_args = 0
  59              		@ link register save eliminated.
 239:Generated_Source\PSoC4/D_Interrupt.c ****     return CyRamVectors[CYINT_IRQ_BASE + D_Interrupt__INTC_NUMBER];
  60              		.loc 1 239 0
  61 0000 014B     		ldr	r3, .L5
  62 0002 186D     		ldr	r0, [r3, #80]
 240:Generated_Source\PSoC4/D_Interrupt.c **** }
  63              		.loc 1 240 0
  64              		@ sp needed
  65 0004 7047     		bx	lr
  66              	.L6:
  67 0006 C046     		.align	2
  68              	.L5:
  69 0008 00000000 		.word	CyRamVectors
  70              		.cfi_endproc
  71              	.LFE38:
  72              		.size	D_Interrupt_GetVector, .-D_Interrupt_GetVector
  73              		.section	.text.D_Interrupt_SetPriority,"ax",%progbits
  74              		.align	2
  75              		.global	D_Interrupt_SetPriority
  76              		.code	16
  77              		.thumb_func
  78              		.type	D_Interrupt_SetPriority, %function
  79              	D_Interrupt_SetPriority:
  80              	.LFB39:
 241:Generated_Source\PSoC4/D_Interrupt.c **** 
 242:Generated_Source\PSoC4/D_Interrupt.c **** 
 243:Generated_Source\PSoC4/D_Interrupt.c **** /*******************************************************************************
 244:Generated_Source\PSoC4/D_Interrupt.c **** * Function Name: D_Interrupt_SetPriority
 245:Generated_Source\PSoC4/D_Interrupt.c **** ********************************************************************************
 246:Generated_Source\PSoC4/D_Interrupt.c **** *
 247:Generated_Source\PSoC4/D_Interrupt.c **** * Summary:
 248:Generated_Source\PSoC4/D_Interrupt.c **** *   Sets the Priority of the Interrupt. 
 249:Generated_Source\PSoC4/D_Interrupt.c **** *
 250:Generated_Source\PSoC4/D_Interrupt.c **** *   Note calling D_Interrupt_Start or D_Interrupt_StartEx will 
 251:Generated_Source\PSoC4/D_Interrupt.c **** *   override any effect this API would have had. This API should only be called
 252:Generated_Source\PSoC4/D_Interrupt.c **** *   after D_Interrupt_Start or D_Interrupt_StartEx has been called. 
 253:Generated_Source\PSoC4/D_Interrupt.c **** *   To set the initial priority for the component, use the Design-Wide Resources
 254:Generated_Source\PSoC4/D_Interrupt.c **** *   Interrupt Editor.
 255:Generated_Source\PSoC4/D_Interrupt.c **** *
 256:Generated_Source\PSoC4/D_Interrupt.c **** *   Note This API has no effect on Non-maskable interrupt NMI).
 257:Generated_Source\PSoC4/D_Interrupt.c **** *
 258:Generated_Source\PSoC4/D_Interrupt.c **** * Parameters:
 259:Generated_Source\PSoC4/D_Interrupt.c **** *   priority: Priority of the interrupt, 0 being the highest priority
 260:Generated_Source\PSoC4/D_Interrupt.c **** *             PSoC 3 and PSoC 5LP: Priority is from 0 to 7.
 261:Generated_Source\PSoC4/D_Interrupt.c **** *             PSoC 4: Priority is from 0 to 3.
 262:Generated_Source\PSoC4/D_Interrupt.c **** *
ARM GAS  C:\Users\quint\AppData\Local\Temp\cccDvJMg.s 			page 7


 263:Generated_Source\PSoC4/D_Interrupt.c **** * Return:
 264:Generated_Source\PSoC4/D_Interrupt.c **** *   None
 265:Generated_Source\PSoC4/D_Interrupt.c **** *
 266:Generated_Source\PSoC4/D_Interrupt.c **** *******************************************************************************/
 267:Generated_Source\PSoC4/D_Interrupt.c **** void D_Interrupt_SetPriority(uint8 priority)
 268:Generated_Source\PSoC4/D_Interrupt.c **** {
  81              		.loc 1 268 0
  82              		.cfi_startproc
  83              		@ args = 0, pretend = 0, frame = 0
  84              		@ frame_needed = 0, uses_anonymous_args = 0
  85              	.LVL1:
  86 0000 10B5     		push	{r4, lr}
  87              		.cfi_def_cfa_offset 8
  88              		.cfi_offset 4, -8
  89              		.cfi_offset 14, -4
  90 0002 0400     		movs	r4, r0
  91              	.LVL2:
 269:Generated_Source\PSoC4/D_Interrupt.c **** 	uint8 interruptState;
 270:Generated_Source\PSoC4/D_Interrupt.c ****     uint32 priorityOffset = ((D_Interrupt__INTC_NUMBER % 4u) * 8u) + 6u;
 271:Generated_Source\PSoC4/D_Interrupt.c ****     
 272:Generated_Source\PSoC4/D_Interrupt.c **** 	interruptState = CyEnterCriticalSection();
  92              		.loc 1 272 0
  93 0004 FFF7FEFF 		bl	CyEnterCriticalSection
  94              	.LVL3:
 273:Generated_Source\PSoC4/D_Interrupt.c ****     *D_Interrupt_INTC_PRIOR = (*D_Interrupt_INTC_PRIOR & (uint32)(~D_Interrupt__INTC_PRIOR_MASK)) |
  95              		.loc 1 273 0
  96 0008 044A     		ldr	r2, .L8
  97 000a 1368     		ldr	r3, [r2]
  98 000c C021     		movs	r1, #192
  99 000e 8B43     		bics	r3, r1
 274:Generated_Source\PSoC4/D_Interrupt.c ****                                     ((uint32)priority << priorityOffset);
 100              		.loc 1 274 0
 101 0010 A401     		lsls	r4, r4, #6
 273:Generated_Source\PSoC4/D_Interrupt.c ****     *D_Interrupt_INTC_PRIOR = (*D_Interrupt_INTC_PRIOR & (uint32)(~D_Interrupt__INTC_PRIOR_MASK)) |
 102              		.loc 1 273 0
 103 0012 1C43     		orrs	r4, r3
 104 0014 1460     		str	r4, [r2]
 275:Generated_Source\PSoC4/D_Interrupt.c **** 	CyExitCriticalSection(interruptState);
 105              		.loc 1 275 0
 106 0016 FFF7FEFF 		bl	CyExitCriticalSection
 107              	.LVL4:
 276:Generated_Source\PSoC4/D_Interrupt.c **** }
 108              		.loc 1 276 0
 109              		@ sp needed
 110 001a 10BD     		pop	{r4, pc}
 111              	.L9:
 112              		.align	2
 113              	.L8:
 114 001c 04E400E0 		.word	-536812540
 115              		.cfi_endproc
 116              	.LFE39:
 117              		.size	D_Interrupt_SetPriority, .-D_Interrupt_SetPriority
 118              		.section	.text.D_Interrupt_GetPriority,"ax",%progbits
 119              		.align	2
 120              		.global	D_Interrupt_GetPriority
 121              		.code	16
 122              		.thumb_func
ARM GAS  C:\Users\quint\AppData\Local\Temp\cccDvJMg.s 			page 8


 123              		.type	D_Interrupt_GetPriority, %function
 124              	D_Interrupt_GetPriority:
 125              	.LFB40:
 277:Generated_Source\PSoC4/D_Interrupt.c **** 
 278:Generated_Source\PSoC4/D_Interrupt.c **** 
 279:Generated_Source\PSoC4/D_Interrupt.c **** /*******************************************************************************
 280:Generated_Source\PSoC4/D_Interrupt.c **** * Function Name: D_Interrupt_GetPriority
 281:Generated_Source\PSoC4/D_Interrupt.c **** ********************************************************************************
 282:Generated_Source\PSoC4/D_Interrupt.c **** *
 283:Generated_Source\PSoC4/D_Interrupt.c **** * Summary:
 284:Generated_Source\PSoC4/D_Interrupt.c **** *   Gets the Priority of the Interrupt.
 285:Generated_Source\PSoC4/D_Interrupt.c **** *
 286:Generated_Source\PSoC4/D_Interrupt.c **** * Parameters:
 287:Generated_Source\PSoC4/D_Interrupt.c **** *   None
 288:Generated_Source\PSoC4/D_Interrupt.c **** *
 289:Generated_Source\PSoC4/D_Interrupt.c **** * Return:
 290:Generated_Source\PSoC4/D_Interrupt.c **** *   Priority of the interrupt, 0 being the highest priority
 291:Generated_Source\PSoC4/D_Interrupt.c **** *    PSoC 3 and PSoC 5LP: Priority is from 0 to 7.
 292:Generated_Source\PSoC4/D_Interrupt.c **** *    PSoC 4: Priority is from 0 to 3.
 293:Generated_Source\PSoC4/D_Interrupt.c **** *
 294:Generated_Source\PSoC4/D_Interrupt.c **** *******************************************************************************/
 295:Generated_Source\PSoC4/D_Interrupt.c **** uint8 D_Interrupt_GetPriority(void)
 296:Generated_Source\PSoC4/D_Interrupt.c **** {
 126              		.loc 1 296 0
 127              		.cfi_startproc
 128              		@ args = 0, pretend = 0, frame = 0
 129              		@ frame_needed = 0, uses_anonymous_args = 0
 130              		@ link register save eliminated.
 131              	.LVL5:
 297:Generated_Source\PSoC4/D_Interrupt.c ****     uint32 priority;
 298:Generated_Source\PSoC4/D_Interrupt.c **** 	uint32 priorityOffset = ((D_Interrupt__INTC_NUMBER % 4u) * 8u) + 6u;
 299:Generated_Source\PSoC4/D_Interrupt.c **** 
 300:Generated_Source\PSoC4/D_Interrupt.c ****     priority = (*D_Interrupt_INTC_PRIOR & D_Interrupt__INTC_PRIOR_MASK) >> priorityOffset;
 132              		.loc 1 300 0
 133 0000 024B     		ldr	r3, .L11
 134 0002 1868     		ldr	r0, [r3]
 135 0004 8009     		lsrs	r0, r0, #6
 136              	.LVL6:
 301:Generated_Source\PSoC4/D_Interrupt.c **** 
 302:Generated_Source\PSoC4/D_Interrupt.c ****     return (uint8)priority;
 137              		.loc 1 302 0
 138 0006 0323     		movs	r3, #3
 139 0008 1840     		ands	r0, r3
 140              	.LVL7:
 303:Generated_Source\PSoC4/D_Interrupt.c **** }
 141              		.loc 1 303 0
 142              		@ sp needed
 143 000a 7047     		bx	lr
 144              	.L12:
 145              		.align	2
 146              	.L11:
 147 000c 04E400E0 		.word	-536812540
 148              		.cfi_endproc
 149              	.LFE40:
 150              		.size	D_Interrupt_GetPriority, .-D_Interrupt_GetPriority
 151              		.section	.text.D_Interrupt_Enable,"ax",%progbits
 152              		.align	2
ARM GAS  C:\Users\quint\AppData\Local\Temp\cccDvJMg.s 			page 9


 153              		.global	D_Interrupt_Enable
 154              		.code	16
 155              		.thumb_func
 156              		.type	D_Interrupt_Enable, %function
 157              	D_Interrupt_Enable:
 158              	.LFB41:
 304:Generated_Source\PSoC4/D_Interrupt.c **** 
 305:Generated_Source\PSoC4/D_Interrupt.c **** 
 306:Generated_Source\PSoC4/D_Interrupt.c **** /*******************************************************************************
 307:Generated_Source\PSoC4/D_Interrupt.c **** * Function Name: D_Interrupt_Enable
 308:Generated_Source\PSoC4/D_Interrupt.c **** ********************************************************************************
 309:Generated_Source\PSoC4/D_Interrupt.c **** *
 310:Generated_Source\PSoC4/D_Interrupt.c **** * Summary:
 311:Generated_Source\PSoC4/D_Interrupt.c **** *   Enables the interrupt to the interrupt controller. Do not call this function
 312:Generated_Source\PSoC4/D_Interrupt.c **** *   unless ISR_Start() has been called or the functionality of the ISR_Start() 
 313:Generated_Source\PSoC4/D_Interrupt.c **** *   function, which sets the vector and the priority, has been called.
 314:Generated_Source\PSoC4/D_Interrupt.c **** *
 315:Generated_Source\PSoC4/D_Interrupt.c **** * Parameters:
 316:Generated_Source\PSoC4/D_Interrupt.c **** *   None
 317:Generated_Source\PSoC4/D_Interrupt.c **** *
 318:Generated_Source\PSoC4/D_Interrupt.c **** * Return:
 319:Generated_Source\PSoC4/D_Interrupt.c **** *   None
 320:Generated_Source\PSoC4/D_Interrupt.c **** *
 321:Generated_Source\PSoC4/D_Interrupt.c **** *******************************************************************************/
 322:Generated_Source\PSoC4/D_Interrupt.c **** void D_Interrupt_Enable(void)
 323:Generated_Source\PSoC4/D_Interrupt.c **** {
 159              		.loc 1 323 0
 160              		.cfi_startproc
 161              		@ args = 0, pretend = 0, frame = 0
 162              		@ frame_needed = 0, uses_anonymous_args = 0
 163              		@ link register save eliminated.
 324:Generated_Source\PSoC4/D_Interrupt.c ****     /* Enable the general interrupt. */
 325:Generated_Source\PSoC4/D_Interrupt.c ****     *D_Interrupt_INTC_SET_EN = D_Interrupt__INTC_MASK;
 164              		.loc 1 325 0
 165 0000 1022     		movs	r2, #16
 166 0002 014B     		ldr	r3, .L14
 167 0004 1A60     		str	r2, [r3]
 326:Generated_Source\PSoC4/D_Interrupt.c **** }
 168              		.loc 1 326 0
 169              		@ sp needed
 170 0006 7047     		bx	lr
 171              	.L15:
 172              		.align	2
 173              	.L14:
 174 0008 00E100E0 		.word	-536813312
 175              		.cfi_endproc
 176              	.LFE41:
 177              		.size	D_Interrupt_Enable, .-D_Interrupt_Enable
 178              		.section	.text.D_Interrupt_GetState,"ax",%progbits
 179              		.align	2
 180              		.global	D_Interrupt_GetState
 181              		.code	16
 182              		.thumb_func
 183              		.type	D_Interrupt_GetState, %function
 184              	D_Interrupt_GetState:
 185              	.LFB42:
 327:Generated_Source\PSoC4/D_Interrupt.c **** 
ARM GAS  C:\Users\quint\AppData\Local\Temp\cccDvJMg.s 			page 10


 328:Generated_Source\PSoC4/D_Interrupt.c **** 
 329:Generated_Source\PSoC4/D_Interrupt.c **** /*******************************************************************************
 330:Generated_Source\PSoC4/D_Interrupt.c **** * Function Name: D_Interrupt_GetState
 331:Generated_Source\PSoC4/D_Interrupt.c **** ********************************************************************************
 332:Generated_Source\PSoC4/D_Interrupt.c **** *
 333:Generated_Source\PSoC4/D_Interrupt.c **** * Summary:
 334:Generated_Source\PSoC4/D_Interrupt.c **** *   Gets the state (enabled, disabled) of the Interrupt.
 335:Generated_Source\PSoC4/D_Interrupt.c **** *
 336:Generated_Source\PSoC4/D_Interrupt.c **** * Parameters:
 337:Generated_Source\PSoC4/D_Interrupt.c **** *   None
 338:Generated_Source\PSoC4/D_Interrupt.c **** *
 339:Generated_Source\PSoC4/D_Interrupt.c **** * Return:
 340:Generated_Source\PSoC4/D_Interrupt.c **** *   1 if enabled, 0 if disabled.
 341:Generated_Source\PSoC4/D_Interrupt.c **** *
 342:Generated_Source\PSoC4/D_Interrupt.c **** *******************************************************************************/
 343:Generated_Source\PSoC4/D_Interrupt.c **** uint8 D_Interrupt_GetState(void)
 344:Generated_Source\PSoC4/D_Interrupt.c **** {
 186              		.loc 1 344 0
 187              		.cfi_startproc
 188              		@ args = 0, pretend = 0, frame = 0
 189              		@ frame_needed = 0, uses_anonymous_args = 0
 190              		@ link register save eliminated.
 345:Generated_Source\PSoC4/D_Interrupt.c ****     /* Get the state of the general interrupt. */
 346:Generated_Source\PSoC4/D_Interrupt.c ****     return ((*D_Interrupt_INTC_SET_EN & (uint32)D_Interrupt__INTC_MASK) != 0u) ? 1u:0u;
 191              		.loc 1 346 0
 192 0000 034B     		ldr	r3, .L19
 193 0002 1B68     		ldr	r3, [r3]
 194 0004 DB06     		lsls	r3, r3, #27
 195 0006 01D5     		bpl	.L18
 196 0008 0120     		movs	r0, #1
 197 000a 00E0     		b	.L17
 198              	.L18:
 199 000c 0020     		movs	r0, #0
 200              	.L17:
 347:Generated_Source\PSoC4/D_Interrupt.c **** }
 201              		.loc 1 347 0 discriminator 4
 202              		@ sp needed
 203 000e 7047     		bx	lr
 204              	.L20:
 205              		.align	2
 206              	.L19:
 207 0010 00E100E0 		.word	-536813312
 208              		.cfi_endproc
 209              	.LFE42:
 210              		.size	D_Interrupt_GetState, .-D_Interrupt_GetState
 211              		.section	.text.D_Interrupt_Disable,"ax",%progbits
 212              		.align	2
 213              		.global	D_Interrupt_Disable
 214              		.code	16
 215              		.thumb_func
 216              		.type	D_Interrupt_Disable, %function
 217              	D_Interrupt_Disable:
 218              	.LFB43:
 348:Generated_Source\PSoC4/D_Interrupt.c **** 
 349:Generated_Source\PSoC4/D_Interrupt.c **** 
 350:Generated_Source\PSoC4/D_Interrupt.c **** /*******************************************************************************
 351:Generated_Source\PSoC4/D_Interrupt.c **** * Function Name: D_Interrupt_Disable
ARM GAS  C:\Users\quint\AppData\Local\Temp\cccDvJMg.s 			page 11


 352:Generated_Source\PSoC4/D_Interrupt.c **** ********************************************************************************
 353:Generated_Source\PSoC4/D_Interrupt.c **** *
 354:Generated_Source\PSoC4/D_Interrupt.c **** * Summary:
 355:Generated_Source\PSoC4/D_Interrupt.c **** *   Disables the Interrupt in the interrupt controller.
 356:Generated_Source\PSoC4/D_Interrupt.c **** *
 357:Generated_Source\PSoC4/D_Interrupt.c **** * Parameters:
 358:Generated_Source\PSoC4/D_Interrupt.c **** *   None
 359:Generated_Source\PSoC4/D_Interrupt.c **** *
 360:Generated_Source\PSoC4/D_Interrupt.c **** * Return:
 361:Generated_Source\PSoC4/D_Interrupt.c **** *   None
 362:Generated_Source\PSoC4/D_Interrupt.c **** *
 363:Generated_Source\PSoC4/D_Interrupt.c **** *******************************************************************************/
 364:Generated_Source\PSoC4/D_Interrupt.c **** void D_Interrupt_Disable(void)
 365:Generated_Source\PSoC4/D_Interrupt.c **** {
 219              		.loc 1 365 0
 220              		.cfi_startproc
 221              		@ args = 0, pretend = 0, frame = 0
 222              		@ frame_needed = 0, uses_anonymous_args = 0
 223              		@ link register save eliminated.
 366:Generated_Source\PSoC4/D_Interrupt.c ****     /* Disable the general interrupt. */
 367:Generated_Source\PSoC4/D_Interrupt.c ****     *D_Interrupt_INTC_CLR_EN = D_Interrupt__INTC_MASK;
 224              		.loc 1 367 0
 225 0000 1022     		movs	r2, #16
 226 0002 014B     		ldr	r3, .L22
 227 0004 1A60     		str	r2, [r3]
 368:Generated_Source\PSoC4/D_Interrupt.c **** }
 228              		.loc 1 368 0
 229              		@ sp needed
 230 0006 7047     		bx	lr
 231              	.L23:
 232              		.align	2
 233              	.L22:
 234 0008 80E100E0 		.word	-536813184
 235              		.cfi_endproc
 236              	.LFE43:
 237              		.size	D_Interrupt_Disable, .-D_Interrupt_Disable
 238              		.section	.text.D_Interrupt_Start,"ax",%progbits
 239              		.align	2
 240              		.global	D_Interrupt_Start
 241              		.code	16
 242              		.thumb_func
 243              		.type	D_Interrupt_Start, %function
 244              	D_Interrupt_Start:
 245              	.LFB33:
  61:Generated_Source\PSoC4/D_Interrupt.c ****     /* For all we know the interrupt is active. */
 246              		.loc 1 61 0
 247              		.cfi_startproc
 248              		@ args = 0, pretend = 0, frame = 0
 249              		@ frame_needed = 0, uses_anonymous_args = 0
 250 0000 10B5     		push	{r4, lr}
 251              		.cfi_def_cfa_offset 8
 252              		.cfi_offset 4, -8
 253              		.cfi_offset 14, -4
  63:Generated_Source\PSoC4/D_Interrupt.c **** 
 254              		.loc 1 63 0
 255 0002 FFF7FEFF 		bl	D_Interrupt_Disable
 256              	.LVL8:
ARM GAS  C:\Users\quint\AppData\Local\Temp\cccDvJMg.s 			page 12


  66:Generated_Source\PSoC4/D_Interrupt.c **** 
 257              		.loc 1 66 0
 258 0006 0448     		ldr	r0, .L25
 259 0008 FFF7FEFF 		bl	D_Interrupt_SetVector
 260              	.LVL9:
  69:Generated_Source\PSoC4/D_Interrupt.c **** 
 261              		.loc 1 69 0
 262 000c 0320     		movs	r0, #3
 263 000e FFF7FEFF 		bl	D_Interrupt_SetPriority
 264              	.LVL10:
  72:Generated_Source\PSoC4/D_Interrupt.c **** }
 265              		.loc 1 72 0
 266 0012 FFF7FEFF 		bl	D_Interrupt_Enable
 267              	.LVL11:
  73:Generated_Source\PSoC4/D_Interrupt.c **** 
 268              		.loc 1 73 0
 269              		@ sp needed
 270 0016 10BD     		pop	{r4, pc}
 271              	.L26:
 272              		.align	2
 273              	.L25:
 274 0018 00000000 		.word	D_Interrupt_Interrupt
 275              		.cfi_endproc
 276              	.LFE33:
 277              		.size	D_Interrupt_Start, .-D_Interrupt_Start
 278              		.section	.text.D_Interrupt_StartEx,"ax",%progbits
 279              		.align	2
 280              		.global	D_Interrupt_StartEx
 281              		.code	16
 282              		.thumb_func
 283              		.type	D_Interrupt_StartEx, %function
 284              	D_Interrupt_StartEx:
 285              	.LFB34:
 104:Generated_Source\PSoC4/D_Interrupt.c ****     /* For all we know the interrupt is active. */
 286              		.loc 1 104 0
 287              		.cfi_startproc
 288              		@ args = 0, pretend = 0, frame = 0
 289              		@ frame_needed = 0, uses_anonymous_args = 0
 290              	.LVL12:
 291 0000 10B5     		push	{r4, lr}
 292              		.cfi_def_cfa_offset 8
 293              		.cfi_offset 4, -8
 294              		.cfi_offset 14, -4
 295 0002 0400     		movs	r4, r0
 106:Generated_Source\PSoC4/D_Interrupt.c **** 
 296              		.loc 1 106 0
 297 0004 FFF7FEFF 		bl	D_Interrupt_Disable
 298              	.LVL13:
 109:Generated_Source\PSoC4/D_Interrupt.c **** 
 299              		.loc 1 109 0
 300 0008 2000     		movs	r0, r4
 301 000a FFF7FEFF 		bl	D_Interrupt_SetVector
 302              	.LVL14:
 112:Generated_Source\PSoC4/D_Interrupt.c **** 
 303              		.loc 1 112 0
 304 000e 0320     		movs	r0, #3
 305 0010 FFF7FEFF 		bl	D_Interrupt_SetPriority
ARM GAS  C:\Users\quint\AppData\Local\Temp\cccDvJMg.s 			page 13


 306              	.LVL15:
 115:Generated_Source\PSoC4/D_Interrupt.c **** }
 307              		.loc 1 115 0
 308 0014 FFF7FEFF 		bl	D_Interrupt_Enable
 309              	.LVL16:
 116:Generated_Source\PSoC4/D_Interrupt.c **** 
 310              		.loc 1 116 0
 311              		@ sp needed
 312              	.LVL17:
 313 0018 10BD     		pop	{r4, pc}
 314              		.cfi_endproc
 315              	.LFE34:
 316              		.size	D_Interrupt_StartEx, .-D_Interrupt_StartEx
 317 001a C046     		.section	.text.D_Interrupt_Stop,"ax",%progbits
 318              		.align	2
 319              		.global	D_Interrupt_Stop
 320              		.code	16
 321              		.thumb_func
 322              		.type	D_Interrupt_Stop, %function
 323              	D_Interrupt_Stop:
 324              	.LFB35:
 134:Generated_Source\PSoC4/D_Interrupt.c ****     /* Disable this interrupt. */
 325              		.loc 1 134 0
 326              		.cfi_startproc
 327              		@ args = 0, pretend = 0, frame = 0
 328              		@ frame_needed = 0, uses_anonymous_args = 0
 329 0000 10B5     		push	{r4, lr}
 330              		.cfi_def_cfa_offset 8
 331              		.cfi_offset 4, -8
 332              		.cfi_offset 14, -4
 136:Generated_Source\PSoC4/D_Interrupt.c **** 
 333              		.loc 1 136 0
 334 0002 FFF7FEFF 		bl	D_Interrupt_Disable
 335              	.LVL18:
 139:Generated_Source\PSoC4/D_Interrupt.c **** }
 336              		.loc 1 139 0
 337 0006 0248     		ldr	r0, .L29
 338 0008 FFF7FEFF 		bl	D_Interrupt_SetVector
 339              	.LVL19:
 140:Generated_Source\PSoC4/D_Interrupt.c **** 
 340              		.loc 1 140 0
 341              		@ sp needed
 342 000c 10BD     		pop	{r4, pc}
 343              	.L30:
 344 000e C046     		.align	2
 345              	.L29:
 346 0010 00000000 		.word	IntDefaultHandler
 347              		.cfi_endproc
 348              	.LFE35:
 349              		.size	D_Interrupt_Stop, .-D_Interrupt_Stop
 350              		.section	.text.D_Interrupt_SetPending,"ax",%progbits
 351              		.align	2
 352              		.global	D_Interrupt_SetPending
 353              		.code	16
 354              		.thumb_func
 355              		.type	D_Interrupt_SetPending, %function
 356              	D_Interrupt_SetPending:
ARM GAS  C:\Users\quint\AppData\Local\Temp\cccDvJMg.s 			page 14


 357              	.LFB44:
 369:Generated_Source\PSoC4/D_Interrupt.c **** 
 370:Generated_Source\PSoC4/D_Interrupt.c **** 
 371:Generated_Source\PSoC4/D_Interrupt.c **** /*******************************************************************************
 372:Generated_Source\PSoC4/D_Interrupt.c **** * Function Name: D_Interrupt_SetPending
 373:Generated_Source\PSoC4/D_Interrupt.c **** ********************************************************************************
 374:Generated_Source\PSoC4/D_Interrupt.c **** *
 375:Generated_Source\PSoC4/D_Interrupt.c **** * Summary:
 376:Generated_Source\PSoC4/D_Interrupt.c **** *   Causes the Interrupt to enter the pending state, a software method of
 377:Generated_Source\PSoC4/D_Interrupt.c **** *   generating the interrupt.
 378:Generated_Source\PSoC4/D_Interrupt.c **** *
 379:Generated_Source\PSoC4/D_Interrupt.c **** * Parameters:
 380:Generated_Source\PSoC4/D_Interrupt.c **** *   None
 381:Generated_Source\PSoC4/D_Interrupt.c **** *
 382:Generated_Source\PSoC4/D_Interrupt.c **** * Return:
 383:Generated_Source\PSoC4/D_Interrupt.c **** *   None
 384:Generated_Source\PSoC4/D_Interrupt.c **** *
 385:Generated_Source\PSoC4/D_Interrupt.c **** * Side Effects:
 386:Generated_Source\PSoC4/D_Interrupt.c **** *   If interrupts are enabled and the interrupt is set up properly, the ISR is
 387:Generated_Source\PSoC4/D_Interrupt.c **** *   entered (depending on the priority of this interrupt and other pending 
 388:Generated_Source\PSoC4/D_Interrupt.c **** *   interrupts).
 389:Generated_Source\PSoC4/D_Interrupt.c **** *
 390:Generated_Source\PSoC4/D_Interrupt.c **** *******************************************************************************/
 391:Generated_Source\PSoC4/D_Interrupt.c **** void D_Interrupt_SetPending(void)
 392:Generated_Source\PSoC4/D_Interrupt.c **** {
 358              		.loc 1 392 0
 359              		.cfi_startproc
 360              		@ args = 0, pretend = 0, frame = 0
 361              		@ frame_needed = 0, uses_anonymous_args = 0
 362              		@ link register save eliminated.
 393:Generated_Source\PSoC4/D_Interrupt.c ****     *D_Interrupt_INTC_SET_PD = D_Interrupt__INTC_MASK;
 363              		.loc 1 393 0
 364 0000 1022     		movs	r2, #16
 365 0002 014B     		ldr	r3, .L32
 366 0004 1A60     		str	r2, [r3]
 394:Generated_Source\PSoC4/D_Interrupt.c **** }
 367              		.loc 1 394 0
 368              		@ sp needed
 369 0006 7047     		bx	lr
 370              	.L33:
 371              		.align	2
 372              	.L32:
 373 0008 00E200E0 		.word	-536813056
 374              		.cfi_endproc
 375              	.LFE44:
 376              		.size	D_Interrupt_SetPending, .-D_Interrupt_SetPending
 377              		.section	.text.D_Interrupt_ClearPending,"ax",%progbits
 378              		.align	2
 379              		.global	D_Interrupt_ClearPending
 380              		.code	16
 381              		.thumb_func
 382              		.type	D_Interrupt_ClearPending, %function
 383              	D_Interrupt_ClearPending:
 384              	.LFB45:
 395:Generated_Source\PSoC4/D_Interrupt.c **** 
 396:Generated_Source\PSoC4/D_Interrupt.c **** 
 397:Generated_Source\PSoC4/D_Interrupt.c **** /*******************************************************************************
ARM GAS  C:\Users\quint\AppData\Local\Temp\cccDvJMg.s 			page 15


 398:Generated_Source\PSoC4/D_Interrupt.c **** * Function Name: D_Interrupt_ClearPending
 399:Generated_Source\PSoC4/D_Interrupt.c **** ********************************************************************************
 400:Generated_Source\PSoC4/D_Interrupt.c **** *
 401:Generated_Source\PSoC4/D_Interrupt.c **** * Summary:
 402:Generated_Source\PSoC4/D_Interrupt.c **** *   Clears a pending interrupt in the interrupt controller.
 403:Generated_Source\PSoC4/D_Interrupt.c **** *
 404:Generated_Source\PSoC4/D_Interrupt.c **** *   Note Some interrupt sources are clear-on-read and require the block 
 405:Generated_Source\PSoC4/D_Interrupt.c **** *   interrupt/status register to be read/cleared with the appropriate block API 
 406:Generated_Source\PSoC4/D_Interrupt.c **** *   (GPIO, UART, and so on). Otherwise the ISR will continue to remain in 
 407:Generated_Source\PSoC4/D_Interrupt.c **** *   pending state even though the interrupt itself is cleared using this API.
 408:Generated_Source\PSoC4/D_Interrupt.c **** *
 409:Generated_Source\PSoC4/D_Interrupt.c **** * Parameters:
 410:Generated_Source\PSoC4/D_Interrupt.c **** *   None
 411:Generated_Source\PSoC4/D_Interrupt.c **** *
 412:Generated_Source\PSoC4/D_Interrupt.c **** * Return:
 413:Generated_Source\PSoC4/D_Interrupt.c **** *   None
 414:Generated_Source\PSoC4/D_Interrupt.c **** *
 415:Generated_Source\PSoC4/D_Interrupt.c **** *******************************************************************************/
 416:Generated_Source\PSoC4/D_Interrupt.c **** void D_Interrupt_ClearPending(void)
 417:Generated_Source\PSoC4/D_Interrupt.c **** {
 385              		.loc 1 417 0
 386              		.cfi_startproc
 387              		@ args = 0, pretend = 0, frame = 0
 388              		@ frame_needed = 0, uses_anonymous_args = 0
 389              		@ link register save eliminated.
 418:Generated_Source\PSoC4/D_Interrupt.c ****     *D_Interrupt_INTC_CLR_PD = D_Interrupt__INTC_MASK;
 390              		.loc 1 418 0
 391 0000 1022     		movs	r2, #16
 392 0002 014B     		ldr	r3, .L35
 393 0004 1A60     		str	r2, [r3]
 419:Generated_Source\PSoC4/D_Interrupt.c **** }
 394              		.loc 1 419 0
 395              		@ sp needed
 396 0006 7047     		bx	lr
 397              	.L36:
 398              		.align	2
 399              	.L35:
 400 0008 80E200E0 		.word	-536812928
 401              		.cfi_endproc
 402              	.LFE45:
 403              		.size	D_Interrupt_ClearPending, .-D_Interrupt_ClearPending
 404              		.section	.text.D_Interrupt_Interrupt,"ax",%progbits
 405              		.align	2
 406              		.global	D_Interrupt_Interrupt
 407              		.code	16
 408              		.thumb_func
 409              		.type	D_Interrupt_Interrupt, %function
 410              	D_Interrupt_Interrupt:
 411              	.LFB36:
 164:Generated_Source\PSoC4/D_Interrupt.c ****     #ifdef D_Interrupt_INTERRUPT_INTERRUPT_CALLBACK
 412              		.loc 1 164 0
 413              		.cfi_startproc
 414              		@ args = 0, pretend = 0, frame = 0
 415              		@ frame_needed = 0, uses_anonymous_args = 0
 416 0000 10B5     		push	{r4, lr}
 417              		.cfi_def_cfa_offset 8
 418              		.cfi_offset 4, -8
ARM GAS  C:\Users\quint\AppData\Local\Temp\cccDvJMg.s 			page 16


 419              		.cfi_offset 14, -4
 420              	.L38:
 173:Generated_Source\PSoC4/D_Interrupt.c **** 
 421              		.loc 1 173 0 discriminator 1
 422 0002 FFF7FEFF 		bl	D_Button_Read
 423              	.LVL20:
 424 0006 0128     		cmp	r0, #1
 425 0008 FBD0     		beq	.L38
 426 000a 06E0     		b	.L39
 427              	.L40:
 179:Generated_Source\PSoC4/D_Interrupt.c ****                  //sprintf(mystring, "%5d", count);
 428              		.loc 1 179 0
 429 000c 064A     		ldr	r2, .L41
 430 000e 1368     		ldr	r3, [r2]
 431 0010 013B     		subs	r3, r3, #1
 432 0012 1360     		str	r3, [r2]
 182:Generated_Source\PSoC4/D_Interrupt.c ****             }
 433              		.loc 1 182 0
 434 0014 3220     		movs	r0, #50
 435 0016 FFF7FEFF 		bl	CyDelay
 436              	.LVL21:
 437              	.L39:
 177:Generated_Source\PSoC4/D_Interrupt.c ****             {  
 438              		.loc 1 177 0
 439 001a FFF7FEFF 		bl	D_Button_Read
 440              	.LVL22:
 441 001e 0028     		cmp	r0, #0
 442 0020 F4D0     		beq	.L40
 185:Generated_Source\PSoC4/D_Interrupt.c ****     /* `#END` */
 443              		.loc 1 185 0
 444 0022 FFF7FEFF 		bl	D_Interrupt_ClearPending
 445              	.LVL23:
 187:Generated_Source\PSoC4/D_Interrupt.c **** 
 446              		.loc 1 187 0
 447              		@ sp needed
 448 0026 10BD     		pop	{r4, pc}
 449              	.L42:
 450              		.align	2
 451              	.L41:
 452 0028 00000000 		.word	count
 453              		.cfi_endproc
 454              	.LFE36:
 455              		.size	D_Interrupt_Interrupt, .-D_Interrupt_Interrupt
 456              		.comm	GLCD_FONT8x16,1552,4
 457              		.text
 458              	.Letext0:
 459              		.file 2 "Generated_Source\\PSoC4/cytypes.h"
 460              		.file 3 "Generated_Source\\PSoC4\\GLCD.h"
 461              		.file 4 "Generated_Source\\PSoC4/CyLib.h"
 462              		.file 5 "Generated_Source\\PSoC4\\D_Button.h"
 463              		.section	.debug_info,"",%progbits
 464              	.Ldebug_info0:
 465 0000 8B030000 		.4byte	0x38b
 466 0004 0400     		.2byte	0x4
 467 0006 00000000 		.4byte	.Ldebug_abbrev0
 468 000a 04       		.byte	0x4
 469 000b 01       		.uleb128 0x1
ARM GAS  C:\Users\quint\AppData\Local\Temp\cccDvJMg.s 			page 17


 470 000c 50020000 		.4byte	.LASF41
 471 0010 0C       		.byte	0xc
 472 0011 07020000 		.4byte	.LASF42
 473 0015 49010000 		.4byte	.LASF43
 474 0019 00000000 		.4byte	.Ldebug_ranges0+0
 475 001d 00000000 		.4byte	0
 476 0021 00000000 		.4byte	.Ldebug_line0
 477 0025 02       		.uleb128 0x2
 478 0026 01       		.byte	0x1
 479 0027 06       		.byte	0x6
 480 0028 7E030000 		.4byte	.LASF0
 481 002c 02       		.uleb128 0x2
 482 002d 01       		.byte	0x1
 483 002e 08       		.byte	0x8
 484 002f B6000000 		.4byte	.LASF1
 485 0033 02       		.uleb128 0x2
 486 0034 02       		.byte	0x2
 487 0035 05       		.byte	0x5
 488 0036 08030000 		.4byte	.LASF2
 489 003a 02       		.uleb128 0x2
 490 003b 02       		.byte	0x2
 491 003c 07       		.byte	0x7
 492 003d F9000000 		.4byte	.LASF3
 493 0041 02       		.uleb128 0x2
 494 0042 04       		.byte	0x4
 495 0043 05       		.byte	0x5
 496 0044 3D030000 		.4byte	.LASF4
 497 0048 02       		.uleb128 0x2
 498 0049 04       		.byte	0x4
 499 004a 07       		.byte	0x7
 500 004b E7000000 		.4byte	.LASF5
 501 004f 02       		.uleb128 0x2
 502 0050 08       		.byte	0x8
 503 0051 05       		.byte	0x5
 504 0052 E7020000 		.4byte	.LASF6
 505 0056 02       		.uleb128 0x2
 506 0057 08       		.byte	0x8
 507 0058 07       		.byte	0x7
 508 0059 2C020000 		.4byte	.LASF7
 509 005d 03       		.uleb128 0x3
 510 005e 04       		.byte	0x4
 511 005f 05       		.byte	0x5
 512 0060 696E7400 		.ascii	"int\000"
 513 0064 02       		.uleb128 0x2
 514 0065 04       		.byte	0x4
 515 0066 07       		.byte	0x7
 516 0067 E9010000 		.4byte	.LASF8
 517 006b 04       		.uleb128 0x4
 518 006c 12030000 		.4byte	.LASF9
 519 0070 02       		.byte	0x2
 520 0071 E401     		.2byte	0x1e4
 521 0073 2C000000 		.4byte	0x2c
 522 0077 04       		.uleb128 0x4
 523 0078 CB010000 		.4byte	.LASF10
 524 007c 02       		.byte	0x2
 525 007d E601     		.2byte	0x1e6
 526 007f 48000000 		.4byte	0x48
ARM GAS  C:\Users\quint\AppData\Local\Temp\cccDvJMg.s 			page 18


 527 0083 02       		.uleb128 0x2
 528 0084 04       		.byte	0x4
 529 0085 04       		.byte	0x4
 530 0086 B0000000 		.4byte	.LASF11
 531 008a 02       		.uleb128 0x2
 532 008b 08       		.byte	0x8
 533 008c 04       		.byte	0x4
 534 008d 15010000 		.4byte	.LASF12
 535 0091 02       		.uleb128 0x2
 536 0092 01       		.byte	0x1
 537 0093 08       		.byte	0x8
 538 0094 03030000 		.4byte	.LASF13
 539 0098 04       		.uleb128 0x4
 540 0099 00000000 		.4byte	.LASF14
 541 009d 02       		.byte	0x2
 542 009e 9002     		.2byte	0x290
 543 00a0 A4000000 		.4byte	0xa4
 544 00a4 05       		.uleb128 0x5
 545 00a5 77000000 		.4byte	0x77
 546 00a9 04       		.uleb128 0x4
 547 00aa 43020000 		.4byte	.LASF15
 548 00ae 02       		.byte	0x2
 549 00af A002     		.2byte	0x2a0
 550 00b1 B5000000 		.4byte	0xb5
 551 00b5 06       		.uleb128 0x6
 552 00b6 04       		.byte	0x4
 553 00b7 BB000000 		.4byte	0xbb
 554 00bb 07       		.uleb128 0x7
 555 00bc 02       		.uleb128 0x2
 556 00bd 08       		.byte	0x8
 557 00be 04       		.byte	0x4
 558 00bf 5C030000 		.4byte	.LASF16
 559 00c3 02       		.uleb128 0x2
 560 00c4 04       		.byte	0x4
 561 00c5 07       		.byte	0x7
 562 00c6 DE020000 		.4byte	.LASF17
 563 00ca 08       		.uleb128 0x8
 564 00cb B5010000 		.4byte	.LASF18
 565 00cf 01       		.byte	0x1
 566 00d0 D9       		.byte	0xd9
 567 00d1 00000000 		.4byte	.LFB37
 568 00d5 0C000000 		.4byte	.LFE37-.LFB37
 569 00d9 01       		.uleb128 0x1
 570 00da 9C       		.byte	0x9c
 571 00db ED000000 		.4byte	0xed
 572 00df 09       		.uleb128 0x9
 573 00e0 42000000 		.4byte	.LASF20
 574 00e4 01       		.byte	0x1
 575 00e5 D9       		.byte	0xd9
 576 00e6 A9000000 		.4byte	0xa9
 577 00ea 01       		.uleb128 0x1
 578 00eb 50       		.byte	0x50
 579 00ec 00       		.byte	0
 580 00ed 0A       		.uleb128 0xa
 581 00ee 46030000 		.4byte	.LASF24
 582 00f2 01       		.byte	0x1
 583 00f3 ED       		.byte	0xed
ARM GAS  C:\Users\quint\AppData\Local\Temp\cccDvJMg.s 			page 19


 584 00f4 A9000000 		.4byte	0xa9
 585 00f8 00000000 		.4byte	.LFB38
 586 00fc 0C000000 		.4byte	.LFE38-.LFB38
 587 0100 01       		.uleb128 0x1
 588 0101 9C       		.byte	0x9c
 589 0102 0B       		.uleb128 0xb
 590 0103 1C010000 		.4byte	.LASF19
 591 0107 01       		.byte	0x1
 592 0108 0B01     		.2byte	0x10b
 593 010a 00000000 		.4byte	.LFB39
 594 010e 20000000 		.4byte	.LFE39-.LFB39
 595 0112 01       		.uleb128 0x1
 596 0113 9C       		.byte	0x9c
 597 0114 58010000 		.4byte	0x158
 598 0118 0C       		.uleb128 0xc
 599 0119 0C010000 		.4byte	.LASF21
 600 011d 01       		.byte	0x1
 601 011e 0B01     		.2byte	0x10b
 602 0120 6B000000 		.4byte	0x6b
 603 0124 00000000 		.4byte	.LLST0
 604 0128 0D       		.uleb128 0xd
 605 0129 D8000000 		.4byte	.LASF22
 606 012d 01       		.byte	0x1
 607 012e 0D01     		.2byte	0x10d
 608 0130 6B000000 		.4byte	0x6b
 609 0134 21000000 		.4byte	.LLST1
 610 0138 0E       		.uleb128 0xe
 611 0139 2E030000 		.4byte	.LASF23
 612 013d 01       		.byte	0x1
 613 013e 0E01     		.2byte	0x10e
 614 0140 77000000 		.4byte	0x77
 615 0144 06       		.byte	0x6
 616 0145 0F       		.uleb128 0xf
 617 0146 08000000 		.4byte	.LVL3
 618 014a 62030000 		.4byte	0x362
 619 014e 0F       		.uleb128 0xf
 620 014f 1A000000 		.4byte	.LVL4
 621 0153 6D030000 		.4byte	0x36d
 622 0157 00       		.byte	0
 623 0158 10       		.uleb128 0x10
 624 0159 06000000 		.4byte	.LASF44
 625 015d 01       		.byte	0x1
 626 015e 2701     		.2byte	0x127
 627 0160 6B000000 		.4byte	0x6b
 628 0164 00000000 		.4byte	.LFB40
 629 0168 10000000 		.4byte	.LFE40-.LFB40
 630 016c 01       		.uleb128 0x1
 631 016d 9C       		.byte	0x9c
 632 016e 90010000 		.4byte	0x190
 633 0172 0D       		.uleb128 0xd
 634 0173 0C010000 		.4byte	.LASF21
 635 0177 01       		.byte	0x1
 636 0178 2901     		.2byte	0x129
 637 017a 77000000 		.4byte	0x77
 638 017e 34000000 		.4byte	.LLST2
 639 0182 0E       		.uleb128 0xe
 640 0183 2E030000 		.4byte	.LASF23
ARM GAS  C:\Users\quint\AppData\Local\Temp\cccDvJMg.s 			page 20


 641 0187 01       		.byte	0x1
 642 0188 2A01     		.2byte	0x12a
 643 018a 77000000 		.4byte	0x77
 644 018e 06       		.byte	0x6
 645 018f 00       		.byte	0
 646 0190 11       		.uleb128 0x11
 647 0191 64000000 		.4byte	.LASF26
 648 0195 01       		.byte	0x1
 649 0196 4201     		.2byte	0x142
 650 0198 00000000 		.4byte	.LFB41
 651 019c 0C000000 		.4byte	.LFE41-.LFB41
 652 01a0 01       		.uleb128 0x1
 653 01a1 9C       		.byte	0x9c
 654 01a2 12       		.uleb128 0x12
 655 01a3 34010000 		.4byte	.LASF25
 656 01a7 01       		.byte	0x1
 657 01a8 5701     		.2byte	0x157
 658 01aa 6B000000 		.4byte	0x6b
 659 01ae 00000000 		.4byte	.LFB42
 660 01b2 14000000 		.4byte	.LFE42-.LFB42
 661 01b6 01       		.uleb128 0x1
 662 01b7 9C       		.byte	0x9c
 663 01b8 11       		.uleb128 0x11
 664 01b9 C4000000 		.4byte	.LASF27
 665 01bd 01       		.byte	0x1
 666 01be 6C01     		.2byte	0x16c
 667 01c0 00000000 		.4byte	.LFB43
 668 01c4 0C000000 		.4byte	.LFE43-.LFB43
 669 01c8 01       		.uleb128 0x1
 670 01c9 9C       		.byte	0x9c
 671 01ca 08       		.uleb128 0x8
 672 01cb 90000000 		.4byte	.LASF28
 673 01cf 01       		.byte	0x1
 674 01d0 3C       		.byte	0x3c
 675 01d1 00000000 		.4byte	.LFB33
 676 01d5 1C000000 		.4byte	.LFE33-.LFB33
 677 01d9 01       		.uleb128 0x1
 678 01da 9C       		.byte	0x9c
 679 01db 1C020000 		.4byte	0x21c
 680 01df 0F       		.uleb128 0xf
 681 01e0 06000000 		.4byte	.LVL8
 682 01e4 B8010000 		.4byte	0x1b8
 683 01e8 13       		.uleb128 0x13
 684 01e9 0C000000 		.4byte	.LVL9
 685 01ed CA000000 		.4byte	0xca
 686 01f1 FF010000 		.4byte	0x1ff
 687 01f5 14       		.uleb128 0x14
 688 01f6 01       		.uleb128 0x1
 689 01f7 50       		.byte	0x50
 690 01f8 05       		.uleb128 0x5
 691 01f9 03       		.byte	0x3
 692 01fa 00000000 		.4byte	D_Interrupt_Interrupt
 693 01fe 00       		.byte	0
 694 01ff 13       		.uleb128 0x13
 695 0200 12000000 		.4byte	.LVL10
 696 0204 02010000 		.4byte	0x102
 697 0208 12020000 		.4byte	0x212
ARM GAS  C:\Users\quint\AppData\Local\Temp\cccDvJMg.s 			page 21


 698 020c 14       		.uleb128 0x14
 699 020d 01       		.uleb128 0x1
 700 020e 50       		.byte	0x50
 701 020f 01       		.uleb128 0x1
 702 0210 33       		.byte	0x33
 703 0211 00       		.byte	0
 704 0212 0F       		.uleb128 0xf
 705 0213 16000000 		.4byte	.LVL11
 706 0217 90010000 		.4byte	0x190
 707 021b 00       		.byte	0
 708 021c 08       		.uleb128 0x8
 709 021d 50000000 		.4byte	.LASF29
 710 0221 01       		.byte	0x1
 711 0222 67       		.byte	0x67
 712 0223 00000000 		.4byte	.LFB34
 713 0227 1A000000 		.4byte	.LFE34-.LFB34
 714 022b 01       		.uleb128 0x1
 715 022c 9C       		.byte	0x9c
 716 022d 7A020000 		.4byte	0x27a
 717 0231 15       		.uleb128 0x15
 718 0232 42000000 		.4byte	.LASF20
 719 0236 01       		.byte	0x1
 720 0237 67       		.byte	0x67
 721 0238 A9000000 		.4byte	0xa9
 722 023c 56000000 		.4byte	.LLST3
 723 0240 0F       		.uleb128 0xf
 724 0241 08000000 		.4byte	.LVL13
 725 0245 B8010000 		.4byte	0x1b8
 726 0249 13       		.uleb128 0x13
 727 024a 0E000000 		.4byte	.LVL14
 728 024e CA000000 		.4byte	0xca
 729 0252 5D020000 		.4byte	0x25d
 730 0256 14       		.uleb128 0x14
 731 0257 01       		.uleb128 0x1
 732 0258 50       		.byte	0x50
 733 0259 02       		.uleb128 0x2
 734 025a 74       		.byte	0x74
 735 025b 00       		.sleb128 0
 736 025c 00       		.byte	0
 737 025d 13       		.uleb128 0x13
 738 025e 14000000 		.4byte	.LVL15
 739 0262 02010000 		.4byte	0x102
 740 0266 70020000 		.4byte	0x270
 741 026a 14       		.uleb128 0x14
 742 026b 01       		.uleb128 0x1
 743 026c 50       		.byte	0x50
 744 026d 01       		.uleb128 0x1
 745 026e 33       		.byte	0x33
 746 026f 00       		.byte	0
 747 0270 0F       		.uleb128 0xf
 748 0271 18000000 		.4byte	.LVL16
 749 0275 90010000 		.4byte	0x190
 750 0279 00       		.byte	0
 751 027a 08       		.uleb128 0x8
 752 027b F6010000 		.4byte	.LASF30
 753 027f 01       		.byte	0x1
 754 0280 85       		.byte	0x85
ARM GAS  C:\Users\quint\AppData\Local\Temp\cccDvJMg.s 			page 22


 755 0281 00000000 		.4byte	.LFB35
 756 0285 14000000 		.4byte	.LFE35-.LFB35
 757 0289 01       		.uleb128 0x1
 758 028a 9C       		.byte	0x9c
 759 028b A2020000 		.4byte	0x2a2
 760 028f 0F       		.uleb128 0xf
 761 0290 06000000 		.4byte	.LVL18
 762 0294 B8010000 		.4byte	0x1b8
 763 0298 0F       		.uleb128 0xf
 764 0299 0C000000 		.4byte	.LVL19
 765 029d CA000000 		.4byte	0xca
 766 02a1 00       		.byte	0
 767 02a2 11       		.uleb128 0x11
 768 02a3 1E000000 		.4byte	.LASF31
 769 02a7 01       		.byte	0x1
 770 02a8 8701     		.2byte	0x187
 771 02aa 00000000 		.4byte	.LFB44
 772 02ae 0C000000 		.4byte	.LFE44-.LFB44
 773 02b2 01       		.uleb128 0x1
 774 02b3 9C       		.byte	0x9c
 775 02b4 11       		.uleb128 0x11
 776 02b5 77000000 		.4byte	.LASF32
 777 02b9 01       		.byte	0x1
 778 02ba A001     		.2byte	0x1a0
 779 02bc 00000000 		.4byte	.LFB45
 780 02c0 0C000000 		.4byte	.LFE45-.LFB45
 781 02c4 01       		.uleb128 0x1
 782 02c5 9C       		.byte	0x9c
 783 02c6 08       		.uleb128 0x8
 784 02c7 68030000 		.4byte	.LASF33
 785 02cb 01       		.byte	0x1
 786 02cc A3       		.byte	0xa3
 787 02cd 00000000 		.4byte	.LFB36
 788 02d1 2C000000 		.4byte	.LFE36-.LFB36
 789 02d5 01       		.uleb128 0x1
 790 02d6 9C       		.byte	0x9c
 791 02d7 0B030000 		.4byte	0x30b
 792 02db 0F       		.uleb128 0xf
 793 02dc 06000000 		.4byte	.LVL20
 794 02e0 78030000 		.4byte	0x378
 795 02e4 13       		.uleb128 0x13
 796 02e5 1A000000 		.4byte	.LVL21
 797 02e9 83030000 		.4byte	0x383
 798 02ed F8020000 		.4byte	0x2f8
 799 02f1 14       		.uleb128 0x14
 800 02f2 01       		.uleb128 0x1
 801 02f3 50       		.byte	0x50
 802 02f4 02       		.uleb128 0x2
 803 02f5 08       		.byte	0x8
 804 02f6 32       		.byte	0x32
 805 02f7 00       		.byte	0
 806 02f8 0F       		.uleb128 0xf
 807 02f9 1E000000 		.4byte	.LVL22
 808 02fd 78030000 		.4byte	0x378
 809 0301 0F       		.uleb128 0xf
 810 0302 26000000 		.4byte	.LVL23
 811 0306 B4020000 		.4byte	0x2b4
ARM GAS  C:\Users\quint\AppData\Local\Temp\cccDvJMg.s 			page 23


 812 030a 00       		.byte	0
 813 030b 16       		.uleb128 0x16
 814 030c 21030000 		.4byte	0x321
 815 0310 21030000 		.4byte	0x321
 816 0314 17       		.uleb128 0x17
 817 0315 C3000000 		.4byte	0xc3
 818 0319 60       		.byte	0x60
 819 031a 17       		.uleb128 0x17
 820 031b C3000000 		.4byte	0xc3
 821 031f 0F       		.byte	0xf
 822 0320 00       		.byte	0
 823 0321 18       		.uleb128 0x18
 824 0322 6B000000 		.4byte	0x6b
 825 0326 19       		.uleb128 0x19
 826 0327 F5020000 		.4byte	.LASF34
 827 032b 03       		.byte	0x3
 828 032c 42       		.byte	0x42
 829 032d 37030000 		.4byte	0x337
 830 0331 05       		.uleb128 0x5
 831 0332 03       		.byte	0x3
 832 0333 00000000 		.4byte	GLCD_FONT8x16
 833 0337 18       		.uleb128 0x18
 834 0338 0B030000 		.4byte	0x30b
 835 033c 1A       		.uleb128 0x1a
 836 033d 4A000000 		.4byte	.LASF35
 837 0341 01       		.byte	0x1
 838 0342 21       		.byte	0x21
 839 0343 5D000000 		.4byte	0x5d
 840 0347 16       		.uleb128 0x16
 841 0348 A9000000 		.4byte	0xa9
 842 034c 57030000 		.4byte	0x357
 843 0350 17       		.uleb128 0x17
 844 0351 C3000000 		.4byte	0xc3
 845 0355 2F       		.byte	0x2f
 846 0356 00       		.byte	0
 847 0357 1A       		.uleb128 0x1a
 848 0358 35000000 		.4byte	.LASF36
 849 035c 01       		.byte	0x1
 850 035d 25       		.byte	0x25
 851 035e 47030000 		.4byte	0x347
 852 0362 1B       		.uleb128 0x1b
 853 0363 D2010000 		.4byte	.LASF37
 854 0367 D2010000 		.4byte	.LASF37
 855 036b 04       		.byte	0x4
 856 036c E5       		.byte	0xe5
 857 036d 1B       		.uleb128 0x1b
 858 036e 18030000 		.4byte	.LASF38
 859 0372 18030000 		.4byte	.LASF38
 860 0376 04       		.byte	0x4
 861 0377 E6       		.byte	0xe6
 862 0378 1B       		.uleb128 0x1b
 863 0379 A2000000 		.4byte	.LASF39
 864 037d A2000000 		.4byte	.LASF39
 865 0381 05       		.byte	0x5
 866 0382 32       		.byte	0x32
 867 0383 1B       		.uleb128 0x1b
 868 0384 8A030000 		.4byte	.LASF40
ARM GAS  C:\Users\quint\AppData\Local\Temp\cccDvJMg.s 			page 24


 869 0388 8A030000 		.4byte	.LASF40
 870 038c 04       		.byte	0x4
 871 038d D9       		.byte	0xd9
 872 038e 00       		.byte	0
 873              		.section	.debug_abbrev,"",%progbits
 874              	.Ldebug_abbrev0:
 875 0000 01       		.uleb128 0x1
 876 0001 11       		.uleb128 0x11
 877 0002 01       		.byte	0x1
 878 0003 25       		.uleb128 0x25
 879 0004 0E       		.uleb128 0xe
 880 0005 13       		.uleb128 0x13
 881 0006 0B       		.uleb128 0xb
 882 0007 03       		.uleb128 0x3
 883 0008 0E       		.uleb128 0xe
 884 0009 1B       		.uleb128 0x1b
 885 000a 0E       		.uleb128 0xe
 886 000b 55       		.uleb128 0x55
 887 000c 17       		.uleb128 0x17
 888 000d 11       		.uleb128 0x11
 889 000e 01       		.uleb128 0x1
 890 000f 10       		.uleb128 0x10
 891 0010 17       		.uleb128 0x17
 892 0011 00       		.byte	0
 893 0012 00       		.byte	0
 894 0013 02       		.uleb128 0x2
 895 0014 24       		.uleb128 0x24
 896 0015 00       		.byte	0
 897 0016 0B       		.uleb128 0xb
 898 0017 0B       		.uleb128 0xb
 899 0018 3E       		.uleb128 0x3e
 900 0019 0B       		.uleb128 0xb
 901 001a 03       		.uleb128 0x3
 902 001b 0E       		.uleb128 0xe
 903 001c 00       		.byte	0
 904 001d 00       		.byte	0
 905 001e 03       		.uleb128 0x3
 906 001f 24       		.uleb128 0x24
 907 0020 00       		.byte	0
 908 0021 0B       		.uleb128 0xb
 909 0022 0B       		.uleb128 0xb
 910 0023 3E       		.uleb128 0x3e
 911 0024 0B       		.uleb128 0xb
 912 0025 03       		.uleb128 0x3
 913 0026 08       		.uleb128 0x8
 914 0027 00       		.byte	0
 915 0028 00       		.byte	0
 916 0029 04       		.uleb128 0x4
 917 002a 16       		.uleb128 0x16
 918 002b 00       		.byte	0
 919 002c 03       		.uleb128 0x3
 920 002d 0E       		.uleb128 0xe
 921 002e 3A       		.uleb128 0x3a
 922 002f 0B       		.uleb128 0xb
 923 0030 3B       		.uleb128 0x3b
 924 0031 05       		.uleb128 0x5
 925 0032 49       		.uleb128 0x49
ARM GAS  C:\Users\quint\AppData\Local\Temp\cccDvJMg.s 			page 25


 926 0033 13       		.uleb128 0x13
 927 0034 00       		.byte	0
 928 0035 00       		.byte	0
 929 0036 05       		.uleb128 0x5
 930 0037 35       		.uleb128 0x35
 931 0038 00       		.byte	0
 932 0039 49       		.uleb128 0x49
 933 003a 13       		.uleb128 0x13
 934 003b 00       		.byte	0
 935 003c 00       		.byte	0
 936 003d 06       		.uleb128 0x6
 937 003e 0F       		.uleb128 0xf
 938 003f 00       		.byte	0
 939 0040 0B       		.uleb128 0xb
 940 0041 0B       		.uleb128 0xb
 941 0042 49       		.uleb128 0x49
 942 0043 13       		.uleb128 0x13
 943 0044 00       		.byte	0
 944 0045 00       		.byte	0
 945 0046 07       		.uleb128 0x7
 946 0047 15       		.uleb128 0x15
 947 0048 00       		.byte	0
 948 0049 27       		.uleb128 0x27
 949 004a 19       		.uleb128 0x19
 950 004b 00       		.byte	0
 951 004c 00       		.byte	0
 952 004d 08       		.uleb128 0x8
 953 004e 2E       		.uleb128 0x2e
 954 004f 01       		.byte	0x1
 955 0050 3F       		.uleb128 0x3f
 956 0051 19       		.uleb128 0x19
 957 0052 03       		.uleb128 0x3
 958 0053 0E       		.uleb128 0xe
 959 0054 3A       		.uleb128 0x3a
 960 0055 0B       		.uleb128 0xb
 961 0056 3B       		.uleb128 0x3b
 962 0057 0B       		.uleb128 0xb
 963 0058 27       		.uleb128 0x27
 964 0059 19       		.uleb128 0x19
 965 005a 11       		.uleb128 0x11
 966 005b 01       		.uleb128 0x1
 967 005c 12       		.uleb128 0x12
 968 005d 06       		.uleb128 0x6
 969 005e 40       		.uleb128 0x40
 970 005f 18       		.uleb128 0x18
 971 0060 9742     		.uleb128 0x2117
 972 0062 19       		.uleb128 0x19
 973 0063 01       		.uleb128 0x1
 974 0064 13       		.uleb128 0x13
 975 0065 00       		.byte	0
 976 0066 00       		.byte	0
 977 0067 09       		.uleb128 0x9
 978 0068 05       		.uleb128 0x5
 979 0069 00       		.byte	0
 980 006a 03       		.uleb128 0x3
 981 006b 0E       		.uleb128 0xe
 982 006c 3A       		.uleb128 0x3a
ARM GAS  C:\Users\quint\AppData\Local\Temp\cccDvJMg.s 			page 26


 983 006d 0B       		.uleb128 0xb
 984 006e 3B       		.uleb128 0x3b
 985 006f 0B       		.uleb128 0xb
 986 0070 49       		.uleb128 0x49
 987 0071 13       		.uleb128 0x13
 988 0072 02       		.uleb128 0x2
 989 0073 18       		.uleb128 0x18
 990 0074 00       		.byte	0
 991 0075 00       		.byte	0
 992 0076 0A       		.uleb128 0xa
 993 0077 2E       		.uleb128 0x2e
 994 0078 00       		.byte	0
 995 0079 3F       		.uleb128 0x3f
 996 007a 19       		.uleb128 0x19
 997 007b 03       		.uleb128 0x3
 998 007c 0E       		.uleb128 0xe
 999 007d 3A       		.uleb128 0x3a
 1000 007e 0B       		.uleb128 0xb
 1001 007f 3B       		.uleb128 0x3b
 1002 0080 0B       		.uleb128 0xb
 1003 0081 27       		.uleb128 0x27
 1004 0082 19       		.uleb128 0x19
 1005 0083 49       		.uleb128 0x49
 1006 0084 13       		.uleb128 0x13
 1007 0085 11       		.uleb128 0x11
 1008 0086 01       		.uleb128 0x1
 1009 0087 12       		.uleb128 0x12
 1010 0088 06       		.uleb128 0x6
 1011 0089 40       		.uleb128 0x40
 1012 008a 18       		.uleb128 0x18
 1013 008b 9742     		.uleb128 0x2117
 1014 008d 19       		.uleb128 0x19
 1015 008e 00       		.byte	0
 1016 008f 00       		.byte	0
 1017 0090 0B       		.uleb128 0xb
 1018 0091 2E       		.uleb128 0x2e
 1019 0092 01       		.byte	0x1
 1020 0093 3F       		.uleb128 0x3f
 1021 0094 19       		.uleb128 0x19
 1022 0095 03       		.uleb128 0x3
 1023 0096 0E       		.uleb128 0xe
 1024 0097 3A       		.uleb128 0x3a
 1025 0098 0B       		.uleb128 0xb
 1026 0099 3B       		.uleb128 0x3b
 1027 009a 05       		.uleb128 0x5
 1028 009b 27       		.uleb128 0x27
 1029 009c 19       		.uleb128 0x19
 1030 009d 11       		.uleb128 0x11
 1031 009e 01       		.uleb128 0x1
 1032 009f 12       		.uleb128 0x12
 1033 00a0 06       		.uleb128 0x6
 1034 00a1 40       		.uleb128 0x40
 1035 00a2 18       		.uleb128 0x18
 1036 00a3 9742     		.uleb128 0x2117
 1037 00a5 19       		.uleb128 0x19
 1038 00a6 01       		.uleb128 0x1
 1039 00a7 13       		.uleb128 0x13
ARM GAS  C:\Users\quint\AppData\Local\Temp\cccDvJMg.s 			page 27


 1040 00a8 00       		.byte	0
 1041 00a9 00       		.byte	0
 1042 00aa 0C       		.uleb128 0xc
 1043 00ab 05       		.uleb128 0x5
 1044 00ac 00       		.byte	0
 1045 00ad 03       		.uleb128 0x3
 1046 00ae 0E       		.uleb128 0xe
 1047 00af 3A       		.uleb128 0x3a
 1048 00b0 0B       		.uleb128 0xb
 1049 00b1 3B       		.uleb128 0x3b
 1050 00b2 05       		.uleb128 0x5
 1051 00b3 49       		.uleb128 0x49
 1052 00b4 13       		.uleb128 0x13
 1053 00b5 02       		.uleb128 0x2
 1054 00b6 17       		.uleb128 0x17
 1055 00b7 00       		.byte	0
 1056 00b8 00       		.byte	0
 1057 00b9 0D       		.uleb128 0xd
 1058 00ba 34       		.uleb128 0x34
 1059 00bb 00       		.byte	0
 1060 00bc 03       		.uleb128 0x3
 1061 00bd 0E       		.uleb128 0xe
 1062 00be 3A       		.uleb128 0x3a
 1063 00bf 0B       		.uleb128 0xb
 1064 00c0 3B       		.uleb128 0x3b
 1065 00c1 05       		.uleb128 0x5
 1066 00c2 49       		.uleb128 0x49
 1067 00c3 13       		.uleb128 0x13
 1068 00c4 02       		.uleb128 0x2
 1069 00c5 17       		.uleb128 0x17
 1070 00c6 00       		.byte	0
 1071 00c7 00       		.byte	0
 1072 00c8 0E       		.uleb128 0xe
 1073 00c9 34       		.uleb128 0x34
 1074 00ca 00       		.byte	0
 1075 00cb 03       		.uleb128 0x3
 1076 00cc 0E       		.uleb128 0xe
 1077 00cd 3A       		.uleb128 0x3a
 1078 00ce 0B       		.uleb128 0xb
 1079 00cf 3B       		.uleb128 0x3b
 1080 00d0 05       		.uleb128 0x5
 1081 00d1 49       		.uleb128 0x49
 1082 00d2 13       		.uleb128 0x13
 1083 00d3 1C       		.uleb128 0x1c
 1084 00d4 0B       		.uleb128 0xb
 1085 00d5 00       		.byte	0
 1086 00d6 00       		.byte	0
 1087 00d7 0F       		.uleb128 0xf
 1088 00d8 898201   		.uleb128 0x4109
 1089 00db 00       		.byte	0
 1090 00dc 11       		.uleb128 0x11
 1091 00dd 01       		.uleb128 0x1
 1092 00de 31       		.uleb128 0x31
 1093 00df 13       		.uleb128 0x13
 1094 00e0 00       		.byte	0
 1095 00e1 00       		.byte	0
 1096 00e2 10       		.uleb128 0x10
ARM GAS  C:\Users\quint\AppData\Local\Temp\cccDvJMg.s 			page 28


 1097 00e3 2E       		.uleb128 0x2e
 1098 00e4 01       		.byte	0x1
 1099 00e5 3F       		.uleb128 0x3f
 1100 00e6 19       		.uleb128 0x19
 1101 00e7 03       		.uleb128 0x3
 1102 00e8 0E       		.uleb128 0xe
 1103 00e9 3A       		.uleb128 0x3a
 1104 00ea 0B       		.uleb128 0xb
 1105 00eb 3B       		.uleb128 0x3b
 1106 00ec 05       		.uleb128 0x5
 1107 00ed 27       		.uleb128 0x27
 1108 00ee 19       		.uleb128 0x19
 1109 00ef 49       		.uleb128 0x49
 1110 00f0 13       		.uleb128 0x13
 1111 00f1 11       		.uleb128 0x11
 1112 00f2 01       		.uleb128 0x1
 1113 00f3 12       		.uleb128 0x12
 1114 00f4 06       		.uleb128 0x6
 1115 00f5 40       		.uleb128 0x40
 1116 00f6 18       		.uleb128 0x18
 1117 00f7 9742     		.uleb128 0x2117
 1118 00f9 19       		.uleb128 0x19
 1119 00fa 01       		.uleb128 0x1
 1120 00fb 13       		.uleb128 0x13
 1121 00fc 00       		.byte	0
 1122 00fd 00       		.byte	0
 1123 00fe 11       		.uleb128 0x11
 1124 00ff 2E       		.uleb128 0x2e
 1125 0100 00       		.byte	0
 1126 0101 3F       		.uleb128 0x3f
 1127 0102 19       		.uleb128 0x19
 1128 0103 03       		.uleb128 0x3
 1129 0104 0E       		.uleb128 0xe
 1130 0105 3A       		.uleb128 0x3a
 1131 0106 0B       		.uleb128 0xb
 1132 0107 3B       		.uleb128 0x3b
 1133 0108 05       		.uleb128 0x5
 1134 0109 27       		.uleb128 0x27
 1135 010a 19       		.uleb128 0x19
 1136 010b 11       		.uleb128 0x11
 1137 010c 01       		.uleb128 0x1
 1138 010d 12       		.uleb128 0x12
 1139 010e 06       		.uleb128 0x6
 1140 010f 40       		.uleb128 0x40
 1141 0110 18       		.uleb128 0x18
 1142 0111 9742     		.uleb128 0x2117
 1143 0113 19       		.uleb128 0x19
 1144 0114 00       		.byte	0
 1145 0115 00       		.byte	0
 1146 0116 12       		.uleb128 0x12
 1147 0117 2E       		.uleb128 0x2e
 1148 0118 00       		.byte	0
 1149 0119 3F       		.uleb128 0x3f
 1150 011a 19       		.uleb128 0x19
 1151 011b 03       		.uleb128 0x3
 1152 011c 0E       		.uleb128 0xe
 1153 011d 3A       		.uleb128 0x3a
ARM GAS  C:\Users\quint\AppData\Local\Temp\cccDvJMg.s 			page 29


 1154 011e 0B       		.uleb128 0xb
 1155 011f 3B       		.uleb128 0x3b
 1156 0120 05       		.uleb128 0x5
 1157 0121 27       		.uleb128 0x27
 1158 0122 19       		.uleb128 0x19
 1159 0123 49       		.uleb128 0x49
 1160 0124 13       		.uleb128 0x13
 1161 0125 11       		.uleb128 0x11
 1162 0126 01       		.uleb128 0x1
 1163 0127 12       		.uleb128 0x12
 1164 0128 06       		.uleb128 0x6
 1165 0129 40       		.uleb128 0x40
 1166 012a 18       		.uleb128 0x18
 1167 012b 9742     		.uleb128 0x2117
 1168 012d 19       		.uleb128 0x19
 1169 012e 00       		.byte	0
 1170 012f 00       		.byte	0
 1171 0130 13       		.uleb128 0x13
 1172 0131 898201   		.uleb128 0x4109
 1173 0134 01       		.byte	0x1
 1174 0135 11       		.uleb128 0x11
 1175 0136 01       		.uleb128 0x1
 1176 0137 31       		.uleb128 0x31
 1177 0138 13       		.uleb128 0x13
 1178 0139 01       		.uleb128 0x1
 1179 013a 13       		.uleb128 0x13
 1180 013b 00       		.byte	0
 1181 013c 00       		.byte	0
 1182 013d 14       		.uleb128 0x14
 1183 013e 8A8201   		.uleb128 0x410a
 1184 0141 00       		.byte	0
 1185 0142 02       		.uleb128 0x2
 1186 0143 18       		.uleb128 0x18
 1187 0144 9142     		.uleb128 0x2111
 1188 0146 18       		.uleb128 0x18
 1189 0147 00       		.byte	0
 1190 0148 00       		.byte	0
 1191 0149 15       		.uleb128 0x15
 1192 014a 05       		.uleb128 0x5
 1193 014b 00       		.byte	0
 1194 014c 03       		.uleb128 0x3
 1195 014d 0E       		.uleb128 0xe
 1196 014e 3A       		.uleb128 0x3a
 1197 014f 0B       		.uleb128 0xb
 1198 0150 3B       		.uleb128 0x3b
 1199 0151 0B       		.uleb128 0xb
 1200 0152 49       		.uleb128 0x49
 1201 0153 13       		.uleb128 0x13
 1202 0154 02       		.uleb128 0x2
 1203 0155 17       		.uleb128 0x17
 1204 0156 00       		.byte	0
 1205 0157 00       		.byte	0
 1206 0158 16       		.uleb128 0x16
 1207 0159 01       		.uleb128 0x1
 1208 015a 01       		.byte	0x1
 1209 015b 49       		.uleb128 0x49
 1210 015c 13       		.uleb128 0x13
ARM GAS  C:\Users\quint\AppData\Local\Temp\cccDvJMg.s 			page 30


 1211 015d 01       		.uleb128 0x1
 1212 015e 13       		.uleb128 0x13
 1213 015f 00       		.byte	0
 1214 0160 00       		.byte	0
 1215 0161 17       		.uleb128 0x17
 1216 0162 21       		.uleb128 0x21
 1217 0163 00       		.byte	0
 1218 0164 49       		.uleb128 0x49
 1219 0165 13       		.uleb128 0x13
 1220 0166 2F       		.uleb128 0x2f
 1221 0167 0B       		.uleb128 0xb
 1222 0168 00       		.byte	0
 1223 0169 00       		.byte	0
 1224 016a 18       		.uleb128 0x18
 1225 016b 26       		.uleb128 0x26
 1226 016c 00       		.byte	0
 1227 016d 49       		.uleb128 0x49
 1228 016e 13       		.uleb128 0x13
 1229 016f 00       		.byte	0
 1230 0170 00       		.byte	0
 1231 0171 19       		.uleb128 0x19
 1232 0172 34       		.uleb128 0x34
 1233 0173 00       		.byte	0
 1234 0174 03       		.uleb128 0x3
 1235 0175 0E       		.uleb128 0xe
 1236 0176 3A       		.uleb128 0x3a
 1237 0177 0B       		.uleb128 0xb
 1238 0178 3B       		.uleb128 0x3b
 1239 0179 0B       		.uleb128 0xb
 1240 017a 49       		.uleb128 0x49
 1241 017b 13       		.uleb128 0x13
 1242 017c 3F       		.uleb128 0x3f
 1243 017d 19       		.uleb128 0x19
 1244 017e 02       		.uleb128 0x2
 1245 017f 18       		.uleb128 0x18
 1246 0180 00       		.byte	0
 1247 0181 00       		.byte	0
 1248 0182 1A       		.uleb128 0x1a
 1249 0183 34       		.uleb128 0x34
 1250 0184 00       		.byte	0
 1251 0185 03       		.uleb128 0x3
 1252 0186 0E       		.uleb128 0xe
 1253 0187 3A       		.uleb128 0x3a
 1254 0188 0B       		.uleb128 0xb
 1255 0189 3B       		.uleb128 0x3b
 1256 018a 0B       		.uleb128 0xb
 1257 018b 49       		.uleb128 0x49
 1258 018c 13       		.uleb128 0x13
 1259 018d 3F       		.uleb128 0x3f
 1260 018e 19       		.uleb128 0x19
 1261 018f 3C       		.uleb128 0x3c
 1262 0190 19       		.uleb128 0x19
 1263 0191 00       		.byte	0
 1264 0192 00       		.byte	0
 1265 0193 1B       		.uleb128 0x1b
 1266 0194 2E       		.uleb128 0x2e
 1267 0195 00       		.byte	0
ARM GAS  C:\Users\quint\AppData\Local\Temp\cccDvJMg.s 			page 31


 1268 0196 3F       		.uleb128 0x3f
 1269 0197 19       		.uleb128 0x19
 1270 0198 3C       		.uleb128 0x3c
 1271 0199 19       		.uleb128 0x19
 1272 019a 6E       		.uleb128 0x6e
 1273 019b 0E       		.uleb128 0xe
 1274 019c 03       		.uleb128 0x3
 1275 019d 0E       		.uleb128 0xe
 1276 019e 3A       		.uleb128 0x3a
 1277 019f 0B       		.uleb128 0xb
 1278 01a0 3B       		.uleb128 0x3b
 1279 01a1 0B       		.uleb128 0xb
 1280 01a2 00       		.byte	0
 1281 01a3 00       		.byte	0
 1282 01a4 00       		.byte	0
 1283              		.section	.debug_loc,"",%progbits
 1284              	.Ldebug_loc0:
 1285              	.LLST0:
 1286 0000 00000000 		.4byte	.LVL1
 1287 0004 07000000 		.4byte	.LVL3-1
 1288 0008 0100     		.2byte	0x1
 1289 000a 50       		.byte	0x50
 1290 000b 07000000 		.4byte	.LVL3-1
 1291 000f 20000000 		.4byte	.LFE39
 1292 0013 0400     		.2byte	0x4
 1293 0015 F3       		.byte	0xf3
 1294 0016 01       		.uleb128 0x1
 1295 0017 50       		.byte	0x50
 1296 0018 9F       		.byte	0x9f
 1297 0019 00000000 		.4byte	0
 1298 001d 00000000 		.4byte	0
 1299              	.LLST1:
 1300 0021 08000000 		.4byte	.LVL3
 1301 0025 19000000 		.4byte	.LVL4-1
 1302 0029 0100     		.2byte	0x1
 1303 002b 50       		.byte	0x50
 1304 002c 00000000 		.4byte	0
 1305 0030 00000000 		.4byte	0
 1306              	.LLST2:
 1307 0034 06000000 		.4byte	.LVL6
 1308 0038 0A000000 		.4byte	.LVL7
 1309 003c 0500     		.2byte	0x5
 1310 003e 70       		.byte	0x70
 1311 003f 00       		.sleb128 0
 1312 0040 33       		.byte	0x33
 1313 0041 1A       		.byte	0x1a
 1314 0042 9F       		.byte	0x9f
 1315 0043 0A000000 		.4byte	.LVL7
 1316 0047 10000000 		.4byte	.LFE40
 1317 004b 0100     		.2byte	0x1
 1318 004d 50       		.byte	0x50
 1319 004e 00000000 		.4byte	0
 1320 0052 00000000 		.4byte	0
 1321              	.LLST3:
 1322 0056 00000000 		.4byte	.LVL12
 1323 005a 07000000 		.4byte	.LVL13-1
 1324 005e 0100     		.2byte	0x1
ARM GAS  C:\Users\quint\AppData\Local\Temp\cccDvJMg.s 			page 32


 1325 0060 50       		.byte	0x50
 1326 0061 07000000 		.4byte	.LVL13-1
 1327 0065 18000000 		.4byte	.LVL17
 1328 0069 0100     		.2byte	0x1
 1329 006b 54       		.byte	0x54
 1330 006c 18000000 		.4byte	.LVL17
 1331 0070 1A000000 		.4byte	.LFE34
 1332 0074 0400     		.2byte	0x4
 1333 0076 F3       		.byte	0xf3
 1334 0077 01       		.uleb128 0x1
 1335 0078 50       		.byte	0x50
 1336 0079 9F       		.byte	0x9f
 1337 007a 00000000 		.4byte	0
 1338 007e 00000000 		.4byte	0
 1339              		.section	.debug_aranges,"",%progbits
 1340 0000 7C000000 		.4byte	0x7c
 1341 0004 0200     		.2byte	0x2
 1342 0006 00000000 		.4byte	.Ldebug_info0
 1343 000a 04       		.byte	0x4
 1344 000b 00       		.byte	0
 1345 000c 0000     		.2byte	0
 1346 000e 0000     		.2byte	0
 1347 0010 00000000 		.4byte	.LFB37
 1348 0014 0C000000 		.4byte	.LFE37-.LFB37
 1349 0018 00000000 		.4byte	.LFB38
 1350 001c 0C000000 		.4byte	.LFE38-.LFB38
 1351 0020 00000000 		.4byte	.LFB39
 1352 0024 20000000 		.4byte	.LFE39-.LFB39
 1353 0028 00000000 		.4byte	.LFB40
 1354 002c 10000000 		.4byte	.LFE40-.LFB40
 1355 0030 00000000 		.4byte	.LFB41
 1356 0034 0C000000 		.4byte	.LFE41-.LFB41
 1357 0038 00000000 		.4byte	.LFB42
 1358 003c 14000000 		.4byte	.LFE42-.LFB42
 1359 0040 00000000 		.4byte	.LFB43
 1360 0044 0C000000 		.4byte	.LFE43-.LFB43
 1361 0048 00000000 		.4byte	.LFB33
 1362 004c 1C000000 		.4byte	.LFE33-.LFB33
 1363 0050 00000000 		.4byte	.LFB34
 1364 0054 1A000000 		.4byte	.LFE34-.LFB34
 1365 0058 00000000 		.4byte	.LFB35
 1366 005c 14000000 		.4byte	.LFE35-.LFB35
 1367 0060 00000000 		.4byte	.LFB44
 1368 0064 0C000000 		.4byte	.LFE44-.LFB44
 1369 0068 00000000 		.4byte	.LFB45
 1370 006c 0C000000 		.4byte	.LFE45-.LFB45
 1371 0070 00000000 		.4byte	.LFB36
 1372 0074 2C000000 		.4byte	.LFE36-.LFB36
 1373 0078 00000000 		.4byte	0
 1374 007c 00000000 		.4byte	0
 1375              		.section	.debug_ranges,"",%progbits
 1376              	.Ldebug_ranges0:
 1377 0000 00000000 		.4byte	.LFB37
 1378 0004 0C000000 		.4byte	.LFE37
 1379 0008 00000000 		.4byte	.LFB38
 1380 000c 0C000000 		.4byte	.LFE38
 1381 0010 00000000 		.4byte	.LFB39
ARM GAS  C:\Users\quint\AppData\Local\Temp\cccDvJMg.s 			page 33


 1382 0014 20000000 		.4byte	.LFE39
 1383 0018 00000000 		.4byte	.LFB40
 1384 001c 10000000 		.4byte	.LFE40
 1385 0020 00000000 		.4byte	.LFB41
 1386 0024 0C000000 		.4byte	.LFE41
 1387 0028 00000000 		.4byte	.LFB42
 1388 002c 14000000 		.4byte	.LFE42
 1389 0030 00000000 		.4byte	.LFB43
 1390 0034 0C000000 		.4byte	.LFE43
 1391 0038 00000000 		.4byte	.LFB33
 1392 003c 1C000000 		.4byte	.LFE33
 1393 0040 00000000 		.4byte	.LFB34
 1394 0044 1A000000 		.4byte	.LFE34
 1395 0048 00000000 		.4byte	.LFB35
 1396 004c 14000000 		.4byte	.LFE35
 1397 0050 00000000 		.4byte	.LFB44
 1398 0054 0C000000 		.4byte	.LFE44
 1399 0058 00000000 		.4byte	.LFB45
 1400 005c 0C000000 		.4byte	.LFE45
 1401 0060 00000000 		.4byte	.LFB36
 1402 0064 2C000000 		.4byte	.LFE36
 1403 0068 00000000 		.4byte	0
 1404 006c 00000000 		.4byte	0
 1405              		.section	.debug_line,"",%progbits
 1406              	.Ldebug_line0:
 1407 0000 74010000 		.section	.debug_str,"MS",%progbits,1
 1407      02006B00 
 1407      00000201 
 1407      FB0E0D00 
 1407      01010101 
 1408              	.LASF14:
 1409 0000 72656733 		.ascii	"reg32\000"
 1409      3200
 1410              	.LASF44:
 1411 0006 445F496E 		.ascii	"D_Interrupt_GetPriority\000"
 1411      74657272 
 1411      7570745F 
 1411      47657450 
 1411      72696F72 
 1412              	.LASF31:
 1413 001e 445F496E 		.ascii	"D_Interrupt_SetPending\000"
 1413      74657272 
 1413      7570745F 
 1413      53657450 
 1413      656E6469 
 1414              	.LASF36:
 1415 0035 43795261 		.ascii	"CyRamVectors\000"
 1415      6D566563 
 1415      746F7273 
 1415      00
 1416              	.LASF20:
 1417 0042 61646472 		.ascii	"address\000"
 1417      65737300 
 1418              	.LASF35:
 1419 004a 636F756E 		.ascii	"count\000"
 1419      7400
 1420              	.LASF29:
ARM GAS  C:\Users\quint\AppData\Local\Temp\cccDvJMg.s 			page 34


 1421 0050 445F496E 		.ascii	"D_Interrupt_StartEx\000"
 1421      74657272 
 1421      7570745F 
 1421      53746172 
 1421      74457800 
 1422              	.LASF26:
 1423 0064 445F496E 		.ascii	"D_Interrupt_Enable\000"
 1423      74657272 
 1423      7570745F 
 1423      456E6162 
 1423      6C6500
 1424              	.LASF32:
 1425 0077 445F496E 		.ascii	"D_Interrupt_ClearPending\000"
 1425      74657272 
 1425      7570745F 
 1425      436C6561 
 1425      7250656E 
 1426              	.LASF28:
 1427 0090 445F496E 		.ascii	"D_Interrupt_Start\000"
 1427      74657272 
 1427      7570745F 
 1427      53746172 
 1427      7400
 1428              	.LASF39:
 1429 00a2 445F4275 		.ascii	"D_Button_Read\000"
 1429      74746F6E 
 1429      5F526561 
 1429      6400
 1430              	.LASF11:
 1431 00b0 666C6F61 		.ascii	"float\000"
 1431      7400
 1432              	.LASF1:
 1433 00b6 756E7369 		.ascii	"unsigned char\000"
 1433      676E6564 
 1433      20636861 
 1433      7200
 1434              	.LASF27:
 1435 00c4 445F496E 		.ascii	"D_Interrupt_Disable\000"
 1435      74657272 
 1435      7570745F 
 1435      44697361 
 1435      626C6500 
 1436              	.LASF22:
 1437 00d8 696E7465 		.ascii	"interruptState\000"
 1437      72727570 
 1437      74537461 
 1437      746500
 1438              	.LASF5:
 1439 00e7 6C6F6E67 		.ascii	"long unsigned int\000"
 1439      20756E73 
 1439      69676E65 
 1439      6420696E 
 1439      7400
 1440              	.LASF3:
 1441 00f9 73686F72 		.ascii	"short unsigned int\000"
 1441      7420756E 
 1441      7369676E 
ARM GAS  C:\Users\quint\AppData\Local\Temp\cccDvJMg.s 			page 35


 1441      65642069 
 1441      6E7400
 1442              	.LASF21:
 1443 010c 7072696F 		.ascii	"priority\000"
 1443      72697479 
 1443      00
 1444              	.LASF12:
 1445 0115 646F7562 		.ascii	"double\000"
 1445      6C6500
 1446              	.LASF19:
 1447 011c 445F496E 		.ascii	"D_Interrupt_SetPriority\000"
 1447      74657272 
 1447      7570745F 
 1447      53657450 
 1447      72696F72 
 1448              	.LASF25:
 1449 0134 445F496E 		.ascii	"D_Interrupt_GetState\000"
 1449      74657272 
 1449      7570745F 
 1449      47657453 
 1449      74617465 
 1450              	.LASF43:
 1451 0149 443A5C47 		.ascii	"D:\\GIT\\Microcontroller System Design Projects\\Hw"
 1451      49545C4D 
 1451      6963726F 
 1451      636F6E74 
 1451      726F6C6C 
 1452 0179 332D2043 		.ascii	"3- CountZilla final\\CountZilla Final\\CountZilla F"
 1452      6F756E74 
 1452      5A696C6C 
 1452      61206669 
 1452      6E616C5C 
 1453 01aa 696E616C 		.ascii	"inal.cydsn\000"
 1453      2E637964 
 1453      736E00
 1454              	.LASF18:
 1455 01b5 445F496E 		.ascii	"D_Interrupt_SetVector\000"
 1455      74657272 
 1455      7570745F 
 1455      53657456 
 1455      6563746F 
 1456              	.LASF10:
 1457 01cb 75696E74 		.ascii	"uint32\000"
 1457      333200
 1458              	.LASF37:
 1459 01d2 4379456E 		.ascii	"CyEnterCriticalSection\000"
 1459      74657243 
 1459      72697469 
 1459      63616C53 
 1459      65637469 
 1460              	.LASF8:
 1461 01e9 756E7369 		.ascii	"unsigned int\000"
 1461      676E6564 
 1461      20696E74 
 1461      00
 1462              	.LASF30:
 1463 01f6 445F496E 		.ascii	"D_Interrupt_Stop\000"
ARM GAS  C:\Users\quint\AppData\Local\Temp\cccDvJMg.s 			page 36


 1463      74657272 
 1463      7570745F 
 1463      53746F70 
 1463      00
 1464              	.LASF42:
 1465 0207 47656E65 		.ascii	"Generated_Source\\PSoC4\\D_Interrupt.c\000"
 1465      72617465 
 1465      645F536F 
 1465      75726365 
 1465      5C50536F 
 1466              	.LASF7:
 1467 022c 6C6F6E67 		.ascii	"long long unsigned int\000"
 1467      206C6F6E 
 1467      6720756E 
 1467      7369676E 
 1467      65642069 
 1468              	.LASF15:
 1469 0243 63796973 		.ascii	"cyisraddress\000"
 1469      72616464 
 1469      72657373 
 1469      00
 1470              	.LASF41:
 1471 0250 474E5520 		.ascii	"GNU C11 5.4.1 20160609 (release) [ARM/embedded-5-br"
 1471      43313120 
 1471      352E342E 
 1471      31203230 
 1471      31363036 
 1472 0283 616E6368 		.ascii	"anch revision 237715] -mcpu=cortex-m0 -mthumb -g -O"
 1472      20726576 
 1472      6973696F 
 1472      6E203233 
 1472      37373135 
 1473 02b6 67202D66 		.ascii	"g -ffunction-sections -ffat-lto-objects\000"
 1473      66756E63 
 1473      74696F6E 
 1473      2D736563 
 1473      74696F6E 
 1474              	.LASF17:
 1475 02de 73697A65 		.ascii	"sizetype\000"
 1475      74797065 
 1475      00
 1476              	.LASF6:
 1477 02e7 6C6F6E67 		.ascii	"long long int\000"
 1477      206C6F6E 
 1477      6720696E 
 1477      7400
 1478              	.LASF34:
 1479 02f5 474C4344 		.ascii	"GLCD_FONT8x16\000"
 1479      5F464F4E 
 1479      54387831 
 1479      3600
 1480              	.LASF13:
 1481 0303 63686172 		.ascii	"char\000"
 1481      00
 1482              	.LASF2:
 1483 0308 73686F72 		.ascii	"short int\000"
 1483      7420696E 
ARM GAS  C:\Users\quint\AppData\Local\Temp\cccDvJMg.s 			page 37


 1483      7400
 1484              	.LASF9:
 1485 0312 75696E74 		.ascii	"uint8\000"
 1485      3800
 1486              	.LASF38:
 1487 0318 43794578 		.ascii	"CyExitCriticalSection\000"
 1487      69744372 
 1487      69746963 
 1487      616C5365 
 1487      6374696F 
 1488              	.LASF23:
 1489 032e 7072696F 		.ascii	"priorityOffset\000"
 1489      72697479 
 1489      4F666673 
 1489      657400
 1490              	.LASF4:
 1491 033d 6C6F6E67 		.ascii	"long int\000"
 1491      20696E74 
 1491      00
 1492              	.LASF24:
 1493 0346 445F496E 		.ascii	"D_Interrupt_GetVector\000"
 1493      74657272 
 1493      7570745F 
 1493      47657456 
 1493      6563746F 
 1494              	.LASF16:
 1495 035c 6C6F6E67 		.ascii	"long double\000"
 1495      20646F75 
 1495      626C6500 
 1496              	.LASF33:
 1497 0368 445F496E 		.ascii	"D_Interrupt_Interrupt\000"
 1497      74657272 
 1497      7570745F 
 1497      496E7465 
 1497      72727570 
 1498              	.LASF0:
 1499 037e 7369676E 		.ascii	"signed char\000"
 1499      65642063 
 1499      68617200 
 1500              	.LASF40:
 1501 038a 43794465 		.ascii	"CyDelay\000"
 1501      6C617900 
 1502              		.ident	"GCC: (GNU Tools for ARM Embedded Processors) 5.4.1 20160609 (release) [ARM/embedded-5-bran
