ARM GAS  C:\Users\quint\AppData\Local\Temp\ccECvUXa.s 			page 1


   1              		.syntax unified
   2              		.cpu cortex-m0
   3              		.fpu softvfp
   4              		.eabi_attribute 20, 1
   5              		.eabi_attribute 21, 1
   6              		.eabi_attribute 23, 3
   7              		.eabi_attribute 24, 1
   8              		.eabi_attribute 25, 1
   9              		.eabi_attribute 26, 1
  10              		.eabi_attribute 30, 1
  11              		.eabi_attribute 34, 0
  12              		.eabi_attribute 18, 4
  13              		.thumb
  14              		.syntax unified
  15              		.file	"B_Interrupt.c"
  16              		.text
  17              	.Ltext0:
  18              		.cfi_sections	.debug_frame
  19              		.section	.text.B_Interrupt_SetVector,"ax",%progbits
  20              		.align	2
  21              		.global	B_Interrupt_SetVector
  22              		.code	16
  23              		.thumb_func
  24              		.type	B_Interrupt_SetVector, %function
  25              	B_Interrupt_SetVector:
  26              	.LFB39:
  27              		.file 1 "Generated_Source\\PSoC4\\B_Interrupt.c"
   1:Generated_Source\PSoC4/B_Interrupt.c **** /*******************************************************************************
   2:Generated_Source\PSoC4/B_Interrupt.c **** * File Name: B_Interrupt.c  
   3:Generated_Source\PSoC4/B_Interrupt.c **** * Version 1.70
   4:Generated_Source\PSoC4/B_Interrupt.c **** *
   5:Generated_Source\PSoC4/B_Interrupt.c **** *  Description:
   6:Generated_Source\PSoC4/B_Interrupt.c **** *   API for controlling the state of an interrupt.
   7:Generated_Source\PSoC4/B_Interrupt.c **** *
   8:Generated_Source\PSoC4/B_Interrupt.c **** *
   9:Generated_Source\PSoC4/B_Interrupt.c **** *  Note:
  10:Generated_Source\PSoC4/B_Interrupt.c **** *
  11:Generated_Source\PSoC4/B_Interrupt.c **** ********************************************************************************
  12:Generated_Source\PSoC4/B_Interrupt.c **** * Copyright 2008-2015, Cypress Semiconductor Corporation.  All rights reserved.
  13:Generated_Source\PSoC4/B_Interrupt.c **** * You may use this file only in accordance with the license, terms, conditions, 
  14:Generated_Source\PSoC4/B_Interrupt.c **** * disclaimers, and limitations in the end user license agreement accompanying 
  15:Generated_Source\PSoC4/B_Interrupt.c **** * the software package with which this file was provided.
  16:Generated_Source\PSoC4/B_Interrupt.c **** *******************************************************************************/
  17:Generated_Source\PSoC4/B_Interrupt.c **** 
  18:Generated_Source\PSoC4/B_Interrupt.c **** 
  19:Generated_Source\PSoC4/B_Interrupt.c **** #include <cydevice_trm.h>
  20:Generated_Source\PSoC4/B_Interrupt.c **** #include <CyLib.h>
  21:Generated_Source\PSoC4/B_Interrupt.c **** #include <B_Interrupt.h>
  22:Generated_Source\PSoC4/B_Interrupt.c **** #include "cyapicallbacks.h"
  23:Generated_Source\PSoC4/B_Interrupt.c **** 
  24:Generated_Source\PSoC4/B_Interrupt.c **** #if !defined(B_Interrupt__REMOVED) /* Check for removal by optimization */
  25:Generated_Source\PSoC4/B_Interrupt.c **** 
  26:Generated_Source\PSoC4/B_Interrupt.c **** /*******************************************************************************
  27:Generated_Source\PSoC4/B_Interrupt.c **** *  Place your includes, defines and code here 
  28:Generated_Source\PSoC4/B_Interrupt.c **** ********************************************************************************/
  29:Generated_Source\PSoC4/B_Interrupt.c **** /* `#START B_Interrupt_intc` */
  30:Generated_Source\PSoC4/B_Interrupt.c ****     #include "project.h"
ARM GAS  C:\Users\quint\AppData\Local\Temp\ccECvUXa.s 			page 2


  31:Generated_Source\PSoC4/B_Interrupt.c **** #include <stdio.h>
  32:Generated_Source\PSoC4/B_Interrupt.c **** #define PUSHED 0
  33:Generated_Source\PSoC4/B_Interrupt.c **** extern int count; 
  34:Generated_Source\PSoC4/B_Interrupt.c **** extern char mystring[20];
  35:Generated_Source\PSoC4/B_Interrupt.c **** 
  36:Generated_Source\PSoC4/B_Interrupt.c **** 
  37:Generated_Source\PSoC4/B_Interrupt.c **** /* `#END` */
  38:Generated_Source\PSoC4/B_Interrupt.c **** 
  39:Generated_Source\PSoC4/B_Interrupt.c **** extern cyisraddress CyRamVectors[CYINT_IRQ_BASE + CY_NUM_INTERRUPTS];
  40:Generated_Source\PSoC4/B_Interrupt.c **** 
  41:Generated_Source\PSoC4/B_Interrupt.c **** /* Declared in startup, used to set unused interrupts to. */
  42:Generated_Source\PSoC4/B_Interrupt.c **** CY_ISR_PROTO(IntDefaultHandler);
  43:Generated_Source\PSoC4/B_Interrupt.c **** 
  44:Generated_Source\PSoC4/B_Interrupt.c **** 
  45:Generated_Source\PSoC4/B_Interrupt.c **** /*******************************************************************************
  46:Generated_Source\PSoC4/B_Interrupt.c **** * Function Name: B_Interrupt_Start
  47:Generated_Source\PSoC4/B_Interrupt.c **** ********************************************************************************
  48:Generated_Source\PSoC4/B_Interrupt.c **** *
  49:Generated_Source\PSoC4/B_Interrupt.c **** * Summary:
  50:Generated_Source\PSoC4/B_Interrupt.c **** *  Set up the interrupt and enable it. This function disables the interrupt, 
  51:Generated_Source\PSoC4/B_Interrupt.c **** *  sets the default interrupt vector, sets the priority from the value in the
  52:Generated_Source\PSoC4/B_Interrupt.c **** *  Design Wide Resources Interrupt Editor, then enables the interrupt to the 
  53:Generated_Source\PSoC4/B_Interrupt.c **** *  interrupt controller.
  54:Generated_Source\PSoC4/B_Interrupt.c **** *
  55:Generated_Source\PSoC4/B_Interrupt.c **** * Parameters:  
  56:Generated_Source\PSoC4/B_Interrupt.c **** *   None
  57:Generated_Source\PSoC4/B_Interrupt.c **** *
  58:Generated_Source\PSoC4/B_Interrupt.c **** * Return:
  59:Generated_Source\PSoC4/B_Interrupt.c **** *   None
  60:Generated_Source\PSoC4/B_Interrupt.c **** *
  61:Generated_Source\PSoC4/B_Interrupt.c **** *******************************************************************************/
  62:Generated_Source\PSoC4/B_Interrupt.c **** void B_Interrupt_Start(void)
  63:Generated_Source\PSoC4/B_Interrupt.c **** {
  64:Generated_Source\PSoC4/B_Interrupt.c ****     /* For all we know the interrupt is active. */
  65:Generated_Source\PSoC4/B_Interrupt.c ****     B_Interrupt_Disable();
  66:Generated_Source\PSoC4/B_Interrupt.c **** 
  67:Generated_Source\PSoC4/B_Interrupt.c ****     /* Set the ISR to point to the B_Interrupt Interrupt. */
  68:Generated_Source\PSoC4/B_Interrupt.c ****     B_Interrupt_SetVector(&B_Interrupt_Interrupt);
  69:Generated_Source\PSoC4/B_Interrupt.c **** 
  70:Generated_Source\PSoC4/B_Interrupt.c ****     /* Set the priority. */
  71:Generated_Source\PSoC4/B_Interrupt.c ****     B_Interrupt_SetPriority((uint8)B_Interrupt_INTC_PRIOR_NUMBER);
  72:Generated_Source\PSoC4/B_Interrupt.c **** 
  73:Generated_Source\PSoC4/B_Interrupt.c ****     /* Enable it. */
  74:Generated_Source\PSoC4/B_Interrupt.c ****     B_Interrupt_Enable();
  75:Generated_Source\PSoC4/B_Interrupt.c **** }
  76:Generated_Source\PSoC4/B_Interrupt.c **** 
  77:Generated_Source\PSoC4/B_Interrupt.c **** 
  78:Generated_Source\PSoC4/B_Interrupt.c **** /*******************************************************************************
  79:Generated_Source\PSoC4/B_Interrupt.c **** * Function Name: B_Interrupt_StartEx
  80:Generated_Source\PSoC4/B_Interrupt.c **** ********************************************************************************
  81:Generated_Source\PSoC4/B_Interrupt.c **** *
  82:Generated_Source\PSoC4/B_Interrupt.c **** * Summary:
  83:Generated_Source\PSoC4/B_Interrupt.c **** *  Sets up the interrupt and enables it. This function disables the interrupt,
  84:Generated_Source\PSoC4/B_Interrupt.c **** *  sets the interrupt vector based on the address passed in, sets the priority 
  85:Generated_Source\PSoC4/B_Interrupt.c **** *  from the value in the Design Wide Resources Interrupt Editor, then enables 
  86:Generated_Source\PSoC4/B_Interrupt.c **** *  the interrupt to the interrupt controller.
  87:Generated_Source\PSoC4/B_Interrupt.c **** *  
ARM GAS  C:\Users\quint\AppData\Local\Temp\ccECvUXa.s 			page 3


  88:Generated_Source\PSoC4/B_Interrupt.c **** *  When defining ISR functions, the CY_ISR and CY_ISR_PROTO macros should be 
  89:Generated_Source\PSoC4/B_Interrupt.c **** *  used to provide consistent definition across compilers:
  90:Generated_Source\PSoC4/B_Interrupt.c **** *  
  91:Generated_Source\PSoC4/B_Interrupt.c **** *  Function definition example:
  92:Generated_Source\PSoC4/B_Interrupt.c **** *   CY_ISR(MyISR)
  93:Generated_Source\PSoC4/B_Interrupt.c **** *   {
  94:Generated_Source\PSoC4/B_Interrupt.c **** *   }
  95:Generated_Source\PSoC4/B_Interrupt.c **** *   Function prototype example:
  96:Generated_Source\PSoC4/B_Interrupt.c **** *   CY_ISR_PROTO(MyISR);
  97:Generated_Source\PSoC4/B_Interrupt.c **** *
  98:Generated_Source\PSoC4/B_Interrupt.c **** * Parameters:  
  99:Generated_Source\PSoC4/B_Interrupt.c **** *   address: Address of the ISR to set in the interrupt vector table.
 100:Generated_Source\PSoC4/B_Interrupt.c **** *
 101:Generated_Source\PSoC4/B_Interrupt.c **** * Return:
 102:Generated_Source\PSoC4/B_Interrupt.c **** *   None
 103:Generated_Source\PSoC4/B_Interrupt.c **** *
 104:Generated_Source\PSoC4/B_Interrupt.c **** *******************************************************************************/
 105:Generated_Source\PSoC4/B_Interrupt.c **** void B_Interrupt_StartEx(cyisraddress address)
 106:Generated_Source\PSoC4/B_Interrupt.c **** {
 107:Generated_Source\PSoC4/B_Interrupt.c ****     /* For all we know the interrupt is active. */
 108:Generated_Source\PSoC4/B_Interrupt.c ****     B_Interrupt_Disable();
 109:Generated_Source\PSoC4/B_Interrupt.c **** 
 110:Generated_Source\PSoC4/B_Interrupt.c ****     /* Set the ISR to point to the B_Interrupt Interrupt. */
 111:Generated_Source\PSoC4/B_Interrupt.c ****     B_Interrupt_SetVector(address);
 112:Generated_Source\PSoC4/B_Interrupt.c **** 
 113:Generated_Source\PSoC4/B_Interrupt.c ****     /* Set the priority. */
 114:Generated_Source\PSoC4/B_Interrupt.c ****     B_Interrupt_SetPriority((uint8)B_Interrupt_INTC_PRIOR_NUMBER);
 115:Generated_Source\PSoC4/B_Interrupt.c **** 
 116:Generated_Source\PSoC4/B_Interrupt.c ****     /* Enable it. */
 117:Generated_Source\PSoC4/B_Interrupt.c ****     B_Interrupt_Enable();
 118:Generated_Source\PSoC4/B_Interrupt.c **** }
 119:Generated_Source\PSoC4/B_Interrupt.c **** 
 120:Generated_Source\PSoC4/B_Interrupt.c **** 
 121:Generated_Source\PSoC4/B_Interrupt.c **** /*******************************************************************************
 122:Generated_Source\PSoC4/B_Interrupt.c **** * Function Name: B_Interrupt_Stop
 123:Generated_Source\PSoC4/B_Interrupt.c **** ********************************************************************************
 124:Generated_Source\PSoC4/B_Interrupt.c **** *
 125:Generated_Source\PSoC4/B_Interrupt.c **** * Summary:
 126:Generated_Source\PSoC4/B_Interrupt.c **** *   Disables and removes the interrupt.
 127:Generated_Source\PSoC4/B_Interrupt.c **** *
 128:Generated_Source\PSoC4/B_Interrupt.c **** * Parameters:  
 129:Generated_Source\PSoC4/B_Interrupt.c **** *   None
 130:Generated_Source\PSoC4/B_Interrupt.c **** *
 131:Generated_Source\PSoC4/B_Interrupt.c **** * Return:
 132:Generated_Source\PSoC4/B_Interrupt.c **** *   None
 133:Generated_Source\PSoC4/B_Interrupt.c **** *
 134:Generated_Source\PSoC4/B_Interrupt.c **** *******************************************************************************/
 135:Generated_Source\PSoC4/B_Interrupt.c **** void B_Interrupt_Stop(void)
 136:Generated_Source\PSoC4/B_Interrupt.c **** {
 137:Generated_Source\PSoC4/B_Interrupt.c ****     /* Disable this interrupt. */
 138:Generated_Source\PSoC4/B_Interrupt.c ****     B_Interrupt_Disable();
 139:Generated_Source\PSoC4/B_Interrupt.c **** 
 140:Generated_Source\PSoC4/B_Interrupt.c ****     /* Set the ISR to point to the passive one. */
 141:Generated_Source\PSoC4/B_Interrupt.c ****     B_Interrupt_SetVector(&IntDefaultHandler);
 142:Generated_Source\PSoC4/B_Interrupt.c **** }
 143:Generated_Source\PSoC4/B_Interrupt.c **** 
 144:Generated_Source\PSoC4/B_Interrupt.c **** 
ARM GAS  C:\Users\quint\AppData\Local\Temp\ccECvUXa.s 			page 4


 145:Generated_Source\PSoC4/B_Interrupt.c **** /*******************************************************************************
 146:Generated_Source\PSoC4/B_Interrupt.c **** * Function Name: B_Interrupt_Interrupt
 147:Generated_Source\PSoC4/B_Interrupt.c **** ********************************************************************************
 148:Generated_Source\PSoC4/B_Interrupt.c **** *
 149:Generated_Source\PSoC4/B_Interrupt.c **** * Summary:
 150:Generated_Source\PSoC4/B_Interrupt.c **** *   The default Interrupt Service Routine for B_Interrupt.
 151:Generated_Source\PSoC4/B_Interrupt.c **** *
 152:Generated_Source\PSoC4/B_Interrupt.c **** *   Add custom code between the START and END comments to keep the next version
 153:Generated_Source\PSoC4/B_Interrupt.c **** *   of this file from over-writing your code.
 154:Generated_Source\PSoC4/B_Interrupt.c **** *
 155:Generated_Source\PSoC4/B_Interrupt.c **** *   Note You may use either the default ISR by using this API, or you may define
 156:Generated_Source\PSoC4/B_Interrupt.c **** *   your own separate ISR through ISR_StartEx().
 157:Generated_Source\PSoC4/B_Interrupt.c **** *
 158:Generated_Source\PSoC4/B_Interrupt.c **** * Parameters:  
 159:Generated_Source\PSoC4/B_Interrupt.c **** *   None
 160:Generated_Source\PSoC4/B_Interrupt.c **** *
 161:Generated_Source\PSoC4/B_Interrupt.c **** * Return:
 162:Generated_Source\PSoC4/B_Interrupt.c **** *   None
 163:Generated_Source\PSoC4/B_Interrupt.c **** *
 164:Generated_Source\PSoC4/B_Interrupt.c **** *******************************************************************************/
 165:Generated_Source\PSoC4/B_Interrupt.c **** CY_ISR(B_Interrupt_Interrupt)
 166:Generated_Source\PSoC4/B_Interrupt.c **** {
 167:Generated_Source\PSoC4/B_Interrupt.c ****     #ifdef B_Interrupt_INTERRUPT_INTERRUPT_CALLBACK
 168:Generated_Source\PSoC4/B_Interrupt.c ****         B_Interrupt_Interrupt_InterruptCallback();
 169:Generated_Source\PSoC4/B_Interrupt.c ****     #endif /* B_Interrupt_INTERRUPT_INTERRUPT_CALLBACK */ 
 170:Generated_Source\PSoC4/B_Interrupt.c **** 
 171:Generated_Source\PSoC4/B_Interrupt.c ****     /*  Place your Interrupt code here. */
 172:Generated_Source\PSoC4/B_Interrupt.c ****     /* `#START B_Interrupt_Interrupt` */
 173:Generated_Source\PSoC4/B_Interrupt.c ****     
 174:Generated_Source\PSoC4/B_Interrupt.c ****   while (B_Button_Read() == !PUSHED);
 175:Generated_Source\PSoC4/B_Interrupt.c **** 
 176:Generated_Source\PSoC4/B_Interrupt.c ****             
 177:Generated_Source\PSoC4/B_Interrupt.c ****             //CyDelay(25);
 178:Generated_Source\PSoC4/B_Interrupt.c **** 	
 179:Generated_Source\PSoC4/B_Interrupt.c ****             while (B_Button_Read() == PUSHED)
 180:Generated_Source\PSoC4/B_Interrupt.c ****             {  
 181:Generated_Source\PSoC4/B_Interrupt.c ****                 count++;
 182:Generated_Source\PSoC4/B_Interrupt.c ****                  sprintf(mystring, "%5d", count);
 183:Generated_Source\PSoC4/B_Interrupt.c ****             GLCD_PrintString(mystring, 10, 10, GLCD_WHITE, GLCD_BLACK);
 184:Generated_Source\PSoC4/B_Interrupt.c ****                  CyDelay(10); 
 185:Generated_Source\PSoC4/B_Interrupt.c ****             }
 186:Generated_Source\PSoC4/B_Interrupt.c ****   
 187:Generated_Source\PSoC4/B_Interrupt.c ****             B_Interrupt_ClearPending(); 
 188:Generated_Source\PSoC4/B_Interrupt.c ****     
 189:Generated_Source\PSoC4/B_Interrupt.c **** 
 190:Generated_Source\PSoC4/B_Interrupt.c ****     /* `#END` */
 191:Generated_Source\PSoC4/B_Interrupt.c **** }
 192:Generated_Source\PSoC4/B_Interrupt.c **** 
 193:Generated_Source\PSoC4/B_Interrupt.c **** 
 194:Generated_Source\PSoC4/B_Interrupt.c **** /*******************************************************************************
 195:Generated_Source\PSoC4/B_Interrupt.c **** * Function Name: B_Interrupt_SetVector
 196:Generated_Source\PSoC4/B_Interrupt.c **** ********************************************************************************
 197:Generated_Source\PSoC4/B_Interrupt.c **** *
 198:Generated_Source\PSoC4/B_Interrupt.c **** * Summary:
 199:Generated_Source\PSoC4/B_Interrupt.c **** *   Change the ISR vector for the Interrupt. Note calling B_Interrupt_Start
 200:Generated_Source\PSoC4/B_Interrupt.c **** *   will override any effect this method would have had. To set the vector 
 201:Generated_Source\PSoC4/B_Interrupt.c **** *   before the component has been started use B_Interrupt_StartEx instead.
ARM GAS  C:\Users\quint\AppData\Local\Temp\ccECvUXa.s 			page 5


 202:Generated_Source\PSoC4/B_Interrupt.c **** * 
 203:Generated_Source\PSoC4/B_Interrupt.c **** *   When defining ISR functions, the CY_ISR and CY_ISR_PROTO macros should be 
 204:Generated_Source\PSoC4/B_Interrupt.c **** *   used to provide consistent definition across compilers:
 205:Generated_Source\PSoC4/B_Interrupt.c **** *
 206:Generated_Source\PSoC4/B_Interrupt.c **** *   Function definition example:
 207:Generated_Source\PSoC4/B_Interrupt.c **** *   CY_ISR(MyISR)
 208:Generated_Source\PSoC4/B_Interrupt.c **** *   {
 209:Generated_Source\PSoC4/B_Interrupt.c **** *   }
 210:Generated_Source\PSoC4/B_Interrupt.c **** *
 211:Generated_Source\PSoC4/B_Interrupt.c **** *   Function prototype example:
 212:Generated_Source\PSoC4/B_Interrupt.c **** *     CY_ISR_PROTO(MyISR);
 213:Generated_Source\PSoC4/B_Interrupt.c **** *
 214:Generated_Source\PSoC4/B_Interrupt.c **** * Parameters:
 215:Generated_Source\PSoC4/B_Interrupt.c **** *   address: Address of the ISR to set in the interrupt vector table.
 216:Generated_Source\PSoC4/B_Interrupt.c **** *
 217:Generated_Source\PSoC4/B_Interrupt.c **** * Return:
 218:Generated_Source\PSoC4/B_Interrupt.c **** *   None
 219:Generated_Source\PSoC4/B_Interrupt.c **** *
 220:Generated_Source\PSoC4/B_Interrupt.c **** *******************************************************************************/
 221:Generated_Source\PSoC4/B_Interrupt.c **** void B_Interrupt_SetVector(cyisraddress address)
 222:Generated_Source\PSoC4/B_Interrupt.c **** {
  28              		.loc 1 222 0
  29              		.cfi_startproc
  30              		@ args = 0, pretend = 0, frame = 0
  31              		@ frame_needed = 0, uses_anonymous_args = 0
  32              		@ link register save eliminated.
  33              	.LVL0:
 223:Generated_Source\PSoC4/B_Interrupt.c ****     CyRamVectors[CYINT_IRQ_BASE + B_Interrupt__INTC_NUMBER] = address;
  34              		.loc 1 223 0
  35 0000 014B     		ldr	r3, .L2
  36 0002 9864     		str	r0, [r3, #72]
 224:Generated_Source\PSoC4/B_Interrupt.c **** }
  37              		.loc 1 224 0
  38              		@ sp needed
  39 0004 7047     		bx	lr
  40              	.L3:
  41 0006 C046     		.align	2
  42              	.L2:
  43 0008 00000000 		.word	CyRamVectors
  44              		.cfi_endproc
  45              	.LFE39:
  46              		.size	B_Interrupt_SetVector, .-B_Interrupt_SetVector
  47              		.section	.text.B_Interrupt_GetVector,"ax",%progbits
  48              		.align	2
  49              		.global	B_Interrupt_GetVector
  50              		.code	16
  51              		.thumb_func
  52              		.type	B_Interrupt_GetVector, %function
  53              	B_Interrupt_GetVector:
  54              	.LFB40:
 225:Generated_Source\PSoC4/B_Interrupt.c **** 
 226:Generated_Source\PSoC4/B_Interrupt.c **** 
 227:Generated_Source\PSoC4/B_Interrupt.c **** /*******************************************************************************
 228:Generated_Source\PSoC4/B_Interrupt.c **** * Function Name: B_Interrupt_GetVector
 229:Generated_Source\PSoC4/B_Interrupt.c **** ********************************************************************************
 230:Generated_Source\PSoC4/B_Interrupt.c **** *
 231:Generated_Source\PSoC4/B_Interrupt.c **** * Summary:
ARM GAS  C:\Users\quint\AppData\Local\Temp\ccECvUXa.s 			page 6


 232:Generated_Source\PSoC4/B_Interrupt.c **** *   Gets the "address" of the current ISR vector for the Interrupt.
 233:Generated_Source\PSoC4/B_Interrupt.c **** *
 234:Generated_Source\PSoC4/B_Interrupt.c **** * Parameters:
 235:Generated_Source\PSoC4/B_Interrupt.c **** *   None
 236:Generated_Source\PSoC4/B_Interrupt.c **** *
 237:Generated_Source\PSoC4/B_Interrupt.c **** * Return:
 238:Generated_Source\PSoC4/B_Interrupt.c **** *   Address of the ISR in the interrupt vector table.
 239:Generated_Source\PSoC4/B_Interrupt.c **** *
 240:Generated_Source\PSoC4/B_Interrupt.c **** *******************************************************************************/
 241:Generated_Source\PSoC4/B_Interrupt.c **** cyisraddress B_Interrupt_GetVector(void)
 242:Generated_Source\PSoC4/B_Interrupt.c **** {
  55              		.loc 1 242 0
  56              		.cfi_startproc
  57              		@ args = 0, pretend = 0, frame = 0
  58              		@ frame_needed = 0, uses_anonymous_args = 0
  59              		@ link register save eliminated.
 243:Generated_Source\PSoC4/B_Interrupt.c ****     return CyRamVectors[CYINT_IRQ_BASE + B_Interrupt__INTC_NUMBER];
  60              		.loc 1 243 0
  61 0000 014B     		ldr	r3, .L5
  62 0002 986C     		ldr	r0, [r3, #72]
 244:Generated_Source\PSoC4/B_Interrupt.c **** }
  63              		.loc 1 244 0
  64              		@ sp needed
  65 0004 7047     		bx	lr
  66              	.L6:
  67 0006 C046     		.align	2
  68              	.L5:
  69 0008 00000000 		.word	CyRamVectors
  70              		.cfi_endproc
  71              	.LFE40:
  72              		.size	B_Interrupt_GetVector, .-B_Interrupt_GetVector
  73              		.section	.text.B_Interrupt_SetPriority,"ax",%progbits
  74              		.align	2
  75              		.global	B_Interrupt_SetPriority
  76              		.code	16
  77              		.thumb_func
  78              		.type	B_Interrupt_SetPriority, %function
  79              	B_Interrupt_SetPriority:
  80              	.LFB41:
 245:Generated_Source\PSoC4/B_Interrupt.c **** 
 246:Generated_Source\PSoC4/B_Interrupt.c **** 
 247:Generated_Source\PSoC4/B_Interrupt.c **** /*******************************************************************************
 248:Generated_Source\PSoC4/B_Interrupt.c **** * Function Name: B_Interrupt_SetPriority
 249:Generated_Source\PSoC4/B_Interrupt.c **** ********************************************************************************
 250:Generated_Source\PSoC4/B_Interrupt.c **** *
 251:Generated_Source\PSoC4/B_Interrupt.c **** * Summary:
 252:Generated_Source\PSoC4/B_Interrupt.c **** *   Sets the Priority of the Interrupt. 
 253:Generated_Source\PSoC4/B_Interrupt.c **** *
 254:Generated_Source\PSoC4/B_Interrupt.c **** *   Note calling B_Interrupt_Start or B_Interrupt_StartEx will 
 255:Generated_Source\PSoC4/B_Interrupt.c **** *   override any effect this API would have had. This API should only be called
 256:Generated_Source\PSoC4/B_Interrupt.c **** *   after B_Interrupt_Start or B_Interrupt_StartEx has been called. 
 257:Generated_Source\PSoC4/B_Interrupt.c **** *   To set the initial priority for the component, use the Design-Wide Resources
 258:Generated_Source\PSoC4/B_Interrupt.c **** *   Interrupt Editor.
 259:Generated_Source\PSoC4/B_Interrupt.c **** *
 260:Generated_Source\PSoC4/B_Interrupt.c **** *   Note This API has no effect on Non-maskable interrupt NMI).
 261:Generated_Source\PSoC4/B_Interrupt.c **** *
 262:Generated_Source\PSoC4/B_Interrupt.c **** * Parameters:
ARM GAS  C:\Users\quint\AppData\Local\Temp\ccECvUXa.s 			page 7


 263:Generated_Source\PSoC4/B_Interrupt.c **** *   priority: Priority of the interrupt, 0 being the highest priority
 264:Generated_Source\PSoC4/B_Interrupt.c **** *             PSoC 3 and PSoC 5LP: Priority is from 0 to 7.
 265:Generated_Source\PSoC4/B_Interrupt.c **** *             PSoC 4: Priority is from 0 to 3.
 266:Generated_Source\PSoC4/B_Interrupt.c **** *
 267:Generated_Source\PSoC4/B_Interrupt.c **** * Return:
 268:Generated_Source\PSoC4/B_Interrupt.c **** *   None
 269:Generated_Source\PSoC4/B_Interrupt.c **** *
 270:Generated_Source\PSoC4/B_Interrupt.c **** *******************************************************************************/
 271:Generated_Source\PSoC4/B_Interrupt.c **** void B_Interrupt_SetPriority(uint8 priority)
 272:Generated_Source\PSoC4/B_Interrupt.c **** {
  81              		.loc 1 272 0
  82              		.cfi_startproc
  83              		@ args = 0, pretend = 0, frame = 0
  84              		@ frame_needed = 0, uses_anonymous_args = 0
  85              	.LVL1:
  86 0000 10B5     		push	{r4, lr}
  87              		.cfi_def_cfa_offset 8
  88              		.cfi_offset 4, -8
  89              		.cfi_offset 14, -4
  90 0002 0400     		movs	r4, r0
  91              	.LVL2:
 273:Generated_Source\PSoC4/B_Interrupt.c **** 	uint8 interruptState;
 274:Generated_Source\PSoC4/B_Interrupt.c ****     uint32 priorityOffset = ((B_Interrupt__INTC_NUMBER % 4u) * 8u) + 6u;
 275:Generated_Source\PSoC4/B_Interrupt.c ****     
 276:Generated_Source\PSoC4/B_Interrupt.c **** 	interruptState = CyEnterCriticalSection();
  92              		.loc 1 276 0
  93 0004 FFF7FEFF 		bl	CyEnterCriticalSection
  94              	.LVL3:
 277:Generated_Source\PSoC4/B_Interrupt.c ****     *B_Interrupt_INTC_PRIOR = (*B_Interrupt_INTC_PRIOR & (uint32)(~B_Interrupt__INTC_PRIOR_MASK)) |
  95              		.loc 1 277 0
  96 0008 044A     		ldr	r2, .L8
  97 000a 1168     		ldr	r1, [r2]
  98 000c 044B     		ldr	r3, .L8+4
  99 000e 0B40     		ands	r3, r1
 278:Generated_Source\PSoC4/B_Interrupt.c ****                                     ((uint32)priority << priorityOffset);
 100              		.loc 1 278 0
 101 0010 A405     		lsls	r4, r4, #22
 277:Generated_Source\PSoC4/B_Interrupt.c ****     *B_Interrupt_INTC_PRIOR = (*B_Interrupt_INTC_PRIOR & (uint32)(~B_Interrupt__INTC_PRIOR_MASK)) |
 102              		.loc 1 277 0
 103 0012 1C43     		orrs	r4, r3
 104 0014 1460     		str	r4, [r2]
 279:Generated_Source\PSoC4/B_Interrupt.c **** 	CyExitCriticalSection(interruptState);
 105              		.loc 1 279 0
 106 0016 FFF7FEFF 		bl	CyExitCriticalSection
 107              	.LVL4:
 280:Generated_Source\PSoC4/B_Interrupt.c **** }
 108              		.loc 1 280 0
 109              		@ sp needed
 110 001a 10BD     		pop	{r4, pc}
 111              	.L9:
 112              		.align	2
 113              	.L8:
 114 001c 00E400E0 		.word	-536812544
 115 0020 FFFF3FFF 		.word	-12582913
 116              		.cfi_endproc
 117              	.LFE41:
 118              		.size	B_Interrupt_SetPriority, .-B_Interrupt_SetPriority
ARM GAS  C:\Users\quint\AppData\Local\Temp\ccECvUXa.s 			page 8


 119              		.section	.text.B_Interrupt_GetPriority,"ax",%progbits
 120              		.align	2
 121              		.global	B_Interrupt_GetPriority
 122              		.code	16
 123              		.thumb_func
 124              		.type	B_Interrupt_GetPriority, %function
 125              	B_Interrupt_GetPriority:
 126              	.LFB42:
 281:Generated_Source\PSoC4/B_Interrupt.c **** 
 282:Generated_Source\PSoC4/B_Interrupt.c **** 
 283:Generated_Source\PSoC4/B_Interrupt.c **** /*******************************************************************************
 284:Generated_Source\PSoC4/B_Interrupt.c **** * Function Name: B_Interrupt_GetPriority
 285:Generated_Source\PSoC4/B_Interrupt.c **** ********************************************************************************
 286:Generated_Source\PSoC4/B_Interrupt.c **** *
 287:Generated_Source\PSoC4/B_Interrupt.c **** * Summary:
 288:Generated_Source\PSoC4/B_Interrupt.c **** *   Gets the Priority of the Interrupt.
 289:Generated_Source\PSoC4/B_Interrupt.c **** *
 290:Generated_Source\PSoC4/B_Interrupt.c **** * Parameters:
 291:Generated_Source\PSoC4/B_Interrupt.c **** *   None
 292:Generated_Source\PSoC4/B_Interrupt.c **** *
 293:Generated_Source\PSoC4/B_Interrupt.c **** * Return:
 294:Generated_Source\PSoC4/B_Interrupt.c **** *   Priority of the interrupt, 0 being the highest priority
 295:Generated_Source\PSoC4/B_Interrupt.c **** *    PSoC 3 and PSoC 5LP: Priority is from 0 to 7.
 296:Generated_Source\PSoC4/B_Interrupt.c **** *    PSoC 4: Priority is from 0 to 3.
 297:Generated_Source\PSoC4/B_Interrupt.c **** *
 298:Generated_Source\PSoC4/B_Interrupt.c **** *******************************************************************************/
 299:Generated_Source\PSoC4/B_Interrupt.c **** uint8 B_Interrupt_GetPriority(void)
 300:Generated_Source\PSoC4/B_Interrupt.c **** {
 127              		.loc 1 300 0
 128              		.cfi_startproc
 129              		@ args = 0, pretend = 0, frame = 0
 130              		@ frame_needed = 0, uses_anonymous_args = 0
 131              		@ link register save eliminated.
 132              	.LVL5:
 301:Generated_Source\PSoC4/B_Interrupt.c ****     uint32 priority;
 302:Generated_Source\PSoC4/B_Interrupt.c **** 	uint32 priorityOffset = ((B_Interrupt__INTC_NUMBER % 4u) * 8u) + 6u;
 303:Generated_Source\PSoC4/B_Interrupt.c **** 
 304:Generated_Source\PSoC4/B_Interrupt.c ****     priority = (*B_Interrupt_INTC_PRIOR & B_Interrupt__INTC_PRIOR_MASK) >> priorityOffset;
 133              		.loc 1 304 0
 134 0000 024B     		ldr	r3, .L11
 135 0002 1868     		ldr	r0, [r3]
 136 0004 800D     		lsrs	r0, r0, #22
 137              	.LVL6:
 305:Generated_Source\PSoC4/B_Interrupt.c **** 
 306:Generated_Source\PSoC4/B_Interrupt.c ****     return (uint8)priority;
 138              		.loc 1 306 0
 139 0006 0323     		movs	r3, #3
 140 0008 1840     		ands	r0, r3
 141              	.LVL7:
 307:Generated_Source\PSoC4/B_Interrupt.c **** }
 142              		.loc 1 307 0
 143              		@ sp needed
 144 000a 7047     		bx	lr
 145              	.L12:
 146              		.align	2
 147              	.L11:
 148 000c 00E400E0 		.word	-536812544
ARM GAS  C:\Users\quint\AppData\Local\Temp\ccECvUXa.s 			page 9


 149              		.cfi_endproc
 150              	.LFE42:
 151              		.size	B_Interrupt_GetPriority, .-B_Interrupt_GetPriority
 152              		.section	.text.B_Interrupt_Enable,"ax",%progbits
 153              		.align	2
 154              		.global	B_Interrupt_Enable
 155              		.code	16
 156              		.thumb_func
 157              		.type	B_Interrupt_Enable, %function
 158              	B_Interrupt_Enable:
 159              	.LFB43:
 308:Generated_Source\PSoC4/B_Interrupt.c **** 
 309:Generated_Source\PSoC4/B_Interrupt.c **** 
 310:Generated_Source\PSoC4/B_Interrupt.c **** /*******************************************************************************
 311:Generated_Source\PSoC4/B_Interrupt.c **** * Function Name: B_Interrupt_Enable
 312:Generated_Source\PSoC4/B_Interrupt.c **** ********************************************************************************
 313:Generated_Source\PSoC4/B_Interrupt.c **** *
 314:Generated_Source\PSoC4/B_Interrupt.c **** * Summary:
 315:Generated_Source\PSoC4/B_Interrupt.c **** *   Enables the interrupt to the interrupt controller. Do not call this function
 316:Generated_Source\PSoC4/B_Interrupt.c **** *   unless ISR_Start() has been called or the functionality of the ISR_Start() 
 317:Generated_Source\PSoC4/B_Interrupt.c **** *   function, which sets the vector and the priority, has been called.
 318:Generated_Source\PSoC4/B_Interrupt.c **** *
 319:Generated_Source\PSoC4/B_Interrupt.c **** * Parameters:
 320:Generated_Source\PSoC4/B_Interrupt.c **** *   None
 321:Generated_Source\PSoC4/B_Interrupt.c **** *
 322:Generated_Source\PSoC4/B_Interrupt.c **** * Return:
 323:Generated_Source\PSoC4/B_Interrupt.c **** *   None
 324:Generated_Source\PSoC4/B_Interrupt.c **** *
 325:Generated_Source\PSoC4/B_Interrupt.c **** *******************************************************************************/
 326:Generated_Source\PSoC4/B_Interrupt.c **** void B_Interrupt_Enable(void)
 327:Generated_Source\PSoC4/B_Interrupt.c **** {
 160              		.loc 1 327 0
 161              		.cfi_startproc
 162              		@ args = 0, pretend = 0, frame = 0
 163              		@ frame_needed = 0, uses_anonymous_args = 0
 164              		@ link register save eliminated.
 328:Generated_Source\PSoC4/B_Interrupt.c ****     /* Enable the general interrupt. */
 329:Generated_Source\PSoC4/B_Interrupt.c ****     *B_Interrupt_INTC_SET_EN = B_Interrupt__INTC_MASK;
 165              		.loc 1 329 0
 166 0000 0422     		movs	r2, #4
 167 0002 014B     		ldr	r3, .L14
 168 0004 1A60     		str	r2, [r3]
 330:Generated_Source\PSoC4/B_Interrupt.c **** }
 169              		.loc 1 330 0
 170              		@ sp needed
 171 0006 7047     		bx	lr
 172              	.L15:
 173              		.align	2
 174              	.L14:
 175 0008 00E100E0 		.word	-536813312
 176              		.cfi_endproc
 177              	.LFE43:
 178              		.size	B_Interrupt_Enable, .-B_Interrupt_Enable
 179              		.section	.text.B_Interrupt_GetState,"ax",%progbits
 180              		.align	2
 181              		.global	B_Interrupt_GetState
 182              		.code	16
ARM GAS  C:\Users\quint\AppData\Local\Temp\ccECvUXa.s 			page 10


 183              		.thumb_func
 184              		.type	B_Interrupt_GetState, %function
 185              	B_Interrupt_GetState:
 186              	.LFB44:
 331:Generated_Source\PSoC4/B_Interrupt.c **** 
 332:Generated_Source\PSoC4/B_Interrupt.c **** 
 333:Generated_Source\PSoC4/B_Interrupt.c **** /*******************************************************************************
 334:Generated_Source\PSoC4/B_Interrupt.c **** * Function Name: B_Interrupt_GetState
 335:Generated_Source\PSoC4/B_Interrupt.c **** ********************************************************************************
 336:Generated_Source\PSoC4/B_Interrupt.c **** *
 337:Generated_Source\PSoC4/B_Interrupt.c **** * Summary:
 338:Generated_Source\PSoC4/B_Interrupt.c **** *   Gets the state (enabled, disabled) of the Interrupt.
 339:Generated_Source\PSoC4/B_Interrupt.c **** *
 340:Generated_Source\PSoC4/B_Interrupt.c **** * Parameters:
 341:Generated_Source\PSoC4/B_Interrupt.c **** *   None
 342:Generated_Source\PSoC4/B_Interrupt.c **** *
 343:Generated_Source\PSoC4/B_Interrupt.c **** * Return:
 344:Generated_Source\PSoC4/B_Interrupt.c **** *   1 if enabled, 0 if disabled.
 345:Generated_Source\PSoC4/B_Interrupt.c **** *
 346:Generated_Source\PSoC4/B_Interrupt.c **** *******************************************************************************/
 347:Generated_Source\PSoC4/B_Interrupt.c **** uint8 B_Interrupt_GetState(void)
 348:Generated_Source\PSoC4/B_Interrupt.c **** {
 187              		.loc 1 348 0
 188              		.cfi_startproc
 189              		@ args = 0, pretend = 0, frame = 0
 190              		@ frame_needed = 0, uses_anonymous_args = 0
 191              		@ link register save eliminated.
 349:Generated_Source\PSoC4/B_Interrupt.c ****     /* Get the state of the general interrupt. */
 350:Generated_Source\PSoC4/B_Interrupt.c ****     return ((*B_Interrupt_INTC_SET_EN & (uint32)B_Interrupt__INTC_MASK) != 0u) ? 1u:0u;
 192              		.loc 1 350 0
 193 0000 034B     		ldr	r3, .L19
 194 0002 1B68     		ldr	r3, [r3]
 195 0004 5B07     		lsls	r3, r3, #29
 196 0006 01D5     		bpl	.L18
 197 0008 0120     		movs	r0, #1
 198 000a 00E0     		b	.L17
 199              	.L18:
 200 000c 0020     		movs	r0, #0
 201              	.L17:
 351:Generated_Source\PSoC4/B_Interrupt.c **** }
 202              		.loc 1 351 0 discriminator 4
 203              		@ sp needed
 204 000e 7047     		bx	lr
 205              	.L20:
 206              		.align	2
 207              	.L19:
 208 0010 00E100E0 		.word	-536813312
 209              		.cfi_endproc
 210              	.LFE44:
 211              		.size	B_Interrupt_GetState, .-B_Interrupt_GetState
 212              		.section	.text.B_Interrupt_Disable,"ax",%progbits
 213              		.align	2
 214              		.global	B_Interrupt_Disable
 215              		.code	16
 216              		.thumb_func
 217              		.type	B_Interrupt_Disable, %function
 218              	B_Interrupt_Disable:
ARM GAS  C:\Users\quint\AppData\Local\Temp\ccECvUXa.s 			page 11


 219              	.LFB45:
 352:Generated_Source\PSoC4/B_Interrupt.c **** 
 353:Generated_Source\PSoC4/B_Interrupt.c **** 
 354:Generated_Source\PSoC4/B_Interrupt.c **** /*******************************************************************************
 355:Generated_Source\PSoC4/B_Interrupt.c **** * Function Name: B_Interrupt_Disable
 356:Generated_Source\PSoC4/B_Interrupt.c **** ********************************************************************************
 357:Generated_Source\PSoC4/B_Interrupt.c **** *
 358:Generated_Source\PSoC4/B_Interrupt.c **** * Summary:
 359:Generated_Source\PSoC4/B_Interrupt.c **** *   Disables the Interrupt in the interrupt controller.
 360:Generated_Source\PSoC4/B_Interrupt.c **** *
 361:Generated_Source\PSoC4/B_Interrupt.c **** * Parameters:
 362:Generated_Source\PSoC4/B_Interrupt.c **** *   None
 363:Generated_Source\PSoC4/B_Interrupt.c **** *
 364:Generated_Source\PSoC4/B_Interrupt.c **** * Return:
 365:Generated_Source\PSoC4/B_Interrupt.c **** *   None
 366:Generated_Source\PSoC4/B_Interrupt.c **** *
 367:Generated_Source\PSoC4/B_Interrupt.c **** *******************************************************************************/
 368:Generated_Source\PSoC4/B_Interrupt.c **** void B_Interrupt_Disable(void)
 369:Generated_Source\PSoC4/B_Interrupt.c **** {
 220              		.loc 1 369 0
 221              		.cfi_startproc
 222              		@ args = 0, pretend = 0, frame = 0
 223              		@ frame_needed = 0, uses_anonymous_args = 0
 224              		@ link register save eliminated.
 370:Generated_Source\PSoC4/B_Interrupt.c ****     /* Disable the general interrupt. */
 371:Generated_Source\PSoC4/B_Interrupt.c ****     *B_Interrupt_INTC_CLR_EN = B_Interrupt__INTC_MASK;
 225              		.loc 1 371 0
 226 0000 0422     		movs	r2, #4
 227 0002 014B     		ldr	r3, .L22
 228 0004 1A60     		str	r2, [r3]
 372:Generated_Source\PSoC4/B_Interrupt.c **** }
 229              		.loc 1 372 0
 230              		@ sp needed
 231 0006 7047     		bx	lr
 232              	.L23:
 233              		.align	2
 234              	.L22:
 235 0008 80E100E0 		.word	-536813184
 236              		.cfi_endproc
 237              	.LFE45:
 238              		.size	B_Interrupt_Disable, .-B_Interrupt_Disable
 239              		.section	.text.B_Interrupt_Start,"ax",%progbits
 240              		.align	2
 241              		.global	B_Interrupt_Start
 242              		.code	16
 243              		.thumb_func
 244              		.type	B_Interrupt_Start, %function
 245              	B_Interrupt_Start:
 246              	.LFB35:
  63:Generated_Source\PSoC4/B_Interrupt.c ****     /* For all we know the interrupt is active. */
 247              		.loc 1 63 0
 248              		.cfi_startproc
 249              		@ args = 0, pretend = 0, frame = 0
 250              		@ frame_needed = 0, uses_anonymous_args = 0
 251 0000 10B5     		push	{r4, lr}
 252              		.cfi_def_cfa_offset 8
 253              		.cfi_offset 4, -8
ARM GAS  C:\Users\quint\AppData\Local\Temp\ccECvUXa.s 			page 12


 254              		.cfi_offset 14, -4
  65:Generated_Source\PSoC4/B_Interrupt.c **** 
 255              		.loc 1 65 0
 256 0002 FFF7FEFF 		bl	B_Interrupt_Disable
 257              	.LVL8:
  68:Generated_Source\PSoC4/B_Interrupt.c **** 
 258              		.loc 1 68 0
 259 0006 0448     		ldr	r0, .L25
 260 0008 FFF7FEFF 		bl	B_Interrupt_SetVector
 261              	.LVL9:
  71:Generated_Source\PSoC4/B_Interrupt.c **** 
 262              		.loc 1 71 0
 263 000c 0320     		movs	r0, #3
 264 000e FFF7FEFF 		bl	B_Interrupt_SetPriority
 265              	.LVL10:
  74:Generated_Source\PSoC4/B_Interrupt.c **** }
 266              		.loc 1 74 0
 267 0012 FFF7FEFF 		bl	B_Interrupt_Enable
 268              	.LVL11:
  75:Generated_Source\PSoC4/B_Interrupt.c **** 
 269              		.loc 1 75 0
 270              		@ sp needed
 271 0016 10BD     		pop	{r4, pc}
 272              	.L26:
 273              		.align	2
 274              	.L25:
 275 0018 00000000 		.word	B_Interrupt_Interrupt
 276              		.cfi_endproc
 277              	.LFE35:
 278              		.size	B_Interrupt_Start, .-B_Interrupt_Start
 279              		.section	.text.B_Interrupt_StartEx,"ax",%progbits
 280              		.align	2
 281              		.global	B_Interrupt_StartEx
 282              		.code	16
 283              		.thumb_func
 284              		.type	B_Interrupt_StartEx, %function
 285              	B_Interrupt_StartEx:
 286              	.LFB36:
 106:Generated_Source\PSoC4/B_Interrupt.c ****     /* For all we know the interrupt is active. */
 287              		.loc 1 106 0
 288              		.cfi_startproc
 289              		@ args = 0, pretend = 0, frame = 0
 290              		@ frame_needed = 0, uses_anonymous_args = 0
 291              	.LVL12:
 292 0000 10B5     		push	{r4, lr}
 293              		.cfi_def_cfa_offset 8
 294              		.cfi_offset 4, -8
 295              		.cfi_offset 14, -4
 296 0002 0400     		movs	r4, r0
 108:Generated_Source\PSoC4/B_Interrupt.c **** 
 297              		.loc 1 108 0
 298 0004 FFF7FEFF 		bl	B_Interrupt_Disable
 299              	.LVL13:
 111:Generated_Source\PSoC4/B_Interrupt.c **** 
 300              		.loc 1 111 0
 301 0008 2000     		movs	r0, r4
 302 000a FFF7FEFF 		bl	B_Interrupt_SetVector
ARM GAS  C:\Users\quint\AppData\Local\Temp\ccECvUXa.s 			page 13


 303              	.LVL14:
 114:Generated_Source\PSoC4/B_Interrupt.c **** 
 304              		.loc 1 114 0
 305 000e 0320     		movs	r0, #3
 306 0010 FFF7FEFF 		bl	B_Interrupt_SetPriority
 307              	.LVL15:
 117:Generated_Source\PSoC4/B_Interrupt.c **** }
 308              		.loc 1 117 0
 309 0014 FFF7FEFF 		bl	B_Interrupt_Enable
 310              	.LVL16:
 118:Generated_Source\PSoC4/B_Interrupt.c **** 
 311              		.loc 1 118 0
 312              		@ sp needed
 313              	.LVL17:
 314 0018 10BD     		pop	{r4, pc}
 315              		.cfi_endproc
 316              	.LFE36:
 317              		.size	B_Interrupt_StartEx, .-B_Interrupt_StartEx
 318 001a C046     		.section	.text.B_Interrupt_Stop,"ax",%progbits
 319              		.align	2
 320              		.global	B_Interrupt_Stop
 321              		.code	16
 322              		.thumb_func
 323              		.type	B_Interrupt_Stop, %function
 324              	B_Interrupt_Stop:
 325              	.LFB37:
 136:Generated_Source\PSoC4/B_Interrupt.c ****     /* Disable this interrupt. */
 326              		.loc 1 136 0
 327              		.cfi_startproc
 328              		@ args = 0, pretend = 0, frame = 0
 329              		@ frame_needed = 0, uses_anonymous_args = 0
 330 0000 10B5     		push	{r4, lr}
 331              		.cfi_def_cfa_offset 8
 332              		.cfi_offset 4, -8
 333              		.cfi_offset 14, -4
 138:Generated_Source\PSoC4/B_Interrupt.c **** 
 334              		.loc 1 138 0
 335 0002 FFF7FEFF 		bl	B_Interrupt_Disable
 336              	.LVL18:
 141:Generated_Source\PSoC4/B_Interrupt.c **** }
 337              		.loc 1 141 0
 338 0006 0248     		ldr	r0, .L29
 339 0008 FFF7FEFF 		bl	B_Interrupt_SetVector
 340              	.LVL19:
 142:Generated_Source\PSoC4/B_Interrupt.c **** 
 341              		.loc 1 142 0
 342              		@ sp needed
 343 000c 10BD     		pop	{r4, pc}
 344              	.L30:
 345 000e C046     		.align	2
 346              	.L29:
 347 0010 00000000 		.word	IntDefaultHandler
 348              		.cfi_endproc
 349              	.LFE37:
 350              		.size	B_Interrupt_Stop, .-B_Interrupt_Stop
 351              		.section	.text.B_Interrupt_SetPending,"ax",%progbits
 352              		.align	2
ARM GAS  C:\Users\quint\AppData\Local\Temp\ccECvUXa.s 			page 14


 353              		.global	B_Interrupt_SetPending
 354              		.code	16
 355              		.thumb_func
 356              		.type	B_Interrupt_SetPending, %function
 357              	B_Interrupt_SetPending:
 358              	.LFB46:
 373:Generated_Source\PSoC4/B_Interrupt.c **** 
 374:Generated_Source\PSoC4/B_Interrupt.c **** 
 375:Generated_Source\PSoC4/B_Interrupt.c **** /*******************************************************************************
 376:Generated_Source\PSoC4/B_Interrupt.c **** * Function Name: B_Interrupt_SetPending
 377:Generated_Source\PSoC4/B_Interrupt.c **** ********************************************************************************
 378:Generated_Source\PSoC4/B_Interrupt.c **** *
 379:Generated_Source\PSoC4/B_Interrupt.c **** * Summary:
 380:Generated_Source\PSoC4/B_Interrupt.c **** *   Causes the Interrupt to enter the pending state, a software method of
 381:Generated_Source\PSoC4/B_Interrupt.c **** *   generating the interrupt.
 382:Generated_Source\PSoC4/B_Interrupt.c **** *
 383:Generated_Source\PSoC4/B_Interrupt.c **** * Parameters:
 384:Generated_Source\PSoC4/B_Interrupt.c **** *   None
 385:Generated_Source\PSoC4/B_Interrupt.c **** *
 386:Generated_Source\PSoC4/B_Interrupt.c **** * Return:
 387:Generated_Source\PSoC4/B_Interrupt.c **** *   None
 388:Generated_Source\PSoC4/B_Interrupt.c **** *
 389:Generated_Source\PSoC4/B_Interrupt.c **** * Side Effects:
 390:Generated_Source\PSoC4/B_Interrupt.c **** *   If interrupts are enabled and the interrupt is set up properly, the ISR is
 391:Generated_Source\PSoC4/B_Interrupt.c **** *   entered (depending on the priority of this interrupt and other pending 
 392:Generated_Source\PSoC4/B_Interrupt.c **** *   interrupts).
 393:Generated_Source\PSoC4/B_Interrupt.c **** *
 394:Generated_Source\PSoC4/B_Interrupt.c **** *******************************************************************************/
 395:Generated_Source\PSoC4/B_Interrupt.c **** void B_Interrupt_SetPending(void)
 396:Generated_Source\PSoC4/B_Interrupt.c **** {
 359              		.loc 1 396 0
 360              		.cfi_startproc
 361              		@ args = 0, pretend = 0, frame = 0
 362              		@ frame_needed = 0, uses_anonymous_args = 0
 363              		@ link register save eliminated.
 397:Generated_Source\PSoC4/B_Interrupt.c ****     *B_Interrupt_INTC_SET_PD = B_Interrupt__INTC_MASK;
 364              		.loc 1 397 0
 365 0000 0422     		movs	r2, #4
 366 0002 014B     		ldr	r3, .L32
 367 0004 1A60     		str	r2, [r3]
 398:Generated_Source\PSoC4/B_Interrupt.c **** }
 368              		.loc 1 398 0
 369              		@ sp needed
 370 0006 7047     		bx	lr
 371              	.L33:
 372              		.align	2
 373              	.L32:
 374 0008 00E200E0 		.word	-536813056
 375              		.cfi_endproc
 376              	.LFE46:
 377              		.size	B_Interrupt_SetPending, .-B_Interrupt_SetPending
 378              		.section	.text.B_Interrupt_ClearPending,"ax",%progbits
 379              		.align	2
 380              		.global	B_Interrupt_ClearPending
 381              		.code	16
 382              		.thumb_func
 383              		.type	B_Interrupt_ClearPending, %function
ARM GAS  C:\Users\quint\AppData\Local\Temp\ccECvUXa.s 			page 15


 384              	B_Interrupt_ClearPending:
 385              	.LFB47:
 399:Generated_Source\PSoC4/B_Interrupt.c **** 
 400:Generated_Source\PSoC4/B_Interrupt.c **** 
 401:Generated_Source\PSoC4/B_Interrupt.c **** /*******************************************************************************
 402:Generated_Source\PSoC4/B_Interrupt.c **** * Function Name: B_Interrupt_ClearPending
 403:Generated_Source\PSoC4/B_Interrupt.c **** ********************************************************************************
 404:Generated_Source\PSoC4/B_Interrupt.c **** *
 405:Generated_Source\PSoC4/B_Interrupt.c **** * Summary:
 406:Generated_Source\PSoC4/B_Interrupt.c **** *   Clears a pending interrupt in the interrupt controller.
 407:Generated_Source\PSoC4/B_Interrupt.c **** *
 408:Generated_Source\PSoC4/B_Interrupt.c **** *   Note Some interrupt sources are clear-on-read and require the block 
 409:Generated_Source\PSoC4/B_Interrupt.c **** *   interrupt/status register to be read/cleared with the appropriate block API 
 410:Generated_Source\PSoC4/B_Interrupt.c **** *   (GPIO, UART, and so on). Otherwise the ISR will continue to remain in 
 411:Generated_Source\PSoC4/B_Interrupt.c **** *   pending state even though the interrupt itself is cleared using this API.
 412:Generated_Source\PSoC4/B_Interrupt.c **** *
 413:Generated_Source\PSoC4/B_Interrupt.c **** * Parameters:
 414:Generated_Source\PSoC4/B_Interrupt.c **** *   None
 415:Generated_Source\PSoC4/B_Interrupt.c **** *
 416:Generated_Source\PSoC4/B_Interrupt.c **** * Return:
 417:Generated_Source\PSoC4/B_Interrupt.c **** *   None
 418:Generated_Source\PSoC4/B_Interrupt.c **** *
 419:Generated_Source\PSoC4/B_Interrupt.c **** *******************************************************************************/
 420:Generated_Source\PSoC4/B_Interrupt.c **** void B_Interrupt_ClearPending(void)
 421:Generated_Source\PSoC4/B_Interrupt.c **** {
 386              		.loc 1 421 0
 387              		.cfi_startproc
 388              		@ args = 0, pretend = 0, frame = 0
 389              		@ frame_needed = 0, uses_anonymous_args = 0
 390              		@ link register save eliminated.
 422:Generated_Source\PSoC4/B_Interrupt.c ****     *B_Interrupt_INTC_CLR_PD = B_Interrupt__INTC_MASK;
 391              		.loc 1 422 0
 392 0000 0422     		movs	r2, #4
 393 0002 014B     		ldr	r3, .L35
 394 0004 1A60     		str	r2, [r3]
 423:Generated_Source\PSoC4/B_Interrupt.c **** }
 395              		.loc 1 423 0
 396              		@ sp needed
 397 0006 7047     		bx	lr
 398              	.L36:
 399              		.align	2
 400              	.L35:
 401 0008 80E200E0 		.word	-536812928
 402              		.cfi_endproc
 403              	.LFE47:
 404              		.size	B_Interrupt_ClearPending, .-B_Interrupt_ClearPending
 405              		.section	.text.B_Interrupt_Interrupt,"ax",%progbits
 406              		.align	2
 407              		.global	B_Interrupt_Interrupt
 408              		.code	16
 409              		.thumb_func
 410              		.type	B_Interrupt_Interrupt, %function
 411              	B_Interrupt_Interrupt:
 412              	.LFB38:
 166:Generated_Source\PSoC4/B_Interrupt.c ****     #ifdef B_Interrupt_INTERRUPT_INTERRUPT_CALLBACK
 413              		.loc 1 166 0
 414              		.cfi_startproc
ARM GAS  C:\Users\quint\AppData\Local\Temp\ccECvUXa.s 			page 16


 415              		@ args = 0, pretend = 0, frame = 0
 416              		@ frame_needed = 0, uses_anonymous_args = 0
 417 0000 10B5     		push	{r4, lr}
 418              		.cfi_def_cfa_offset 8
 419              		.cfi_offset 4, -8
 420              		.cfi_offset 14, -4
 421 0002 82B0     		sub	sp, sp, #8
 422              		.cfi_def_cfa_offset 16
 423              	.L38:
 174:Generated_Source\PSoC4/B_Interrupt.c **** 
 424              		.loc 1 174 0 discriminator 1
 425 0004 FFF7FEFF 		bl	B_Button_Read
 426              	.LVL20:
 427 0008 0128     		cmp	r0, #1
 428 000a FBD0     		beq	.L38
 429 000c 13E0     		b	.L39
 430              	.L40:
 181:Generated_Source\PSoC4/B_Interrupt.c ****                  sprintf(mystring, "%5d", count);
 431              		.loc 1 181 0
 432 000e 0E4B     		ldr	r3, .L41
 433 0010 1A68     		ldr	r2, [r3]
 434 0012 0132     		adds	r2, r2, #1
 435 0014 1A60     		str	r2, [r3]
 182:Generated_Source\PSoC4/B_Interrupt.c ****             GLCD_PrintString(mystring, 10, 10, GLCD_WHITE, GLCD_BLACK);
 436              		.loc 1 182 0
 437 0016 0D4C     		ldr	r4, .L41+4
 438 0018 0D49     		ldr	r1, .L41+8
 439 001a 2000     		movs	r0, r4
 440 001c FFF7FEFF 		bl	sprintf
 441              	.LVL21:
 183:Generated_Source\PSoC4/B_Interrupt.c ****                  CyDelay(10); 
 442              		.loc 1 183 0
 443 0020 0023     		movs	r3, #0
 444 0022 0093     		str	r3, [sp]
 445 0024 0B4B     		ldr	r3, .L41+12
 446 0026 0A22     		movs	r2, #10
 447 0028 0A21     		movs	r1, #10
 448 002a 2000     		movs	r0, r4
 449 002c FFF7FEFF 		bl	GLCD_PrintString
 450              	.LVL22:
 184:Generated_Source\PSoC4/B_Interrupt.c ****             }
 451              		.loc 1 184 0
 452 0030 0A20     		movs	r0, #10
 453 0032 FFF7FEFF 		bl	CyDelay
 454              	.LVL23:
 455              	.L39:
 179:Generated_Source\PSoC4/B_Interrupt.c ****             {  
 456              		.loc 1 179 0
 457 0036 FFF7FEFF 		bl	B_Button_Read
 458              	.LVL24:
 459 003a 0028     		cmp	r0, #0
 460 003c E7D0     		beq	.L40
 187:Generated_Source\PSoC4/B_Interrupt.c ****     
 461              		.loc 1 187 0
 462 003e FFF7FEFF 		bl	B_Interrupt_ClearPending
 463              	.LVL25:
 191:Generated_Source\PSoC4/B_Interrupt.c **** 
ARM GAS  C:\Users\quint\AppData\Local\Temp\ccECvUXa.s 			page 17


 464              		.loc 1 191 0
 465 0042 02B0     		add	sp, sp, #8
 466              		@ sp needed
 467 0044 10BD     		pop	{r4, pc}
 468              	.L42:
 469 0046 C046     		.align	2
 470              	.L41:
 471 0048 00000000 		.word	count
 472 004c 00000000 		.word	mystring
 473 0050 00000000 		.word	.LC5
 474 0054 FF0F0000 		.word	4095
 475              		.cfi_endproc
 476              	.LFE38:
 477              		.size	B_Interrupt_Interrupt, .-B_Interrupt_Interrupt
 478              		.comm	GLCD_FONT8x16,1552,4
 479              		.section	.rodata.str1.4,"aMS",%progbits,1
 480              		.align	2
 481              	.LC5:
 482 0000 25356400 		.ascii	"%5d\000"
 483              		.text
 484              	.Letext0:
 485              		.file 2 "Generated_Source\\PSoC4/cytypes.h"
 486              		.file 3 "Generated_Source\\PSoC4\\GLCD.h"
 487              		.file 4 "Generated_Source\\PSoC4/CyLib.h"
 488              		.file 5 "Generated_Source\\PSoC4\\B_Button.h"
 489              		.file 6 "c:\\program files (x86)\\cypress\\psoc creator\\4.2\\psoc creator\\import\\gnu\\arm\\5.4.
 490              		.section	.debug_info,"",%progbits
 491              	.Ldebug_info0:
 492 0000 03040000 		.4byte	0x403
 493 0004 0400     		.2byte	0x4
 494 0006 00000000 		.4byte	.Ldebug_abbrev0
 495 000a 04       		.byte	0x4
 496 000b 01       		.uleb128 0x1
 497 000c FD010000 		.4byte	.LASF44
 498 0010 0C       		.byte	0xc
 499 0011 DA020000 		.4byte	.LASF45
 500 0015 47000000 		.4byte	.LASF46
 501 0019 00000000 		.4byte	.Ldebug_ranges0+0
 502 001d 00000000 		.4byte	0
 503 0021 00000000 		.4byte	.Ldebug_line0
 504 0025 02       		.uleb128 0x2
 505 0026 01       		.byte	0x1
 506 0027 06       		.byte	0x6
 507 0028 49030000 		.4byte	.LASF0
 508 002c 02       		.uleb128 0x2
 509 002d 01       		.byte	0x1
 510 002e 08       		.byte	0x8
 511 002f E6000000 		.4byte	.LASF1
 512 0033 02       		.uleb128 0x2
 513 0034 02       		.byte	0x2
 514 0035 05       		.byte	0x5
 515 0036 FF020000 		.4byte	.LASF2
 516 003a 02       		.uleb128 0x2
 517 003b 02       		.byte	0x2
 518 003c 07       		.byte	0x7
 519 003d 9C000000 		.4byte	.LASF3
 520 0041 02       		.uleb128 0x2
ARM GAS  C:\Users\quint\AppData\Local\Temp\ccECvUXa.s 			page 18


 521 0042 04       		.byte	0x4
 522 0043 05       		.byte	0x5
 523 0044 34030000 		.4byte	.LASF4
 524 0048 02       		.uleb128 0x2
 525 0049 04       		.byte	0x4
 526 004a 07       		.byte	0x7
 527 004b 19010000 		.4byte	.LASF5
 528 004f 02       		.uleb128 0x2
 529 0050 08       		.byte	0x8
 530 0051 05       		.byte	0x5
 531 0052 94020000 		.4byte	.LASF6
 532 0056 02       		.uleb128 0x2
 533 0057 08       		.byte	0x8
 534 0058 07       		.byte	0x7
 535 0059 C0010000 		.4byte	.LASF7
 536 005d 03       		.uleb128 0x3
 537 005e 04       		.byte	0x4
 538 005f 05       		.byte	0x5
 539 0060 696E7400 		.ascii	"int\000"
 540 0064 02       		.uleb128 0x2
 541 0065 04       		.byte	0x4
 542 0066 07       		.byte	0x7
 543 0067 AB010000 		.4byte	.LASF8
 544 006b 04       		.uleb128 0x4
 545 006c 09030000 		.4byte	.LASF9
 546 0070 02       		.byte	0x2
 547 0071 B901     		.2byte	0x1b9
 548 0073 2C000000 		.4byte	0x2c
 549 0077 04       		.uleb128 0x4
 550 0078 8D010000 		.4byte	.LASF10
 551 007c 02       		.byte	0x2
 552 007d BB01     		.2byte	0x1bb
 553 007f 48000000 		.4byte	0x48
 554 0083 02       		.uleb128 0x2
 555 0084 04       		.byte	0x4
 556 0085 04       		.byte	0x4
 557 0086 CA000000 		.4byte	.LASF11
 558 008a 02       		.uleb128 0x2
 559 008b 08       		.byte	0x8
 560 008c 04       		.byte	0x4
 561 008d C3000000 		.4byte	.LASF12
 562 0091 02       		.uleb128 0x2
 563 0092 01       		.byte	0x1
 564 0093 08       		.byte	0x8
 565 0094 B0020000 		.4byte	.LASF13
 566 0098 04       		.uleb128 0x4
 567 0099 25000000 		.4byte	.LASF14
 568 009d 02       		.byte	0x2
 569 009e 6502     		.2byte	0x265
 570 00a0 A4000000 		.4byte	0xa4
 571 00a4 05       		.uleb128 0x5
 572 00a5 77000000 		.4byte	0x77
 573 00a9 04       		.uleb128 0x4
 574 00aa DF010000 		.4byte	.LASF15
 575 00ae 02       		.byte	0x2
 576 00af 7502     		.2byte	0x275
 577 00b1 B5000000 		.4byte	0xb5
ARM GAS  C:\Users\quint\AppData\Local\Temp\ccECvUXa.s 			page 19


 578 00b5 06       		.uleb128 0x6
 579 00b6 04       		.byte	0x4
 580 00b7 BB000000 		.4byte	0xbb
 581 00bb 07       		.uleb128 0x7
 582 00bc 02       		.uleb128 0x2
 583 00bd 08       		.byte	0x8
 584 00be 04       		.byte	0x4
 585 00bf 3D030000 		.4byte	.LASF16
 586 00c3 02       		.uleb128 0x2
 587 00c4 04       		.byte	0x4
 588 00c5 07       		.byte	0x7
 589 00c6 8B020000 		.4byte	.LASF17
 590 00ca 08       		.uleb128 0x8
 591 00cb 55030000 		.4byte	.LASF18
 592 00cf 01       		.byte	0x1
 593 00d0 DD       		.byte	0xdd
 594 00d1 00000000 		.4byte	.LFB39
 595 00d5 0C000000 		.4byte	.LFE39-.LFB39
 596 00d9 01       		.uleb128 0x1
 597 00da 9C       		.byte	0x9c
 598 00db ED000000 		.4byte	0xed
 599 00df 09       		.uleb128 0x9
 600 00e0 B8010000 		.4byte	.LASF20
 601 00e4 01       		.byte	0x1
 602 00e5 DD       		.byte	0xdd
 603 00e6 A9000000 		.4byte	0xa9
 604 00ea 01       		.uleb128 0x1
 605 00eb 50       		.byte	0x50
 606 00ec 00       		.byte	0
 607 00ed 0A       		.uleb128 0xa
 608 00ee D0000000 		.4byte	.LASF24
 609 00f2 01       		.byte	0x1
 610 00f3 F1       		.byte	0xf1
 611 00f4 A9000000 		.4byte	0xa9
 612 00f8 00000000 		.4byte	.LFB40
 613 00fc 0C000000 		.4byte	.LFE40-.LFB40
 614 0100 01       		.uleb128 0x1
 615 0101 9C       		.byte	0x9c
 616 0102 0B       		.uleb128 0xb
 617 0103 2B010000 		.4byte	.LASF19
 618 0107 01       		.byte	0x1
 619 0108 0F01     		.2byte	0x10f
 620 010a 00000000 		.4byte	.LFB41
 621 010e 24000000 		.4byte	.LFE41-.LFB41
 622 0112 01       		.uleb128 0x1
 623 0113 9C       		.byte	0x9c
 624 0114 58010000 		.4byte	0x158
 625 0118 0C       		.uleb128 0xc
 626 0119 43010000 		.4byte	.LASF21
 627 011d 01       		.byte	0x1
 628 011e 0F01     		.2byte	0x10f
 629 0120 6B000000 		.4byte	0x6b
 630 0124 00000000 		.4byte	.LLST0
 631 0128 0D       		.uleb128 0xd
 632 0129 0A010000 		.4byte	.LASF22
 633 012d 01       		.byte	0x1
 634 012e 1101     		.2byte	0x111
ARM GAS  C:\Users\quint\AppData\Local\Temp\ccECvUXa.s 			page 20


 635 0130 6B000000 		.4byte	0x6b
 636 0134 21000000 		.4byte	.LLST1
 637 0138 0E       		.uleb128 0xe
 638 0139 25030000 		.4byte	.LASF23
 639 013d 01       		.byte	0x1
 640 013e 1201     		.2byte	0x112
 641 0140 77000000 		.4byte	0x77
 642 0144 16       		.byte	0x16
 643 0145 0F       		.uleb128 0xf
 644 0146 08000000 		.4byte	.LVL3
 645 014a C4030000 		.4byte	0x3c4
 646 014e 0F       		.uleb128 0xf
 647 014f 1A000000 		.4byte	.LVL4
 648 0153 CF030000 		.4byte	0x3cf
 649 0157 00       		.byte	0
 650 0158 10       		.uleb128 0x10
 651 0159 6B030000 		.4byte	.LASF47
 652 015d 01       		.byte	0x1
 653 015e 2B01     		.2byte	0x12b
 654 0160 6B000000 		.4byte	0x6b
 655 0164 00000000 		.4byte	.LFB42
 656 0168 10000000 		.4byte	.LFE42-.LFB42
 657 016c 01       		.uleb128 0x1
 658 016d 9C       		.byte	0x9c
 659 016e 90010000 		.4byte	0x190
 660 0172 0D       		.uleb128 0xd
 661 0173 43010000 		.4byte	.LASF21
 662 0177 01       		.byte	0x1
 663 0178 2D01     		.2byte	0x12d
 664 017a 77000000 		.4byte	0x77
 665 017e 34000000 		.4byte	.LLST2
 666 0182 0E       		.uleb128 0xe
 667 0183 25030000 		.4byte	.LASF23
 668 0187 01       		.byte	0x1
 669 0188 2E01     		.2byte	0x12e
 670 018a 77000000 		.4byte	0x77
 671 018e 16       		.byte	0x16
 672 018f 00       		.byte	0
 673 0190 11       		.uleb128 0x11
 674 0191 4C010000 		.4byte	.LASF26
 675 0195 01       		.byte	0x1
 676 0196 4601     		.2byte	0x146
 677 0198 00000000 		.4byte	.LFB43
 678 019c 0C000000 		.4byte	.LFE43-.LFB43
 679 01a0 01       		.uleb128 0x1
 680 01a1 9C       		.byte	0x9c
 681 01a2 12       		.uleb128 0x12
 682 01a3 78010000 		.4byte	.LASF25
 683 01a7 01       		.byte	0x1
 684 01a8 5B01     		.2byte	0x15b
 685 01aa 6B000000 		.4byte	0x6b
 686 01ae 00000000 		.4byte	.LFB44
 687 01b2 14000000 		.4byte	.LFE44-.LFB44
 688 01b6 01       		.uleb128 0x1
 689 01b7 9C       		.byte	0x9c
 690 01b8 11       		.uleb128 0x11
 691 01b9 AF000000 		.4byte	.LASF27
ARM GAS  C:\Users\quint\AppData\Local\Temp\ccECvUXa.s 			page 21


 692 01bd 01       		.byte	0x1
 693 01be 7001     		.2byte	0x170
 694 01c0 00000000 		.4byte	.LFB45
 695 01c4 0C000000 		.4byte	.LFE45-.LFB45
 696 01c8 01       		.uleb128 0x1
 697 01c9 9C       		.byte	0x9c
 698 01ca 08       		.uleb128 0x8
 699 01cb 8B030000 		.4byte	.LASF28
 700 01cf 01       		.byte	0x1
 701 01d0 3E       		.byte	0x3e
 702 01d1 00000000 		.4byte	.LFB35
 703 01d5 1C000000 		.4byte	.LFE35-.LFB35
 704 01d9 01       		.uleb128 0x1
 705 01da 9C       		.byte	0x9c
 706 01db 1C020000 		.4byte	0x21c
 707 01df 0F       		.uleb128 0xf
 708 01e0 06000000 		.4byte	.LVL8
 709 01e4 B8010000 		.4byte	0x1b8
 710 01e8 13       		.uleb128 0x13
 711 01e9 0C000000 		.4byte	.LVL9
 712 01ed CA000000 		.4byte	0xca
 713 01f1 FF010000 		.4byte	0x1ff
 714 01f5 14       		.uleb128 0x14
 715 01f6 01       		.uleb128 0x1
 716 01f7 50       		.byte	0x50
 717 01f8 05       		.uleb128 0x5
 718 01f9 03       		.byte	0x3
 719 01fa 00000000 		.4byte	B_Interrupt_Interrupt
 720 01fe 00       		.byte	0
 721 01ff 13       		.uleb128 0x13
 722 0200 12000000 		.4byte	.LVL10
 723 0204 02010000 		.4byte	0x102
 724 0208 12020000 		.4byte	0x212
 725 020c 14       		.uleb128 0x14
 726 020d 01       		.uleb128 0x1
 727 020e 50       		.byte	0x50
 728 020f 01       		.uleb128 0x1
 729 0210 33       		.byte	0x33
 730 0211 00       		.byte	0
 731 0212 0F       		.uleb128 0xf
 732 0213 16000000 		.4byte	.LVL11
 733 0217 90010000 		.4byte	0x190
 734 021b 00       		.byte	0
 735 021c 08       		.uleb128 0x8
 736 021d 11000000 		.4byte	.LASF29
 737 0221 01       		.byte	0x1
 738 0222 69       		.byte	0x69
 739 0223 00000000 		.4byte	.LFB36
 740 0227 1A000000 		.4byte	.LFE36-.LFB36
 741 022b 01       		.uleb128 0x1
 742 022c 9C       		.byte	0x9c
 743 022d 7A020000 		.4byte	0x27a
 744 0231 15       		.uleb128 0x15
 745 0232 B8010000 		.4byte	.LASF20
 746 0236 01       		.byte	0x1
 747 0237 69       		.byte	0x69
 748 0238 A9000000 		.4byte	0xa9
ARM GAS  C:\Users\quint\AppData\Local\Temp\ccECvUXa.s 			page 22


 749 023c 56000000 		.4byte	.LLST3
 750 0240 0F       		.uleb128 0xf
 751 0241 08000000 		.4byte	.LVL13
 752 0245 B8010000 		.4byte	0x1b8
 753 0249 13       		.uleb128 0x13
 754 024a 0E000000 		.4byte	.LVL14
 755 024e CA000000 		.4byte	0xca
 756 0252 5D020000 		.4byte	0x25d
 757 0256 14       		.uleb128 0x14
 758 0257 01       		.uleb128 0x1
 759 0258 50       		.byte	0x50
 760 0259 02       		.uleb128 0x2
 761 025a 74       		.byte	0x74
 762 025b 00       		.sleb128 0
 763 025c 00       		.byte	0
 764 025d 13       		.uleb128 0x13
 765 025e 14000000 		.4byte	.LVL15
 766 0262 02010000 		.4byte	0x102
 767 0266 70020000 		.4byte	0x270
 768 026a 14       		.uleb128 0x14
 769 026b 01       		.uleb128 0x1
 770 026c 50       		.byte	0x50
 771 026d 01       		.uleb128 0x1
 772 026e 33       		.byte	0x33
 773 026f 00       		.byte	0
 774 0270 0F       		.uleb128 0xf
 775 0271 18000000 		.4byte	.LVL16
 776 0275 90010000 		.4byte	0x190
 777 0279 00       		.byte	0
 778 027a 08       		.uleb128 0x8
 779 027b 00000000 		.4byte	.LASF30
 780 027f 01       		.byte	0x1
 781 0280 87       		.byte	0x87
 782 0281 00000000 		.4byte	.LFB37
 783 0285 14000000 		.4byte	.LFE37-.LFB37
 784 0289 01       		.uleb128 0x1
 785 028a 9C       		.byte	0x9c
 786 028b A2020000 		.4byte	0x2a2
 787 028f 0F       		.uleb128 0xf
 788 0290 06000000 		.4byte	.LVL18
 789 0294 B8010000 		.4byte	0x1b8
 790 0298 0F       		.uleb128 0xf
 791 0299 0C000000 		.4byte	.LVL19
 792 029d CA000000 		.4byte	0xca
 793 02a1 00       		.byte	0
 794 02a2 11       		.uleb128 0x11
 795 02a3 B5020000 		.4byte	.LASF31
 796 02a7 01       		.byte	0x1
 797 02a8 8B01     		.2byte	0x18b
 798 02aa 00000000 		.4byte	.LFB46
 799 02ae 0C000000 		.4byte	.LFE46-.LFB46
 800 02b2 01       		.uleb128 0x1
 801 02b3 9C       		.byte	0x9c
 802 02b4 11       		.uleb128 0x11
 803 02b5 5F010000 		.4byte	.LASF32
 804 02b9 01       		.byte	0x1
 805 02ba A401     		.2byte	0x1a4
ARM GAS  C:\Users\quint\AppData\Local\Temp\ccECvUXa.s 			page 23


 806 02bc 00000000 		.4byte	.LFB47
 807 02c0 0C000000 		.4byte	.LFE47-.LFB47
 808 02c4 01       		.uleb128 0x1
 809 02c5 9C       		.byte	0x9c
 810 02c6 08       		.uleb128 0x8
 811 02c7 F4000000 		.4byte	.LASF33
 812 02cb 01       		.byte	0x1
 813 02cc A5       		.byte	0xa5
 814 02cd 00000000 		.4byte	.LFB38
 815 02d1 58000000 		.4byte	.LFE38-.LFB38
 816 02d5 01       		.uleb128 0x1
 817 02d6 9C       		.byte	0x9c
 818 02d7 52030000 		.4byte	0x352
 819 02db 0F       		.uleb128 0xf
 820 02dc 08000000 		.4byte	.LVL20
 821 02e0 DA030000 		.4byte	0x3da
 822 02e4 13       		.uleb128 0x13
 823 02e5 20000000 		.4byte	.LVL21
 824 02e9 E5030000 		.4byte	0x3e5
 825 02ed 01030000 		.4byte	0x301
 826 02f1 14       		.uleb128 0x14
 827 02f2 01       		.uleb128 0x1
 828 02f3 50       		.byte	0x50
 829 02f4 02       		.uleb128 0x2
 830 02f5 74       		.byte	0x74
 831 02f6 00       		.sleb128 0
 832 02f7 14       		.uleb128 0x14
 833 02f8 01       		.uleb128 0x1
 834 02f9 51       		.byte	0x51
 835 02fa 05       		.uleb128 0x5
 836 02fb 03       		.byte	0x3
 837 02fc 00000000 		.4byte	.LC5
 838 0300 00       		.byte	0
 839 0301 13       		.uleb128 0x13
 840 0302 30000000 		.4byte	.LVL22
 841 0306 F0030000 		.4byte	0x3f0
 842 030a 2C030000 		.4byte	0x32c
 843 030e 14       		.uleb128 0x14
 844 030f 01       		.uleb128 0x1
 845 0310 50       		.byte	0x50
 846 0311 02       		.uleb128 0x2
 847 0312 74       		.byte	0x74
 848 0313 00       		.sleb128 0
 849 0314 14       		.uleb128 0x14
 850 0315 01       		.uleb128 0x1
 851 0316 51       		.byte	0x51
 852 0317 01       		.uleb128 0x1
 853 0318 3A       		.byte	0x3a
 854 0319 14       		.uleb128 0x14
 855 031a 01       		.uleb128 0x1
 856 031b 52       		.byte	0x52
 857 031c 01       		.uleb128 0x1
 858 031d 3A       		.byte	0x3a
 859 031e 14       		.uleb128 0x14
 860 031f 01       		.uleb128 0x1
 861 0320 53       		.byte	0x53
 862 0321 03       		.uleb128 0x3
ARM GAS  C:\Users\quint\AppData\Local\Temp\ccECvUXa.s 			page 24


 863 0322 0A       		.byte	0xa
 864 0323 FF0F     		.2byte	0xfff
 865 0325 14       		.uleb128 0x14
 866 0326 02       		.uleb128 0x2
 867 0327 7D       		.byte	0x7d
 868 0328 00       		.sleb128 0
 869 0329 01       		.uleb128 0x1
 870 032a 30       		.byte	0x30
 871 032b 00       		.byte	0
 872 032c 13       		.uleb128 0x13
 873 032d 36000000 		.4byte	.LVL23
 874 0331 FB030000 		.4byte	0x3fb
 875 0335 3F030000 		.4byte	0x33f
 876 0339 14       		.uleb128 0x14
 877 033a 01       		.uleb128 0x1
 878 033b 50       		.byte	0x50
 879 033c 01       		.uleb128 0x1
 880 033d 3A       		.byte	0x3a
 881 033e 00       		.byte	0
 882 033f 0F       		.uleb128 0xf
 883 0340 3A000000 		.4byte	.LVL24
 884 0344 DA030000 		.4byte	0x3da
 885 0348 0F       		.uleb128 0xf
 886 0349 42000000 		.4byte	.LVL25
 887 034d B4020000 		.4byte	0x2b4
 888 0351 00       		.byte	0
 889 0352 16       		.uleb128 0x16
 890 0353 68030000 		.4byte	0x368
 891 0357 68030000 		.4byte	0x368
 892 035b 17       		.uleb128 0x17
 893 035c C3000000 		.4byte	0xc3
 894 0360 60       		.byte	0x60
 895 0361 17       		.uleb128 0x17
 896 0362 C3000000 		.4byte	0xc3
 897 0366 0F       		.byte	0xf
 898 0367 00       		.byte	0
 899 0368 18       		.uleb128 0x18
 900 0369 6B000000 		.4byte	0x6b
 901 036d 19       		.uleb128 0x19
 902 036e A2020000 		.4byte	.LASF34
 903 0372 03       		.byte	0x3
 904 0373 42       		.byte	0x42
 905 0374 7E030000 		.4byte	0x37e
 906 0378 05       		.uleb128 0x5
 907 0379 03       		.byte	0x3
 908 037a 00000000 		.4byte	GLCD_FONT8x16
 909 037e 18       		.uleb128 0x18
 910 037f 52030000 		.4byte	0x352
 911 0383 1A       		.uleb128 0x1a
 912 0384 41000000 		.4byte	.LASF35
 913 0388 01       		.byte	0x1
 914 0389 21       		.byte	0x21
 915 038a 5D000000 		.4byte	0x5d
 916 038e 16       		.uleb128 0x16
 917 038f 91000000 		.4byte	0x91
 918 0393 9E030000 		.4byte	0x39e
 919 0397 17       		.uleb128 0x17
ARM GAS  C:\Users\quint\AppData\Local\Temp\ccECvUXa.s 			page 25


 920 0398 C3000000 		.4byte	0xc3
 921 039c 13       		.byte	0x13
 922 039d 00       		.byte	0
 923 039e 1A       		.uleb128 0x1a
 924 039f 2B000000 		.4byte	.LASF36
 925 03a3 01       		.byte	0x1
 926 03a4 22       		.byte	0x22
 927 03a5 8E030000 		.4byte	0x38e
 928 03a9 16       		.uleb128 0x16
 929 03aa A9000000 		.4byte	0xa9
 930 03ae B9030000 		.4byte	0x3b9
 931 03b2 17       		.uleb128 0x17
 932 03b3 C3000000 		.4byte	0xc3
 933 03b7 2F       		.byte	0x2f
 934 03b8 00       		.byte	0
 935 03b9 1A       		.uleb128 0x1a
 936 03ba 34000000 		.4byte	.LASF37
 937 03be 01       		.byte	0x1
 938 03bf 27       		.byte	0x27
 939 03c0 A9030000 		.4byte	0x3a9
 940 03c4 1B       		.uleb128 0x1b
 941 03c5 94010000 		.4byte	.LASF38
 942 03c9 94010000 		.4byte	.LASF38
 943 03cd 04       		.byte	0x4
 944 03ce E5       		.byte	0xe5
 945 03cf 1B       		.uleb128 0x1b
 946 03d0 0F030000 		.4byte	.LASF39
 947 03d4 0F030000 		.4byte	.LASF39
 948 03d8 04       		.byte	0x4
 949 03d9 E6       		.byte	0xe6
 950 03da 1B       		.uleb128 0x1b
 951 03db CC020000 		.4byte	.LASF40
 952 03df CC020000 		.4byte	.LASF40
 953 03e3 05       		.byte	0x5
 954 03e4 32       		.byte	0x32
 955 03e5 1B       		.uleb128 0x1b
 956 03e6 D7010000 		.4byte	.LASF41
 957 03ea D7010000 		.4byte	.LASF41
 958 03ee 06       		.byte	0x6
 959 03ef E7       		.byte	0xe7
 960 03f0 1B       		.uleb128 0x1b
 961 03f1 EC010000 		.4byte	.LASF42
 962 03f5 EC010000 		.4byte	.LASF42
 963 03f9 03       		.byte	0x3
 964 03fa 35       		.byte	0x35
 965 03fb 1B       		.uleb128 0x1b
 966 03fc 83030000 		.4byte	.LASF43
 967 0400 83030000 		.4byte	.LASF43
 968 0404 04       		.byte	0x4
 969 0405 D9       		.byte	0xd9
 970 0406 00       		.byte	0
 971              		.section	.debug_abbrev,"",%progbits
 972              	.Ldebug_abbrev0:
 973 0000 01       		.uleb128 0x1
 974 0001 11       		.uleb128 0x11
 975 0002 01       		.byte	0x1
 976 0003 25       		.uleb128 0x25
ARM GAS  C:\Users\quint\AppData\Local\Temp\ccECvUXa.s 			page 26


 977 0004 0E       		.uleb128 0xe
 978 0005 13       		.uleb128 0x13
 979 0006 0B       		.uleb128 0xb
 980 0007 03       		.uleb128 0x3
 981 0008 0E       		.uleb128 0xe
 982 0009 1B       		.uleb128 0x1b
 983 000a 0E       		.uleb128 0xe
 984 000b 55       		.uleb128 0x55
 985 000c 17       		.uleb128 0x17
 986 000d 11       		.uleb128 0x11
 987 000e 01       		.uleb128 0x1
 988 000f 10       		.uleb128 0x10
 989 0010 17       		.uleb128 0x17
 990 0011 00       		.byte	0
 991 0012 00       		.byte	0
 992 0013 02       		.uleb128 0x2
 993 0014 24       		.uleb128 0x24
 994 0015 00       		.byte	0
 995 0016 0B       		.uleb128 0xb
 996 0017 0B       		.uleb128 0xb
 997 0018 3E       		.uleb128 0x3e
 998 0019 0B       		.uleb128 0xb
 999 001a 03       		.uleb128 0x3
 1000 001b 0E       		.uleb128 0xe
 1001 001c 00       		.byte	0
 1002 001d 00       		.byte	0
 1003 001e 03       		.uleb128 0x3
 1004 001f 24       		.uleb128 0x24
 1005 0020 00       		.byte	0
 1006 0021 0B       		.uleb128 0xb
 1007 0022 0B       		.uleb128 0xb
 1008 0023 3E       		.uleb128 0x3e
 1009 0024 0B       		.uleb128 0xb
 1010 0025 03       		.uleb128 0x3
 1011 0026 08       		.uleb128 0x8
 1012 0027 00       		.byte	0
 1013 0028 00       		.byte	0
 1014 0029 04       		.uleb128 0x4
 1015 002a 16       		.uleb128 0x16
 1016 002b 00       		.byte	0
 1017 002c 03       		.uleb128 0x3
 1018 002d 0E       		.uleb128 0xe
 1019 002e 3A       		.uleb128 0x3a
 1020 002f 0B       		.uleb128 0xb
 1021 0030 3B       		.uleb128 0x3b
 1022 0031 05       		.uleb128 0x5
 1023 0032 49       		.uleb128 0x49
 1024 0033 13       		.uleb128 0x13
 1025 0034 00       		.byte	0
 1026 0035 00       		.byte	0
 1027 0036 05       		.uleb128 0x5
 1028 0037 35       		.uleb128 0x35
 1029 0038 00       		.byte	0
 1030 0039 49       		.uleb128 0x49
 1031 003a 13       		.uleb128 0x13
 1032 003b 00       		.byte	0
 1033 003c 00       		.byte	0
ARM GAS  C:\Users\quint\AppData\Local\Temp\ccECvUXa.s 			page 27


 1034 003d 06       		.uleb128 0x6
 1035 003e 0F       		.uleb128 0xf
 1036 003f 00       		.byte	0
 1037 0040 0B       		.uleb128 0xb
 1038 0041 0B       		.uleb128 0xb
 1039 0042 49       		.uleb128 0x49
 1040 0043 13       		.uleb128 0x13
 1041 0044 00       		.byte	0
 1042 0045 00       		.byte	0
 1043 0046 07       		.uleb128 0x7
 1044 0047 15       		.uleb128 0x15
 1045 0048 00       		.byte	0
 1046 0049 27       		.uleb128 0x27
 1047 004a 19       		.uleb128 0x19
 1048 004b 00       		.byte	0
 1049 004c 00       		.byte	0
 1050 004d 08       		.uleb128 0x8
 1051 004e 2E       		.uleb128 0x2e
 1052 004f 01       		.byte	0x1
 1053 0050 3F       		.uleb128 0x3f
 1054 0051 19       		.uleb128 0x19
 1055 0052 03       		.uleb128 0x3
 1056 0053 0E       		.uleb128 0xe
 1057 0054 3A       		.uleb128 0x3a
 1058 0055 0B       		.uleb128 0xb
 1059 0056 3B       		.uleb128 0x3b
 1060 0057 0B       		.uleb128 0xb
 1061 0058 27       		.uleb128 0x27
 1062 0059 19       		.uleb128 0x19
 1063 005a 11       		.uleb128 0x11
 1064 005b 01       		.uleb128 0x1
 1065 005c 12       		.uleb128 0x12
 1066 005d 06       		.uleb128 0x6
 1067 005e 40       		.uleb128 0x40
 1068 005f 18       		.uleb128 0x18
 1069 0060 9742     		.uleb128 0x2117
 1070 0062 19       		.uleb128 0x19
 1071 0063 01       		.uleb128 0x1
 1072 0064 13       		.uleb128 0x13
 1073 0065 00       		.byte	0
 1074 0066 00       		.byte	0
 1075 0067 09       		.uleb128 0x9
 1076 0068 05       		.uleb128 0x5
 1077 0069 00       		.byte	0
 1078 006a 03       		.uleb128 0x3
 1079 006b 0E       		.uleb128 0xe
 1080 006c 3A       		.uleb128 0x3a
 1081 006d 0B       		.uleb128 0xb
 1082 006e 3B       		.uleb128 0x3b
 1083 006f 0B       		.uleb128 0xb
 1084 0070 49       		.uleb128 0x49
 1085 0071 13       		.uleb128 0x13
 1086 0072 02       		.uleb128 0x2
 1087 0073 18       		.uleb128 0x18
 1088 0074 00       		.byte	0
 1089 0075 00       		.byte	0
 1090 0076 0A       		.uleb128 0xa
ARM GAS  C:\Users\quint\AppData\Local\Temp\ccECvUXa.s 			page 28


 1091 0077 2E       		.uleb128 0x2e
 1092 0078 00       		.byte	0
 1093 0079 3F       		.uleb128 0x3f
 1094 007a 19       		.uleb128 0x19
 1095 007b 03       		.uleb128 0x3
 1096 007c 0E       		.uleb128 0xe
 1097 007d 3A       		.uleb128 0x3a
 1098 007e 0B       		.uleb128 0xb
 1099 007f 3B       		.uleb128 0x3b
 1100 0080 0B       		.uleb128 0xb
 1101 0081 27       		.uleb128 0x27
 1102 0082 19       		.uleb128 0x19
 1103 0083 49       		.uleb128 0x49
 1104 0084 13       		.uleb128 0x13
 1105 0085 11       		.uleb128 0x11
 1106 0086 01       		.uleb128 0x1
 1107 0087 12       		.uleb128 0x12
 1108 0088 06       		.uleb128 0x6
 1109 0089 40       		.uleb128 0x40
 1110 008a 18       		.uleb128 0x18
 1111 008b 9742     		.uleb128 0x2117
 1112 008d 19       		.uleb128 0x19
 1113 008e 00       		.byte	0
 1114 008f 00       		.byte	0
 1115 0090 0B       		.uleb128 0xb
 1116 0091 2E       		.uleb128 0x2e
 1117 0092 01       		.byte	0x1
 1118 0093 3F       		.uleb128 0x3f
 1119 0094 19       		.uleb128 0x19
 1120 0095 03       		.uleb128 0x3
 1121 0096 0E       		.uleb128 0xe
 1122 0097 3A       		.uleb128 0x3a
 1123 0098 0B       		.uleb128 0xb
 1124 0099 3B       		.uleb128 0x3b
 1125 009a 05       		.uleb128 0x5
 1126 009b 27       		.uleb128 0x27
 1127 009c 19       		.uleb128 0x19
 1128 009d 11       		.uleb128 0x11
 1129 009e 01       		.uleb128 0x1
 1130 009f 12       		.uleb128 0x12
 1131 00a0 06       		.uleb128 0x6
 1132 00a1 40       		.uleb128 0x40
 1133 00a2 18       		.uleb128 0x18
 1134 00a3 9742     		.uleb128 0x2117
 1135 00a5 19       		.uleb128 0x19
 1136 00a6 01       		.uleb128 0x1
 1137 00a7 13       		.uleb128 0x13
 1138 00a8 00       		.byte	0
 1139 00a9 00       		.byte	0
 1140 00aa 0C       		.uleb128 0xc
 1141 00ab 05       		.uleb128 0x5
 1142 00ac 00       		.byte	0
 1143 00ad 03       		.uleb128 0x3
 1144 00ae 0E       		.uleb128 0xe
 1145 00af 3A       		.uleb128 0x3a
 1146 00b0 0B       		.uleb128 0xb
 1147 00b1 3B       		.uleb128 0x3b
ARM GAS  C:\Users\quint\AppData\Local\Temp\ccECvUXa.s 			page 29


 1148 00b2 05       		.uleb128 0x5
 1149 00b3 49       		.uleb128 0x49
 1150 00b4 13       		.uleb128 0x13
 1151 00b5 02       		.uleb128 0x2
 1152 00b6 17       		.uleb128 0x17
 1153 00b7 00       		.byte	0
 1154 00b8 00       		.byte	0
 1155 00b9 0D       		.uleb128 0xd
 1156 00ba 34       		.uleb128 0x34
 1157 00bb 00       		.byte	0
 1158 00bc 03       		.uleb128 0x3
 1159 00bd 0E       		.uleb128 0xe
 1160 00be 3A       		.uleb128 0x3a
 1161 00bf 0B       		.uleb128 0xb
 1162 00c0 3B       		.uleb128 0x3b
 1163 00c1 05       		.uleb128 0x5
 1164 00c2 49       		.uleb128 0x49
 1165 00c3 13       		.uleb128 0x13
 1166 00c4 02       		.uleb128 0x2
 1167 00c5 17       		.uleb128 0x17
 1168 00c6 00       		.byte	0
 1169 00c7 00       		.byte	0
 1170 00c8 0E       		.uleb128 0xe
 1171 00c9 34       		.uleb128 0x34
 1172 00ca 00       		.byte	0
 1173 00cb 03       		.uleb128 0x3
 1174 00cc 0E       		.uleb128 0xe
 1175 00cd 3A       		.uleb128 0x3a
 1176 00ce 0B       		.uleb128 0xb
 1177 00cf 3B       		.uleb128 0x3b
 1178 00d0 05       		.uleb128 0x5
 1179 00d1 49       		.uleb128 0x49
 1180 00d2 13       		.uleb128 0x13
 1181 00d3 1C       		.uleb128 0x1c
 1182 00d4 0B       		.uleb128 0xb
 1183 00d5 00       		.byte	0
 1184 00d6 00       		.byte	0
 1185 00d7 0F       		.uleb128 0xf
 1186 00d8 898201   		.uleb128 0x4109
 1187 00db 00       		.byte	0
 1188 00dc 11       		.uleb128 0x11
 1189 00dd 01       		.uleb128 0x1
 1190 00de 31       		.uleb128 0x31
 1191 00df 13       		.uleb128 0x13
 1192 00e0 00       		.byte	0
 1193 00e1 00       		.byte	0
 1194 00e2 10       		.uleb128 0x10
 1195 00e3 2E       		.uleb128 0x2e
 1196 00e4 01       		.byte	0x1
 1197 00e5 3F       		.uleb128 0x3f
 1198 00e6 19       		.uleb128 0x19
 1199 00e7 03       		.uleb128 0x3
 1200 00e8 0E       		.uleb128 0xe
 1201 00e9 3A       		.uleb128 0x3a
 1202 00ea 0B       		.uleb128 0xb
 1203 00eb 3B       		.uleb128 0x3b
 1204 00ec 05       		.uleb128 0x5
ARM GAS  C:\Users\quint\AppData\Local\Temp\ccECvUXa.s 			page 30


 1205 00ed 27       		.uleb128 0x27
 1206 00ee 19       		.uleb128 0x19
 1207 00ef 49       		.uleb128 0x49
 1208 00f0 13       		.uleb128 0x13
 1209 00f1 11       		.uleb128 0x11
 1210 00f2 01       		.uleb128 0x1
 1211 00f3 12       		.uleb128 0x12
 1212 00f4 06       		.uleb128 0x6
 1213 00f5 40       		.uleb128 0x40
 1214 00f6 18       		.uleb128 0x18
 1215 00f7 9742     		.uleb128 0x2117
 1216 00f9 19       		.uleb128 0x19
 1217 00fa 01       		.uleb128 0x1
 1218 00fb 13       		.uleb128 0x13
 1219 00fc 00       		.byte	0
 1220 00fd 00       		.byte	0
 1221 00fe 11       		.uleb128 0x11
 1222 00ff 2E       		.uleb128 0x2e
 1223 0100 00       		.byte	0
 1224 0101 3F       		.uleb128 0x3f
 1225 0102 19       		.uleb128 0x19
 1226 0103 03       		.uleb128 0x3
 1227 0104 0E       		.uleb128 0xe
 1228 0105 3A       		.uleb128 0x3a
 1229 0106 0B       		.uleb128 0xb
 1230 0107 3B       		.uleb128 0x3b
 1231 0108 05       		.uleb128 0x5
 1232 0109 27       		.uleb128 0x27
 1233 010a 19       		.uleb128 0x19
 1234 010b 11       		.uleb128 0x11
 1235 010c 01       		.uleb128 0x1
 1236 010d 12       		.uleb128 0x12
 1237 010e 06       		.uleb128 0x6
 1238 010f 40       		.uleb128 0x40
 1239 0110 18       		.uleb128 0x18
 1240 0111 9742     		.uleb128 0x2117
 1241 0113 19       		.uleb128 0x19
 1242 0114 00       		.byte	0
 1243 0115 00       		.byte	0
 1244 0116 12       		.uleb128 0x12
 1245 0117 2E       		.uleb128 0x2e
 1246 0118 00       		.byte	0
 1247 0119 3F       		.uleb128 0x3f
 1248 011a 19       		.uleb128 0x19
 1249 011b 03       		.uleb128 0x3
 1250 011c 0E       		.uleb128 0xe
 1251 011d 3A       		.uleb128 0x3a
 1252 011e 0B       		.uleb128 0xb
 1253 011f 3B       		.uleb128 0x3b
 1254 0120 05       		.uleb128 0x5
 1255 0121 27       		.uleb128 0x27
 1256 0122 19       		.uleb128 0x19
 1257 0123 49       		.uleb128 0x49
 1258 0124 13       		.uleb128 0x13
 1259 0125 11       		.uleb128 0x11
 1260 0126 01       		.uleb128 0x1
 1261 0127 12       		.uleb128 0x12
ARM GAS  C:\Users\quint\AppData\Local\Temp\ccECvUXa.s 			page 31


 1262 0128 06       		.uleb128 0x6
 1263 0129 40       		.uleb128 0x40
 1264 012a 18       		.uleb128 0x18
 1265 012b 9742     		.uleb128 0x2117
 1266 012d 19       		.uleb128 0x19
 1267 012e 00       		.byte	0
 1268 012f 00       		.byte	0
 1269 0130 13       		.uleb128 0x13
 1270 0131 898201   		.uleb128 0x4109
 1271 0134 01       		.byte	0x1
 1272 0135 11       		.uleb128 0x11
 1273 0136 01       		.uleb128 0x1
 1274 0137 31       		.uleb128 0x31
 1275 0138 13       		.uleb128 0x13
 1276 0139 01       		.uleb128 0x1
 1277 013a 13       		.uleb128 0x13
 1278 013b 00       		.byte	0
 1279 013c 00       		.byte	0
 1280 013d 14       		.uleb128 0x14
 1281 013e 8A8201   		.uleb128 0x410a
 1282 0141 00       		.byte	0
 1283 0142 02       		.uleb128 0x2
 1284 0143 18       		.uleb128 0x18
 1285 0144 9142     		.uleb128 0x2111
 1286 0146 18       		.uleb128 0x18
 1287 0147 00       		.byte	0
 1288 0148 00       		.byte	0
 1289 0149 15       		.uleb128 0x15
 1290 014a 05       		.uleb128 0x5
 1291 014b 00       		.byte	0
 1292 014c 03       		.uleb128 0x3
 1293 014d 0E       		.uleb128 0xe
 1294 014e 3A       		.uleb128 0x3a
 1295 014f 0B       		.uleb128 0xb
 1296 0150 3B       		.uleb128 0x3b
 1297 0151 0B       		.uleb128 0xb
 1298 0152 49       		.uleb128 0x49
 1299 0153 13       		.uleb128 0x13
 1300 0154 02       		.uleb128 0x2
 1301 0155 17       		.uleb128 0x17
 1302 0156 00       		.byte	0
 1303 0157 00       		.byte	0
 1304 0158 16       		.uleb128 0x16
 1305 0159 01       		.uleb128 0x1
 1306 015a 01       		.byte	0x1
 1307 015b 49       		.uleb128 0x49
 1308 015c 13       		.uleb128 0x13
 1309 015d 01       		.uleb128 0x1
 1310 015e 13       		.uleb128 0x13
 1311 015f 00       		.byte	0
 1312 0160 00       		.byte	0
 1313 0161 17       		.uleb128 0x17
 1314 0162 21       		.uleb128 0x21
 1315 0163 00       		.byte	0
 1316 0164 49       		.uleb128 0x49
 1317 0165 13       		.uleb128 0x13
 1318 0166 2F       		.uleb128 0x2f
ARM GAS  C:\Users\quint\AppData\Local\Temp\ccECvUXa.s 			page 32


 1319 0167 0B       		.uleb128 0xb
 1320 0168 00       		.byte	0
 1321 0169 00       		.byte	0
 1322 016a 18       		.uleb128 0x18
 1323 016b 26       		.uleb128 0x26
 1324 016c 00       		.byte	0
 1325 016d 49       		.uleb128 0x49
 1326 016e 13       		.uleb128 0x13
 1327 016f 00       		.byte	0
 1328 0170 00       		.byte	0
 1329 0171 19       		.uleb128 0x19
 1330 0172 34       		.uleb128 0x34
 1331 0173 00       		.byte	0
 1332 0174 03       		.uleb128 0x3
 1333 0175 0E       		.uleb128 0xe
 1334 0176 3A       		.uleb128 0x3a
 1335 0177 0B       		.uleb128 0xb
 1336 0178 3B       		.uleb128 0x3b
 1337 0179 0B       		.uleb128 0xb
 1338 017a 49       		.uleb128 0x49
 1339 017b 13       		.uleb128 0x13
 1340 017c 3F       		.uleb128 0x3f
 1341 017d 19       		.uleb128 0x19
 1342 017e 02       		.uleb128 0x2
 1343 017f 18       		.uleb128 0x18
 1344 0180 00       		.byte	0
 1345 0181 00       		.byte	0
 1346 0182 1A       		.uleb128 0x1a
 1347 0183 34       		.uleb128 0x34
 1348 0184 00       		.byte	0
 1349 0185 03       		.uleb128 0x3
 1350 0186 0E       		.uleb128 0xe
 1351 0187 3A       		.uleb128 0x3a
 1352 0188 0B       		.uleb128 0xb
 1353 0189 3B       		.uleb128 0x3b
 1354 018a 0B       		.uleb128 0xb
 1355 018b 49       		.uleb128 0x49
 1356 018c 13       		.uleb128 0x13
 1357 018d 3F       		.uleb128 0x3f
 1358 018e 19       		.uleb128 0x19
 1359 018f 3C       		.uleb128 0x3c
 1360 0190 19       		.uleb128 0x19
 1361 0191 00       		.byte	0
 1362 0192 00       		.byte	0
 1363 0193 1B       		.uleb128 0x1b
 1364 0194 2E       		.uleb128 0x2e
 1365 0195 00       		.byte	0
 1366 0196 3F       		.uleb128 0x3f
 1367 0197 19       		.uleb128 0x19
 1368 0198 3C       		.uleb128 0x3c
 1369 0199 19       		.uleb128 0x19
 1370 019a 6E       		.uleb128 0x6e
 1371 019b 0E       		.uleb128 0xe
 1372 019c 03       		.uleb128 0x3
 1373 019d 0E       		.uleb128 0xe
 1374 019e 3A       		.uleb128 0x3a
 1375 019f 0B       		.uleb128 0xb
ARM GAS  C:\Users\quint\AppData\Local\Temp\ccECvUXa.s 			page 33


 1376 01a0 3B       		.uleb128 0x3b
 1377 01a1 0B       		.uleb128 0xb
 1378 01a2 00       		.byte	0
 1379 01a3 00       		.byte	0
 1380 01a4 00       		.byte	0
 1381              		.section	.debug_loc,"",%progbits
 1382              	.Ldebug_loc0:
 1383              	.LLST0:
 1384 0000 00000000 		.4byte	.LVL1
 1385 0004 07000000 		.4byte	.LVL3-1
 1386 0008 0100     		.2byte	0x1
 1387 000a 50       		.byte	0x50
 1388 000b 07000000 		.4byte	.LVL3-1
 1389 000f 24000000 		.4byte	.LFE41
 1390 0013 0400     		.2byte	0x4
 1391 0015 F3       		.byte	0xf3
 1392 0016 01       		.uleb128 0x1
 1393 0017 50       		.byte	0x50
 1394 0018 9F       		.byte	0x9f
 1395 0019 00000000 		.4byte	0
 1396 001d 00000000 		.4byte	0
 1397              	.LLST1:
 1398 0021 08000000 		.4byte	.LVL3
 1399 0025 19000000 		.4byte	.LVL4-1
 1400 0029 0100     		.2byte	0x1
 1401 002b 50       		.byte	0x50
 1402 002c 00000000 		.4byte	0
 1403 0030 00000000 		.4byte	0
 1404              	.LLST2:
 1405 0034 06000000 		.4byte	.LVL6
 1406 0038 0A000000 		.4byte	.LVL7
 1407 003c 0500     		.2byte	0x5
 1408 003e 70       		.byte	0x70
 1409 003f 00       		.sleb128 0
 1410 0040 33       		.byte	0x33
 1411 0041 1A       		.byte	0x1a
 1412 0042 9F       		.byte	0x9f
 1413 0043 0A000000 		.4byte	.LVL7
 1414 0047 10000000 		.4byte	.LFE42
 1415 004b 0100     		.2byte	0x1
 1416 004d 50       		.byte	0x50
 1417 004e 00000000 		.4byte	0
 1418 0052 00000000 		.4byte	0
 1419              	.LLST3:
 1420 0056 00000000 		.4byte	.LVL12
 1421 005a 07000000 		.4byte	.LVL13-1
 1422 005e 0100     		.2byte	0x1
 1423 0060 50       		.byte	0x50
 1424 0061 07000000 		.4byte	.LVL13-1
 1425 0065 18000000 		.4byte	.LVL17
 1426 0069 0100     		.2byte	0x1
 1427 006b 54       		.byte	0x54
 1428 006c 18000000 		.4byte	.LVL17
 1429 0070 1A000000 		.4byte	.LFE36
 1430 0074 0400     		.2byte	0x4
 1431 0076 F3       		.byte	0xf3
 1432 0077 01       		.uleb128 0x1
ARM GAS  C:\Users\quint\AppData\Local\Temp\ccECvUXa.s 			page 34


 1433 0078 50       		.byte	0x50
 1434 0079 9F       		.byte	0x9f
 1435 007a 00000000 		.4byte	0
 1436 007e 00000000 		.4byte	0
 1437              		.section	.debug_aranges,"",%progbits
 1438 0000 7C000000 		.4byte	0x7c
 1439 0004 0200     		.2byte	0x2
 1440 0006 00000000 		.4byte	.Ldebug_info0
 1441 000a 04       		.byte	0x4
 1442 000b 00       		.byte	0
 1443 000c 0000     		.2byte	0
 1444 000e 0000     		.2byte	0
 1445 0010 00000000 		.4byte	.LFB39
 1446 0014 0C000000 		.4byte	.LFE39-.LFB39
 1447 0018 00000000 		.4byte	.LFB40
 1448 001c 0C000000 		.4byte	.LFE40-.LFB40
 1449 0020 00000000 		.4byte	.LFB41
 1450 0024 24000000 		.4byte	.LFE41-.LFB41
 1451 0028 00000000 		.4byte	.LFB42
 1452 002c 10000000 		.4byte	.LFE42-.LFB42
 1453 0030 00000000 		.4byte	.LFB43
 1454 0034 0C000000 		.4byte	.LFE43-.LFB43
 1455 0038 00000000 		.4byte	.LFB44
 1456 003c 14000000 		.4byte	.LFE44-.LFB44
 1457 0040 00000000 		.4byte	.LFB45
 1458 0044 0C000000 		.4byte	.LFE45-.LFB45
 1459 0048 00000000 		.4byte	.LFB35
 1460 004c 1C000000 		.4byte	.LFE35-.LFB35
 1461 0050 00000000 		.4byte	.LFB36
 1462 0054 1A000000 		.4byte	.LFE36-.LFB36
 1463 0058 00000000 		.4byte	.LFB37
 1464 005c 14000000 		.4byte	.LFE37-.LFB37
 1465 0060 00000000 		.4byte	.LFB46
 1466 0064 0C000000 		.4byte	.LFE46-.LFB46
 1467 0068 00000000 		.4byte	.LFB47
 1468 006c 0C000000 		.4byte	.LFE47-.LFB47
 1469 0070 00000000 		.4byte	.LFB38
 1470 0074 58000000 		.4byte	.LFE38-.LFB38
 1471 0078 00000000 		.4byte	0
 1472 007c 00000000 		.4byte	0
 1473              		.section	.debug_ranges,"",%progbits
 1474              	.Ldebug_ranges0:
 1475 0000 00000000 		.4byte	.LFB39
 1476 0004 0C000000 		.4byte	.LFE39
 1477 0008 00000000 		.4byte	.LFB40
 1478 000c 0C000000 		.4byte	.LFE40
 1479 0010 00000000 		.4byte	.LFB41
 1480 0014 24000000 		.4byte	.LFE41
 1481 0018 00000000 		.4byte	.LFB42
 1482 001c 10000000 		.4byte	.LFE42
 1483 0020 00000000 		.4byte	.LFB43
 1484 0024 0C000000 		.4byte	.LFE43
 1485 0028 00000000 		.4byte	.LFB44
 1486 002c 14000000 		.4byte	.LFE44
 1487 0030 00000000 		.4byte	.LFB45
 1488 0034 0C000000 		.4byte	.LFE45
 1489 0038 00000000 		.4byte	.LFB35
ARM GAS  C:\Users\quint\AppData\Local\Temp\ccECvUXa.s 			page 35


 1490 003c 1C000000 		.4byte	.LFE35
 1491 0040 00000000 		.4byte	.LFB36
 1492 0044 1A000000 		.4byte	.LFE36
 1493 0048 00000000 		.4byte	.LFB37
 1494 004c 14000000 		.4byte	.LFE37
 1495 0050 00000000 		.4byte	.LFB46
 1496 0054 0C000000 		.4byte	.LFE46
 1497 0058 00000000 		.4byte	.LFB47
 1498 005c 0C000000 		.4byte	.LFE47
 1499 0060 00000000 		.4byte	.LFB38
 1500 0064 58000000 		.4byte	.LFE38
 1501 0068 00000000 		.4byte	0
 1502 006c 00000000 		.4byte	0
 1503              		.section	.debug_line,"",%progbits
 1504              	.Ldebug_line0:
 1505 0000 E7010000 		.section	.debug_str,"MS",%progbits,1
 1505      0200DE00 
 1505      00000201 
 1505      FB0E0D00 
 1505      01010101 
 1506              	.LASF30:
 1507 0000 425F496E 		.ascii	"B_Interrupt_Stop\000"
 1507      74657272 
 1507      7570745F 
 1507      53746F70 
 1507      00
 1508              	.LASF29:
 1509 0011 425F496E 		.ascii	"B_Interrupt_StartEx\000"
 1509      74657272 
 1509      7570745F 
 1509      53746172 
 1509      74457800 
 1510              	.LASF14:
 1511 0025 72656733 		.ascii	"reg32\000"
 1511      3200
 1512              	.LASF36:
 1513 002b 6D797374 		.ascii	"mystring\000"
 1513      72696E67 
 1513      00
 1514              	.LASF37:
 1515 0034 43795261 		.ascii	"CyRamVectors\000"
 1515      6D566563 
 1515      746F7273 
 1515      00
 1516              	.LASF35:
 1517 0041 636F756E 		.ascii	"count\000"
 1517      7400
 1518              	.LASF46:
 1519 0047 443A5C47 		.ascii	"D:\\GIT\\Microcontroller System Design Projects\\HW"
 1519      49545C4D 
 1519      6963726F 
 1519      636F6E74 
 1519      726F6C6C 
 1520 0077 322D436C 		.ascii	"2-Cline Count Zilla\\countZilla.cydsn\000"
 1520      696E6520 
 1520      436F756E 
 1520      74205A69 
ARM GAS  C:\Users\quint\AppData\Local\Temp\ccECvUXa.s 			page 36


 1520      6C6C615C 
 1521              	.LASF3:
 1522 009c 73686F72 		.ascii	"short unsigned int\000"
 1522      7420756E 
 1522      7369676E 
 1522      65642069 
 1522      6E7400
 1523              	.LASF27:
 1524 00af 425F496E 		.ascii	"B_Interrupt_Disable\000"
 1524      74657272 
 1524      7570745F 
 1524      44697361 
 1524      626C6500 
 1525              	.LASF12:
 1526 00c3 646F7562 		.ascii	"double\000"
 1526      6C6500
 1527              	.LASF11:
 1528 00ca 666C6F61 		.ascii	"float\000"
 1528      7400
 1529              	.LASF24:
 1530 00d0 425F496E 		.ascii	"B_Interrupt_GetVector\000"
 1530      74657272 
 1530      7570745F 
 1530      47657456 
 1530      6563746F 
 1531              	.LASF1:
 1532 00e6 756E7369 		.ascii	"unsigned char\000"
 1532      676E6564 
 1532      20636861 
 1532      7200
 1533              	.LASF33:
 1534 00f4 425F496E 		.ascii	"B_Interrupt_Interrupt\000"
 1534      74657272 
 1534      7570745F 
 1534      496E7465 
 1534      72727570 
 1535              	.LASF22:
 1536 010a 696E7465 		.ascii	"interruptState\000"
 1536      72727570 
 1536      74537461 
 1536      746500
 1537              	.LASF5:
 1538 0119 6C6F6E67 		.ascii	"long unsigned int\000"
 1538      20756E73 
 1538      69676E65 
 1538      6420696E 
 1538      7400
 1539              	.LASF19:
 1540 012b 425F496E 		.ascii	"B_Interrupt_SetPriority\000"
 1540      74657272 
 1540      7570745F 
 1540      53657450 
 1540      72696F72 
 1541              	.LASF21:
 1542 0143 7072696F 		.ascii	"priority\000"
 1542      72697479 
 1542      00
ARM GAS  C:\Users\quint\AppData\Local\Temp\ccECvUXa.s 			page 37


 1543              	.LASF26:
 1544 014c 425F496E 		.ascii	"B_Interrupt_Enable\000"
 1544      74657272 
 1544      7570745F 
 1544      456E6162 
 1544      6C6500
 1545              	.LASF32:
 1546 015f 425F496E 		.ascii	"B_Interrupt_ClearPending\000"
 1546      74657272 
 1546      7570745F 
 1546      436C6561 
 1546      7250656E 
 1547              	.LASF25:
 1548 0178 425F496E 		.ascii	"B_Interrupt_GetState\000"
 1548      74657272 
 1548      7570745F 
 1548      47657453 
 1548      74617465 
 1549              	.LASF10:
 1550 018d 75696E74 		.ascii	"uint32\000"
 1550      333200
 1551              	.LASF38:
 1552 0194 4379456E 		.ascii	"CyEnterCriticalSection\000"
 1552      74657243 
 1552      72697469 
 1552      63616C53 
 1552      65637469 
 1553              	.LASF8:
 1554 01ab 756E7369 		.ascii	"unsigned int\000"
 1554      676E6564 
 1554      20696E74 
 1554      00
 1555              	.LASF20:
 1556 01b8 61646472 		.ascii	"address\000"
 1556      65737300 
 1557              	.LASF7:
 1558 01c0 6C6F6E67 		.ascii	"long long unsigned int\000"
 1558      206C6F6E 
 1558      6720756E 
 1558      7369676E 
 1558      65642069 
 1559              	.LASF41:
 1560 01d7 73707269 		.ascii	"sprintf\000"
 1560      6E746600 
 1561              	.LASF15:
 1562 01df 63796973 		.ascii	"cyisraddress\000"
 1562      72616464 
 1562      72657373 
 1562      00
 1563              	.LASF42:
 1564 01ec 474C4344 		.ascii	"GLCD_PrintString\000"
 1564      5F507269 
 1564      6E745374 
 1564      72696E67 
 1564      00
 1565              	.LASF44:
 1566 01fd 474E5520 		.ascii	"GNU C11 5.4.1 20160609 (release) [ARM/embedded-5-br"
ARM GAS  C:\Users\quint\AppData\Local\Temp\ccECvUXa.s 			page 38


 1566      43313120 
 1566      352E342E 
 1566      31203230 
 1566      31363036 
 1567 0230 616E6368 		.ascii	"anch revision 237715] -mcpu=cortex-m0 -mthumb -g -O"
 1567      20726576 
 1567      6973696F 
 1567      6E203233 
 1567      37373135 
 1568 0263 67202D66 		.ascii	"g -ffunction-sections -ffat-lto-objects\000"
 1568      66756E63 
 1568      74696F6E 
 1568      2D736563 
 1568      74696F6E 
 1569              	.LASF17:
 1570 028b 73697A65 		.ascii	"sizetype\000"
 1570      74797065 
 1570      00
 1571              	.LASF6:
 1572 0294 6C6F6E67 		.ascii	"long long int\000"
 1572      206C6F6E 
 1572      6720696E 
 1572      7400
 1573              	.LASF34:
 1574 02a2 474C4344 		.ascii	"GLCD_FONT8x16\000"
 1574      5F464F4E 
 1574      54387831 
 1574      3600
 1575              	.LASF13:
 1576 02b0 63686172 		.ascii	"char\000"
 1576      00
 1577              	.LASF31:
 1578 02b5 425F496E 		.ascii	"B_Interrupt_SetPending\000"
 1578      74657272 
 1578      7570745F 
 1578      53657450 
 1578      656E6469 
 1579              	.LASF40:
 1580 02cc 425F4275 		.ascii	"B_Button_Read\000"
 1580      74746F6E 
 1580      5F526561 
 1580      6400
 1581              	.LASF45:
 1582 02da 47656E65 		.ascii	"Generated_Source\\PSoC4\\B_Interrupt.c\000"
 1582      72617465 
 1582      645F536F 
 1582      75726365 
 1582      5C50536F 
 1583              	.LASF2:
 1584 02ff 73686F72 		.ascii	"short int\000"
 1584      7420696E 
 1584      7400
 1585              	.LASF9:
 1586 0309 75696E74 		.ascii	"uint8\000"
 1586      3800
 1587              	.LASF39:
 1588 030f 43794578 		.ascii	"CyExitCriticalSection\000"
ARM GAS  C:\Users\quint\AppData\Local\Temp\ccECvUXa.s 			page 39


 1588      69744372 
 1588      69746963 
 1588      616C5365 
 1588      6374696F 
 1589              	.LASF23:
 1590 0325 7072696F 		.ascii	"priorityOffset\000"
 1590      72697479 
 1590      4F666673 
 1590      657400
 1591              	.LASF4:
 1592 0334 6C6F6E67 		.ascii	"long int\000"
 1592      20696E74 
 1592      00
 1593              	.LASF16:
 1594 033d 6C6F6E67 		.ascii	"long double\000"
 1594      20646F75 
 1594      626C6500 
 1595              	.LASF0:
 1596 0349 7369676E 		.ascii	"signed char\000"
 1596      65642063 
 1596      68617200 
 1597              	.LASF18:
 1598 0355 425F496E 		.ascii	"B_Interrupt_SetVector\000"
 1598      74657272 
 1598      7570745F 
 1598      53657456 
 1598      6563746F 
 1599              	.LASF47:
 1600 036b 425F496E 		.ascii	"B_Interrupt_GetPriority\000"
 1600      74657272 
 1600      7570745F 
 1600      47657450 
 1600      72696F72 
 1601              	.LASF43:
 1602 0383 43794465 		.ascii	"CyDelay\000"
 1602      6C617900 
 1603              	.LASF28:
 1604 038b 425F496E 		.ascii	"B_Interrupt_Start\000"
 1604      74657272 
 1604      7570745F 
 1604      53746172 
 1604      7400
 1605              		.ident	"GCC: (GNU Tools for ARM Embedded Processors) 5.4.1 20160609 (release) [ARM/embedded-5-bran
