ARM GAS  C:\Users\quint\AppData\Local\Temp\ccFq8M7w.s 			page 1


   1              		.syntax unified
   2              		.cpu cortex-m0
   3              		.fpu softvfp
   4              		.eabi_attribute 20, 1
   5              		.eabi_attribute 21, 1
   6              		.eabi_attribute 23, 3
   7              		.eabi_attribute 24, 1
   8              		.eabi_attribute 25, 1
   9              		.eabi_attribute 26, 1
  10              		.eabi_attribute 30, 1
  11              		.eabi_attribute 34, 0
  12              		.eabi_attribute 18, 4
  13              		.thumb
  14              		.syntax unified
  15              		.file	"C_Interrupt.c"
  16              		.text
  17              	.Ltext0:
  18              		.cfi_sections	.debug_frame
  19              		.section	.text.C_Interrupt_SetVector,"ax",%progbits
  20              		.align	2
  21              		.global	C_Interrupt_SetVector
  22              		.code	16
  23              		.thumb_func
  24              		.type	C_Interrupt_SetVector, %function
  25              	C_Interrupt_SetVector:
  26              	.LFB39:
  27              		.file 1 "Generated_Source\\PSoC4\\C_Interrupt.c"
   1:Generated_Source\PSoC4/C_Interrupt.c **** /*******************************************************************************
   2:Generated_Source\PSoC4/C_Interrupt.c **** * File Name: C_Interrupt.c  
   3:Generated_Source\PSoC4/C_Interrupt.c **** * Version 1.70
   4:Generated_Source\PSoC4/C_Interrupt.c **** *
   5:Generated_Source\PSoC4/C_Interrupt.c **** *  Description:
   6:Generated_Source\PSoC4/C_Interrupt.c **** *   API for controlling the state of an interrupt.
   7:Generated_Source\PSoC4/C_Interrupt.c **** *
   8:Generated_Source\PSoC4/C_Interrupt.c **** *
   9:Generated_Source\PSoC4/C_Interrupt.c **** *  Note:
  10:Generated_Source\PSoC4/C_Interrupt.c **** *
  11:Generated_Source\PSoC4/C_Interrupt.c **** ********************************************************************************
  12:Generated_Source\PSoC4/C_Interrupt.c **** * Copyright 2008-2015, Cypress Semiconductor Corporation.  All rights reserved.
  13:Generated_Source\PSoC4/C_Interrupt.c **** * You may use this file only in accordance with the license, terms, conditions, 
  14:Generated_Source\PSoC4/C_Interrupt.c **** * disclaimers, and limitations in the end user license agreement accompanying 
  15:Generated_Source\PSoC4/C_Interrupt.c **** * the software package with which this file was provided.
  16:Generated_Source\PSoC4/C_Interrupt.c **** *******************************************************************************/
  17:Generated_Source\PSoC4/C_Interrupt.c **** 
  18:Generated_Source\PSoC4/C_Interrupt.c **** 
  19:Generated_Source\PSoC4/C_Interrupt.c **** #include <cydevice_trm.h>
  20:Generated_Source\PSoC4/C_Interrupt.c **** #include <CyLib.h>
  21:Generated_Source\PSoC4/C_Interrupt.c **** #include <C_Interrupt.h>
  22:Generated_Source\PSoC4/C_Interrupt.c **** #include "cyapicallbacks.h"
  23:Generated_Source\PSoC4/C_Interrupt.c **** 
  24:Generated_Source\PSoC4/C_Interrupt.c **** #if !defined(C_Interrupt__REMOVED) /* Check for removal by optimization */
  25:Generated_Source\PSoC4/C_Interrupt.c **** 
  26:Generated_Source\PSoC4/C_Interrupt.c **** /*******************************************************************************
  27:Generated_Source\PSoC4/C_Interrupt.c **** *  Place your includes, defines and code here 
  28:Generated_Source\PSoC4/C_Interrupt.c **** ********************************************************************************/
  29:Generated_Source\PSoC4/C_Interrupt.c **** /* `#START C_Interrupt_intc` */
  30:Generated_Source\PSoC4/C_Interrupt.c ****     #include "project.h"
ARM GAS  C:\Users\quint\AppData\Local\Temp\ccFq8M7w.s 			page 2


  31:Generated_Source\PSoC4/C_Interrupt.c **** #include <stdio.h>
  32:Generated_Source\PSoC4/C_Interrupt.c **** #define PUSHED 0
  33:Generated_Source\PSoC4/C_Interrupt.c **** extern int count; 
  34:Generated_Source\PSoC4/C_Interrupt.c **** extern char mystring[20];
  35:Generated_Source\PSoC4/C_Interrupt.c **** /* `#END` */
  36:Generated_Source\PSoC4/C_Interrupt.c **** 
  37:Generated_Source\PSoC4/C_Interrupt.c **** extern cyisraddress CyRamVectors[CYINT_IRQ_BASE + CY_NUM_INTERRUPTS];
  38:Generated_Source\PSoC4/C_Interrupt.c **** 
  39:Generated_Source\PSoC4/C_Interrupt.c **** /* Declared in startup, used to set unused interrupts to. */
  40:Generated_Source\PSoC4/C_Interrupt.c **** CY_ISR_PROTO(IntDefaultHandler);
  41:Generated_Source\PSoC4/C_Interrupt.c **** 
  42:Generated_Source\PSoC4/C_Interrupt.c **** 
  43:Generated_Source\PSoC4/C_Interrupt.c **** /*******************************************************************************
  44:Generated_Source\PSoC4/C_Interrupt.c **** * Function Name: C_Interrupt_Start
  45:Generated_Source\PSoC4/C_Interrupt.c **** ********************************************************************************
  46:Generated_Source\PSoC4/C_Interrupt.c **** *
  47:Generated_Source\PSoC4/C_Interrupt.c **** * Summary:
  48:Generated_Source\PSoC4/C_Interrupt.c **** *  Set up the interrupt and enable it. This function disables the interrupt, 
  49:Generated_Source\PSoC4/C_Interrupt.c **** *  sets the default interrupt vector, sets the priority from the value in the
  50:Generated_Source\PSoC4/C_Interrupt.c **** *  Design Wide Resources Interrupt Editor, then enables the interrupt to the 
  51:Generated_Source\PSoC4/C_Interrupt.c **** *  interrupt controller.
  52:Generated_Source\PSoC4/C_Interrupt.c **** *
  53:Generated_Source\PSoC4/C_Interrupt.c **** * Parameters:  
  54:Generated_Source\PSoC4/C_Interrupt.c **** *   None
  55:Generated_Source\PSoC4/C_Interrupt.c **** *
  56:Generated_Source\PSoC4/C_Interrupt.c **** * Return:
  57:Generated_Source\PSoC4/C_Interrupt.c **** *   None
  58:Generated_Source\PSoC4/C_Interrupt.c **** *
  59:Generated_Source\PSoC4/C_Interrupt.c **** *******************************************************************************/
  60:Generated_Source\PSoC4/C_Interrupt.c **** void C_Interrupt_Start(void)
  61:Generated_Source\PSoC4/C_Interrupt.c **** {
  62:Generated_Source\PSoC4/C_Interrupt.c ****     /* For all we know the interrupt is active. */
  63:Generated_Source\PSoC4/C_Interrupt.c ****     C_Interrupt_Disable();
  64:Generated_Source\PSoC4/C_Interrupt.c **** 
  65:Generated_Source\PSoC4/C_Interrupt.c ****     /* Set the ISR to point to the C_Interrupt Interrupt. */
  66:Generated_Source\PSoC4/C_Interrupt.c ****     C_Interrupt_SetVector(&C_Interrupt_Interrupt);
  67:Generated_Source\PSoC4/C_Interrupt.c **** 
  68:Generated_Source\PSoC4/C_Interrupt.c ****     /* Set the priority. */
  69:Generated_Source\PSoC4/C_Interrupt.c ****     C_Interrupt_SetPriority((uint8)C_Interrupt_INTC_PRIOR_NUMBER);
  70:Generated_Source\PSoC4/C_Interrupt.c **** 
  71:Generated_Source\PSoC4/C_Interrupt.c ****     /* Enable it. */
  72:Generated_Source\PSoC4/C_Interrupt.c ****     C_Interrupt_Enable();
  73:Generated_Source\PSoC4/C_Interrupt.c **** }
  74:Generated_Source\PSoC4/C_Interrupt.c **** 
  75:Generated_Source\PSoC4/C_Interrupt.c **** 
  76:Generated_Source\PSoC4/C_Interrupt.c **** /*******************************************************************************
  77:Generated_Source\PSoC4/C_Interrupt.c **** * Function Name: C_Interrupt_StartEx
  78:Generated_Source\PSoC4/C_Interrupt.c **** ********************************************************************************
  79:Generated_Source\PSoC4/C_Interrupt.c **** *
  80:Generated_Source\PSoC4/C_Interrupt.c **** * Summary:
  81:Generated_Source\PSoC4/C_Interrupt.c **** *  Sets up the interrupt and enables it. This function disables the interrupt,
  82:Generated_Source\PSoC4/C_Interrupt.c **** *  sets the interrupt vector based on the address passed in, sets the priority 
  83:Generated_Source\PSoC4/C_Interrupt.c **** *  from the value in the Design Wide Resources Interrupt Editor, then enables 
  84:Generated_Source\PSoC4/C_Interrupt.c **** *  the interrupt to the interrupt controller.
  85:Generated_Source\PSoC4/C_Interrupt.c **** *  
  86:Generated_Source\PSoC4/C_Interrupt.c **** *  When defining ISR functions, the CY_ISR and CY_ISR_PROTO macros should be 
  87:Generated_Source\PSoC4/C_Interrupt.c **** *  used to provide consistent definition across compilers:
ARM GAS  C:\Users\quint\AppData\Local\Temp\ccFq8M7w.s 			page 3


  88:Generated_Source\PSoC4/C_Interrupt.c **** *  
  89:Generated_Source\PSoC4/C_Interrupt.c **** *  Function definition example:
  90:Generated_Source\PSoC4/C_Interrupt.c **** *   CY_ISR(MyISR)
  91:Generated_Source\PSoC4/C_Interrupt.c **** *   {
  92:Generated_Source\PSoC4/C_Interrupt.c **** *   }
  93:Generated_Source\PSoC4/C_Interrupt.c **** *   Function prototype example:
  94:Generated_Source\PSoC4/C_Interrupt.c **** *   CY_ISR_PROTO(MyISR);
  95:Generated_Source\PSoC4/C_Interrupt.c **** *
  96:Generated_Source\PSoC4/C_Interrupt.c **** * Parameters:  
  97:Generated_Source\PSoC4/C_Interrupt.c **** *   address: Address of the ISR to set in the interrupt vector table.
  98:Generated_Source\PSoC4/C_Interrupt.c **** *
  99:Generated_Source\PSoC4/C_Interrupt.c **** * Return:
 100:Generated_Source\PSoC4/C_Interrupt.c **** *   None
 101:Generated_Source\PSoC4/C_Interrupt.c **** *
 102:Generated_Source\PSoC4/C_Interrupt.c **** *******************************************************************************/
 103:Generated_Source\PSoC4/C_Interrupt.c **** void C_Interrupt_StartEx(cyisraddress address)
 104:Generated_Source\PSoC4/C_Interrupt.c **** {
 105:Generated_Source\PSoC4/C_Interrupt.c ****     /* For all we know the interrupt is active. */
 106:Generated_Source\PSoC4/C_Interrupt.c ****     C_Interrupt_Disable();
 107:Generated_Source\PSoC4/C_Interrupt.c **** 
 108:Generated_Source\PSoC4/C_Interrupt.c ****     /* Set the ISR to point to the C_Interrupt Interrupt. */
 109:Generated_Source\PSoC4/C_Interrupt.c ****     C_Interrupt_SetVector(address);
 110:Generated_Source\PSoC4/C_Interrupt.c **** 
 111:Generated_Source\PSoC4/C_Interrupt.c ****     /* Set the priority. */
 112:Generated_Source\PSoC4/C_Interrupt.c ****     C_Interrupt_SetPriority((uint8)C_Interrupt_INTC_PRIOR_NUMBER);
 113:Generated_Source\PSoC4/C_Interrupt.c **** 
 114:Generated_Source\PSoC4/C_Interrupt.c ****     /* Enable it. */
 115:Generated_Source\PSoC4/C_Interrupt.c ****     C_Interrupt_Enable();
 116:Generated_Source\PSoC4/C_Interrupt.c **** }
 117:Generated_Source\PSoC4/C_Interrupt.c **** 
 118:Generated_Source\PSoC4/C_Interrupt.c **** 
 119:Generated_Source\PSoC4/C_Interrupt.c **** /*******************************************************************************
 120:Generated_Source\PSoC4/C_Interrupt.c **** * Function Name: C_Interrupt_Stop
 121:Generated_Source\PSoC4/C_Interrupt.c **** ********************************************************************************
 122:Generated_Source\PSoC4/C_Interrupt.c **** *
 123:Generated_Source\PSoC4/C_Interrupt.c **** * Summary:
 124:Generated_Source\PSoC4/C_Interrupt.c **** *   Disables and removes the interrupt.
 125:Generated_Source\PSoC4/C_Interrupt.c **** *
 126:Generated_Source\PSoC4/C_Interrupt.c **** * Parameters:  
 127:Generated_Source\PSoC4/C_Interrupt.c **** *   None
 128:Generated_Source\PSoC4/C_Interrupt.c **** *
 129:Generated_Source\PSoC4/C_Interrupt.c **** * Return:
 130:Generated_Source\PSoC4/C_Interrupt.c **** *   None
 131:Generated_Source\PSoC4/C_Interrupt.c **** *
 132:Generated_Source\PSoC4/C_Interrupt.c **** *******************************************************************************/
 133:Generated_Source\PSoC4/C_Interrupt.c **** void C_Interrupt_Stop(void)
 134:Generated_Source\PSoC4/C_Interrupt.c **** {
 135:Generated_Source\PSoC4/C_Interrupt.c ****     /* Disable this interrupt. */
 136:Generated_Source\PSoC4/C_Interrupt.c ****     C_Interrupt_Disable();
 137:Generated_Source\PSoC4/C_Interrupt.c **** 
 138:Generated_Source\PSoC4/C_Interrupt.c ****     /* Set the ISR to point to the passive one. */
 139:Generated_Source\PSoC4/C_Interrupt.c ****     C_Interrupt_SetVector(&IntDefaultHandler);
 140:Generated_Source\PSoC4/C_Interrupt.c **** }
 141:Generated_Source\PSoC4/C_Interrupt.c **** 
 142:Generated_Source\PSoC4/C_Interrupt.c **** 
 143:Generated_Source\PSoC4/C_Interrupt.c **** /*******************************************************************************
 144:Generated_Source\PSoC4/C_Interrupt.c **** * Function Name: C_Interrupt_Interrupt
ARM GAS  C:\Users\quint\AppData\Local\Temp\ccFq8M7w.s 			page 4


 145:Generated_Source\PSoC4/C_Interrupt.c **** ********************************************************************************
 146:Generated_Source\PSoC4/C_Interrupt.c **** *
 147:Generated_Source\PSoC4/C_Interrupt.c **** * Summary:
 148:Generated_Source\PSoC4/C_Interrupt.c **** *   The default Interrupt Service Routine for C_Interrupt.
 149:Generated_Source\PSoC4/C_Interrupt.c **** *
 150:Generated_Source\PSoC4/C_Interrupt.c **** *   Add custom code between the START and END comments to keep the next version
 151:Generated_Source\PSoC4/C_Interrupt.c **** *   of this file from over-writing your code.
 152:Generated_Source\PSoC4/C_Interrupt.c **** *
 153:Generated_Source\PSoC4/C_Interrupt.c **** *   Note You may use either the default ISR by using this API, or you may define
 154:Generated_Source\PSoC4/C_Interrupt.c **** *   your own separate ISR through ISR_StartEx().
 155:Generated_Source\PSoC4/C_Interrupt.c **** *
 156:Generated_Source\PSoC4/C_Interrupt.c **** * Parameters:  
 157:Generated_Source\PSoC4/C_Interrupt.c **** *   None
 158:Generated_Source\PSoC4/C_Interrupt.c **** *
 159:Generated_Source\PSoC4/C_Interrupt.c **** * Return:
 160:Generated_Source\PSoC4/C_Interrupt.c **** *   None
 161:Generated_Source\PSoC4/C_Interrupt.c **** *
 162:Generated_Source\PSoC4/C_Interrupt.c **** *******************************************************************************/
 163:Generated_Source\PSoC4/C_Interrupt.c **** CY_ISR(C_Interrupt_Interrupt)
 164:Generated_Source\PSoC4/C_Interrupt.c **** {
 165:Generated_Source\PSoC4/C_Interrupt.c ****     #ifdef C_Interrupt_INTERRUPT_INTERRUPT_CALLBACK
 166:Generated_Source\PSoC4/C_Interrupt.c ****         C_Interrupt_Interrupt_InterruptCallback();
 167:Generated_Source\PSoC4/C_Interrupt.c ****     #endif /* C_Interrupt_INTERRUPT_INTERRUPT_CALLBACK */ 
 168:Generated_Source\PSoC4/C_Interrupt.c **** 
 169:Generated_Source\PSoC4/C_Interrupt.c ****     /*  Place your Interrupt code here. */
 170:Generated_Source\PSoC4/C_Interrupt.c ****     /* `#START C_Interrupt_Interrupt` */
 171:Generated_Source\PSoC4/C_Interrupt.c **** while (C_Button_Read() == !PUSHED);
 172:Generated_Source\PSoC4/C_Interrupt.c ****             
 173:Generated_Source\PSoC4/C_Interrupt.c ****             count--;
 174:Generated_Source\PSoC4/C_Interrupt.c ****             
 175:Generated_Source\PSoC4/C_Interrupt.c ****             //CyDelay(25);
 176:Generated_Source\PSoC4/C_Interrupt.c **** 	
 177:Generated_Source\PSoC4/C_Interrupt.c ****             while (C_Button_Read() == PUSHED);
 178:Generated_Source\PSoC4/C_Interrupt.c ****             CyDelay(25);
 179:Generated_Source\PSoC4/C_Interrupt.c ****             C_Interrupt_ClearPending(); 
 180:Generated_Source\PSoC4/C_Interrupt.c ****     /* `#END` */
 181:Generated_Source\PSoC4/C_Interrupt.c **** }
 182:Generated_Source\PSoC4/C_Interrupt.c **** 
 183:Generated_Source\PSoC4/C_Interrupt.c **** 
 184:Generated_Source\PSoC4/C_Interrupt.c **** /*******************************************************************************
 185:Generated_Source\PSoC4/C_Interrupt.c **** * Function Name: C_Interrupt_SetVector
 186:Generated_Source\PSoC4/C_Interrupt.c **** ********************************************************************************
 187:Generated_Source\PSoC4/C_Interrupt.c **** *
 188:Generated_Source\PSoC4/C_Interrupt.c **** * Summary:
 189:Generated_Source\PSoC4/C_Interrupt.c **** *   Change the ISR vector for the Interrupt. Note calling C_Interrupt_Start
 190:Generated_Source\PSoC4/C_Interrupt.c **** *   will override any effect this method would have had. To set the vector 
 191:Generated_Source\PSoC4/C_Interrupt.c **** *   before the component has been started use C_Interrupt_StartEx instead.
 192:Generated_Source\PSoC4/C_Interrupt.c **** * 
 193:Generated_Source\PSoC4/C_Interrupt.c **** *   When defining ISR functions, the CY_ISR and CY_ISR_PROTO macros should be 
 194:Generated_Source\PSoC4/C_Interrupt.c **** *   used to provide consistent definition across compilers:
 195:Generated_Source\PSoC4/C_Interrupt.c **** *
 196:Generated_Source\PSoC4/C_Interrupt.c **** *   Function definition example:
 197:Generated_Source\PSoC4/C_Interrupt.c **** *   CY_ISR(MyISR)
 198:Generated_Source\PSoC4/C_Interrupt.c **** *   {
 199:Generated_Source\PSoC4/C_Interrupt.c **** *   }
 200:Generated_Source\PSoC4/C_Interrupt.c **** *
 201:Generated_Source\PSoC4/C_Interrupt.c **** *   Function prototype example:
ARM GAS  C:\Users\quint\AppData\Local\Temp\ccFq8M7w.s 			page 5


 202:Generated_Source\PSoC4/C_Interrupt.c **** *     CY_ISR_PROTO(MyISR);
 203:Generated_Source\PSoC4/C_Interrupt.c **** *
 204:Generated_Source\PSoC4/C_Interrupt.c **** * Parameters:
 205:Generated_Source\PSoC4/C_Interrupt.c **** *   address: Address of the ISR to set in the interrupt vector table.
 206:Generated_Source\PSoC4/C_Interrupt.c **** *
 207:Generated_Source\PSoC4/C_Interrupt.c **** * Return:
 208:Generated_Source\PSoC4/C_Interrupt.c **** *   None
 209:Generated_Source\PSoC4/C_Interrupt.c **** *
 210:Generated_Source\PSoC4/C_Interrupt.c **** *******************************************************************************/
 211:Generated_Source\PSoC4/C_Interrupt.c **** void C_Interrupt_SetVector(cyisraddress address)
 212:Generated_Source\PSoC4/C_Interrupt.c **** {
  28              		.loc 1 212 0
  29              		.cfi_startproc
  30              		@ args = 0, pretend = 0, frame = 0
  31              		@ frame_needed = 0, uses_anonymous_args = 0
  32              		@ link register save eliminated.
  33              	.LVL0:
 213:Generated_Source\PSoC4/C_Interrupt.c ****     CyRamVectors[CYINT_IRQ_BASE + C_Interrupt__INTC_NUMBER] = address;
  34              		.loc 1 213 0
  35 0000 014B     		ldr	r3, .L2
  36 0002 D864     		str	r0, [r3, #76]
 214:Generated_Source\PSoC4/C_Interrupt.c **** }
  37              		.loc 1 214 0
  38              		@ sp needed
  39 0004 7047     		bx	lr
  40              	.L3:
  41 0006 C046     		.align	2
  42              	.L2:
  43 0008 00000000 		.word	CyRamVectors
  44              		.cfi_endproc
  45              	.LFE39:
  46              		.size	C_Interrupt_SetVector, .-C_Interrupt_SetVector
  47              		.section	.text.C_Interrupt_GetVector,"ax",%progbits
  48              		.align	2
  49              		.global	C_Interrupt_GetVector
  50              		.code	16
  51              		.thumb_func
  52              		.type	C_Interrupt_GetVector, %function
  53              	C_Interrupt_GetVector:
  54              	.LFB40:
 215:Generated_Source\PSoC4/C_Interrupt.c **** 
 216:Generated_Source\PSoC4/C_Interrupt.c **** 
 217:Generated_Source\PSoC4/C_Interrupt.c **** /*******************************************************************************
 218:Generated_Source\PSoC4/C_Interrupt.c **** * Function Name: C_Interrupt_GetVector
 219:Generated_Source\PSoC4/C_Interrupt.c **** ********************************************************************************
 220:Generated_Source\PSoC4/C_Interrupt.c **** *
 221:Generated_Source\PSoC4/C_Interrupt.c **** * Summary:
 222:Generated_Source\PSoC4/C_Interrupt.c **** *   Gets the "address" of the current ISR vector for the Interrupt.
 223:Generated_Source\PSoC4/C_Interrupt.c **** *
 224:Generated_Source\PSoC4/C_Interrupt.c **** * Parameters:
 225:Generated_Source\PSoC4/C_Interrupt.c **** *   None
 226:Generated_Source\PSoC4/C_Interrupt.c **** *
 227:Generated_Source\PSoC4/C_Interrupt.c **** * Return:
 228:Generated_Source\PSoC4/C_Interrupt.c **** *   Address of the ISR in the interrupt vector table.
 229:Generated_Source\PSoC4/C_Interrupt.c **** *
 230:Generated_Source\PSoC4/C_Interrupt.c **** *******************************************************************************/
 231:Generated_Source\PSoC4/C_Interrupt.c **** cyisraddress C_Interrupt_GetVector(void)
ARM GAS  C:\Users\quint\AppData\Local\Temp\ccFq8M7w.s 			page 6


 232:Generated_Source\PSoC4/C_Interrupt.c **** {
  55              		.loc 1 232 0
  56              		.cfi_startproc
  57              		@ args = 0, pretend = 0, frame = 0
  58              		@ frame_needed = 0, uses_anonymous_args = 0
  59              		@ link register save eliminated.
 233:Generated_Source\PSoC4/C_Interrupt.c ****     return CyRamVectors[CYINT_IRQ_BASE + C_Interrupt__INTC_NUMBER];
  60              		.loc 1 233 0
  61 0000 014B     		ldr	r3, .L5
  62 0002 D86C     		ldr	r0, [r3, #76]
 234:Generated_Source\PSoC4/C_Interrupt.c **** }
  63              		.loc 1 234 0
  64              		@ sp needed
  65 0004 7047     		bx	lr
  66              	.L6:
  67 0006 C046     		.align	2
  68              	.L5:
  69 0008 00000000 		.word	CyRamVectors
  70              		.cfi_endproc
  71              	.LFE40:
  72              		.size	C_Interrupt_GetVector, .-C_Interrupt_GetVector
  73              		.section	.text.C_Interrupt_SetPriority,"ax",%progbits
  74              		.align	2
  75              		.global	C_Interrupt_SetPriority
  76              		.code	16
  77              		.thumb_func
  78              		.type	C_Interrupt_SetPriority, %function
  79              	C_Interrupt_SetPriority:
  80              	.LFB41:
 235:Generated_Source\PSoC4/C_Interrupt.c **** 
 236:Generated_Source\PSoC4/C_Interrupt.c **** 
 237:Generated_Source\PSoC4/C_Interrupt.c **** /*******************************************************************************
 238:Generated_Source\PSoC4/C_Interrupt.c **** * Function Name: C_Interrupt_SetPriority
 239:Generated_Source\PSoC4/C_Interrupt.c **** ********************************************************************************
 240:Generated_Source\PSoC4/C_Interrupt.c **** *
 241:Generated_Source\PSoC4/C_Interrupt.c **** * Summary:
 242:Generated_Source\PSoC4/C_Interrupt.c **** *   Sets the Priority of the Interrupt. 
 243:Generated_Source\PSoC4/C_Interrupt.c **** *
 244:Generated_Source\PSoC4/C_Interrupt.c **** *   Note calling C_Interrupt_Start or C_Interrupt_StartEx will 
 245:Generated_Source\PSoC4/C_Interrupt.c **** *   override any effect this API would have had. This API should only be called
 246:Generated_Source\PSoC4/C_Interrupt.c **** *   after C_Interrupt_Start or C_Interrupt_StartEx has been called. 
 247:Generated_Source\PSoC4/C_Interrupt.c **** *   To set the initial priority for the component, use the Design-Wide Resources
 248:Generated_Source\PSoC4/C_Interrupt.c **** *   Interrupt Editor.
 249:Generated_Source\PSoC4/C_Interrupt.c **** *
 250:Generated_Source\PSoC4/C_Interrupt.c **** *   Note This API has no effect on Non-maskable interrupt NMI).
 251:Generated_Source\PSoC4/C_Interrupt.c **** *
 252:Generated_Source\PSoC4/C_Interrupt.c **** * Parameters:
 253:Generated_Source\PSoC4/C_Interrupt.c **** *   priority: Priority of the interrupt, 0 being the highest priority
 254:Generated_Source\PSoC4/C_Interrupt.c **** *             PSoC 3 and PSoC 5LP: Priority is from 0 to 7.
 255:Generated_Source\PSoC4/C_Interrupt.c **** *             PSoC 4: Priority is from 0 to 3.
 256:Generated_Source\PSoC4/C_Interrupt.c **** *
 257:Generated_Source\PSoC4/C_Interrupt.c **** * Return:
 258:Generated_Source\PSoC4/C_Interrupt.c **** *   None
 259:Generated_Source\PSoC4/C_Interrupt.c **** *
 260:Generated_Source\PSoC4/C_Interrupt.c **** *******************************************************************************/
 261:Generated_Source\PSoC4/C_Interrupt.c **** void C_Interrupt_SetPriority(uint8 priority)
 262:Generated_Source\PSoC4/C_Interrupt.c **** {
ARM GAS  C:\Users\quint\AppData\Local\Temp\ccFq8M7w.s 			page 7


  81              		.loc 1 262 0
  82              		.cfi_startproc
  83              		@ args = 0, pretend = 0, frame = 0
  84              		@ frame_needed = 0, uses_anonymous_args = 0
  85              	.LVL1:
  86 0000 10B5     		push	{r4, lr}
  87              		.cfi_def_cfa_offset 8
  88              		.cfi_offset 4, -8
  89              		.cfi_offset 14, -4
  90 0002 0400     		movs	r4, r0
  91              	.LVL2:
 263:Generated_Source\PSoC4/C_Interrupt.c **** 	uint8 interruptState;
 264:Generated_Source\PSoC4/C_Interrupt.c ****     uint32 priorityOffset = ((C_Interrupt__INTC_NUMBER % 4u) * 8u) + 6u;
 265:Generated_Source\PSoC4/C_Interrupt.c ****     
 266:Generated_Source\PSoC4/C_Interrupt.c **** 	interruptState = CyEnterCriticalSection();
  92              		.loc 1 266 0
  93 0004 FFF7FEFF 		bl	CyEnterCriticalSection
  94              	.LVL3:
 267:Generated_Source\PSoC4/C_Interrupt.c ****     *C_Interrupt_INTC_PRIOR = (*C_Interrupt_INTC_PRIOR & (uint32)(~C_Interrupt__INTC_PRIOR_MASK)) |
  95              		.loc 1 267 0
  96 0008 044A     		ldr	r2, .L8
  97 000a 1368     		ldr	r3, [r2]
  98 000c 9B00     		lsls	r3, r3, #2
  99 000e 9B08     		lsrs	r3, r3, #2
 268:Generated_Source\PSoC4/C_Interrupt.c ****                                     ((uint32)priority << priorityOffset);
 100              		.loc 1 268 0
 101 0010 A407     		lsls	r4, r4, #30
 267:Generated_Source\PSoC4/C_Interrupt.c ****     *C_Interrupt_INTC_PRIOR = (*C_Interrupt_INTC_PRIOR & (uint32)(~C_Interrupt__INTC_PRIOR_MASK)) |
 102              		.loc 1 267 0
 103 0012 1C43     		orrs	r4, r3
 104 0014 1460     		str	r4, [r2]
 269:Generated_Source\PSoC4/C_Interrupt.c **** 	CyExitCriticalSection(interruptState);
 105              		.loc 1 269 0
 106 0016 FFF7FEFF 		bl	CyExitCriticalSection
 107              	.LVL4:
 270:Generated_Source\PSoC4/C_Interrupt.c **** }
 108              		.loc 1 270 0
 109              		@ sp needed
 110 001a 10BD     		pop	{r4, pc}
 111              	.L9:
 112              		.align	2
 113              	.L8:
 114 001c 00E400E0 		.word	-536812544
 115              		.cfi_endproc
 116              	.LFE41:
 117              		.size	C_Interrupt_SetPriority, .-C_Interrupt_SetPriority
 118              		.section	.text.C_Interrupt_GetPriority,"ax",%progbits
 119              		.align	2
 120              		.global	C_Interrupt_GetPriority
 121              		.code	16
 122              		.thumb_func
 123              		.type	C_Interrupt_GetPriority, %function
 124              	C_Interrupt_GetPriority:
 125              	.LFB42:
 271:Generated_Source\PSoC4/C_Interrupt.c **** 
 272:Generated_Source\PSoC4/C_Interrupt.c **** 
 273:Generated_Source\PSoC4/C_Interrupt.c **** /*******************************************************************************
ARM GAS  C:\Users\quint\AppData\Local\Temp\ccFq8M7w.s 			page 8


 274:Generated_Source\PSoC4/C_Interrupt.c **** * Function Name: C_Interrupt_GetPriority
 275:Generated_Source\PSoC4/C_Interrupt.c **** ********************************************************************************
 276:Generated_Source\PSoC4/C_Interrupt.c **** *
 277:Generated_Source\PSoC4/C_Interrupt.c **** * Summary:
 278:Generated_Source\PSoC4/C_Interrupt.c **** *   Gets the Priority of the Interrupt.
 279:Generated_Source\PSoC4/C_Interrupt.c **** *
 280:Generated_Source\PSoC4/C_Interrupt.c **** * Parameters:
 281:Generated_Source\PSoC4/C_Interrupt.c **** *   None
 282:Generated_Source\PSoC4/C_Interrupt.c **** *
 283:Generated_Source\PSoC4/C_Interrupt.c **** * Return:
 284:Generated_Source\PSoC4/C_Interrupt.c **** *   Priority of the interrupt, 0 being the highest priority
 285:Generated_Source\PSoC4/C_Interrupt.c **** *    PSoC 3 and PSoC 5LP: Priority is from 0 to 7.
 286:Generated_Source\PSoC4/C_Interrupt.c **** *    PSoC 4: Priority is from 0 to 3.
 287:Generated_Source\PSoC4/C_Interrupt.c **** *
 288:Generated_Source\PSoC4/C_Interrupt.c **** *******************************************************************************/
 289:Generated_Source\PSoC4/C_Interrupt.c **** uint8 C_Interrupt_GetPriority(void)
 290:Generated_Source\PSoC4/C_Interrupt.c **** {
 126              		.loc 1 290 0
 127              		.cfi_startproc
 128              		@ args = 0, pretend = 0, frame = 0
 129              		@ frame_needed = 0, uses_anonymous_args = 0
 130              		@ link register save eliminated.
 131              	.LVL5:
 291:Generated_Source\PSoC4/C_Interrupt.c ****     uint32 priority;
 292:Generated_Source\PSoC4/C_Interrupt.c **** 	uint32 priorityOffset = ((C_Interrupt__INTC_NUMBER % 4u) * 8u) + 6u;
 293:Generated_Source\PSoC4/C_Interrupt.c **** 
 294:Generated_Source\PSoC4/C_Interrupt.c ****     priority = (*C_Interrupt_INTC_PRIOR & C_Interrupt__INTC_PRIOR_MASK) >> priorityOffset;
 132              		.loc 1 294 0
 133 0000 014B     		ldr	r3, .L11
 134 0002 1868     		ldr	r0, [r3]
 135              	.LVL6:
 295:Generated_Source\PSoC4/C_Interrupt.c **** 
 296:Generated_Source\PSoC4/C_Interrupt.c ****     return (uint8)priority;
 136              		.loc 1 296 0
 137 0004 800F     		lsrs	r0, r0, #30
 138              	.LVL7:
 297:Generated_Source\PSoC4/C_Interrupt.c **** }
 139              		.loc 1 297 0
 140              		@ sp needed
 141 0006 7047     		bx	lr
 142              	.L12:
 143              		.align	2
 144              	.L11:
 145 0008 00E400E0 		.word	-536812544
 146              		.cfi_endproc
 147              	.LFE42:
 148              		.size	C_Interrupt_GetPriority, .-C_Interrupt_GetPriority
 149              		.section	.text.C_Interrupt_Enable,"ax",%progbits
 150              		.align	2
 151              		.global	C_Interrupt_Enable
 152              		.code	16
 153              		.thumb_func
 154              		.type	C_Interrupt_Enable, %function
 155              	C_Interrupt_Enable:
 156              	.LFB43:
 298:Generated_Source\PSoC4/C_Interrupt.c **** 
 299:Generated_Source\PSoC4/C_Interrupt.c **** 
ARM GAS  C:\Users\quint\AppData\Local\Temp\ccFq8M7w.s 			page 9


 300:Generated_Source\PSoC4/C_Interrupt.c **** /*******************************************************************************
 301:Generated_Source\PSoC4/C_Interrupt.c **** * Function Name: C_Interrupt_Enable
 302:Generated_Source\PSoC4/C_Interrupt.c **** ********************************************************************************
 303:Generated_Source\PSoC4/C_Interrupt.c **** *
 304:Generated_Source\PSoC4/C_Interrupt.c **** * Summary:
 305:Generated_Source\PSoC4/C_Interrupt.c **** *   Enables the interrupt to the interrupt controller. Do not call this function
 306:Generated_Source\PSoC4/C_Interrupt.c **** *   unless ISR_Start() has been called or the functionality of the ISR_Start() 
 307:Generated_Source\PSoC4/C_Interrupt.c **** *   function, which sets the vector and the priority, has been called.
 308:Generated_Source\PSoC4/C_Interrupt.c **** *
 309:Generated_Source\PSoC4/C_Interrupt.c **** * Parameters:
 310:Generated_Source\PSoC4/C_Interrupt.c **** *   None
 311:Generated_Source\PSoC4/C_Interrupt.c **** *
 312:Generated_Source\PSoC4/C_Interrupt.c **** * Return:
 313:Generated_Source\PSoC4/C_Interrupt.c **** *   None
 314:Generated_Source\PSoC4/C_Interrupt.c **** *
 315:Generated_Source\PSoC4/C_Interrupt.c **** *******************************************************************************/
 316:Generated_Source\PSoC4/C_Interrupt.c **** void C_Interrupt_Enable(void)
 317:Generated_Source\PSoC4/C_Interrupt.c **** {
 157              		.loc 1 317 0
 158              		.cfi_startproc
 159              		@ args = 0, pretend = 0, frame = 0
 160              		@ frame_needed = 0, uses_anonymous_args = 0
 161              		@ link register save eliminated.
 318:Generated_Source\PSoC4/C_Interrupt.c ****     /* Enable the general interrupt. */
 319:Generated_Source\PSoC4/C_Interrupt.c ****     *C_Interrupt_INTC_SET_EN = C_Interrupt__INTC_MASK;
 162              		.loc 1 319 0
 163 0000 0822     		movs	r2, #8
 164 0002 014B     		ldr	r3, .L14
 165 0004 1A60     		str	r2, [r3]
 320:Generated_Source\PSoC4/C_Interrupt.c **** }
 166              		.loc 1 320 0
 167              		@ sp needed
 168 0006 7047     		bx	lr
 169              	.L15:
 170              		.align	2
 171              	.L14:
 172 0008 00E100E0 		.word	-536813312
 173              		.cfi_endproc
 174              	.LFE43:
 175              		.size	C_Interrupt_Enable, .-C_Interrupt_Enable
 176              		.section	.text.C_Interrupt_GetState,"ax",%progbits
 177              		.align	2
 178              		.global	C_Interrupt_GetState
 179              		.code	16
 180              		.thumb_func
 181              		.type	C_Interrupt_GetState, %function
 182              	C_Interrupt_GetState:
 183              	.LFB44:
 321:Generated_Source\PSoC4/C_Interrupt.c **** 
 322:Generated_Source\PSoC4/C_Interrupt.c **** 
 323:Generated_Source\PSoC4/C_Interrupt.c **** /*******************************************************************************
 324:Generated_Source\PSoC4/C_Interrupt.c **** * Function Name: C_Interrupt_GetState
 325:Generated_Source\PSoC4/C_Interrupt.c **** ********************************************************************************
 326:Generated_Source\PSoC4/C_Interrupt.c **** *
 327:Generated_Source\PSoC4/C_Interrupt.c **** * Summary:
 328:Generated_Source\PSoC4/C_Interrupt.c **** *   Gets the state (enabled, disabled) of the Interrupt.
 329:Generated_Source\PSoC4/C_Interrupt.c **** *
ARM GAS  C:\Users\quint\AppData\Local\Temp\ccFq8M7w.s 			page 10


 330:Generated_Source\PSoC4/C_Interrupt.c **** * Parameters:
 331:Generated_Source\PSoC4/C_Interrupt.c **** *   None
 332:Generated_Source\PSoC4/C_Interrupt.c **** *
 333:Generated_Source\PSoC4/C_Interrupt.c **** * Return:
 334:Generated_Source\PSoC4/C_Interrupt.c **** *   1 if enabled, 0 if disabled.
 335:Generated_Source\PSoC4/C_Interrupt.c **** *
 336:Generated_Source\PSoC4/C_Interrupt.c **** *******************************************************************************/
 337:Generated_Source\PSoC4/C_Interrupt.c **** uint8 C_Interrupt_GetState(void)
 338:Generated_Source\PSoC4/C_Interrupt.c **** {
 184              		.loc 1 338 0
 185              		.cfi_startproc
 186              		@ args = 0, pretend = 0, frame = 0
 187              		@ frame_needed = 0, uses_anonymous_args = 0
 188              		@ link register save eliminated.
 339:Generated_Source\PSoC4/C_Interrupt.c ****     /* Get the state of the general interrupt. */
 340:Generated_Source\PSoC4/C_Interrupt.c ****     return ((*C_Interrupt_INTC_SET_EN & (uint32)C_Interrupt__INTC_MASK) != 0u) ? 1u:0u;
 189              		.loc 1 340 0
 190 0000 034B     		ldr	r3, .L19
 191 0002 1B68     		ldr	r3, [r3]
 192 0004 1B07     		lsls	r3, r3, #28
 193 0006 01D5     		bpl	.L18
 194 0008 0120     		movs	r0, #1
 195 000a 00E0     		b	.L17
 196              	.L18:
 197 000c 0020     		movs	r0, #0
 198              	.L17:
 341:Generated_Source\PSoC4/C_Interrupt.c **** }
 199              		.loc 1 341 0 discriminator 4
 200              		@ sp needed
 201 000e 7047     		bx	lr
 202              	.L20:
 203              		.align	2
 204              	.L19:
 205 0010 00E100E0 		.word	-536813312
 206              		.cfi_endproc
 207              	.LFE44:
 208              		.size	C_Interrupt_GetState, .-C_Interrupt_GetState
 209              		.section	.text.C_Interrupt_Disable,"ax",%progbits
 210              		.align	2
 211              		.global	C_Interrupt_Disable
 212              		.code	16
 213              		.thumb_func
 214              		.type	C_Interrupt_Disable, %function
 215              	C_Interrupt_Disable:
 216              	.LFB45:
 342:Generated_Source\PSoC4/C_Interrupt.c **** 
 343:Generated_Source\PSoC4/C_Interrupt.c **** 
 344:Generated_Source\PSoC4/C_Interrupt.c **** /*******************************************************************************
 345:Generated_Source\PSoC4/C_Interrupt.c **** * Function Name: C_Interrupt_Disable
 346:Generated_Source\PSoC4/C_Interrupt.c **** ********************************************************************************
 347:Generated_Source\PSoC4/C_Interrupt.c **** *
 348:Generated_Source\PSoC4/C_Interrupt.c **** * Summary:
 349:Generated_Source\PSoC4/C_Interrupt.c **** *   Disables the Interrupt in the interrupt controller.
 350:Generated_Source\PSoC4/C_Interrupt.c **** *
 351:Generated_Source\PSoC4/C_Interrupt.c **** * Parameters:
 352:Generated_Source\PSoC4/C_Interrupt.c **** *   None
 353:Generated_Source\PSoC4/C_Interrupt.c **** *
ARM GAS  C:\Users\quint\AppData\Local\Temp\ccFq8M7w.s 			page 11


 354:Generated_Source\PSoC4/C_Interrupt.c **** * Return:
 355:Generated_Source\PSoC4/C_Interrupt.c **** *   None
 356:Generated_Source\PSoC4/C_Interrupt.c **** *
 357:Generated_Source\PSoC4/C_Interrupt.c **** *******************************************************************************/
 358:Generated_Source\PSoC4/C_Interrupt.c **** void C_Interrupt_Disable(void)
 359:Generated_Source\PSoC4/C_Interrupt.c **** {
 217              		.loc 1 359 0
 218              		.cfi_startproc
 219              		@ args = 0, pretend = 0, frame = 0
 220              		@ frame_needed = 0, uses_anonymous_args = 0
 221              		@ link register save eliminated.
 360:Generated_Source\PSoC4/C_Interrupt.c ****     /* Disable the general interrupt. */
 361:Generated_Source\PSoC4/C_Interrupt.c ****     *C_Interrupt_INTC_CLR_EN = C_Interrupt__INTC_MASK;
 222              		.loc 1 361 0
 223 0000 0822     		movs	r2, #8
 224 0002 014B     		ldr	r3, .L22
 225 0004 1A60     		str	r2, [r3]
 362:Generated_Source\PSoC4/C_Interrupt.c **** }
 226              		.loc 1 362 0
 227              		@ sp needed
 228 0006 7047     		bx	lr
 229              	.L23:
 230              		.align	2
 231              	.L22:
 232 0008 80E100E0 		.word	-536813184
 233              		.cfi_endproc
 234              	.LFE45:
 235              		.size	C_Interrupt_Disable, .-C_Interrupt_Disable
 236              		.section	.text.C_Interrupt_Start,"ax",%progbits
 237              		.align	2
 238              		.global	C_Interrupt_Start
 239              		.code	16
 240              		.thumb_func
 241              		.type	C_Interrupt_Start, %function
 242              	C_Interrupt_Start:
 243              	.LFB35:
  61:Generated_Source\PSoC4/C_Interrupt.c ****     /* For all we know the interrupt is active. */
 244              		.loc 1 61 0
 245              		.cfi_startproc
 246              		@ args = 0, pretend = 0, frame = 0
 247              		@ frame_needed = 0, uses_anonymous_args = 0
 248 0000 10B5     		push	{r4, lr}
 249              		.cfi_def_cfa_offset 8
 250              		.cfi_offset 4, -8
 251              		.cfi_offset 14, -4
  63:Generated_Source\PSoC4/C_Interrupt.c **** 
 252              		.loc 1 63 0
 253 0002 FFF7FEFF 		bl	C_Interrupt_Disable
 254              	.LVL8:
  66:Generated_Source\PSoC4/C_Interrupt.c **** 
 255              		.loc 1 66 0
 256 0006 0448     		ldr	r0, .L25
 257 0008 FFF7FEFF 		bl	C_Interrupt_SetVector
 258              	.LVL9:
  69:Generated_Source\PSoC4/C_Interrupt.c **** 
 259              		.loc 1 69 0
 260 000c 0320     		movs	r0, #3
ARM GAS  C:\Users\quint\AppData\Local\Temp\ccFq8M7w.s 			page 12


 261 000e FFF7FEFF 		bl	C_Interrupt_SetPriority
 262              	.LVL10:
  72:Generated_Source\PSoC4/C_Interrupt.c **** }
 263              		.loc 1 72 0
 264 0012 FFF7FEFF 		bl	C_Interrupt_Enable
 265              	.LVL11:
  73:Generated_Source\PSoC4/C_Interrupt.c **** 
 266              		.loc 1 73 0
 267              		@ sp needed
 268 0016 10BD     		pop	{r4, pc}
 269              	.L26:
 270              		.align	2
 271              	.L25:
 272 0018 00000000 		.word	C_Interrupt_Interrupt
 273              		.cfi_endproc
 274              	.LFE35:
 275              		.size	C_Interrupt_Start, .-C_Interrupt_Start
 276              		.section	.text.C_Interrupt_StartEx,"ax",%progbits
 277              		.align	2
 278              		.global	C_Interrupt_StartEx
 279              		.code	16
 280              		.thumb_func
 281              		.type	C_Interrupt_StartEx, %function
 282              	C_Interrupt_StartEx:
 283              	.LFB36:
 104:Generated_Source\PSoC4/C_Interrupt.c ****     /* For all we know the interrupt is active. */
 284              		.loc 1 104 0
 285              		.cfi_startproc
 286              		@ args = 0, pretend = 0, frame = 0
 287              		@ frame_needed = 0, uses_anonymous_args = 0
 288              	.LVL12:
 289 0000 10B5     		push	{r4, lr}
 290              		.cfi_def_cfa_offset 8
 291              		.cfi_offset 4, -8
 292              		.cfi_offset 14, -4
 293 0002 0400     		movs	r4, r0
 106:Generated_Source\PSoC4/C_Interrupt.c **** 
 294              		.loc 1 106 0
 295 0004 FFF7FEFF 		bl	C_Interrupt_Disable
 296              	.LVL13:
 109:Generated_Source\PSoC4/C_Interrupt.c **** 
 297              		.loc 1 109 0
 298 0008 2000     		movs	r0, r4
 299 000a FFF7FEFF 		bl	C_Interrupt_SetVector
 300              	.LVL14:
 112:Generated_Source\PSoC4/C_Interrupt.c **** 
 301              		.loc 1 112 0
 302 000e 0320     		movs	r0, #3
 303 0010 FFF7FEFF 		bl	C_Interrupt_SetPriority
 304              	.LVL15:
 115:Generated_Source\PSoC4/C_Interrupt.c **** }
 305              		.loc 1 115 0
 306 0014 FFF7FEFF 		bl	C_Interrupt_Enable
 307              	.LVL16:
 116:Generated_Source\PSoC4/C_Interrupt.c **** 
 308              		.loc 1 116 0
 309              		@ sp needed
ARM GAS  C:\Users\quint\AppData\Local\Temp\ccFq8M7w.s 			page 13


 310              	.LVL17:
 311 0018 10BD     		pop	{r4, pc}
 312              		.cfi_endproc
 313              	.LFE36:
 314              		.size	C_Interrupt_StartEx, .-C_Interrupt_StartEx
 315 001a C046     		.section	.text.C_Interrupt_Stop,"ax",%progbits
 316              		.align	2
 317              		.global	C_Interrupt_Stop
 318              		.code	16
 319              		.thumb_func
 320              		.type	C_Interrupt_Stop, %function
 321              	C_Interrupt_Stop:
 322              	.LFB37:
 134:Generated_Source\PSoC4/C_Interrupt.c ****     /* Disable this interrupt. */
 323              		.loc 1 134 0
 324              		.cfi_startproc
 325              		@ args = 0, pretend = 0, frame = 0
 326              		@ frame_needed = 0, uses_anonymous_args = 0
 327 0000 10B5     		push	{r4, lr}
 328              		.cfi_def_cfa_offset 8
 329              		.cfi_offset 4, -8
 330              		.cfi_offset 14, -4
 136:Generated_Source\PSoC4/C_Interrupt.c **** 
 331              		.loc 1 136 0
 332 0002 FFF7FEFF 		bl	C_Interrupt_Disable
 333              	.LVL18:
 139:Generated_Source\PSoC4/C_Interrupt.c **** }
 334              		.loc 1 139 0
 335 0006 0248     		ldr	r0, .L29
 336 0008 FFF7FEFF 		bl	C_Interrupt_SetVector
 337              	.LVL19:
 140:Generated_Source\PSoC4/C_Interrupt.c **** 
 338              		.loc 1 140 0
 339              		@ sp needed
 340 000c 10BD     		pop	{r4, pc}
 341              	.L30:
 342 000e C046     		.align	2
 343              	.L29:
 344 0010 00000000 		.word	IntDefaultHandler
 345              		.cfi_endproc
 346              	.LFE37:
 347              		.size	C_Interrupt_Stop, .-C_Interrupt_Stop
 348              		.section	.text.C_Interrupt_SetPending,"ax",%progbits
 349              		.align	2
 350              		.global	C_Interrupt_SetPending
 351              		.code	16
 352              		.thumb_func
 353              		.type	C_Interrupt_SetPending, %function
 354              	C_Interrupt_SetPending:
 355              	.LFB46:
 363:Generated_Source\PSoC4/C_Interrupt.c **** 
 364:Generated_Source\PSoC4/C_Interrupt.c **** 
 365:Generated_Source\PSoC4/C_Interrupt.c **** /*******************************************************************************
 366:Generated_Source\PSoC4/C_Interrupt.c **** * Function Name: C_Interrupt_SetPending
 367:Generated_Source\PSoC4/C_Interrupt.c **** ********************************************************************************
 368:Generated_Source\PSoC4/C_Interrupt.c **** *
 369:Generated_Source\PSoC4/C_Interrupt.c **** * Summary:
ARM GAS  C:\Users\quint\AppData\Local\Temp\ccFq8M7w.s 			page 14


 370:Generated_Source\PSoC4/C_Interrupt.c **** *   Causes the Interrupt to enter the pending state, a software method of
 371:Generated_Source\PSoC4/C_Interrupt.c **** *   generating the interrupt.
 372:Generated_Source\PSoC4/C_Interrupt.c **** *
 373:Generated_Source\PSoC4/C_Interrupt.c **** * Parameters:
 374:Generated_Source\PSoC4/C_Interrupt.c **** *   None
 375:Generated_Source\PSoC4/C_Interrupt.c **** *
 376:Generated_Source\PSoC4/C_Interrupt.c **** * Return:
 377:Generated_Source\PSoC4/C_Interrupt.c **** *   None
 378:Generated_Source\PSoC4/C_Interrupt.c **** *
 379:Generated_Source\PSoC4/C_Interrupt.c **** * Side Effects:
 380:Generated_Source\PSoC4/C_Interrupt.c **** *   If interrupts are enabled and the interrupt is set up properly, the ISR is
 381:Generated_Source\PSoC4/C_Interrupt.c **** *   entered (depending on the priority of this interrupt and other pending 
 382:Generated_Source\PSoC4/C_Interrupt.c **** *   interrupts).
 383:Generated_Source\PSoC4/C_Interrupt.c **** *
 384:Generated_Source\PSoC4/C_Interrupt.c **** *******************************************************************************/
 385:Generated_Source\PSoC4/C_Interrupt.c **** void C_Interrupt_SetPending(void)
 386:Generated_Source\PSoC4/C_Interrupt.c **** {
 356              		.loc 1 386 0
 357              		.cfi_startproc
 358              		@ args = 0, pretend = 0, frame = 0
 359              		@ frame_needed = 0, uses_anonymous_args = 0
 360              		@ link register save eliminated.
 387:Generated_Source\PSoC4/C_Interrupt.c ****     *C_Interrupt_INTC_SET_PD = C_Interrupt__INTC_MASK;
 361              		.loc 1 387 0
 362 0000 0822     		movs	r2, #8
 363 0002 014B     		ldr	r3, .L32
 364 0004 1A60     		str	r2, [r3]
 388:Generated_Source\PSoC4/C_Interrupt.c **** }
 365              		.loc 1 388 0
 366              		@ sp needed
 367 0006 7047     		bx	lr
 368              	.L33:
 369              		.align	2
 370              	.L32:
 371 0008 00E200E0 		.word	-536813056
 372              		.cfi_endproc
 373              	.LFE46:
 374              		.size	C_Interrupt_SetPending, .-C_Interrupt_SetPending
 375              		.section	.text.C_Interrupt_ClearPending,"ax",%progbits
 376              		.align	2
 377              		.global	C_Interrupt_ClearPending
 378              		.code	16
 379              		.thumb_func
 380              		.type	C_Interrupt_ClearPending, %function
 381              	C_Interrupt_ClearPending:
 382              	.LFB47:
 389:Generated_Source\PSoC4/C_Interrupt.c **** 
 390:Generated_Source\PSoC4/C_Interrupt.c **** 
 391:Generated_Source\PSoC4/C_Interrupt.c **** /*******************************************************************************
 392:Generated_Source\PSoC4/C_Interrupt.c **** * Function Name: C_Interrupt_ClearPending
 393:Generated_Source\PSoC4/C_Interrupt.c **** ********************************************************************************
 394:Generated_Source\PSoC4/C_Interrupt.c **** *
 395:Generated_Source\PSoC4/C_Interrupt.c **** * Summary:
 396:Generated_Source\PSoC4/C_Interrupt.c **** *   Clears a pending interrupt in the interrupt controller.
 397:Generated_Source\PSoC4/C_Interrupt.c **** *
 398:Generated_Source\PSoC4/C_Interrupt.c **** *   Note Some interrupt sources are clear-on-read and require the block 
 399:Generated_Source\PSoC4/C_Interrupt.c **** *   interrupt/status register to be read/cleared with the appropriate block API 
ARM GAS  C:\Users\quint\AppData\Local\Temp\ccFq8M7w.s 			page 15


 400:Generated_Source\PSoC4/C_Interrupt.c **** *   (GPIO, UART, and so on). Otherwise the ISR will continue to remain in 
 401:Generated_Source\PSoC4/C_Interrupt.c **** *   pending state even though the interrupt itself is cleared using this API.
 402:Generated_Source\PSoC4/C_Interrupt.c **** *
 403:Generated_Source\PSoC4/C_Interrupt.c **** * Parameters:
 404:Generated_Source\PSoC4/C_Interrupt.c **** *   None
 405:Generated_Source\PSoC4/C_Interrupt.c **** *
 406:Generated_Source\PSoC4/C_Interrupt.c **** * Return:
 407:Generated_Source\PSoC4/C_Interrupt.c **** *   None
 408:Generated_Source\PSoC4/C_Interrupt.c **** *
 409:Generated_Source\PSoC4/C_Interrupt.c **** *******************************************************************************/
 410:Generated_Source\PSoC4/C_Interrupt.c **** void C_Interrupt_ClearPending(void)
 411:Generated_Source\PSoC4/C_Interrupt.c **** {
 383              		.loc 1 411 0
 384              		.cfi_startproc
 385              		@ args = 0, pretend = 0, frame = 0
 386              		@ frame_needed = 0, uses_anonymous_args = 0
 387              		@ link register save eliminated.
 412:Generated_Source\PSoC4/C_Interrupt.c ****     *C_Interrupt_INTC_CLR_PD = C_Interrupt__INTC_MASK;
 388              		.loc 1 412 0
 389 0000 0822     		movs	r2, #8
 390 0002 014B     		ldr	r3, .L35
 391 0004 1A60     		str	r2, [r3]
 413:Generated_Source\PSoC4/C_Interrupt.c **** }
 392              		.loc 1 413 0
 393              		@ sp needed
 394 0006 7047     		bx	lr
 395              	.L36:
 396              		.align	2
 397              	.L35:
 398 0008 80E200E0 		.word	-536812928
 399              		.cfi_endproc
 400              	.LFE47:
 401              		.size	C_Interrupt_ClearPending, .-C_Interrupt_ClearPending
 402              		.section	.text.C_Interrupt_Interrupt,"ax",%progbits
 403              		.align	2
 404              		.global	C_Interrupt_Interrupt
 405              		.code	16
 406              		.thumb_func
 407              		.type	C_Interrupt_Interrupt, %function
 408              	C_Interrupt_Interrupt:
 409              	.LFB38:
 164:Generated_Source\PSoC4/C_Interrupt.c ****     #ifdef C_Interrupt_INTERRUPT_INTERRUPT_CALLBACK
 410              		.loc 1 164 0
 411              		.cfi_startproc
 412              		@ args = 0, pretend = 0, frame = 0
 413              		@ frame_needed = 0, uses_anonymous_args = 0
 414 0000 10B5     		push	{r4, lr}
 415              		.cfi_def_cfa_offset 8
 416              		.cfi_offset 4, -8
 417              		.cfi_offset 14, -4
 418              	.L38:
 171:Generated_Source\PSoC4/C_Interrupt.c ****             
 419              		.loc 1 171 0 discriminator 1
 420 0002 FFF7FEFF 		bl	C_Button_Read
 421              	.LVL20:
 422 0006 0128     		cmp	r0, #1
 423 0008 FBD0     		beq	.L38
ARM GAS  C:\Users\quint\AppData\Local\Temp\ccFq8M7w.s 			page 16


 173:Generated_Source\PSoC4/C_Interrupt.c ****             
 424              		.loc 1 173 0
 425 000a 074A     		ldr	r2, .L40
 426 000c 1368     		ldr	r3, [r2]
 427 000e 013B     		subs	r3, r3, #1
 428 0010 1360     		str	r3, [r2]
 429              	.L39:
 177:Generated_Source\PSoC4/C_Interrupt.c ****             CyDelay(25);
 430              		.loc 1 177 0 discriminator 1
 431 0012 FFF7FEFF 		bl	C_Button_Read
 432              	.LVL21:
 433 0016 0028     		cmp	r0, #0
 434 0018 FBD0     		beq	.L39
 178:Generated_Source\PSoC4/C_Interrupt.c ****             C_Interrupt_ClearPending(); 
 435              		.loc 1 178 0
 436 001a 1920     		movs	r0, #25
 437 001c FFF7FEFF 		bl	CyDelay
 438              	.LVL22:
 179:Generated_Source\PSoC4/C_Interrupt.c ****     /* `#END` */
 439              		.loc 1 179 0
 440 0020 FFF7FEFF 		bl	C_Interrupt_ClearPending
 441              	.LVL23:
 181:Generated_Source\PSoC4/C_Interrupt.c **** 
 442              		.loc 1 181 0
 443              		@ sp needed
 444 0024 10BD     		pop	{r4, pc}
 445              	.L41:
 446 0026 C046     		.align	2
 447              	.L40:
 448 0028 00000000 		.word	count
 449              		.cfi_endproc
 450              	.LFE38:
 451              		.size	C_Interrupt_Interrupt, .-C_Interrupt_Interrupt
 452              		.comm	GLCD_FONT8x16,1552,4
 453              		.text
 454              	.Letext0:
 455              		.file 2 "Generated_Source\\PSoC4/cytypes.h"
 456              		.file 3 "Generated_Source\\PSoC4\\GLCD.h"
 457              		.file 4 "Generated_Source\\PSoC4/CyLib.h"
 458              		.file 5 "Generated_Source\\PSoC4\\C_Button.h"
 459              		.section	.debug_info,"",%progbits
 460              	.Ldebug_info0:
 461 0000 8A030000 		.4byte	0x38a
 462 0004 0400     		.2byte	0x4
 463 0006 00000000 		.4byte	.Ldebug_abbrev0
 464 000a 04       		.byte	0x4
 465 000b 01       		.uleb128 0x1
 466 000c 14020000 		.4byte	.LASF41
 467 0010 0C       		.byte	0xc
 468 0011 1A030000 		.4byte	.LASF42
 469 0015 62000000 		.4byte	.LASF43
 470 0019 00000000 		.4byte	.Ldebug_ranges0+0
 471 001d 00000000 		.4byte	0
 472 0021 00000000 		.4byte	.Ldebug_line0
 473 0025 02       		.uleb128 0x2
 474 0026 01       		.byte	0x1
 475 0027 06       		.byte	0x6
ARM GAS  C:\Users\quint\AppData\Local\Temp\ccFq8M7w.s 			page 17


 476 0028 67030000 		.4byte	.LASF0
 477 002c 02       		.uleb128 0x2
 478 002d 01       		.byte	0x1
 479 002e 08       		.byte	0x8
 480 002f F8000000 		.4byte	.LASF1
 481 0033 02       		.uleb128 0x2
 482 0034 02       		.byte	0x2
 483 0035 05       		.byte	0x5
 484 0036 E5020000 		.4byte	.LASF2
 485 003a 02       		.uleb128 0x2
 486 003b 02       		.byte	0x2
 487 003c 07       		.byte	0x7
 488 003d 27010000 		.4byte	.LASF3
 489 0041 02       		.uleb128 0x2
 490 0042 04       		.byte	0x4
 491 0043 05       		.byte	0x5
 492 0044 3F030000 		.4byte	.LASF4
 493 0048 02       		.uleb128 0x2
 494 0049 04       		.byte	0x4
 495 004a 07       		.byte	0x7
 496 004b 15010000 		.4byte	.LASF5
 497 004f 02       		.uleb128 0x2
 498 0050 08       		.byte	0x8
 499 0051 05       		.byte	0x5
 500 0052 C4020000 		.4byte	.LASF6
 501 0056 02       		.uleb128 0x2
 502 0057 08       		.byte	0x8
 503 0058 07       		.byte	0x7
 504 0059 DA010000 		.4byte	.LASF7
 505 005d 03       		.uleb128 0x3
 506 005e 04       		.byte	0x4
 507 005f 05       		.byte	0x5
 508 0060 696E7400 		.ascii	"int\000"
 509 0064 02       		.uleb128 0x2
 510 0065 04       		.byte	0x4
 511 0066 07       		.byte	0x7
 512 0067 BB010000 		.4byte	.LASF8
 513 006b 04       		.uleb128 0x4
 514 006c EF020000 		.4byte	.LASF9
 515 0070 02       		.byte	0x2
 516 0071 B901     		.2byte	0x1b9
 517 0073 2C000000 		.4byte	0x2c
 518 0077 04       		.uleb128 0x4
 519 0078 9D010000 		.4byte	.LASF10
 520 007c 02       		.byte	0x2
 521 007d BB01     		.2byte	0x1bb
 522 007f 48000000 		.4byte	0x48
 523 0083 02       		.uleb128 0x2
 524 0084 04       		.byte	0x4
 525 0085 04       		.byte	0x4
 526 0086 E1000000 		.4byte	.LASF11
 527 008a 02       		.uleb128 0x2
 528 008b 08       		.byte	0x8
 529 008c 04       		.byte	0x4
 530 008d 88010000 		.4byte	.LASF12
 531 0091 02       		.uleb128 0x2
 532 0092 01       		.byte	0x1
ARM GAS  C:\Users\quint\AppData\Local\Temp\ccFq8M7w.s 			page 18


 533 0093 08       		.byte	0x8
 534 0094 E0020000 		.4byte	.LASF13
 535 0098 04       		.uleb128 0x4
 536 0099 18000000 		.4byte	.LASF14
 537 009d 02       		.byte	0x2
 538 009e 6502     		.2byte	0x265
 539 00a0 A4000000 		.4byte	0xa4
 540 00a4 05       		.uleb128 0x5
 541 00a5 77000000 		.4byte	0x77
 542 00a9 04       		.uleb128 0x4
 543 00aa 07020000 		.4byte	.LASF15
 544 00ae 02       		.byte	0x2
 545 00af 7502     		.2byte	0x275
 546 00b1 B5000000 		.4byte	0xb5
 547 00b5 06       		.uleb128 0x6
 548 00b6 04       		.byte	0x4
 549 00b7 BB000000 		.4byte	0xbb
 550 00bb 07       		.uleb128 0x7
 551 00bc 02       		.uleb128 0x2
 552 00bd 08       		.byte	0x8
 553 00be 04       		.byte	0x4
 554 00bf 5B030000 		.4byte	.LASF16
 555 00c3 02       		.uleb128 0x2
 556 00c4 04       		.byte	0x4
 557 00c5 07       		.byte	0x7
 558 00c6 BB020000 		.4byte	.LASF17
 559 00ca 08       		.uleb128 0x8
 560 00cb B7000000 		.4byte	.LASF18
 561 00cf 01       		.byte	0x1
 562 00d0 D3       		.byte	0xd3
 563 00d1 00000000 		.4byte	.LFB39
 564 00d5 0C000000 		.4byte	.LFE39-.LFB39
 565 00d9 01       		.uleb128 0x1
 566 00da 9C       		.byte	0x9c
 567 00db ED000000 		.4byte	0xed
 568 00df 09       		.uleb128 0x9
 569 00e0 54000000 		.4byte	.LASF20
 570 00e4 01       		.byte	0x1
 571 00e5 D3       		.byte	0xd3
 572 00e6 A9000000 		.4byte	0xa9
 573 00ea 01       		.uleb128 0x1
 574 00eb 50       		.byte	0x50
 575 00ec 00       		.byte	0
 576 00ed 0A       		.uleb128 0xa
 577 00ee 3A010000 		.4byte	.LASF24
 578 00f2 01       		.byte	0x1
 579 00f3 E7       		.byte	0xe7
 580 00f4 A9000000 		.4byte	0xa9
 581 00f8 00000000 		.4byte	.LFB40
 582 00fc 0C000000 		.4byte	.LFE40-.LFB40
 583 0100 01       		.uleb128 0x1
 584 0101 9C       		.byte	0x9c
 585 0102 0B       		.uleb128 0xb
 586 0103 59010000 		.4byte	.LASF19
 587 0107 01       		.byte	0x1
 588 0108 0501     		.2byte	0x105
 589 010a 00000000 		.4byte	.LFB41
ARM GAS  C:\Users\quint\AppData\Local\Temp\ccFq8M7w.s 			page 19


 590 010e 20000000 		.4byte	.LFE41-.LFB41
 591 0112 01       		.uleb128 0x1
 592 0113 9C       		.byte	0x9c
 593 0114 58010000 		.4byte	0x158
 594 0118 0C       		.uleb128 0xc
 595 0119 50010000 		.4byte	.LASF21
 596 011d 01       		.byte	0x1
 597 011e 0501     		.2byte	0x105
 598 0120 6B000000 		.4byte	0x6b
 599 0124 00000000 		.4byte	.LLST0
 600 0128 0D       		.uleb128 0xd
 601 0129 06010000 		.4byte	.LASF22
 602 012d 01       		.byte	0x1
 603 012e 0701     		.2byte	0x107
 604 0130 6B000000 		.4byte	0x6b
 605 0134 21000000 		.4byte	.LLST1
 606 0138 0E       		.uleb128 0xe
 607 0139 0B030000 		.4byte	.LASF23
 608 013d 01       		.byte	0x1
 609 013e 0801     		.2byte	0x108
 610 0140 77000000 		.4byte	0x77
 611 0144 1E       		.byte	0x1e
 612 0145 0F       		.uleb128 0xf
 613 0146 08000000 		.4byte	.LVL3
 614 014a 61030000 		.4byte	0x361
 615 014e 0F       		.uleb128 0xf
 616 014f 1A000000 		.4byte	.LVL4
 617 0153 6C030000 		.4byte	0x36c
 618 0157 00       		.byte	0
 619 0158 10       		.uleb128 0x10
 620 0159 00000000 		.4byte	.LASF44
 621 015d 01       		.byte	0x1
 622 015e 2101     		.2byte	0x121
 623 0160 6B000000 		.4byte	0x6b
 624 0164 00000000 		.4byte	.LFB42
 625 0168 0C000000 		.4byte	.LFE42-.LFB42
 626 016c 01       		.uleb128 0x1
 627 016d 9C       		.byte	0x9c
 628 016e 90010000 		.4byte	0x190
 629 0172 0D       		.uleb128 0xd
 630 0173 50010000 		.4byte	.LASF21
 631 0177 01       		.byte	0x1
 632 0178 2301     		.2byte	0x123
 633 017a 77000000 		.4byte	0x77
 634 017e 34000000 		.4byte	.LLST2
 635 0182 0E       		.uleb128 0xe
 636 0183 0B030000 		.4byte	.LASF23
 637 0187 01       		.byte	0x1
 638 0188 2401     		.2byte	0x124
 639 018a 77000000 		.4byte	0x77
 640 018e 1E       		.byte	0x1e
 641 018f 00       		.byte	0
 642 0190 11       		.uleb128 0x11
 643 0191 48030000 		.4byte	.LASF26
 644 0195 01       		.byte	0x1
 645 0196 3C01     		.2byte	0x13c
 646 0198 00000000 		.4byte	.LFB43
ARM GAS  C:\Users\quint\AppData\Local\Temp\ccFq8M7w.s 			page 20


 647 019c 0C000000 		.4byte	.LFE43-.LFB43
 648 01a0 01       		.uleb128 0x1
 649 01a1 9C       		.byte	0x9c
 650 01a2 12       		.uleb128 0x12
 651 01a3 3F000000 		.4byte	.LASF25
 652 01a7 01       		.byte	0x1
 653 01a8 5101     		.2byte	0x151
 654 01aa 6B000000 		.4byte	0x6b
 655 01ae 00000000 		.4byte	.LFB44
 656 01b2 14000000 		.4byte	.LFE44-.LFB44
 657 01b6 01       		.uleb128 0x1
 658 01b7 9C       		.byte	0x9c
 659 01b8 11       		.uleb128 0x11
 660 01b9 CD000000 		.4byte	.LASF27
 661 01bd 01       		.byte	0x1
 662 01be 6601     		.2byte	0x166
 663 01c0 00000000 		.4byte	.LFB45
 664 01c4 0C000000 		.4byte	.LFE45-.LFB45
 665 01c8 01       		.uleb128 0x1
 666 01c9 9C       		.byte	0x9c
 667 01ca 08       		.uleb128 0x8
 668 01cb C8010000 		.4byte	.LASF28
 669 01cf 01       		.byte	0x1
 670 01d0 3C       		.byte	0x3c
 671 01d1 00000000 		.4byte	.LFB35
 672 01d5 1C000000 		.4byte	.LFE35-.LFB35
 673 01d9 01       		.uleb128 0x1
 674 01da 9C       		.byte	0x9c
 675 01db 1C020000 		.4byte	0x21c
 676 01df 0F       		.uleb128 0xf
 677 01e0 06000000 		.4byte	.LVL8
 678 01e4 B8010000 		.4byte	0x1b8
 679 01e8 13       		.uleb128 0x13
 680 01e9 0C000000 		.4byte	.LVL9
 681 01ed CA000000 		.4byte	0xca
 682 01f1 FF010000 		.4byte	0x1ff
 683 01f5 14       		.uleb128 0x14
 684 01f6 01       		.uleb128 0x1
 685 01f7 50       		.byte	0x50
 686 01f8 05       		.uleb128 0x5
 687 01f9 03       		.byte	0x3
 688 01fa 00000000 		.4byte	C_Interrupt_Interrupt
 689 01fe 00       		.byte	0
 690 01ff 13       		.uleb128 0x13
 691 0200 12000000 		.4byte	.LVL10
 692 0204 02010000 		.4byte	0x102
 693 0208 12020000 		.4byte	0x212
 694 020c 14       		.uleb128 0x14
 695 020d 01       		.uleb128 0x1
 696 020e 50       		.byte	0x50
 697 020f 01       		.uleb128 0x1
 698 0210 33       		.byte	0x33
 699 0211 00       		.byte	0
 700 0212 0F       		.uleb128 0xf
 701 0213 16000000 		.4byte	.LVL11
 702 0217 90010000 		.4byte	0x190
 703 021b 00       		.byte	0
ARM GAS  C:\Users\quint\AppData\Local\Temp\ccFq8M7w.s 			page 21


 704 021c 08       		.uleb128 0x8
 705 021d 2B000000 		.4byte	.LASF29
 706 0221 01       		.byte	0x1
 707 0222 67       		.byte	0x67
 708 0223 00000000 		.4byte	.LFB36
 709 0227 1A000000 		.4byte	.LFE36-.LFB36
 710 022b 01       		.uleb128 0x1
 711 022c 9C       		.byte	0x9c
 712 022d 7A020000 		.4byte	0x27a
 713 0231 15       		.uleb128 0x15
 714 0232 54000000 		.4byte	.LASF20
 715 0236 01       		.byte	0x1
 716 0237 67       		.byte	0x67
 717 0238 A9000000 		.4byte	0xa9
 718 023c 56000000 		.4byte	.LLST3
 719 0240 0F       		.uleb128 0xf
 720 0241 08000000 		.4byte	.LVL13
 721 0245 B8010000 		.4byte	0x1b8
 722 0249 13       		.uleb128 0x13
 723 024a 0E000000 		.4byte	.LVL14
 724 024e CA000000 		.4byte	0xca
 725 0252 5D020000 		.4byte	0x25d
 726 0256 14       		.uleb128 0x14
 727 0257 01       		.uleb128 0x1
 728 0258 50       		.byte	0x50
 729 0259 02       		.uleb128 0x2
 730 025a 74       		.byte	0x74
 731 025b 00       		.sleb128 0
 732 025c 00       		.byte	0
 733 025d 13       		.uleb128 0x13
 734 025e 14000000 		.4byte	.LVL15
 735 0262 02010000 		.4byte	0x102
 736 0266 70020000 		.4byte	0x270
 737 026a 14       		.uleb128 0x14
 738 026b 01       		.uleb128 0x1
 739 026c 50       		.byte	0x50
 740 026d 01       		.uleb128 0x1
 741 026e 33       		.byte	0x33
 742 026f 00       		.byte	0
 743 0270 0F       		.uleb128 0xf
 744 0271 18000000 		.4byte	.LVL16
 745 0275 90010000 		.4byte	0x190
 746 0279 00       		.byte	0
 747 027a 08       		.uleb128 0x8
 748 027b E7000000 		.4byte	.LASF30
 749 027f 01       		.byte	0x1
 750 0280 85       		.byte	0x85
 751 0281 00000000 		.4byte	.LFB37
 752 0285 14000000 		.4byte	.LFE37-.LFB37
 753 0289 01       		.uleb128 0x1
 754 028a 9C       		.byte	0x9c
 755 028b A2020000 		.4byte	0x2a2
 756 028f 0F       		.uleb128 0xf
 757 0290 06000000 		.4byte	.LVL18
 758 0294 B8010000 		.4byte	0x1b8
 759 0298 0F       		.uleb128 0xf
 760 0299 0C000000 		.4byte	.LVL19
ARM GAS  C:\Users\quint\AppData\Local\Temp\ccFq8M7w.s 			page 22


 761 029d CA000000 		.4byte	0xca
 762 02a1 00       		.byte	0
 763 02a2 11       		.uleb128 0x11
 764 02a3 71010000 		.4byte	.LASF31
 765 02a7 01       		.byte	0x1
 766 02a8 8101     		.2byte	0x181
 767 02aa 00000000 		.4byte	.LFB46
 768 02ae 0C000000 		.4byte	.LFE46-.LFB46
 769 02b2 01       		.uleb128 0x1
 770 02b3 9C       		.byte	0x9c
 771 02b4 11       		.uleb128 0x11
 772 02b5 A2020000 		.4byte	.LASF32
 773 02b9 01       		.byte	0x1
 774 02ba 9A01     		.2byte	0x19a
 775 02bc 00000000 		.4byte	.LFB47
 776 02c0 0C000000 		.4byte	.LFE47-.LFB47
 777 02c4 01       		.uleb128 0x1
 778 02c5 9C       		.byte	0x9c
 779 02c6 08       		.uleb128 0x8
 780 02c7 F1010000 		.4byte	.LASF33
 781 02cb 01       		.byte	0x1
 782 02cc A3       		.byte	0xa3
 783 02cd 00000000 		.4byte	.LFB38
 784 02d1 2C000000 		.4byte	.LFE38-.LFB38
 785 02d5 01       		.uleb128 0x1
 786 02d6 9C       		.byte	0x9c
 787 02d7 0A030000 		.4byte	0x30a
 788 02db 0F       		.uleb128 0xf
 789 02dc 06000000 		.4byte	.LVL20
 790 02e0 77030000 		.4byte	0x377
 791 02e4 0F       		.uleb128 0xf
 792 02e5 16000000 		.4byte	.LVL21
 793 02e9 77030000 		.4byte	0x377
 794 02ed 13       		.uleb128 0x13
 795 02ee 20000000 		.4byte	.LVL22
 796 02f2 82030000 		.4byte	0x382
 797 02f6 00030000 		.4byte	0x300
 798 02fa 14       		.uleb128 0x14
 799 02fb 01       		.uleb128 0x1
 800 02fc 50       		.byte	0x50
 801 02fd 01       		.uleb128 0x1
 802 02fe 49       		.byte	0x49
 803 02ff 00       		.byte	0
 804 0300 0F       		.uleb128 0xf
 805 0301 24000000 		.4byte	.LVL23
 806 0305 B4020000 		.4byte	0x2b4
 807 0309 00       		.byte	0
 808 030a 16       		.uleb128 0x16
 809 030b 20030000 		.4byte	0x320
 810 030f 20030000 		.4byte	0x320
 811 0313 17       		.uleb128 0x17
 812 0314 C3000000 		.4byte	0xc3
 813 0318 60       		.byte	0x60
 814 0319 17       		.uleb128 0x17
 815 031a C3000000 		.4byte	0xc3
 816 031e 0F       		.byte	0xf
 817 031f 00       		.byte	0
ARM GAS  C:\Users\quint\AppData\Local\Temp\ccFq8M7w.s 			page 23


 818 0320 18       		.uleb128 0x18
 819 0321 6B000000 		.4byte	0x6b
 820 0325 19       		.uleb128 0x19
 821 0326 D2020000 		.4byte	.LASF34
 822 032a 03       		.byte	0x3
 823 032b 42       		.byte	0x42
 824 032c 36030000 		.4byte	0x336
 825 0330 05       		.uleb128 0x5
 826 0331 03       		.byte	0x3
 827 0332 00000000 		.4byte	GLCD_FONT8x16
 828 0336 18       		.uleb128 0x18
 829 0337 0A030000 		.4byte	0x30a
 830 033b 1A       		.uleb128 0x1a
 831 033c 5C000000 		.4byte	.LASF35
 832 0340 01       		.byte	0x1
 833 0341 21       		.byte	0x21
 834 0342 5D000000 		.4byte	0x5d
 835 0346 16       		.uleb128 0x16
 836 0347 A9000000 		.4byte	0xa9
 837 034b 56030000 		.4byte	0x356
 838 034f 17       		.uleb128 0x17
 839 0350 C3000000 		.4byte	0xc3
 840 0354 2F       		.byte	0x2f
 841 0355 00       		.byte	0
 842 0356 1A       		.uleb128 0x1a
 843 0357 1E000000 		.4byte	.LASF36
 844 035b 01       		.byte	0x1
 845 035c 25       		.byte	0x25
 846 035d 46030000 		.4byte	0x346
 847 0361 1B       		.uleb128 0x1b
 848 0362 A4010000 		.4byte	.LASF37
 849 0366 A4010000 		.4byte	.LASF37
 850 036a 04       		.byte	0x4
 851 036b E5       		.byte	0xe5
 852 036c 1B       		.uleb128 0x1b
 853 036d F5020000 		.4byte	.LASF38
 854 0371 F5020000 		.4byte	.LASF38
 855 0375 04       		.byte	0x4
 856 0376 E6       		.byte	0xe6
 857 0377 1B       		.uleb128 0x1b
 858 0378 8F010000 		.4byte	.LASF39
 859 037c 8F010000 		.4byte	.LASF39
 860 0380 05       		.byte	0x5
 861 0381 32       		.byte	0x32
 862 0382 1B       		.uleb128 0x1b
 863 0383 73030000 		.4byte	.LASF40
 864 0387 73030000 		.4byte	.LASF40
 865 038b 04       		.byte	0x4
 866 038c D9       		.byte	0xd9
 867 038d 00       		.byte	0
 868              		.section	.debug_abbrev,"",%progbits
 869              	.Ldebug_abbrev0:
 870 0000 01       		.uleb128 0x1
 871 0001 11       		.uleb128 0x11
 872 0002 01       		.byte	0x1
 873 0003 25       		.uleb128 0x25
 874 0004 0E       		.uleb128 0xe
ARM GAS  C:\Users\quint\AppData\Local\Temp\ccFq8M7w.s 			page 24


 875 0005 13       		.uleb128 0x13
 876 0006 0B       		.uleb128 0xb
 877 0007 03       		.uleb128 0x3
 878 0008 0E       		.uleb128 0xe
 879 0009 1B       		.uleb128 0x1b
 880 000a 0E       		.uleb128 0xe
 881 000b 55       		.uleb128 0x55
 882 000c 17       		.uleb128 0x17
 883 000d 11       		.uleb128 0x11
 884 000e 01       		.uleb128 0x1
 885 000f 10       		.uleb128 0x10
 886 0010 17       		.uleb128 0x17
 887 0011 00       		.byte	0
 888 0012 00       		.byte	0
 889 0013 02       		.uleb128 0x2
 890 0014 24       		.uleb128 0x24
 891 0015 00       		.byte	0
 892 0016 0B       		.uleb128 0xb
 893 0017 0B       		.uleb128 0xb
 894 0018 3E       		.uleb128 0x3e
 895 0019 0B       		.uleb128 0xb
 896 001a 03       		.uleb128 0x3
 897 001b 0E       		.uleb128 0xe
 898 001c 00       		.byte	0
 899 001d 00       		.byte	0
 900 001e 03       		.uleb128 0x3
 901 001f 24       		.uleb128 0x24
 902 0020 00       		.byte	0
 903 0021 0B       		.uleb128 0xb
 904 0022 0B       		.uleb128 0xb
 905 0023 3E       		.uleb128 0x3e
 906 0024 0B       		.uleb128 0xb
 907 0025 03       		.uleb128 0x3
 908 0026 08       		.uleb128 0x8
 909 0027 00       		.byte	0
 910 0028 00       		.byte	0
 911 0029 04       		.uleb128 0x4
 912 002a 16       		.uleb128 0x16
 913 002b 00       		.byte	0
 914 002c 03       		.uleb128 0x3
 915 002d 0E       		.uleb128 0xe
 916 002e 3A       		.uleb128 0x3a
 917 002f 0B       		.uleb128 0xb
 918 0030 3B       		.uleb128 0x3b
 919 0031 05       		.uleb128 0x5
 920 0032 49       		.uleb128 0x49
 921 0033 13       		.uleb128 0x13
 922 0034 00       		.byte	0
 923 0035 00       		.byte	0
 924 0036 05       		.uleb128 0x5
 925 0037 35       		.uleb128 0x35
 926 0038 00       		.byte	0
 927 0039 49       		.uleb128 0x49
 928 003a 13       		.uleb128 0x13
 929 003b 00       		.byte	0
 930 003c 00       		.byte	0
 931 003d 06       		.uleb128 0x6
ARM GAS  C:\Users\quint\AppData\Local\Temp\ccFq8M7w.s 			page 25


 932 003e 0F       		.uleb128 0xf
 933 003f 00       		.byte	0
 934 0040 0B       		.uleb128 0xb
 935 0041 0B       		.uleb128 0xb
 936 0042 49       		.uleb128 0x49
 937 0043 13       		.uleb128 0x13
 938 0044 00       		.byte	0
 939 0045 00       		.byte	0
 940 0046 07       		.uleb128 0x7
 941 0047 15       		.uleb128 0x15
 942 0048 00       		.byte	0
 943 0049 27       		.uleb128 0x27
 944 004a 19       		.uleb128 0x19
 945 004b 00       		.byte	0
 946 004c 00       		.byte	0
 947 004d 08       		.uleb128 0x8
 948 004e 2E       		.uleb128 0x2e
 949 004f 01       		.byte	0x1
 950 0050 3F       		.uleb128 0x3f
 951 0051 19       		.uleb128 0x19
 952 0052 03       		.uleb128 0x3
 953 0053 0E       		.uleb128 0xe
 954 0054 3A       		.uleb128 0x3a
 955 0055 0B       		.uleb128 0xb
 956 0056 3B       		.uleb128 0x3b
 957 0057 0B       		.uleb128 0xb
 958 0058 27       		.uleb128 0x27
 959 0059 19       		.uleb128 0x19
 960 005a 11       		.uleb128 0x11
 961 005b 01       		.uleb128 0x1
 962 005c 12       		.uleb128 0x12
 963 005d 06       		.uleb128 0x6
 964 005e 40       		.uleb128 0x40
 965 005f 18       		.uleb128 0x18
 966 0060 9742     		.uleb128 0x2117
 967 0062 19       		.uleb128 0x19
 968 0063 01       		.uleb128 0x1
 969 0064 13       		.uleb128 0x13
 970 0065 00       		.byte	0
 971 0066 00       		.byte	0
 972 0067 09       		.uleb128 0x9
 973 0068 05       		.uleb128 0x5
 974 0069 00       		.byte	0
 975 006a 03       		.uleb128 0x3
 976 006b 0E       		.uleb128 0xe
 977 006c 3A       		.uleb128 0x3a
 978 006d 0B       		.uleb128 0xb
 979 006e 3B       		.uleb128 0x3b
 980 006f 0B       		.uleb128 0xb
 981 0070 49       		.uleb128 0x49
 982 0071 13       		.uleb128 0x13
 983 0072 02       		.uleb128 0x2
 984 0073 18       		.uleb128 0x18
 985 0074 00       		.byte	0
 986 0075 00       		.byte	0
 987 0076 0A       		.uleb128 0xa
 988 0077 2E       		.uleb128 0x2e
ARM GAS  C:\Users\quint\AppData\Local\Temp\ccFq8M7w.s 			page 26


 989 0078 00       		.byte	0
 990 0079 3F       		.uleb128 0x3f
 991 007a 19       		.uleb128 0x19
 992 007b 03       		.uleb128 0x3
 993 007c 0E       		.uleb128 0xe
 994 007d 3A       		.uleb128 0x3a
 995 007e 0B       		.uleb128 0xb
 996 007f 3B       		.uleb128 0x3b
 997 0080 0B       		.uleb128 0xb
 998 0081 27       		.uleb128 0x27
 999 0082 19       		.uleb128 0x19
 1000 0083 49       		.uleb128 0x49
 1001 0084 13       		.uleb128 0x13
 1002 0085 11       		.uleb128 0x11
 1003 0086 01       		.uleb128 0x1
 1004 0087 12       		.uleb128 0x12
 1005 0088 06       		.uleb128 0x6
 1006 0089 40       		.uleb128 0x40
 1007 008a 18       		.uleb128 0x18
 1008 008b 9742     		.uleb128 0x2117
 1009 008d 19       		.uleb128 0x19
 1010 008e 00       		.byte	0
 1011 008f 00       		.byte	0
 1012 0090 0B       		.uleb128 0xb
 1013 0091 2E       		.uleb128 0x2e
 1014 0092 01       		.byte	0x1
 1015 0093 3F       		.uleb128 0x3f
 1016 0094 19       		.uleb128 0x19
 1017 0095 03       		.uleb128 0x3
 1018 0096 0E       		.uleb128 0xe
 1019 0097 3A       		.uleb128 0x3a
 1020 0098 0B       		.uleb128 0xb
 1021 0099 3B       		.uleb128 0x3b
 1022 009a 05       		.uleb128 0x5
 1023 009b 27       		.uleb128 0x27
 1024 009c 19       		.uleb128 0x19
 1025 009d 11       		.uleb128 0x11
 1026 009e 01       		.uleb128 0x1
 1027 009f 12       		.uleb128 0x12
 1028 00a0 06       		.uleb128 0x6
 1029 00a1 40       		.uleb128 0x40
 1030 00a2 18       		.uleb128 0x18
 1031 00a3 9742     		.uleb128 0x2117
 1032 00a5 19       		.uleb128 0x19
 1033 00a6 01       		.uleb128 0x1
 1034 00a7 13       		.uleb128 0x13
 1035 00a8 00       		.byte	0
 1036 00a9 00       		.byte	0
 1037 00aa 0C       		.uleb128 0xc
 1038 00ab 05       		.uleb128 0x5
 1039 00ac 00       		.byte	0
 1040 00ad 03       		.uleb128 0x3
 1041 00ae 0E       		.uleb128 0xe
 1042 00af 3A       		.uleb128 0x3a
 1043 00b0 0B       		.uleb128 0xb
 1044 00b1 3B       		.uleb128 0x3b
 1045 00b2 05       		.uleb128 0x5
ARM GAS  C:\Users\quint\AppData\Local\Temp\ccFq8M7w.s 			page 27


 1046 00b3 49       		.uleb128 0x49
 1047 00b4 13       		.uleb128 0x13
 1048 00b5 02       		.uleb128 0x2
 1049 00b6 17       		.uleb128 0x17
 1050 00b7 00       		.byte	0
 1051 00b8 00       		.byte	0
 1052 00b9 0D       		.uleb128 0xd
 1053 00ba 34       		.uleb128 0x34
 1054 00bb 00       		.byte	0
 1055 00bc 03       		.uleb128 0x3
 1056 00bd 0E       		.uleb128 0xe
 1057 00be 3A       		.uleb128 0x3a
 1058 00bf 0B       		.uleb128 0xb
 1059 00c0 3B       		.uleb128 0x3b
 1060 00c1 05       		.uleb128 0x5
 1061 00c2 49       		.uleb128 0x49
 1062 00c3 13       		.uleb128 0x13
 1063 00c4 02       		.uleb128 0x2
 1064 00c5 17       		.uleb128 0x17
 1065 00c6 00       		.byte	0
 1066 00c7 00       		.byte	0
 1067 00c8 0E       		.uleb128 0xe
 1068 00c9 34       		.uleb128 0x34
 1069 00ca 00       		.byte	0
 1070 00cb 03       		.uleb128 0x3
 1071 00cc 0E       		.uleb128 0xe
 1072 00cd 3A       		.uleb128 0x3a
 1073 00ce 0B       		.uleb128 0xb
 1074 00cf 3B       		.uleb128 0x3b
 1075 00d0 05       		.uleb128 0x5
 1076 00d1 49       		.uleb128 0x49
 1077 00d2 13       		.uleb128 0x13
 1078 00d3 1C       		.uleb128 0x1c
 1079 00d4 0B       		.uleb128 0xb
 1080 00d5 00       		.byte	0
 1081 00d6 00       		.byte	0
 1082 00d7 0F       		.uleb128 0xf
 1083 00d8 898201   		.uleb128 0x4109
 1084 00db 00       		.byte	0
 1085 00dc 11       		.uleb128 0x11
 1086 00dd 01       		.uleb128 0x1
 1087 00de 31       		.uleb128 0x31
 1088 00df 13       		.uleb128 0x13
 1089 00e0 00       		.byte	0
 1090 00e1 00       		.byte	0
 1091 00e2 10       		.uleb128 0x10
 1092 00e3 2E       		.uleb128 0x2e
 1093 00e4 01       		.byte	0x1
 1094 00e5 3F       		.uleb128 0x3f
 1095 00e6 19       		.uleb128 0x19
 1096 00e7 03       		.uleb128 0x3
 1097 00e8 0E       		.uleb128 0xe
 1098 00e9 3A       		.uleb128 0x3a
 1099 00ea 0B       		.uleb128 0xb
 1100 00eb 3B       		.uleb128 0x3b
 1101 00ec 05       		.uleb128 0x5
 1102 00ed 27       		.uleb128 0x27
ARM GAS  C:\Users\quint\AppData\Local\Temp\ccFq8M7w.s 			page 28


 1103 00ee 19       		.uleb128 0x19
 1104 00ef 49       		.uleb128 0x49
 1105 00f0 13       		.uleb128 0x13
 1106 00f1 11       		.uleb128 0x11
 1107 00f2 01       		.uleb128 0x1
 1108 00f3 12       		.uleb128 0x12
 1109 00f4 06       		.uleb128 0x6
 1110 00f5 40       		.uleb128 0x40
 1111 00f6 18       		.uleb128 0x18
 1112 00f7 9742     		.uleb128 0x2117
 1113 00f9 19       		.uleb128 0x19
 1114 00fa 01       		.uleb128 0x1
 1115 00fb 13       		.uleb128 0x13
 1116 00fc 00       		.byte	0
 1117 00fd 00       		.byte	0
 1118 00fe 11       		.uleb128 0x11
 1119 00ff 2E       		.uleb128 0x2e
 1120 0100 00       		.byte	0
 1121 0101 3F       		.uleb128 0x3f
 1122 0102 19       		.uleb128 0x19
 1123 0103 03       		.uleb128 0x3
 1124 0104 0E       		.uleb128 0xe
 1125 0105 3A       		.uleb128 0x3a
 1126 0106 0B       		.uleb128 0xb
 1127 0107 3B       		.uleb128 0x3b
 1128 0108 05       		.uleb128 0x5
 1129 0109 27       		.uleb128 0x27
 1130 010a 19       		.uleb128 0x19
 1131 010b 11       		.uleb128 0x11
 1132 010c 01       		.uleb128 0x1
 1133 010d 12       		.uleb128 0x12
 1134 010e 06       		.uleb128 0x6
 1135 010f 40       		.uleb128 0x40
 1136 0110 18       		.uleb128 0x18
 1137 0111 9742     		.uleb128 0x2117
 1138 0113 19       		.uleb128 0x19
 1139 0114 00       		.byte	0
 1140 0115 00       		.byte	0
 1141 0116 12       		.uleb128 0x12
 1142 0117 2E       		.uleb128 0x2e
 1143 0118 00       		.byte	0
 1144 0119 3F       		.uleb128 0x3f
 1145 011a 19       		.uleb128 0x19
 1146 011b 03       		.uleb128 0x3
 1147 011c 0E       		.uleb128 0xe
 1148 011d 3A       		.uleb128 0x3a
 1149 011e 0B       		.uleb128 0xb
 1150 011f 3B       		.uleb128 0x3b
 1151 0120 05       		.uleb128 0x5
 1152 0121 27       		.uleb128 0x27
 1153 0122 19       		.uleb128 0x19
 1154 0123 49       		.uleb128 0x49
 1155 0124 13       		.uleb128 0x13
 1156 0125 11       		.uleb128 0x11
 1157 0126 01       		.uleb128 0x1
 1158 0127 12       		.uleb128 0x12
 1159 0128 06       		.uleb128 0x6
ARM GAS  C:\Users\quint\AppData\Local\Temp\ccFq8M7w.s 			page 29


 1160 0129 40       		.uleb128 0x40
 1161 012a 18       		.uleb128 0x18
 1162 012b 9742     		.uleb128 0x2117
 1163 012d 19       		.uleb128 0x19
 1164 012e 00       		.byte	0
 1165 012f 00       		.byte	0
 1166 0130 13       		.uleb128 0x13
 1167 0131 898201   		.uleb128 0x4109
 1168 0134 01       		.byte	0x1
 1169 0135 11       		.uleb128 0x11
 1170 0136 01       		.uleb128 0x1
 1171 0137 31       		.uleb128 0x31
 1172 0138 13       		.uleb128 0x13
 1173 0139 01       		.uleb128 0x1
 1174 013a 13       		.uleb128 0x13
 1175 013b 00       		.byte	0
 1176 013c 00       		.byte	0
 1177 013d 14       		.uleb128 0x14
 1178 013e 8A8201   		.uleb128 0x410a
 1179 0141 00       		.byte	0
 1180 0142 02       		.uleb128 0x2
 1181 0143 18       		.uleb128 0x18
 1182 0144 9142     		.uleb128 0x2111
 1183 0146 18       		.uleb128 0x18
 1184 0147 00       		.byte	0
 1185 0148 00       		.byte	0
 1186 0149 15       		.uleb128 0x15
 1187 014a 05       		.uleb128 0x5
 1188 014b 00       		.byte	0
 1189 014c 03       		.uleb128 0x3
 1190 014d 0E       		.uleb128 0xe
 1191 014e 3A       		.uleb128 0x3a
 1192 014f 0B       		.uleb128 0xb
 1193 0150 3B       		.uleb128 0x3b
 1194 0151 0B       		.uleb128 0xb
 1195 0152 49       		.uleb128 0x49
 1196 0153 13       		.uleb128 0x13
 1197 0154 02       		.uleb128 0x2
 1198 0155 17       		.uleb128 0x17
 1199 0156 00       		.byte	0
 1200 0157 00       		.byte	0
 1201 0158 16       		.uleb128 0x16
 1202 0159 01       		.uleb128 0x1
 1203 015a 01       		.byte	0x1
 1204 015b 49       		.uleb128 0x49
 1205 015c 13       		.uleb128 0x13
 1206 015d 01       		.uleb128 0x1
 1207 015e 13       		.uleb128 0x13
 1208 015f 00       		.byte	0
 1209 0160 00       		.byte	0
 1210 0161 17       		.uleb128 0x17
 1211 0162 21       		.uleb128 0x21
 1212 0163 00       		.byte	0
 1213 0164 49       		.uleb128 0x49
 1214 0165 13       		.uleb128 0x13
 1215 0166 2F       		.uleb128 0x2f
 1216 0167 0B       		.uleb128 0xb
ARM GAS  C:\Users\quint\AppData\Local\Temp\ccFq8M7w.s 			page 30


 1217 0168 00       		.byte	0
 1218 0169 00       		.byte	0
 1219 016a 18       		.uleb128 0x18
 1220 016b 26       		.uleb128 0x26
 1221 016c 00       		.byte	0
 1222 016d 49       		.uleb128 0x49
 1223 016e 13       		.uleb128 0x13
 1224 016f 00       		.byte	0
 1225 0170 00       		.byte	0
 1226 0171 19       		.uleb128 0x19
 1227 0172 34       		.uleb128 0x34
 1228 0173 00       		.byte	0
 1229 0174 03       		.uleb128 0x3
 1230 0175 0E       		.uleb128 0xe
 1231 0176 3A       		.uleb128 0x3a
 1232 0177 0B       		.uleb128 0xb
 1233 0178 3B       		.uleb128 0x3b
 1234 0179 0B       		.uleb128 0xb
 1235 017a 49       		.uleb128 0x49
 1236 017b 13       		.uleb128 0x13
 1237 017c 3F       		.uleb128 0x3f
 1238 017d 19       		.uleb128 0x19
 1239 017e 02       		.uleb128 0x2
 1240 017f 18       		.uleb128 0x18
 1241 0180 00       		.byte	0
 1242 0181 00       		.byte	0
 1243 0182 1A       		.uleb128 0x1a
 1244 0183 34       		.uleb128 0x34
 1245 0184 00       		.byte	0
 1246 0185 03       		.uleb128 0x3
 1247 0186 0E       		.uleb128 0xe
 1248 0187 3A       		.uleb128 0x3a
 1249 0188 0B       		.uleb128 0xb
 1250 0189 3B       		.uleb128 0x3b
 1251 018a 0B       		.uleb128 0xb
 1252 018b 49       		.uleb128 0x49
 1253 018c 13       		.uleb128 0x13
 1254 018d 3F       		.uleb128 0x3f
 1255 018e 19       		.uleb128 0x19
 1256 018f 3C       		.uleb128 0x3c
 1257 0190 19       		.uleb128 0x19
 1258 0191 00       		.byte	0
 1259 0192 00       		.byte	0
 1260 0193 1B       		.uleb128 0x1b
 1261 0194 2E       		.uleb128 0x2e
 1262 0195 00       		.byte	0
 1263 0196 3F       		.uleb128 0x3f
 1264 0197 19       		.uleb128 0x19
 1265 0198 3C       		.uleb128 0x3c
 1266 0199 19       		.uleb128 0x19
 1267 019a 6E       		.uleb128 0x6e
 1268 019b 0E       		.uleb128 0xe
 1269 019c 03       		.uleb128 0x3
 1270 019d 0E       		.uleb128 0xe
 1271 019e 3A       		.uleb128 0x3a
 1272 019f 0B       		.uleb128 0xb
 1273 01a0 3B       		.uleb128 0x3b
ARM GAS  C:\Users\quint\AppData\Local\Temp\ccFq8M7w.s 			page 31


 1274 01a1 0B       		.uleb128 0xb
 1275 01a2 00       		.byte	0
 1276 01a3 00       		.byte	0
 1277 01a4 00       		.byte	0
 1278              		.section	.debug_loc,"",%progbits
 1279              	.Ldebug_loc0:
 1280              	.LLST0:
 1281 0000 00000000 		.4byte	.LVL1
 1282 0004 07000000 		.4byte	.LVL3-1
 1283 0008 0100     		.2byte	0x1
 1284 000a 50       		.byte	0x50
 1285 000b 07000000 		.4byte	.LVL3-1
 1286 000f 20000000 		.4byte	.LFE41
 1287 0013 0400     		.2byte	0x4
 1288 0015 F3       		.byte	0xf3
 1289 0016 01       		.uleb128 0x1
 1290 0017 50       		.byte	0x50
 1291 0018 9F       		.byte	0x9f
 1292 0019 00000000 		.4byte	0
 1293 001d 00000000 		.4byte	0
 1294              	.LLST1:
 1295 0021 08000000 		.4byte	.LVL3
 1296 0025 19000000 		.4byte	.LVL4-1
 1297 0029 0100     		.2byte	0x1
 1298 002b 50       		.byte	0x50
 1299 002c 00000000 		.4byte	0
 1300 0030 00000000 		.4byte	0
 1301              	.LLST2:
 1302 0034 04000000 		.4byte	.LVL6
 1303 0038 06000000 		.4byte	.LVL7
 1304 003c 0500     		.2byte	0x5
 1305 003e 70       		.byte	0x70
 1306 003f 00       		.sleb128 0
 1307 0040 4E       		.byte	0x4e
 1308 0041 25       		.byte	0x25
 1309 0042 9F       		.byte	0x9f
 1310 0043 06000000 		.4byte	.LVL7
 1311 0047 0C000000 		.4byte	.LFE42
 1312 004b 0100     		.2byte	0x1
 1313 004d 50       		.byte	0x50
 1314 004e 00000000 		.4byte	0
 1315 0052 00000000 		.4byte	0
 1316              	.LLST3:
 1317 0056 00000000 		.4byte	.LVL12
 1318 005a 07000000 		.4byte	.LVL13-1
 1319 005e 0100     		.2byte	0x1
 1320 0060 50       		.byte	0x50
 1321 0061 07000000 		.4byte	.LVL13-1
 1322 0065 18000000 		.4byte	.LVL17
 1323 0069 0100     		.2byte	0x1
 1324 006b 54       		.byte	0x54
 1325 006c 18000000 		.4byte	.LVL17
 1326 0070 1A000000 		.4byte	.LFE36
 1327 0074 0400     		.2byte	0x4
 1328 0076 F3       		.byte	0xf3
 1329 0077 01       		.uleb128 0x1
 1330 0078 50       		.byte	0x50
ARM GAS  C:\Users\quint\AppData\Local\Temp\ccFq8M7w.s 			page 32


 1331 0079 9F       		.byte	0x9f
 1332 007a 00000000 		.4byte	0
 1333 007e 00000000 		.4byte	0
 1334              		.section	.debug_aranges,"",%progbits
 1335 0000 7C000000 		.4byte	0x7c
 1336 0004 0200     		.2byte	0x2
 1337 0006 00000000 		.4byte	.Ldebug_info0
 1338 000a 04       		.byte	0x4
 1339 000b 00       		.byte	0
 1340 000c 0000     		.2byte	0
 1341 000e 0000     		.2byte	0
 1342 0010 00000000 		.4byte	.LFB39
 1343 0014 0C000000 		.4byte	.LFE39-.LFB39
 1344 0018 00000000 		.4byte	.LFB40
 1345 001c 0C000000 		.4byte	.LFE40-.LFB40
 1346 0020 00000000 		.4byte	.LFB41
 1347 0024 20000000 		.4byte	.LFE41-.LFB41
 1348 0028 00000000 		.4byte	.LFB42
 1349 002c 0C000000 		.4byte	.LFE42-.LFB42
 1350 0030 00000000 		.4byte	.LFB43
 1351 0034 0C000000 		.4byte	.LFE43-.LFB43
 1352 0038 00000000 		.4byte	.LFB44
 1353 003c 14000000 		.4byte	.LFE44-.LFB44
 1354 0040 00000000 		.4byte	.LFB45
 1355 0044 0C000000 		.4byte	.LFE45-.LFB45
 1356 0048 00000000 		.4byte	.LFB35
 1357 004c 1C000000 		.4byte	.LFE35-.LFB35
 1358 0050 00000000 		.4byte	.LFB36
 1359 0054 1A000000 		.4byte	.LFE36-.LFB36
 1360 0058 00000000 		.4byte	.LFB37
 1361 005c 14000000 		.4byte	.LFE37-.LFB37
 1362 0060 00000000 		.4byte	.LFB46
 1363 0064 0C000000 		.4byte	.LFE46-.LFB46
 1364 0068 00000000 		.4byte	.LFB47
 1365 006c 0C000000 		.4byte	.LFE47-.LFB47
 1366 0070 00000000 		.4byte	.LFB38
 1367 0074 2C000000 		.4byte	.LFE38-.LFB38
 1368 0078 00000000 		.4byte	0
 1369 007c 00000000 		.4byte	0
 1370              		.section	.debug_ranges,"",%progbits
 1371              	.Ldebug_ranges0:
 1372 0000 00000000 		.4byte	.LFB39
 1373 0004 0C000000 		.4byte	.LFE39
 1374 0008 00000000 		.4byte	.LFB40
 1375 000c 0C000000 		.4byte	.LFE40
 1376 0010 00000000 		.4byte	.LFB41
 1377 0014 20000000 		.4byte	.LFE41
 1378 0018 00000000 		.4byte	.LFB42
 1379 001c 0C000000 		.4byte	.LFE42
 1380 0020 00000000 		.4byte	.LFB43
 1381 0024 0C000000 		.4byte	.LFE43
 1382 0028 00000000 		.4byte	.LFB44
 1383 002c 14000000 		.4byte	.LFE44
 1384 0030 00000000 		.4byte	.LFB45
 1385 0034 0C000000 		.4byte	.LFE45
 1386 0038 00000000 		.4byte	.LFB35
 1387 003c 1C000000 		.4byte	.LFE35
ARM GAS  C:\Users\quint\AppData\Local\Temp\ccFq8M7w.s 			page 33


 1388 0040 00000000 		.4byte	.LFB36
 1389 0044 1A000000 		.4byte	.LFE36
 1390 0048 00000000 		.4byte	.LFB37
 1391 004c 14000000 		.4byte	.LFE37
 1392 0050 00000000 		.4byte	.LFB46
 1393 0054 0C000000 		.4byte	.LFE46
 1394 0058 00000000 		.4byte	.LFB47
 1395 005c 0C000000 		.4byte	.LFE47
 1396 0060 00000000 		.4byte	.LFB38
 1397 0064 2C000000 		.4byte	.LFE38
 1398 0068 00000000 		.4byte	0
 1399 006c 00000000 		.4byte	0
 1400              		.section	.debug_line,"",%progbits
 1401              	.Ldebug_line0:
 1402 0000 76010000 		.section	.debug_str,"MS",%progbits,1
 1402      02006B00 
 1402      00000201 
 1402      FB0E0D00 
 1402      01010101 
 1403              	.LASF44:
 1404 0000 435F496E 		.ascii	"C_Interrupt_GetPriority\000"
 1404      74657272 
 1404      7570745F 
 1404      47657450 
 1404      72696F72 
 1405              	.LASF14:
 1406 0018 72656733 		.ascii	"reg32\000"
 1406      3200
 1407              	.LASF36:
 1408 001e 43795261 		.ascii	"CyRamVectors\000"
 1408      6D566563 
 1408      746F7273 
 1408      00
 1409              	.LASF29:
 1410 002b 435F496E 		.ascii	"C_Interrupt_StartEx\000"
 1410      74657272 
 1410      7570745F 
 1410      53746172 
 1410      74457800 
 1411              	.LASF25:
 1412 003f 435F496E 		.ascii	"C_Interrupt_GetState\000"
 1412      74657272 
 1412      7570745F 
 1412      47657453 
 1412      74617465 
 1413              	.LASF20:
 1414 0054 61646472 		.ascii	"address\000"
 1414      65737300 
 1415              	.LASF35:
 1416 005c 636F756E 		.ascii	"count\000"
 1416      7400
 1417              	.LASF43:
 1418 0062 443A5C47 		.ascii	"D:\\GIT\\Microcontroller System Design Projects\\HW"
 1418      49545C4D 
 1418      6963726F 
 1418      636F6E74 
 1418      726F6C6C 
ARM GAS  C:\Users\quint\AppData\Local\Temp\ccFq8M7w.s 			page 34


 1419 0092 322D436C 		.ascii	"2-Cline Count Zilla\\countZilla.cydsn\000"
 1419      696E6520 
 1419      436F756E 
 1419      74205A69 
 1419      6C6C615C 
 1420              	.LASF18:
 1421 00b7 435F496E 		.ascii	"C_Interrupt_SetVector\000"
 1421      74657272 
 1421      7570745F 
 1421      53657456 
 1421      6563746F 
 1422              	.LASF27:
 1423 00cd 435F496E 		.ascii	"C_Interrupt_Disable\000"
 1423      74657272 
 1423      7570745F 
 1423      44697361 
 1423      626C6500 
 1424              	.LASF11:
 1425 00e1 666C6F61 		.ascii	"float\000"
 1425      7400
 1426              	.LASF30:
 1427 00e7 435F496E 		.ascii	"C_Interrupt_Stop\000"
 1427      74657272 
 1427      7570745F 
 1427      53746F70 
 1427      00
 1428              	.LASF1:
 1429 00f8 756E7369 		.ascii	"unsigned char\000"
 1429      676E6564 
 1429      20636861 
 1429      7200
 1430              	.LASF22:
 1431 0106 696E7465 		.ascii	"interruptState\000"
 1431      72727570 
 1431      74537461 
 1431      746500
 1432              	.LASF5:
 1433 0115 6C6F6E67 		.ascii	"long unsigned int\000"
 1433      20756E73 
 1433      69676E65 
 1433      6420696E 
 1433      7400
 1434              	.LASF3:
 1435 0127 73686F72 		.ascii	"short unsigned int\000"
 1435      7420756E 
 1435      7369676E 
 1435      65642069 
 1435      6E7400
 1436              	.LASF24:
 1437 013a 435F496E 		.ascii	"C_Interrupt_GetVector\000"
 1437      74657272 
 1437      7570745F 
 1437      47657456 
 1437      6563746F 
 1438              	.LASF21:
 1439 0150 7072696F 		.ascii	"priority\000"
 1439      72697479 
ARM GAS  C:\Users\quint\AppData\Local\Temp\ccFq8M7w.s 			page 35


 1439      00
 1440              	.LASF19:
 1441 0159 435F496E 		.ascii	"C_Interrupt_SetPriority\000"
 1441      74657272 
 1441      7570745F 
 1441      53657450 
 1441      72696F72 
 1442              	.LASF31:
 1443 0171 435F496E 		.ascii	"C_Interrupt_SetPending\000"
 1443      74657272 
 1443      7570745F 
 1443      53657450 
 1443      656E6469 
 1444              	.LASF12:
 1445 0188 646F7562 		.ascii	"double\000"
 1445      6C6500
 1446              	.LASF39:
 1447 018f 435F4275 		.ascii	"C_Button_Read\000"
 1447      74746F6E 
 1447      5F526561 
 1447      6400
 1448              	.LASF10:
 1449 019d 75696E74 		.ascii	"uint32\000"
 1449      333200
 1450              	.LASF37:
 1451 01a4 4379456E 		.ascii	"CyEnterCriticalSection\000"
 1451      74657243 
 1451      72697469 
 1451      63616C53 
 1451      65637469 
 1452              	.LASF8:
 1453 01bb 756E7369 		.ascii	"unsigned int\000"
 1453      676E6564 
 1453      20696E74 
 1453      00
 1454              	.LASF28:
 1455 01c8 435F496E 		.ascii	"C_Interrupt_Start\000"
 1455      74657272 
 1455      7570745F 
 1455      53746172 
 1455      7400
 1456              	.LASF7:
 1457 01da 6C6F6E67 		.ascii	"long long unsigned int\000"
 1457      206C6F6E 
 1457      6720756E 
 1457      7369676E 
 1457      65642069 
 1458              	.LASF33:
 1459 01f1 435F496E 		.ascii	"C_Interrupt_Interrupt\000"
 1459      74657272 
 1459      7570745F 
 1459      496E7465 
 1459      72727570 
 1460              	.LASF15:
 1461 0207 63796973 		.ascii	"cyisraddress\000"
 1461      72616464 
 1461      72657373 
ARM GAS  C:\Users\quint\AppData\Local\Temp\ccFq8M7w.s 			page 36


 1461      00
 1462              	.LASF41:
 1463 0214 474E5520 		.ascii	"GNU C11 5.4.1 20160609 (release) [ARM/embedded-5-br"
 1463      43313120 
 1463      352E342E 
 1463      31203230 
 1463      31363036 
 1464 0247 616E6368 		.ascii	"anch revision 237715] -mcpu=cortex-m0 -mthumb -g -O"
 1464      20726576 
 1464      6973696F 
 1464      6E203233 
 1464      37373135 
 1465 027a 67202D66 		.ascii	"g -ffunction-sections -ffat-lto-objects\000"
 1465      66756E63 
 1465      74696F6E 
 1465      2D736563 
 1465      74696F6E 
 1466              	.LASF32:
 1467 02a2 435F496E 		.ascii	"C_Interrupt_ClearPending\000"
 1467      74657272 
 1467      7570745F 
 1467      436C6561 
 1467      7250656E 
 1468              	.LASF17:
 1469 02bb 73697A65 		.ascii	"sizetype\000"
 1469      74797065 
 1469      00
 1470              	.LASF6:
 1471 02c4 6C6F6E67 		.ascii	"long long int\000"
 1471      206C6F6E 
 1471      6720696E 
 1471      7400
 1472              	.LASF34:
 1473 02d2 474C4344 		.ascii	"GLCD_FONT8x16\000"
 1473      5F464F4E 
 1473      54387831 
 1473      3600
 1474              	.LASF13:
 1475 02e0 63686172 		.ascii	"char\000"
 1475      00
 1476              	.LASF2:
 1477 02e5 73686F72 		.ascii	"short int\000"
 1477      7420696E 
 1477      7400
 1478              	.LASF9:
 1479 02ef 75696E74 		.ascii	"uint8\000"
 1479      3800
 1480              	.LASF38:
 1481 02f5 43794578 		.ascii	"CyExitCriticalSection\000"
 1481      69744372 
 1481      69746963 
 1481      616C5365 
 1481      6374696F 
 1482              	.LASF23:
 1483 030b 7072696F 		.ascii	"priorityOffset\000"
 1483      72697479 
 1483      4F666673 
ARM GAS  C:\Users\quint\AppData\Local\Temp\ccFq8M7w.s 			page 37


 1483      657400
 1484              	.LASF42:
 1485 031a 47656E65 		.ascii	"Generated_Source\\PSoC4\\C_Interrupt.c\000"
 1485      72617465 
 1485      645F536F 
 1485      75726365 
 1485      5C50536F 
 1486              	.LASF4:
 1487 033f 6C6F6E67 		.ascii	"long int\000"
 1487      20696E74 
 1487      00
 1488              	.LASF26:
 1489 0348 435F496E 		.ascii	"C_Interrupt_Enable\000"
 1489      74657272 
 1489      7570745F 
 1489      456E6162 
 1489      6C6500
 1490              	.LASF16:
 1491 035b 6C6F6E67 		.ascii	"long double\000"
 1491      20646F75 
 1491      626C6500 
 1492              	.LASF0:
 1493 0367 7369676E 		.ascii	"signed char\000"
 1493      65642063 
 1493      68617200 
 1494              	.LASF40:
 1495 0373 43794465 		.ascii	"CyDelay\000"
 1495      6C617900 
 1496              		.ident	"GCC: (GNU Tools for ARM Embedded Processors) 5.4.1 20160609 (release) [ARM/embedded-5-bran
