ARM GAS  C:\Users\quint\AppData\Local\Temp\ccsWVWpL.s 			page 1


   1              		.syntax unified
   2              		.cpu cortex-m0
   3              		.fpu softvfp
   4              		.eabi_attribute 20, 1
   5              		.eabi_attribute 21, 1
   6              		.eabi_attribute 23, 3
   7              		.eabi_attribute 24, 1
   8              		.eabi_attribute 25, 1
   9              		.eabi_attribute 26, 1
  10              		.eabi_attribute 30, 1
  11              		.eabi_attribute 34, 0
  12              		.eabi_attribute 18, 4
  13              		.thumb
  14              		.syntax unified
  15              		.file	"JoyA_Interrupt.c"
  16              		.text
  17              	.Ltext0:
  18              		.cfi_sections	.debug_frame
  19              		.section	.text.JoyA_Interrupt_SetVector,"ax",%progbits
  20              		.align	2
  21              		.global	JoyA_Interrupt_SetVector
  22              		.code	16
  23              		.thumb_func
  24              		.type	JoyA_Interrupt_SetVector, %function
  25              	JoyA_Interrupt_SetVector:
  26              	.LFB39:
  27              		.file 1 "Generated_Source\\PSoC4\\JoyA_Interrupt.c"
   1:Generated_Source\PSoC4/JoyA_Interrupt.c **** /*******************************************************************************
   2:Generated_Source\PSoC4/JoyA_Interrupt.c **** * File Name: JoyA_Interrupt.c  
   3:Generated_Source\PSoC4/JoyA_Interrupt.c **** * Version 1.70
   4:Generated_Source\PSoC4/JoyA_Interrupt.c **** *
   5:Generated_Source\PSoC4/JoyA_Interrupt.c **** *  Description:
   6:Generated_Source\PSoC4/JoyA_Interrupt.c **** *   API for controlling the state of an interrupt.
   7:Generated_Source\PSoC4/JoyA_Interrupt.c **** *
   8:Generated_Source\PSoC4/JoyA_Interrupt.c **** *
   9:Generated_Source\PSoC4/JoyA_Interrupt.c **** *  Note:
  10:Generated_Source\PSoC4/JoyA_Interrupt.c **** *
  11:Generated_Source\PSoC4/JoyA_Interrupt.c **** ********************************************************************************
  12:Generated_Source\PSoC4/JoyA_Interrupt.c **** * Copyright 2008-2015, Cypress Semiconductor Corporation.  All rights reserved.
  13:Generated_Source\PSoC4/JoyA_Interrupt.c **** * You may use this file only in accordance with the license, terms, conditions, 
  14:Generated_Source\PSoC4/JoyA_Interrupt.c **** * disclaimers, and limitations in the end user license agreement accompanying 
  15:Generated_Source\PSoC4/JoyA_Interrupt.c **** * the software package with which this file was provided.
  16:Generated_Source\PSoC4/JoyA_Interrupt.c **** *******************************************************************************/
  17:Generated_Source\PSoC4/JoyA_Interrupt.c **** 
  18:Generated_Source\PSoC4/JoyA_Interrupt.c **** 
  19:Generated_Source\PSoC4/JoyA_Interrupt.c **** #include <cydevice_trm.h>
  20:Generated_Source\PSoC4/JoyA_Interrupt.c **** #include <CyLib.h>
  21:Generated_Source\PSoC4/JoyA_Interrupt.c **** #include <JoyA_Interrupt.h>
  22:Generated_Source\PSoC4/JoyA_Interrupt.c **** #include "cyapicallbacks.h"
  23:Generated_Source\PSoC4/JoyA_Interrupt.c **** 
  24:Generated_Source\PSoC4/JoyA_Interrupt.c **** #if !defined(JoyA_Interrupt__REMOVED) /* Check for removal by optimization */
  25:Generated_Source\PSoC4/JoyA_Interrupt.c **** 
  26:Generated_Source\PSoC4/JoyA_Interrupt.c **** /*******************************************************************************
  27:Generated_Source\PSoC4/JoyA_Interrupt.c **** *  Place your includes, defines and code here 
  28:Generated_Source\PSoC4/JoyA_Interrupt.c **** ********************************************************************************/
  29:Generated_Source\PSoC4/JoyA_Interrupt.c **** /* `#START JoyA_Interrupt_intc` */
  30:Generated_Source\PSoC4/JoyA_Interrupt.c ****     extern int Acount;
ARM GAS  C:\Users\quint\AppData\Local\Temp\ccsWVWpL.s 			page 2


  31:Generated_Source\PSoC4/JoyA_Interrupt.c ****     #include <stdio.h>
  32:Generated_Source\PSoC4/JoyA_Interrupt.c ****     #include "project.h"
  33:Generated_Source\PSoC4/JoyA_Interrupt.c **** /* `#END` */
  34:Generated_Source\PSoC4/JoyA_Interrupt.c **** 
  35:Generated_Source\PSoC4/JoyA_Interrupt.c **** extern cyisraddress CyRamVectors[CYINT_IRQ_BASE + CY_NUM_INTERRUPTS];
  36:Generated_Source\PSoC4/JoyA_Interrupt.c **** 
  37:Generated_Source\PSoC4/JoyA_Interrupt.c **** /* Declared in startup, used to set unused interrupts to. */
  38:Generated_Source\PSoC4/JoyA_Interrupt.c **** CY_ISR_PROTO(IntDefaultHandler);
  39:Generated_Source\PSoC4/JoyA_Interrupt.c **** 
  40:Generated_Source\PSoC4/JoyA_Interrupt.c **** 
  41:Generated_Source\PSoC4/JoyA_Interrupt.c **** /*******************************************************************************
  42:Generated_Source\PSoC4/JoyA_Interrupt.c **** * Function Name: JoyA_Interrupt_Start
  43:Generated_Source\PSoC4/JoyA_Interrupt.c **** ********************************************************************************
  44:Generated_Source\PSoC4/JoyA_Interrupt.c **** *
  45:Generated_Source\PSoC4/JoyA_Interrupt.c **** * Summary:
  46:Generated_Source\PSoC4/JoyA_Interrupt.c **** *  Set up the interrupt and enable it. This function disables the interrupt, 
  47:Generated_Source\PSoC4/JoyA_Interrupt.c **** *  sets the default interrupt vector, sets the priority from the value in the
  48:Generated_Source\PSoC4/JoyA_Interrupt.c **** *  Design Wide Resources Interrupt Editor, then enables the interrupt to the 
  49:Generated_Source\PSoC4/JoyA_Interrupt.c **** *  interrupt controller.
  50:Generated_Source\PSoC4/JoyA_Interrupt.c **** *
  51:Generated_Source\PSoC4/JoyA_Interrupt.c **** * Parameters:  
  52:Generated_Source\PSoC4/JoyA_Interrupt.c **** *   None
  53:Generated_Source\PSoC4/JoyA_Interrupt.c **** *
  54:Generated_Source\PSoC4/JoyA_Interrupt.c **** * Return:
  55:Generated_Source\PSoC4/JoyA_Interrupt.c **** *   None
  56:Generated_Source\PSoC4/JoyA_Interrupt.c **** *
  57:Generated_Source\PSoC4/JoyA_Interrupt.c **** *******************************************************************************/
  58:Generated_Source\PSoC4/JoyA_Interrupt.c **** void JoyA_Interrupt_Start(void)
  59:Generated_Source\PSoC4/JoyA_Interrupt.c **** {
  60:Generated_Source\PSoC4/JoyA_Interrupt.c ****     /* For all we know the interrupt is active. */
  61:Generated_Source\PSoC4/JoyA_Interrupt.c ****     JoyA_Interrupt_Disable();
  62:Generated_Source\PSoC4/JoyA_Interrupt.c **** 
  63:Generated_Source\PSoC4/JoyA_Interrupt.c ****     /* Set the ISR to point to the JoyA_Interrupt Interrupt. */
  64:Generated_Source\PSoC4/JoyA_Interrupt.c ****     JoyA_Interrupt_SetVector(&JoyA_Interrupt_Interrupt);
  65:Generated_Source\PSoC4/JoyA_Interrupt.c **** 
  66:Generated_Source\PSoC4/JoyA_Interrupt.c ****     /* Set the priority. */
  67:Generated_Source\PSoC4/JoyA_Interrupt.c ****     JoyA_Interrupt_SetPriority((uint8)JoyA_Interrupt_INTC_PRIOR_NUMBER);
  68:Generated_Source\PSoC4/JoyA_Interrupt.c **** 
  69:Generated_Source\PSoC4/JoyA_Interrupt.c ****     /* Enable it. */
  70:Generated_Source\PSoC4/JoyA_Interrupt.c ****     JoyA_Interrupt_Enable();
  71:Generated_Source\PSoC4/JoyA_Interrupt.c **** }
  72:Generated_Source\PSoC4/JoyA_Interrupt.c **** 
  73:Generated_Source\PSoC4/JoyA_Interrupt.c **** 
  74:Generated_Source\PSoC4/JoyA_Interrupt.c **** /*******************************************************************************
  75:Generated_Source\PSoC4/JoyA_Interrupt.c **** * Function Name: JoyA_Interrupt_StartEx
  76:Generated_Source\PSoC4/JoyA_Interrupt.c **** ********************************************************************************
  77:Generated_Source\PSoC4/JoyA_Interrupt.c **** *
  78:Generated_Source\PSoC4/JoyA_Interrupt.c **** * Summary:
  79:Generated_Source\PSoC4/JoyA_Interrupt.c **** *  Sets up the interrupt and enables it. This function disables the interrupt,
  80:Generated_Source\PSoC4/JoyA_Interrupt.c **** *  sets the interrupt vector based on the address passed in, sets the priority 
  81:Generated_Source\PSoC4/JoyA_Interrupt.c **** *  from the value in the Design Wide Resources Interrupt Editor, then enables 
  82:Generated_Source\PSoC4/JoyA_Interrupt.c **** *  the interrupt to the interrupt controller.
  83:Generated_Source\PSoC4/JoyA_Interrupt.c **** *  
  84:Generated_Source\PSoC4/JoyA_Interrupt.c **** *  When defining ISR functions, the CY_ISR and CY_ISR_PROTO macros should be 
  85:Generated_Source\PSoC4/JoyA_Interrupt.c **** *  used to provide consistent definition across compilers:
  86:Generated_Source\PSoC4/JoyA_Interrupt.c **** *  
  87:Generated_Source\PSoC4/JoyA_Interrupt.c **** *  Function definition example:
ARM GAS  C:\Users\quint\AppData\Local\Temp\ccsWVWpL.s 			page 3


  88:Generated_Source\PSoC4/JoyA_Interrupt.c **** *   CY_ISR(MyISR)
  89:Generated_Source\PSoC4/JoyA_Interrupt.c **** *   {
  90:Generated_Source\PSoC4/JoyA_Interrupt.c **** *   }
  91:Generated_Source\PSoC4/JoyA_Interrupt.c **** *   Function prototype example:
  92:Generated_Source\PSoC4/JoyA_Interrupt.c **** *   CY_ISR_PROTO(MyISR);
  93:Generated_Source\PSoC4/JoyA_Interrupt.c **** *
  94:Generated_Source\PSoC4/JoyA_Interrupt.c **** * Parameters:  
  95:Generated_Source\PSoC4/JoyA_Interrupt.c **** *   address: Address of the ISR to set in the interrupt vector table.
  96:Generated_Source\PSoC4/JoyA_Interrupt.c **** *
  97:Generated_Source\PSoC4/JoyA_Interrupt.c **** * Return:
  98:Generated_Source\PSoC4/JoyA_Interrupt.c **** *   None
  99:Generated_Source\PSoC4/JoyA_Interrupt.c **** *
 100:Generated_Source\PSoC4/JoyA_Interrupt.c **** *******************************************************************************/
 101:Generated_Source\PSoC4/JoyA_Interrupt.c **** void JoyA_Interrupt_StartEx(cyisraddress address)
 102:Generated_Source\PSoC4/JoyA_Interrupt.c **** {
 103:Generated_Source\PSoC4/JoyA_Interrupt.c ****     /* For all we know the interrupt is active. */
 104:Generated_Source\PSoC4/JoyA_Interrupt.c ****     JoyA_Interrupt_Disable();
 105:Generated_Source\PSoC4/JoyA_Interrupt.c **** 
 106:Generated_Source\PSoC4/JoyA_Interrupt.c ****     /* Set the ISR to point to the JoyA_Interrupt Interrupt. */
 107:Generated_Source\PSoC4/JoyA_Interrupt.c ****     JoyA_Interrupt_SetVector(address);
 108:Generated_Source\PSoC4/JoyA_Interrupt.c **** 
 109:Generated_Source\PSoC4/JoyA_Interrupt.c ****     /* Set the priority. */
 110:Generated_Source\PSoC4/JoyA_Interrupt.c ****     JoyA_Interrupt_SetPriority((uint8)JoyA_Interrupt_INTC_PRIOR_NUMBER);
 111:Generated_Source\PSoC4/JoyA_Interrupt.c **** 
 112:Generated_Source\PSoC4/JoyA_Interrupt.c ****     /* Enable it. */
 113:Generated_Source\PSoC4/JoyA_Interrupt.c ****     JoyA_Interrupt_Enable();
 114:Generated_Source\PSoC4/JoyA_Interrupt.c **** }
 115:Generated_Source\PSoC4/JoyA_Interrupt.c **** 
 116:Generated_Source\PSoC4/JoyA_Interrupt.c **** 
 117:Generated_Source\PSoC4/JoyA_Interrupt.c **** /*******************************************************************************
 118:Generated_Source\PSoC4/JoyA_Interrupt.c **** * Function Name: JoyA_Interrupt_Stop
 119:Generated_Source\PSoC4/JoyA_Interrupt.c **** ********************************************************************************
 120:Generated_Source\PSoC4/JoyA_Interrupt.c **** *
 121:Generated_Source\PSoC4/JoyA_Interrupt.c **** * Summary:
 122:Generated_Source\PSoC4/JoyA_Interrupt.c **** *   Disables and removes the interrupt.
 123:Generated_Source\PSoC4/JoyA_Interrupt.c **** *
 124:Generated_Source\PSoC4/JoyA_Interrupt.c **** * Parameters:  
 125:Generated_Source\PSoC4/JoyA_Interrupt.c **** *   None
 126:Generated_Source\PSoC4/JoyA_Interrupt.c **** *
 127:Generated_Source\PSoC4/JoyA_Interrupt.c **** * Return:
 128:Generated_Source\PSoC4/JoyA_Interrupt.c **** *   None
 129:Generated_Source\PSoC4/JoyA_Interrupt.c **** *
 130:Generated_Source\PSoC4/JoyA_Interrupt.c **** *******************************************************************************/
 131:Generated_Source\PSoC4/JoyA_Interrupt.c **** void JoyA_Interrupt_Stop(void)
 132:Generated_Source\PSoC4/JoyA_Interrupt.c **** {
 133:Generated_Source\PSoC4/JoyA_Interrupt.c ****     /* Disable this interrupt. */
 134:Generated_Source\PSoC4/JoyA_Interrupt.c ****     JoyA_Interrupt_Disable();
 135:Generated_Source\PSoC4/JoyA_Interrupt.c **** 
 136:Generated_Source\PSoC4/JoyA_Interrupt.c ****     /* Set the ISR to point to the passive one. */
 137:Generated_Source\PSoC4/JoyA_Interrupt.c ****     JoyA_Interrupt_SetVector(&IntDefaultHandler);
 138:Generated_Source\PSoC4/JoyA_Interrupt.c **** }
 139:Generated_Source\PSoC4/JoyA_Interrupt.c **** 
 140:Generated_Source\PSoC4/JoyA_Interrupt.c **** 
 141:Generated_Source\PSoC4/JoyA_Interrupt.c **** /*******************************************************************************
 142:Generated_Source\PSoC4/JoyA_Interrupt.c **** * Function Name: JoyA_Interrupt_Interrupt
 143:Generated_Source\PSoC4/JoyA_Interrupt.c **** ********************************************************************************
 144:Generated_Source\PSoC4/JoyA_Interrupt.c **** *
ARM GAS  C:\Users\quint\AppData\Local\Temp\ccsWVWpL.s 			page 4


 145:Generated_Source\PSoC4/JoyA_Interrupt.c **** * Summary:
 146:Generated_Source\PSoC4/JoyA_Interrupt.c **** *   The default Interrupt Service Routine for JoyA_Interrupt.
 147:Generated_Source\PSoC4/JoyA_Interrupt.c **** *
 148:Generated_Source\PSoC4/JoyA_Interrupt.c **** *   Add custom code between the START and END comments to keep the next version
 149:Generated_Source\PSoC4/JoyA_Interrupt.c **** *   of this file from over-writing your code.
 150:Generated_Source\PSoC4/JoyA_Interrupt.c **** *
 151:Generated_Source\PSoC4/JoyA_Interrupt.c **** *   Note You may use either the default ISR by using this API, or you may define
 152:Generated_Source\PSoC4/JoyA_Interrupt.c **** *   your own separate ISR through ISR_StartEx().
 153:Generated_Source\PSoC4/JoyA_Interrupt.c **** *
 154:Generated_Source\PSoC4/JoyA_Interrupt.c **** * Parameters:  
 155:Generated_Source\PSoC4/JoyA_Interrupt.c **** *   None
 156:Generated_Source\PSoC4/JoyA_Interrupt.c **** *
 157:Generated_Source\PSoC4/JoyA_Interrupt.c **** * Return:
 158:Generated_Source\PSoC4/JoyA_Interrupt.c **** *   None
 159:Generated_Source\PSoC4/JoyA_Interrupt.c **** *
 160:Generated_Source\PSoC4/JoyA_Interrupt.c **** *******************************************************************************/
 161:Generated_Source\PSoC4/JoyA_Interrupt.c **** CY_ISR(JoyA_Interrupt_Interrupt)
 162:Generated_Source\PSoC4/JoyA_Interrupt.c **** {
 163:Generated_Source\PSoC4/JoyA_Interrupt.c ****     #ifdef JoyA_Interrupt_INTERRUPT_INTERRUPT_CALLBACK
 164:Generated_Source\PSoC4/JoyA_Interrupt.c ****         JoyA_Interrupt_Interrupt_InterruptCallback();
 165:Generated_Source\PSoC4/JoyA_Interrupt.c ****     #endif /* JoyA_Interrupt_INTERRUPT_INTERRUPT_CALLBACK */ 
 166:Generated_Source\PSoC4/JoyA_Interrupt.c **** 
 167:Generated_Source\PSoC4/JoyA_Interrupt.c ****     /*  Place your Interrupt code here. */
 168:Generated_Source\PSoC4/JoyA_Interrupt.c ****     /* `#START JoyA_Interrupt_Interrupt` */
 169:Generated_Source\PSoC4/JoyA_Interrupt.c ****     char mystring[20];
 170:Generated_Source\PSoC4/JoyA_Interrupt.c ****         Acount++;
 171:Generated_Source\PSoC4/JoyA_Interrupt.c ****     
 172:Generated_Source\PSoC4/JoyA_Interrupt.c ****             sprintf(mystring, "%5d", Acount);
 173:Generated_Source\PSoC4/JoyA_Interrupt.c ****             GLCD_PrintString(mystring, 30, 10, GLCD_YELLOW, GLCD_BLACK);
 174:Generated_Source\PSoC4/JoyA_Interrupt.c ****             
 175:Generated_Source\PSoC4/JoyA_Interrupt.c ****             CyDelay(25);
 176:Generated_Source\PSoC4/JoyA_Interrupt.c ****             JoyA_Interrupt_ClearPending();
 177:Generated_Source\PSoC4/JoyA_Interrupt.c ****     /* `#END` */
 178:Generated_Source\PSoC4/JoyA_Interrupt.c **** }
 179:Generated_Source\PSoC4/JoyA_Interrupt.c **** 
 180:Generated_Source\PSoC4/JoyA_Interrupt.c **** 
 181:Generated_Source\PSoC4/JoyA_Interrupt.c **** /*******************************************************************************
 182:Generated_Source\PSoC4/JoyA_Interrupt.c **** * Function Name: JoyA_Interrupt_SetVector
 183:Generated_Source\PSoC4/JoyA_Interrupt.c **** ********************************************************************************
 184:Generated_Source\PSoC4/JoyA_Interrupt.c **** *
 185:Generated_Source\PSoC4/JoyA_Interrupt.c **** * Summary:
 186:Generated_Source\PSoC4/JoyA_Interrupt.c **** *   Change the ISR vector for the Interrupt. Note calling JoyA_Interrupt_Start
 187:Generated_Source\PSoC4/JoyA_Interrupt.c **** *   will override any effect this method would have had. To set the vector 
 188:Generated_Source\PSoC4/JoyA_Interrupt.c **** *   before the component has been started use JoyA_Interrupt_StartEx instead.
 189:Generated_Source\PSoC4/JoyA_Interrupt.c **** * 
 190:Generated_Source\PSoC4/JoyA_Interrupt.c **** *   When defining ISR functions, the CY_ISR and CY_ISR_PROTO macros should be 
 191:Generated_Source\PSoC4/JoyA_Interrupt.c **** *   used to provide consistent definition across compilers:
 192:Generated_Source\PSoC4/JoyA_Interrupt.c **** *
 193:Generated_Source\PSoC4/JoyA_Interrupt.c **** *   Function definition example:
 194:Generated_Source\PSoC4/JoyA_Interrupt.c **** *   CY_ISR(MyISR)
 195:Generated_Source\PSoC4/JoyA_Interrupt.c **** *   {
 196:Generated_Source\PSoC4/JoyA_Interrupt.c **** *   }
 197:Generated_Source\PSoC4/JoyA_Interrupt.c **** *
 198:Generated_Source\PSoC4/JoyA_Interrupt.c **** *   Function prototype example:
 199:Generated_Source\PSoC4/JoyA_Interrupt.c **** *     CY_ISR_PROTO(MyISR);
 200:Generated_Source\PSoC4/JoyA_Interrupt.c **** *
 201:Generated_Source\PSoC4/JoyA_Interrupt.c **** * Parameters:
ARM GAS  C:\Users\quint\AppData\Local\Temp\ccsWVWpL.s 			page 5


 202:Generated_Source\PSoC4/JoyA_Interrupt.c **** *   address: Address of the ISR to set in the interrupt vector table.
 203:Generated_Source\PSoC4/JoyA_Interrupt.c **** *
 204:Generated_Source\PSoC4/JoyA_Interrupt.c **** * Return:
 205:Generated_Source\PSoC4/JoyA_Interrupt.c **** *   None
 206:Generated_Source\PSoC4/JoyA_Interrupt.c **** *
 207:Generated_Source\PSoC4/JoyA_Interrupt.c **** *******************************************************************************/
 208:Generated_Source\PSoC4/JoyA_Interrupt.c **** void JoyA_Interrupt_SetVector(cyisraddress address)
 209:Generated_Source\PSoC4/JoyA_Interrupt.c **** {
  28              		.loc 1 209 0
  29              		.cfi_startproc
  30              		@ args = 0, pretend = 0, frame = 0
  31              		@ frame_needed = 0, uses_anonymous_args = 0
  32              		@ link register save eliminated.
  33              	.LVL0:
 210:Generated_Source\PSoC4/JoyA_Interrupt.c ****     CyRamVectors[CYINT_IRQ_BASE + JoyA_Interrupt__INTC_NUMBER] = address;
  34              		.loc 1 210 0
  35 0000 014B     		ldr	r3, .L2
  36 0002 1864     		str	r0, [r3, #64]
 211:Generated_Source\PSoC4/JoyA_Interrupt.c **** }
  37              		.loc 1 211 0
  38              		@ sp needed
  39 0004 7047     		bx	lr
  40              	.L3:
  41 0006 C046     		.align	2
  42              	.L2:
  43 0008 00000000 		.word	CyRamVectors
  44              		.cfi_endproc
  45              	.LFE39:
  46              		.size	JoyA_Interrupt_SetVector, .-JoyA_Interrupt_SetVector
  47              		.section	.text.JoyA_Interrupt_GetVector,"ax",%progbits
  48              		.align	2
  49              		.global	JoyA_Interrupt_GetVector
  50              		.code	16
  51              		.thumb_func
  52              		.type	JoyA_Interrupt_GetVector, %function
  53              	JoyA_Interrupt_GetVector:
  54              	.LFB40:
 212:Generated_Source\PSoC4/JoyA_Interrupt.c **** 
 213:Generated_Source\PSoC4/JoyA_Interrupt.c **** 
 214:Generated_Source\PSoC4/JoyA_Interrupt.c **** /*******************************************************************************
 215:Generated_Source\PSoC4/JoyA_Interrupt.c **** * Function Name: JoyA_Interrupt_GetVector
 216:Generated_Source\PSoC4/JoyA_Interrupt.c **** ********************************************************************************
 217:Generated_Source\PSoC4/JoyA_Interrupt.c **** *
 218:Generated_Source\PSoC4/JoyA_Interrupt.c **** * Summary:
 219:Generated_Source\PSoC4/JoyA_Interrupt.c **** *   Gets the "address" of the current ISR vector for the Interrupt.
 220:Generated_Source\PSoC4/JoyA_Interrupt.c **** *
 221:Generated_Source\PSoC4/JoyA_Interrupt.c **** * Parameters:
 222:Generated_Source\PSoC4/JoyA_Interrupt.c **** *   None
 223:Generated_Source\PSoC4/JoyA_Interrupt.c **** *
 224:Generated_Source\PSoC4/JoyA_Interrupt.c **** * Return:
 225:Generated_Source\PSoC4/JoyA_Interrupt.c **** *   Address of the ISR in the interrupt vector table.
 226:Generated_Source\PSoC4/JoyA_Interrupt.c **** *
 227:Generated_Source\PSoC4/JoyA_Interrupt.c **** *******************************************************************************/
 228:Generated_Source\PSoC4/JoyA_Interrupt.c **** cyisraddress JoyA_Interrupt_GetVector(void)
 229:Generated_Source\PSoC4/JoyA_Interrupt.c **** {
  55              		.loc 1 229 0
  56              		.cfi_startproc
ARM GAS  C:\Users\quint\AppData\Local\Temp\ccsWVWpL.s 			page 6


  57              		@ args = 0, pretend = 0, frame = 0
  58              		@ frame_needed = 0, uses_anonymous_args = 0
  59              		@ link register save eliminated.
 230:Generated_Source\PSoC4/JoyA_Interrupt.c ****     return CyRamVectors[CYINT_IRQ_BASE + JoyA_Interrupt__INTC_NUMBER];
  60              		.loc 1 230 0
  61 0000 014B     		ldr	r3, .L5
  62 0002 186C     		ldr	r0, [r3, #64]
 231:Generated_Source\PSoC4/JoyA_Interrupt.c **** }
  63              		.loc 1 231 0
  64              		@ sp needed
  65 0004 7047     		bx	lr
  66              	.L6:
  67 0006 C046     		.align	2
  68              	.L5:
  69 0008 00000000 		.word	CyRamVectors
  70              		.cfi_endproc
  71              	.LFE40:
  72              		.size	JoyA_Interrupt_GetVector, .-JoyA_Interrupt_GetVector
  73              		.section	.text.JoyA_Interrupt_SetPriority,"ax",%progbits
  74              		.align	2
  75              		.global	JoyA_Interrupt_SetPriority
  76              		.code	16
  77              		.thumb_func
  78              		.type	JoyA_Interrupt_SetPriority, %function
  79              	JoyA_Interrupt_SetPriority:
  80              	.LFB41:
 232:Generated_Source\PSoC4/JoyA_Interrupt.c **** 
 233:Generated_Source\PSoC4/JoyA_Interrupt.c **** 
 234:Generated_Source\PSoC4/JoyA_Interrupt.c **** /*******************************************************************************
 235:Generated_Source\PSoC4/JoyA_Interrupt.c **** * Function Name: JoyA_Interrupt_SetPriority
 236:Generated_Source\PSoC4/JoyA_Interrupt.c **** ********************************************************************************
 237:Generated_Source\PSoC4/JoyA_Interrupt.c **** *
 238:Generated_Source\PSoC4/JoyA_Interrupt.c **** * Summary:
 239:Generated_Source\PSoC4/JoyA_Interrupt.c **** *   Sets the Priority of the Interrupt. 
 240:Generated_Source\PSoC4/JoyA_Interrupt.c **** *
 241:Generated_Source\PSoC4/JoyA_Interrupt.c **** *   Note calling JoyA_Interrupt_Start or JoyA_Interrupt_StartEx will 
 242:Generated_Source\PSoC4/JoyA_Interrupt.c **** *   override any effect this API would have had. This API should only be called
 243:Generated_Source\PSoC4/JoyA_Interrupt.c **** *   after JoyA_Interrupt_Start or JoyA_Interrupt_StartEx has been called. 
 244:Generated_Source\PSoC4/JoyA_Interrupt.c **** *   To set the initial priority for the component, use the Design-Wide Resources
 245:Generated_Source\PSoC4/JoyA_Interrupt.c **** *   Interrupt Editor.
 246:Generated_Source\PSoC4/JoyA_Interrupt.c **** *
 247:Generated_Source\PSoC4/JoyA_Interrupt.c **** *   Note This API has no effect on Non-maskable interrupt NMI).
 248:Generated_Source\PSoC4/JoyA_Interrupt.c **** *
 249:Generated_Source\PSoC4/JoyA_Interrupt.c **** * Parameters:
 250:Generated_Source\PSoC4/JoyA_Interrupt.c **** *   priority: Priority of the interrupt, 0 being the highest priority
 251:Generated_Source\PSoC4/JoyA_Interrupt.c **** *             PSoC 3 and PSoC 5LP: Priority is from 0 to 7.
 252:Generated_Source\PSoC4/JoyA_Interrupt.c **** *             PSoC 4: Priority is from 0 to 3.
 253:Generated_Source\PSoC4/JoyA_Interrupt.c **** *
 254:Generated_Source\PSoC4/JoyA_Interrupt.c **** * Return:
 255:Generated_Source\PSoC4/JoyA_Interrupt.c **** *   None
 256:Generated_Source\PSoC4/JoyA_Interrupt.c **** *
 257:Generated_Source\PSoC4/JoyA_Interrupt.c **** *******************************************************************************/
 258:Generated_Source\PSoC4/JoyA_Interrupt.c **** void JoyA_Interrupt_SetPriority(uint8 priority)
 259:Generated_Source\PSoC4/JoyA_Interrupt.c **** {
  81              		.loc 1 259 0
  82              		.cfi_startproc
  83              		@ args = 0, pretend = 0, frame = 0
ARM GAS  C:\Users\quint\AppData\Local\Temp\ccsWVWpL.s 			page 7


  84              		@ frame_needed = 0, uses_anonymous_args = 0
  85              	.LVL1:
  86 0000 10B5     		push	{r4, lr}
  87              		.cfi_def_cfa_offset 8
  88              		.cfi_offset 4, -8
  89              		.cfi_offset 14, -4
  90 0002 0400     		movs	r4, r0
  91              	.LVL2:
 260:Generated_Source\PSoC4/JoyA_Interrupt.c **** 	uint8 interruptState;
 261:Generated_Source\PSoC4/JoyA_Interrupt.c ****     uint32 priorityOffset = ((JoyA_Interrupt__INTC_NUMBER % 4u) * 8u) + 6u;
 262:Generated_Source\PSoC4/JoyA_Interrupt.c ****     
 263:Generated_Source\PSoC4/JoyA_Interrupt.c **** 	interruptState = CyEnterCriticalSection();
  92              		.loc 1 263 0
  93 0004 FFF7FEFF 		bl	CyEnterCriticalSection
  94              	.LVL3:
 264:Generated_Source\PSoC4/JoyA_Interrupt.c ****     *JoyA_Interrupt_INTC_PRIOR = (*JoyA_Interrupt_INTC_PRIOR & (uint32)(~JoyA_Interrupt__INTC_PRIOR
  95              		.loc 1 264 0
  96 0008 044A     		ldr	r2, .L8
  97 000a 1368     		ldr	r3, [r2]
  98 000c C021     		movs	r1, #192
  99 000e 8B43     		bics	r3, r1
 265:Generated_Source\PSoC4/JoyA_Interrupt.c ****                                     ((uint32)priority << priorityOffset);
 100              		.loc 1 265 0
 101 0010 A401     		lsls	r4, r4, #6
 264:Generated_Source\PSoC4/JoyA_Interrupt.c ****     *JoyA_Interrupt_INTC_PRIOR = (*JoyA_Interrupt_INTC_PRIOR & (uint32)(~JoyA_Interrupt__INTC_PRIOR
 102              		.loc 1 264 0
 103 0012 1C43     		orrs	r4, r3
 104 0014 1460     		str	r4, [r2]
 266:Generated_Source\PSoC4/JoyA_Interrupt.c **** 	CyExitCriticalSection(interruptState);
 105              		.loc 1 266 0
 106 0016 FFF7FEFF 		bl	CyExitCriticalSection
 107              	.LVL4:
 267:Generated_Source\PSoC4/JoyA_Interrupt.c **** }
 108              		.loc 1 267 0
 109              		@ sp needed
 110 001a 10BD     		pop	{r4, pc}
 111              	.L9:
 112              		.align	2
 113              	.L8:
 114 001c 00E400E0 		.word	-536812544
 115              		.cfi_endproc
 116              	.LFE41:
 117              		.size	JoyA_Interrupt_SetPriority, .-JoyA_Interrupt_SetPriority
 118              		.section	.text.JoyA_Interrupt_GetPriority,"ax",%progbits
 119              		.align	2
 120              		.global	JoyA_Interrupt_GetPriority
 121              		.code	16
 122              		.thumb_func
 123              		.type	JoyA_Interrupt_GetPriority, %function
 124              	JoyA_Interrupt_GetPriority:
 125              	.LFB42:
 268:Generated_Source\PSoC4/JoyA_Interrupt.c **** 
 269:Generated_Source\PSoC4/JoyA_Interrupt.c **** 
 270:Generated_Source\PSoC4/JoyA_Interrupt.c **** /*******************************************************************************
 271:Generated_Source\PSoC4/JoyA_Interrupt.c **** * Function Name: JoyA_Interrupt_GetPriority
 272:Generated_Source\PSoC4/JoyA_Interrupt.c **** ********************************************************************************
 273:Generated_Source\PSoC4/JoyA_Interrupt.c **** *
ARM GAS  C:\Users\quint\AppData\Local\Temp\ccsWVWpL.s 			page 8


 274:Generated_Source\PSoC4/JoyA_Interrupt.c **** * Summary:
 275:Generated_Source\PSoC4/JoyA_Interrupt.c **** *   Gets the Priority of the Interrupt.
 276:Generated_Source\PSoC4/JoyA_Interrupt.c **** *
 277:Generated_Source\PSoC4/JoyA_Interrupt.c **** * Parameters:
 278:Generated_Source\PSoC4/JoyA_Interrupt.c **** *   None
 279:Generated_Source\PSoC4/JoyA_Interrupt.c **** *
 280:Generated_Source\PSoC4/JoyA_Interrupt.c **** * Return:
 281:Generated_Source\PSoC4/JoyA_Interrupt.c **** *   Priority of the interrupt, 0 being the highest priority
 282:Generated_Source\PSoC4/JoyA_Interrupt.c **** *    PSoC 3 and PSoC 5LP: Priority is from 0 to 7.
 283:Generated_Source\PSoC4/JoyA_Interrupt.c **** *    PSoC 4: Priority is from 0 to 3.
 284:Generated_Source\PSoC4/JoyA_Interrupt.c **** *
 285:Generated_Source\PSoC4/JoyA_Interrupt.c **** *******************************************************************************/
 286:Generated_Source\PSoC4/JoyA_Interrupt.c **** uint8 JoyA_Interrupt_GetPriority(void)
 287:Generated_Source\PSoC4/JoyA_Interrupt.c **** {
 126              		.loc 1 287 0
 127              		.cfi_startproc
 128              		@ args = 0, pretend = 0, frame = 0
 129              		@ frame_needed = 0, uses_anonymous_args = 0
 130              		@ link register save eliminated.
 131              	.LVL5:
 288:Generated_Source\PSoC4/JoyA_Interrupt.c ****     uint32 priority;
 289:Generated_Source\PSoC4/JoyA_Interrupt.c **** 	uint32 priorityOffset = ((JoyA_Interrupt__INTC_NUMBER % 4u) * 8u) + 6u;
 290:Generated_Source\PSoC4/JoyA_Interrupt.c **** 
 291:Generated_Source\PSoC4/JoyA_Interrupt.c ****     priority = (*JoyA_Interrupt_INTC_PRIOR & JoyA_Interrupt__INTC_PRIOR_MASK) >> priorityOffset;
 132              		.loc 1 291 0
 133 0000 024B     		ldr	r3, .L11
 134 0002 1868     		ldr	r0, [r3]
 135 0004 8009     		lsrs	r0, r0, #6
 136              	.LVL6:
 292:Generated_Source\PSoC4/JoyA_Interrupt.c **** 
 293:Generated_Source\PSoC4/JoyA_Interrupt.c ****     return (uint8)priority;
 137              		.loc 1 293 0
 138 0006 0323     		movs	r3, #3
 139 0008 1840     		ands	r0, r3
 140              	.LVL7:
 294:Generated_Source\PSoC4/JoyA_Interrupt.c **** }
 141              		.loc 1 294 0
 142              		@ sp needed
 143 000a 7047     		bx	lr
 144              	.L12:
 145              		.align	2
 146              	.L11:
 147 000c 00E400E0 		.word	-536812544
 148              		.cfi_endproc
 149              	.LFE42:
 150              		.size	JoyA_Interrupt_GetPriority, .-JoyA_Interrupt_GetPriority
 151              		.section	.text.JoyA_Interrupt_Enable,"ax",%progbits
 152              		.align	2
 153              		.global	JoyA_Interrupt_Enable
 154              		.code	16
 155              		.thumb_func
 156              		.type	JoyA_Interrupt_Enable, %function
 157              	JoyA_Interrupt_Enable:
 158              	.LFB43:
 295:Generated_Source\PSoC4/JoyA_Interrupt.c **** 
 296:Generated_Source\PSoC4/JoyA_Interrupt.c **** 
 297:Generated_Source\PSoC4/JoyA_Interrupt.c **** /*******************************************************************************
ARM GAS  C:\Users\quint\AppData\Local\Temp\ccsWVWpL.s 			page 9


 298:Generated_Source\PSoC4/JoyA_Interrupt.c **** * Function Name: JoyA_Interrupt_Enable
 299:Generated_Source\PSoC4/JoyA_Interrupt.c **** ********************************************************************************
 300:Generated_Source\PSoC4/JoyA_Interrupt.c **** *
 301:Generated_Source\PSoC4/JoyA_Interrupt.c **** * Summary:
 302:Generated_Source\PSoC4/JoyA_Interrupt.c **** *   Enables the interrupt to the interrupt controller. Do not call this function
 303:Generated_Source\PSoC4/JoyA_Interrupt.c **** *   unless ISR_Start() has been called or the functionality of the ISR_Start() 
 304:Generated_Source\PSoC4/JoyA_Interrupt.c **** *   function, which sets the vector and the priority, has been called.
 305:Generated_Source\PSoC4/JoyA_Interrupt.c **** *
 306:Generated_Source\PSoC4/JoyA_Interrupt.c **** * Parameters:
 307:Generated_Source\PSoC4/JoyA_Interrupt.c **** *   None
 308:Generated_Source\PSoC4/JoyA_Interrupt.c **** *
 309:Generated_Source\PSoC4/JoyA_Interrupt.c **** * Return:
 310:Generated_Source\PSoC4/JoyA_Interrupt.c **** *   None
 311:Generated_Source\PSoC4/JoyA_Interrupt.c **** *
 312:Generated_Source\PSoC4/JoyA_Interrupt.c **** *******************************************************************************/
 313:Generated_Source\PSoC4/JoyA_Interrupt.c **** void JoyA_Interrupt_Enable(void)
 314:Generated_Source\PSoC4/JoyA_Interrupt.c **** {
 159              		.loc 1 314 0
 160              		.cfi_startproc
 161              		@ args = 0, pretend = 0, frame = 0
 162              		@ frame_needed = 0, uses_anonymous_args = 0
 163              		@ link register save eliminated.
 315:Generated_Source\PSoC4/JoyA_Interrupt.c ****     /* Enable the general interrupt. */
 316:Generated_Source\PSoC4/JoyA_Interrupt.c ****     *JoyA_Interrupt_INTC_SET_EN = JoyA_Interrupt__INTC_MASK;
 164              		.loc 1 316 0
 165 0000 0122     		movs	r2, #1
 166 0002 014B     		ldr	r3, .L14
 167 0004 1A60     		str	r2, [r3]
 317:Generated_Source\PSoC4/JoyA_Interrupt.c **** }
 168              		.loc 1 317 0
 169              		@ sp needed
 170 0006 7047     		bx	lr
 171              	.L15:
 172              		.align	2
 173              	.L14:
 174 0008 00E100E0 		.word	-536813312
 175              		.cfi_endproc
 176              	.LFE43:
 177              		.size	JoyA_Interrupt_Enable, .-JoyA_Interrupt_Enable
 178              		.section	.text.JoyA_Interrupt_GetState,"ax",%progbits
 179              		.align	2
 180              		.global	JoyA_Interrupt_GetState
 181              		.code	16
 182              		.thumb_func
 183              		.type	JoyA_Interrupt_GetState, %function
 184              	JoyA_Interrupt_GetState:
 185              	.LFB44:
 318:Generated_Source\PSoC4/JoyA_Interrupt.c **** 
 319:Generated_Source\PSoC4/JoyA_Interrupt.c **** 
 320:Generated_Source\PSoC4/JoyA_Interrupt.c **** /*******************************************************************************
 321:Generated_Source\PSoC4/JoyA_Interrupt.c **** * Function Name: JoyA_Interrupt_GetState
 322:Generated_Source\PSoC4/JoyA_Interrupt.c **** ********************************************************************************
 323:Generated_Source\PSoC4/JoyA_Interrupt.c **** *
 324:Generated_Source\PSoC4/JoyA_Interrupt.c **** * Summary:
 325:Generated_Source\PSoC4/JoyA_Interrupt.c **** *   Gets the state (enabled, disabled) of the Interrupt.
 326:Generated_Source\PSoC4/JoyA_Interrupt.c **** *
 327:Generated_Source\PSoC4/JoyA_Interrupt.c **** * Parameters:
ARM GAS  C:\Users\quint\AppData\Local\Temp\ccsWVWpL.s 			page 10


 328:Generated_Source\PSoC4/JoyA_Interrupt.c **** *   None
 329:Generated_Source\PSoC4/JoyA_Interrupt.c **** *
 330:Generated_Source\PSoC4/JoyA_Interrupt.c **** * Return:
 331:Generated_Source\PSoC4/JoyA_Interrupt.c **** *   1 if enabled, 0 if disabled.
 332:Generated_Source\PSoC4/JoyA_Interrupt.c **** *
 333:Generated_Source\PSoC4/JoyA_Interrupt.c **** *******************************************************************************/
 334:Generated_Source\PSoC4/JoyA_Interrupt.c **** uint8 JoyA_Interrupt_GetState(void)
 335:Generated_Source\PSoC4/JoyA_Interrupt.c **** {
 186              		.loc 1 335 0
 187              		.cfi_startproc
 188              		@ args = 0, pretend = 0, frame = 0
 189              		@ frame_needed = 0, uses_anonymous_args = 0
 190              		@ link register save eliminated.
 336:Generated_Source\PSoC4/JoyA_Interrupt.c ****     /* Get the state of the general interrupt. */
 337:Generated_Source\PSoC4/JoyA_Interrupt.c ****     return ((*JoyA_Interrupt_INTC_SET_EN & (uint32)JoyA_Interrupt__INTC_MASK) != 0u) ? 1u:0u;
 191              		.loc 1 337 0
 192 0000 024B     		ldr	r3, .L17
 193 0002 1B68     		ldr	r3, [r3]
 194 0004 0120     		movs	r0, #1
 195 0006 1840     		ands	r0, r3
 338:Generated_Source\PSoC4/JoyA_Interrupt.c **** }
 196              		.loc 1 338 0
 197              		@ sp needed
 198 0008 7047     		bx	lr
 199              	.L18:
 200 000a C046     		.align	2
 201              	.L17:
 202 000c 00E100E0 		.word	-536813312
 203              		.cfi_endproc
 204              	.LFE44:
 205              		.size	JoyA_Interrupt_GetState, .-JoyA_Interrupt_GetState
 206              		.section	.text.JoyA_Interrupt_Disable,"ax",%progbits
 207              		.align	2
 208              		.global	JoyA_Interrupt_Disable
 209              		.code	16
 210              		.thumb_func
 211              		.type	JoyA_Interrupt_Disable, %function
 212              	JoyA_Interrupt_Disable:
 213              	.LFB45:
 339:Generated_Source\PSoC4/JoyA_Interrupt.c **** 
 340:Generated_Source\PSoC4/JoyA_Interrupt.c **** 
 341:Generated_Source\PSoC4/JoyA_Interrupt.c **** /*******************************************************************************
 342:Generated_Source\PSoC4/JoyA_Interrupt.c **** * Function Name: JoyA_Interrupt_Disable
 343:Generated_Source\PSoC4/JoyA_Interrupt.c **** ********************************************************************************
 344:Generated_Source\PSoC4/JoyA_Interrupt.c **** *
 345:Generated_Source\PSoC4/JoyA_Interrupt.c **** * Summary:
 346:Generated_Source\PSoC4/JoyA_Interrupt.c **** *   Disables the Interrupt in the interrupt controller.
 347:Generated_Source\PSoC4/JoyA_Interrupt.c **** *
 348:Generated_Source\PSoC4/JoyA_Interrupt.c **** * Parameters:
 349:Generated_Source\PSoC4/JoyA_Interrupt.c **** *   None
 350:Generated_Source\PSoC4/JoyA_Interrupt.c **** *
 351:Generated_Source\PSoC4/JoyA_Interrupt.c **** * Return:
 352:Generated_Source\PSoC4/JoyA_Interrupt.c **** *   None
 353:Generated_Source\PSoC4/JoyA_Interrupt.c **** *
 354:Generated_Source\PSoC4/JoyA_Interrupt.c **** *******************************************************************************/
 355:Generated_Source\PSoC4/JoyA_Interrupt.c **** void JoyA_Interrupt_Disable(void)
 356:Generated_Source\PSoC4/JoyA_Interrupt.c **** {
ARM GAS  C:\Users\quint\AppData\Local\Temp\ccsWVWpL.s 			page 11


 214              		.loc 1 356 0
 215              		.cfi_startproc
 216              		@ args = 0, pretend = 0, frame = 0
 217              		@ frame_needed = 0, uses_anonymous_args = 0
 218              		@ link register save eliminated.
 357:Generated_Source\PSoC4/JoyA_Interrupt.c ****     /* Disable the general interrupt. */
 358:Generated_Source\PSoC4/JoyA_Interrupt.c ****     *JoyA_Interrupt_INTC_CLR_EN = JoyA_Interrupt__INTC_MASK;
 219              		.loc 1 358 0
 220 0000 0122     		movs	r2, #1
 221 0002 014B     		ldr	r3, .L20
 222 0004 1A60     		str	r2, [r3]
 359:Generated_Source\PSoC4/JoyA_Interrupt.c **** }
 223              		.loc 1 359 0
 224              		@ sp needed
 225 0006 7047     		bx	lr
 226              	.L21:
 227              		.align	2
 228              	.L20:
 229 0008 80E100E0 		.word	-536813184
 230              		.cfi_endproc
 231              	.LFE45:
 232              		.size	JoyA_Interrupt_Disable, .-JoyA_Interrupt_Disable
 233              		.section	.text.JoyA_Interrupt_Start,"ax",%progbits
 234              		.align	2
 235              		.global	JoyA_Interrupt_Start
 236              		.code	16
 237              		.thumb_func
 238              		.type	JoyA_Interrupt_Start, %function
 239              	JoyA_Interrupt_Start:
 240              	.LFB35:
  59:Generated_Source\PSoC4/JoyA_Interrupt.c ****     /* For all we know the interrupt is active. */
 241              		.loc 1 59 0
 242              		.cfi_startproc
 243              		@ args = 0, pretend = 0, frame = 0
 244              		@ frame_needed = 0, uses_anonymous_args = 0
 245 0000 10B5     		push	{r4, lr}
 246              		.cfi_def_cfa_offset 8
 247              		.cfi_offset 4, -8
 248              		.cfi_offset 14, -4
  61:Generated_Source\PSoC4/JoyA_Interrupt.c **** 
 249              		.loc 1 61 0
 250 0002 FFF7FEFF 		bl	JoyA_Interrupt_Disable
 251              	.LVL8:
  64:Generated_Source\PSoC4/JoyA_Interrupt.c **** 
 252              		.loc 1 64 0
 253 0006 0448     		ldr	r0, .L23
 254 0008 FFF7FEFF 		bl	JoyA_Interrupt_SetVector
 255              	.LVL9:
  67:Generated_Source\PSoC4/JoyA_Interrupt.c **** 
 256              		.loc 1 67 0
 257 000c 0320     		movs	r0, #3
 258 000e FFF7FEFF 		bl	JoyA_Interrupt_SetPriority
 259              	.LVL10:
  70:Generated_Source\PSoC4/JoyA_Interrupt.c **** }
 260              		.loc 1 70 0
 261 0012 FFF7FEFF 		bl	JoyA_Interrupt_Enable
 262              	.LVL11:
ARM GAS  C:\Users\quint\AppData\Local\Temp\ccsWVWpL.s 			page 12


  71:Generated_Source\PSoC4/JoyA_Interrupt.c **** 
 263              		.loc 1 71 0
 264              		@ sp needed
 265 0016 10BD     		pop	{r4, pc}
 266              	.L24:
 267              		.align	2
 268              	.L23:
 269 0018 00000000 		.word	JoyA_Interrupt_Interrupt
 270              		.cfi_endproc
 271              	.LFE35:
 272              		.size	JoyA_Interrupt_Start, .-JoyA_Interrupt_Start
 273              		.section	.text.JoyA_Interrupt_StartEx,"ax",%progbits
 274              		.align	2
 275              		.global	JoyA_Interrupt_StartEx
 276              		.code	16
 277              		.thumb_func
 278              		.type	JoyA_Interrupt_StartEx, %function
 279              	JoyA_Interrupt_StartEx:
 280              	.LFB36:
 102:Generated_Source\PSoC4/JoyA_Interrupt.c ****     /* For all we know the interrupt is active. */
 281              		.loc 1 102 0
 282              		.cfi_startproc
 283              		@ args = 0, pretend = 0, frame = 0
 284              		@ frame_needed = 0, uses_anonymous_args = 0
 285              	.LVL12:
 286 0000 10B5     		push	{r4, lr}
 287              		.cfi_def_cfa_offset 8
 288              		.cfi_offset 4, -8
 289              		.cfi_offset 14, -4
 290 0002 0400     		movs	r4, r0
 104:Generated_Source\PSoC4/JoyA_Interrupt.c **** 
 291              		.loc 1 104 0
 292 0004 FFF7FEFF 		bl	JoyA_Interrupt_Disable
 293              	.LVL13:
 107:Generated_Source\PSoC4/JoyA_Interrupt.c **** 
 294              		.loc 1 107 0
 295 0008 2000     		movs	r0, r4
 296 000a FFF7FEFF 		bl	JoyA_Interrupt_SetVector
 297              	.LVL14:
 110:Generated_Source\PSoC4/JoyA_Interrupt.c **** 
 298              		.loc 1 110 0
 299 000e 0320     		movs	r0, #3
 300 0010 FFF7FEFF 		bl	JoyA_Interrupt_SetPriority
 301              	.LVL15:
 113:Generated_Source\PSoC4/JoyA_Interrupt.c **** }
 302              		.loc 1 113 0
 303 0014 FFF7FEFF 		bl	JoyA_Interrupt_Enable
 304              	.LVL16:
 114:Generated_Source\PSoC4/JoyA_Interrupt.c **** 
 305              		.loc 1 114 0
 306              		@ sp needed
 307              	.LVL17:
 308 0018 10BD     		pop	{r4, pc}
 309              		.cfi_endproc
 310              	.LFE36:
 311              		.size	JoyA_Interrupt_StartEx, .-JoyA_Interrupt_StartEx
 312 001a C046     		.section	.text.JoyA_Interrupt_Stop,"ax",%progbits
ARM GAS  C:\Users\quint\AppData\Local\Temp\ccsWVWpL.s 			page 13


 313              		.align	2
 314              		.global	JoyA_Interrupt_Stop
 315              		.code	16
 316              		.thumb_func
 317              		.type	JoyA_Interrupt_Stop, %function
 318              	JoyA_Interrupt_Stop:
 319              	.LFB37:
 132:Generated_Source\PSoC4/JoyA_Interrupt.c ****     /* Disable this interrupt. */
 320              		.loc 1 132 0
 321              		.cfi_startproc
 322              		@ args = 0, pretend = 0, frame = 0
 323              		@ frame_needed = 0, uses_anonymous_args = 0
 324 0000 10B5     		push	{r4, lr}
 325              		.cfi_def_cfa_offset 8
 326              		.cfi_offset 4, -8
 327              		.cfi_offset 14, -4
 134:Generated_Source\PSoC4/JoyA_Interrupt.c **** 
 328              		.loc 1 134 0
 329 0002 FFF7FEFF 		bl	JoyA_Interrupt_Disable
 330              	.LVL18:
 137:Generated_Source\PSoC4/JoyA_Interrupt.c **** }
 331              		.loc 1 137 0
 332 0006 0248     		ldr	r0, .L27
 333 0008 FFF7FEFF 		bl	JoyA_Interrupt_SetVector
 334              	.LVL19:
 138:Generated_Source\PSoC4/JoyA_Interrupt.c **** 
 335              		.loc 1 138 0
 336              		@ sp needed
 337 000c 10BD     		pop	{r4, pc}
 338              	.L28:
 339 000e C046     		.align	2
 340              	.L27:
 341 0010 00000000 		.word	IntDefaultHandler
 342              		.cfi_endproc
 343              	.LFE37:
 344              		.size	JoyA_Interrupt_Stop, .-JoyA_Interrupt_Stop
 345              		.section	.text.JoyA_Interrupt_SetPending,"ax",%progbits
 346              		.align	2
 347              		.global	JoyA_Interrupt_SetPending
 348              		.code	16
 349              		.thumb_func
 350              		.type	JoyA_Interrupt_SetPending, %function
 351              	JoyA_Interrupt_SetPending:
 352              	.LFB46:
 360:Generated_Source\PSoC4/JoyA_Interrupt.c **** 
 361:Generated_Source\PSoC4/JoyA_Interrupt.c **** 
 362:Generated_Source\PSoC4/JoyA_Interrupt.c **** /*******************************************************************************
 363:Generated_Source\PSoC4/JoyA_Interrupt.c **** * Function Name: JoyA_Interrupt_SetPending
 364:Generated_Source\PSoC4/JoyA_Interrupt.c **** ********************************************************************************
 365:Generated_Source\PSoC4/JoyA_Interrupt.c **** *
 366:Generated_Source\PSoC4/JoyA_Interrupt.c **** * Summary:
 367:Generated_Source\PSoC4/JoyA_Interrupt.c **** *   Causes the Interrupt to enter the pending state, a software method of
 368:Generated_Source\PSoC4/JoyA_Interrupt.c **** *   generating the interrupt.
 369:Generated_Source\PSoC4/JoyA_Interrupt.c **** *
 370:Generated_Source\PSoC4/JoyA_Interrupt.c **** * Parameters:
 371:Generated_Source\PSoC4/JoyA_Interrupt.c **** *   None
 372:Generated_Source\PSoC4/JoyA_Interrupt.c **** *
ARM GAS  C:\Users\quint\AppData\Local\Temp\ccsWVWpL.s 			page 14


 373:Generated_Source\PSoC4/JoyA_Interrupt.c **** * Return:
 374:Generated_Source\PSoC4/JoyA_Interrupt.c **** *   None
 375:Generated_Source\PSoC4/JoyA_Interrupt.c **** *
 376:Generated_Source\PSoC4/JoyA_Interrupt.c **** * Side Effects:
 377:Generated_Source\PSoC4/JoyA_Interrupt.c **** *   If interrupts are enabled and the interrupt is set up properly, the ISR is
 378:Generated_Source\PSoC4/JoyA_Interrupt.c **** *   entered (depending on the priority of this interrupt and other pending 
 379:Generated_Source\PSoC4/JoyA_Interrupt.c **** *   interrupts).
 380:Generated_Source\PSoC4/JoyA_Interrupt.c **** *
 381:Generated_Source\PSoC4/JoyA_Interrupt.c **** *******************************************************************************/
 382:Generated_Source\PSoC4/JoyA_Interrupt.c **** void JoyA_Interrupt_SetPending(void)
 383:Generated_Source\PSoC4/JoyA_Interrupt.c **** {
 353              		.loc 1 383 0
 354              		.cfi_startproc
 355              		@ args = 0, pretend = 0, frame = 0
 356              		@ frame_needed = 0, uses_anonymous_args = 0
 357              		@ link register save eliminated.
 384:Generated_Source\PSoC4/JoyA_Interrupt.c ****     *JoyA_Interrupt_INTC_SET_PD = JoyA_Interrupt__INTC_MASK;
 358              		.loc 1 384 0
 359 0000 0122     		movs	r2, #1
 360 0002 014B     		ldr	r3, .L30
 361 0004 1A60     		str	r2, [r3]
 385:Generated_Source\PSoC4/JoyA_Interrupt.c **** }
 362              		.loc 1 385 0
 363              		@ sp needed
 364 0006 7047     		bx	lr
 365              	.L31:
 366              		.align	2
 367              	.L30:
 368 0008 00E200E0 		.word	-536813056
 369              		.cfi_endproc
 370              	.LFE46:
 371              		.size	JoyA_Interrupt_SetPending, .-JoyA_Interrupt_SetPending
 372              		.section	.text.JoyA_Interrupt_ClearPending,"ax",%progbits
 373              		.align	2
 374              		.global	JoyA_Interrupt_ClearPending
 375              		.code	16
 376              		.thumb_func
 377              		.type	JoyA_Interrupt_ClearPending, %function
 378              	JoyA_Interrupt_ClearPending:
 379              	.LFB47:
 386:Generated_Source\PSoC4/JoyA_Interrupt.c **** 
 387:Generated_Source\PSoC4/JoyA_Interrupt.c **** 
 388:Generated_Source\PSoC4/JoyA_Interrupt.c **** /*******************************************************************************
 389:Generated_Source\PSoC4/JoyA_Interrupt.c **** * Function Name: JoyA_Interrupt_ClearPending
 390:Generated_Source\PSoC4/JoyA_Interrupt.c **** ********************************************************************************
 391:Generated_Source\PSoC4/JoyA_Interrupt.c **** *
 392:Generated_Source\PSoC4/JoyA_Interrupt.c **** * Summary:
 393:Generated_Source\PSoC4/JoyA_Interrupt.c **** *   Clears a pending interrupt in the interrupt controller.
 394:Generated_Source\PSoC4/JoyA_Interrupt.c **** *
 395:Generated_Source\PSoC4/JoyA_Interrupt.c **** *   Note Some interrupt sources are clear-on-read and require the block 
 396:Generated_Source\PSoC4/JoyA_Interrupt.c **** *   interrupt/status register to be read/cleared with the appropriate block API 
 397:Generated_Source\PSoC4/JoyA_Interrupt.c **** *   (GPIO, UART, and so on). Otherwise the ISR will continue to remain in 
 398:Generated_Source\PSoC4/JoyA_Interrupt.c **** *   pending state even though the interrupt itself is cleared using this API.
 399:Generated_Source\PSoC4/JoyA_Interrupt.c **** *
 400:Generated_Source\PSoC4/JoyA_Interrupt.c **** * Parameters:
 401:Generated_Source\PSoC4/JoyA_Interrupt.c **** *   None
 402:Generated_Source\PSoC4/JoyA_Interrupt.c **** *
ARM GAS  C:\Users\quint\AppData\Local\Temp\ccsWVWpL.s 			page 15


 403:Generated_Source\PSoC4/JoyA_Interrupt.c **** * Return:
 404:Generated_Source\PSoC4/JoyA_Interrupt.c **** *   None
 405:Generated_Source\PSoC4/JoyA_Interrupt.c **** *
 406:Generated_Source\PSoC4/JoyA_Interrupt.c **** *******************************************************************************/
 407:Generated_Source\PSoC4/JoyA_Interrupt.c **** void JoyA_Interrupt_ClearPending(void)
 408:Generated_Source\PSoC4/JoyA_Interrupt.c **** {
 380              		.loc 1 408 0
 381              		.cfi_startproc
 382              		@ args = 0, pretend = 0, frame = 0
 383              		@ frame_needed = 0, uses_anonymous_args = 0
 384              		@ link register save eliminated.
 409:Generated_Source\PSoC4/JoyA_Interrupt.c ****     *JoyA_Interrupt_INTC_CLR_PD = JoyA_Interrupt__INTC_MASK;
 385              		.loc 1 409 0
 386 0000 0122     		movs	r2, #1
 387 0002 014B     		ldr	r3, .L33
 388 0004 1A60     		str	r2, [r3]
 410:Generated_Source\PSoC4/JoyA_Interrupt.c **** }
 389              		.loc 1 410 0
 390              		@ sp needed
 391 0006 7047     		bx	lr
 392              	.L34:
 393              		.align	2
 394              	.L33:
 395 0008 80E200E0 		.word	-536812928
 396              		.cfi_endproc
 397              	.LFE47:
 398              		.size	JoyA_Interrupt_ClearPending, .-JoyA_Interrupt_ClearPending
 399              		.section	.text.JoyA_Interrupt_Interrupt,"ax",%progbits
 400              		.align	2
 401              		.global	JoyA_Interrupt_Interrupt
 402              		.code	16
 403              		.thumb_func
 404              		.type	JoyA_Interrupt_Interrupt, %function
 405              	JoyA_Interrupt_Interrupt:
 406              	.LFB38:
 162:Generated_Source\PSoC4/JoyA_Interrupt.c ****     #ifdef JoyA_Interrupt_INTERRUPT_INTERRUPT_CALLBACK
 407              		.loc 1 162 0
 408              		.cfi_startproc
 409              		@ args = 0, pretend = 0, frame = 24
 410              		@ frame_needed = 0, uses_anonymous_args = 0
 411 0000 00B5     		push	{lr}
 412              		.cfi_def_cfa_offset 4
 413              		.cfi_offset 14, -4
 414 0002 89B0     		sub	sp, sp, #36
 415              		.cfi_def_cfa_offset 40
 170:Generated_Source\PSoC4/JoyA_Interrupt.c ****     
 416              		.loc 1 170 0
 417 0004 0B4B     		ldr	r3, .L36
 418 0006 1A68     		ldr	r2, [r3]
 419 0008 0132     		adds	r2, r2, #1
 420 000a 1A60     		str	r2, [r3]
 172:Generated_Source\PSoC4/JoyA_Interrupt.c ****             GLCD_PrintString(mystring, 30, 10, GLCD_YELLOW, GLCD_BLACK);
 421              		.loc 1 172 0
 422 000c 0A49     		ldr	r1, .L36+4
 423 000e 03A8     		add	r0, sp, #12
 424 0010 FFF7FEFF 		bl	sprintf
 425              	.LVL20:
ARM GAS  C:\Users\quint\AppData\Local\Temp\ccsWVWpL.s 			page 16


 173:Generated_Source\PSoC4/JoyA_Interrupt.c ****             
 426              		.loc 1 173 0
 427 0014 0023     		movs	r3, #0
 428 0016 0093     		str	r3, [sp]
 429 0018 FF23     		movs	r3, #255
 430 001a 1B01     		lsls	r3, r3, #4
 431 001c 0A22     		movs	r2, #10
 432 001e 1E21     		movs	r1, #30
 433 0020 03A8     		add	r0, sp, #12
 434 0022 FFF7FEFF 		bl	GLCD_PrintString
 435              	.LVL21:
 175:Generated_Source\PSoC4/JoyA_Interrupt.c ****             JoyA_Interrupt_ClearPending();
 436              		.loc 1 175 0
 437 0026 1920     		movs	r0, #25
 438 0028 FFF7FEFF 		bl	CyDelay
 439              	.LVL22:
 176:Generated_Source\PSoC4/JoyA_Interrupt.c ****     /* `#END` */
 440              		.loc 1 176 0
 441 002c FFF7FEFF 		bl	JoyA_Interrupt_ClearPending
 442              	.LVL23:
 178:Generated_Source\PSoC4/JoyA_Interrupt.c **** 
 443              		.loc 1 178 0
 444 0030 09B0     		add	sp, sp, #36
 445              		@ sp needed
 446 0032 00BD     		pop	{pc}
 447              	.L37:
 448              		.align	2
 449              	.L36:
 450 0034 00000000 		.word	Acount
 451 0038 00000000 		.word	.LC5
 452              		.cfi_endproc
 453              	.LFE38:
 454              		.size	JoyA_Interrupt_Interrupt, .-JoyA_Interrupt_Interrupt
 455              		.comm	GLCD_FONT8x16,1552,4
 456              		.section	.rodata.str1.4,"aMS",%progbits,1
 457              		.align	2
 458              	.LC5:
 459 0000 25356400 		.ascii	"%5d\000"
 460              		.text
 461              	.Letext0:
 462              		.file 2 "Generated_Source\\PSoC4/cytypes.h"
 463              		.file 3 "Generated_Source\\PSoC4\\GLCD.h"
 464              		.file 4 "Generated_Source\\PSoC4/CyLib.h"
 465              		.file 5 "c:\\program files (x86)\\cypress\\psoc creator\\4.2\\psoc creator\\import\\gnu\\arm\\5.4.
 466              		.section	.debug_info,"",%progbits
 467              	.Ldebug_info0:
 468 0000 E9030000 		.4byte	0x3e9
 469 0004 0400     		.2byte	0x4
 470 0006 00000000 		.4byte	.Ldebug_abbrev0
 471 000a 04       		.byte	0x4
 472 000b 01       		.uleb128 0x1
 473 000c 15020000 		.4byte	.LASF43
 474 0010 0C       		.byte	0xc
 475 0011 7E010000 		.4byte	.LASF44
 476 0015 38000000 		.4byte	.LASF45
 477 0019 00000000 		.4byte	.Ldebug_ranges0+0
 478 001d 00000000 		.4byte	0
ARM GAS  C:\Users\quint\AppData\Local\Temp\ccsWVWpL.s 			page 17


 479 0021 00000000 		.4byte	.Ldebug_line0
 480 0025 02       		.uleb128 0x2
 481 0026 01       		.byte	0x1
 482 0027 06       		.byte	0x6
 483 0028 C3000000 		.4byte	.LASF0
 484 002c 02       		.uleb128 0x2
 485 002d 01       		.byte	0x1
 486 002e 08       		.byte	0x8
 487 002f CF000000 		.4byte	.LASF1
 488 0033 02       		.uleb128 0x2
 489 0034 02       		.byte	0x2
 490 0035 05       		.byte	0x5
 491 0036 00030000 		.4byte	.LASF2
 492 003a 02       		.uleb128 0x2
 493 003b 02       		.byte	0x2
 494 003c 07       		.byte	0x7
 495 003d FE000000 		.4byte	.LASF3
 496 0041 02       		.uleb128 0x2
 497 0042 04       		.byte	0x4
 498 0043 05       		.byte	0x5
 499 0044 4F030000 		.4byte	.LASF4
 500 0048 02       		.uleb128 0x2
 501 0049 04       		.byte	0x4
 502 004a 07       		.byte	0x7
 503 004b EC000000 		.4byte	.LASF5
 504 004f 02       		.uleb128 0x2
 505 0050 08       		.byte	0x8
 506 0051 05       		.byte	0x5
 507 0052 DF020000 		.4byte	.LASF6
 508 0056 02       		.uleb128 0x2
 509 0057 08       		.byte	0x8
 510 0058 07       		.byte	0x7
 511 0059 AE010000 		.4byte	.LASF7
 512 005d 03       		.uleb128 0x3
 513 005e 04       		.byte	0x4
 514 005f 05       		.byte	0x5
 515 0060 696E7400 		.ascii	"int\000"
 516 0064 02       		.uleb128 0x2
 517 0065 04       		.byte	0x4
 518 0066 07       		.byte	0x7
 519 0067 71010000 		.4byte	.LASF8
 520 006b 04       		.uleb128 0x4
 521 006c 24030000 		.4byte	.LASF9
 522 0070 02       		.byte	0x2
 523 0071 B901     		.2byte	0x1b9
 524 0073 2C000000 		.4byte	0x2c
 525 0077 04       		.uleb128 0x4
 526 0078 53010000 		.4byte	.LASF10
 527 007c 02       		.byte	0x2
 528 007d BB01     		.2byte	0x1bb
 529 007f 48000000 		.4byte	0x48
 530 0083 02       		.uleb128 0x2
 531 0084 04       		.byte	0x4
 532 0085 04       		.byte	0x4
 533 0086 BD000000 		.4byte	.LASF11
 534 008a 02       		.uleb128 0x2
 535 008b 08       		.byte	0x8
ARM GAS  C:\Users\quint\AppData\Local\Temp\ccsWVWpL.s 			page 18


 536 008c 04       		.byte	0x4
 537 008d 43010000 		.4byte	.LASF12
 538 0091 02       		.uleb128 0x2
 539 0092 01       		.byte	0x1
 540 0093 08       		.byte	0x8
 541 0094 FB020000 		.4byte	.LASF13
 542 0098 04       		.uleb128 0x4
 543 0099 00000000 		.4byte	.LASF14
 544 009d 02       		.byte	0x2
 545 009e 6502     		.2byte	0x265
 546 00a0 A4000000 		.4byte	0xa4
 547 00a4 05       		.uleb128 0x5
 548 00a5 77000000 		.4byte	0x77
 549 00a9 04       		.uleb128 0x4
 550 00aa C5010000 		.4byte	.LASF15
 551 00ae 02       		.byte	0x2
 552 00af 7502     		.2byte	0x275
 553 00b1 B5000000 		.4byte	0xb5
 554 00b5 06       		.uleb128 0x6
 555 00b6 04       		.byte	0x4
 556 00b7 BB000000 		.4byte	0xbb
 557 00bb 07       		.uleb128 0x7
 558 00bc 02       		.uleb128 0x2
 559 00bd 08       		.byte	0x8
 560 00be 04       		.byte	0x4
 561 00bf 58030000 		.4byte	.LASF16
 562 00c3 02       		.uleb128 0x2
 563 00c4 04       		.byte	0x4
 564 00c5 07       		.byte	0x7
 565 00c6 D6020000 		.4byte	.LASF17
 566 00ca 08       		.uleb128 0x8
 567 00cb A4000000 		.4byte	.LASF18
 568 00cf 01       		.byte	0x1
 569 00d0 D0       		.byte	0xd0
 570 00d1 00000000 		.4byte	.LFB39
 571 00d5 0C000000 		.4byte	.LFE39-.LFB39
 572 00d9 01       		.uleb128 0x1
 573 00da 9C       		.byte	0x9c
 574 00db ED000000 		.4byte	0xed
 575 00df 09       		.uleb128 0x9
 576 00e0 A6010000 		.4byte	.LASF20
 577 00e4 01       		.byte	0x1
 578 00e5 D0       		.byte	0xd0
 579 00e6 A9000000 		.4byte	0xa9
 580 00ea 01       		.uleb128 0x1
 581 00eb 50       		.byte	0x50
 582 00ec 00       		.byte	0
 583 00ed 0A       		.uleb128 0xa
 584 00ee D2010000 		.4byte	.LASF24
 585 00f2 01       		.byte	0x1
 586 00f3 E4       		.byte	0xe4
 587 00f4 A9000000 		.4byte	0xa9
 588 00f8 00000000 		.4byte	.LFB40
 589 00fc 0C000000 		.4byte	.LFE40-.LFB40
 590 0100 01       		.uleb128 0x1
 591 0101 9C       		.byte	0x9c
 592 0102 0B       		.uleb128 0xb
ARM GAS  C:\Users\quint\AppData\Local\Temp\ccsWVWpL.s 			page 19


 593 0103 BB020000 		.4byte	.LASF19
 594 0107 01       		.byte	0x1
 595 0108 0201     		.2byte	0x102
 596 010a 00000000 		.4byte	.LFB41
 597 010e 20000000 		.4byte	.LFE41-.LFB41
 598 0112 01       		.uleb128 0x1
 599 0113 9C       		.byte	0x9c
 600 0114 58010000 		.4byte	0x158
 601 0118 0C       		.uleb128 0xc
 602 0119 4A010000 		.4byte	.LASF21
 603 011d 01       		.byte	0x1
 604 011e 0201     		.2byte	0x102
 605 0120 6B000000 		.4byte	0x6b
 606 0124 00000000 		.4byte	.LLST0
 607 0128 0D       		.uleb128 0xd
 608 0129 DD000000 		.4byte	.LASF22
 609 012d 01       		.byte	0x1
 610 012e 0401     		.2byte	0x104
 611 0130 6B000000 		.4byte	0x6b
 612 0134 21000000 		.4byte	.LLST1
 613 0138 0E       		.uleb128 0xe
 614 0139 40030000 		.4byte	.LASF23
 615 013d 01       		.byte	0x1
 616 013e 0501     		.2byte	0x105
 617 0140 77000000 		.4byte	0x77
 618 0144 06       		.byte	0x6
 619 0145 0F       		.uleb128 0xf
 620 0146 08000000 		.4byte	.LVL3
 621 014a B5030000 		.4byte	0x3b5
 622 014e 0F       		.uleb128 0xf
 623 014f 1A000000 		.4byte	.LVL4
 624 0153 C0030000 		.4byte	0x3c0
 625 0157 00       		.byte	0
 626 0158 10       		.uleb128 0x10
 627 0159 28010000 		.4byte	.LASF46
 628 015d 01       		.byte	0x1
 629 015e 1E01     		.2byte	0x11e
 630 0160 6B000000 		.4byte	0x6b
 631 0164 00000000 		.4byte	.LFB42
 632 0168 10000000 		.4byte	.LFE42-.LFB42
 633 016c 01       		.uleb128 0x1
 634 016d 9C       		.byte	0x9c
 635 016e 90010000 		.4byte	0x190
 636 0172 0D       		.uleb128 0xd
 637 0173 4A010000 		.4byte	.LASF21
 638 0177 01       		.byte	0x1
 639 0178 2001     		.2byte	0x120
 640 017a 77000000 		.4byte	0x77
 641 017e 34000000 		.4byte	.LLST2
 642 0182 0E       		.uleb128 0xe
 643 0183 40030000 		.4byte	.LASF23
 644 0187 01       		.byte	0x1
 645 0188 2101     		.2byte	0x121
 646 018a 77000000 		.4byte	0x77
 647 018e 06       		.byte	0x6
 648 018f 00       		.byte	0
 649 0190 11       		.uleb128 0x11
ARM GAS  C:\Users\quint\AppData\Local\Temp\ccsWVWpL.s 			page 20


 650 0191 9D030000 		.4byte	.LASF26
 651 0195 01       		.byte	0x1
 652 0196 3901     		.2byte	0x139
 653 0198 00000000 		.4byte	.LFB43
 654 019c 0C000000 		.4byte	.LFE43-.LFB43
 655 01a0 01       		.uleb128 0x1
 656 01a1 9C       		.byte	0x9c
 657 01a2 12       		.uleb128 0x12
 658 01a3 A3020000 		.4byte	.LASF25
 659 01a7 01       		.byte	0x1
 660 01a8 4E01     		.2byte	0x14e
 661 01aa 6B000000 		.4byte	0x6b
 662 01ae 00000000 		.4byte	.LFB44
 663 01b2 10000000 		.4byte	.LFE44-.LFB44
 664 01b6 01       		.uleb128 0x1
 665 01b7 9C       		.byte	0x9c
 666 01b8 11       		.uleb128 0x11
 667 01b9 11010000 		.4byte	.LASF27
 668 01bd 01       		.byte	0x1
 669 01be 6301     		.2byte	0x163
 670 01c0 00000000 		.4byte	.LFB45
 671 01c4 0C000000 		.4byte	.LFE45-.LFB45
 672 01c8 01       		.uleb128 0x1
 673 01c9 9C       		.byte	0x9c
 674 01ca 08       		.uleb128 0x8
 675 01cb 64030000 		.4byte	.LASF28
 676 01cf 01       		.byte	0x1
 677 01d0 3A       		.byte	0x3a
 678 01d1 00000000 		.4byte	.LFB35
 679 01d5 1C000000 		.4byte	.LFE35-.LFB35
 680 01d9 01       		.uleb128 0x1
 681 01da 9C       		.byte	0x9c
 682 01db 1C020000 		.4byte	0x21c
 683 01df 0F       		.uleb128 0xf
 684 01e0 06000000 		.4byte	.LVL8
 685 01e4 B8010000 		.4byte	0x1b8
 686 01e8 13       		.uleb128 0x13
 687 01e9 0C000000 		.4byte	.LVL9
 688 01ed CA000000 		.4byte	0xca
 689 01f1 FF010000 		.4byte	0x1ff
 690 01f5 14       		.uleb128 0x14
 691 01f6 01       		.uleb128 0x1
 692 01f7 50       		.byte	0x50
 693 01f8 05       		.uleb128 0x5
 694 01f9 03       		.byte	0x3
 695 01fa 00000000 		.4byte	JoyA_Interrupt_Interrupt
 696 01fe 00       		.byte	0
 697 01ff 13       		.uleb128 0x13
 698 0200 12000000 		.4byte	.LVL10
 699 0204 02010000 		.4byte	0x102
 700 0208 12020000 		.4byte	0x212
 701 020c 14       		.uleb128 0x14
 702 020d 01       		.uleb128 0x1
 703 020e 50       		.byte	0x50
 704 020f 01       		.uleb128 0x1
 705 0210 33       		.byte	0x33
 706 0211 00       		.byte	0
ARM GAS  C:\Users\quint\AppData\Local\Temp\ccsWVWpL.s 			page 21


 707 0212 0F       		.uleb128 0xf
 708 0213 16000000 		.4byte	.LVL11
 709 0217 90010000 		.4byte	0x190
 710 021b 00       		.byte	0
 711 021c 08       		.uleb128 0x8
 712 021d 8D000000 		.4byte	.LASF29
 713 0221 01       		.byte	0x1
 714 0222 65       		.byte	0x65
 715 0223 00000000 		.4byte	.LFB36
 716 0227 1A000000 		.4byte	.LFE36-.LFB36
 717 022b 01       		.uleb128 0x1
 718 022c 9C       		.byte	0x9c
 719 022d 7A020000 		.4byte	0x27a
 720 0231 15       		.uleb128 0x15
 721 0232 A6010000 		.4byte	.LASF20
 722 0236 01       		.byte	0x1
 723 0237 65       		.byte	0x65
 724 0238 A9000000 		.4byte	0xa9
 725 023c 56000000 		.4byte	.LLST3
 726 0240 0F       		.uleb128 0xf
 727 0241 08000000 		.4byte	.LVL13
 728 0245 B8010000 		.4byte	0x1b8
 729 0249 13       		.uleb128 0x13
 730 024a 0E000000 		.4byte	.LVL14
 731 024e CA000000 		.4byte	0xca
 732 0252 5D020000 		.4byte	0x25d
 733 0256 14       		.uleb128 0x14
 734 0257 01       		.uleb128 0x1
 735 0258 50       		.byte	0x50
 736 0259 02       		.uleb128 0x2
 737 025a 74       		.byte	0x74
 738 025b 00       		.sleb128 0
 739 025c 00       		.byte	0
 740 025d 13       		.uleb128 0x13
 741 025e 14000000 		.4byte	.LVL15
 742 0262 02010000 		.4byte	0x102
 743 0266 70020000 		.4byte	0x270
 744 026a 14       		.uleb128 0x14
 745 026b 01       		.uleb128 0x1
 746 026c 50       		.byte	0x50
 747 026d 01       		.uleb128 0x1
 748 026e 33       		.byte	0x33
 749 026f 00       		.byte	0
 750 0270 0F       		.uleb128 0xf
 751 0271 18000000 		.4byte	.LVL16
 752 0275 90010000 		.4byte	0x190
 753 0279 00       		.byte	0
 754 027a 08       		.uleb128 0x8
 755 027b 79030000 		.4byte	.LASF30
 756 027f 01       		.byte	0x1
 757 0280 83       		.byte	0x83
 758 0281 00000000 		.4byte	.LFB37
 759 0285 14000000 		.4byte	.LFE37-.LFB37
 760 0289 01       		.uleb128 0x1
 761 028a 9C       		.byte	0x9c
 762 028b A2020000 		.4byte	0x2a2
 763 028f 0F       		.uleb128 0xf
ARM GAS  C:\Users\quint\AppData\Local\Temp\ccsWVWpL.s 			page 22


 764 0290 06000000 		.4byte	.LVL18
 765 0294 B8010000 		.4byte	0x1b8
 766 0298 0F       		.uleb128 0xf
 767 0299 0C000000 		.4byte	.LVL19
 768 029d CA000000 		.4byte	0xca
 769 02a1 00       		.byte	0
 770 02a2 11       		.uleb128 0x11
 771 02a3 0A030000 		.4byte	.LASF31
 772 02a7 01       		.byte	0x1
 773 02a8 7E01     		.2byte	0x17e
 774 02aa 00000000 		.4byte	.LFB46
 775 02ae 0C000000 		.4byte	.LFE46-.LFB46
 776 02b2 01       		.uleb128 0x1
 777 02b3 9C       		.byte	0x9c
 778 02b4 11       		.uleb128 0x11
 779 02b5 1C000000 		.4byte	.LASF32
 780 02b9 01       		.byte	0x1
 781 02ba 9701     		.2byte	0x197
 782 02bc 00000000 		.4byte	.LFB47
 783 02c0 0C000000 		.4byte	.LFE47-.LFB47
 784 02c4 01       		.uleb128 0x1
 785 02c5 9C       		.byte	0x9c
 786 02c6 08       		.uleb128 0x8
 787 02c7 EB010000 		.4byte	.LASF33
 788 02cb 01       		.byte	0x1
 789 02cc A1       		.byte	0xa1
 790 02cd 00000000 		.4byte	.LFB38
 791 02d1 3C000000 		.4byte	.LFE38-.LFB38
 792 02d5 01       		.uleb128 0x1
 793 02d6 9C       		.byte	0x9c
 794 02d7 4E030000 		.4byte	0x34e
 795 02db 16       		.uleb128 0x16
 796 02dc 06000000 		.4byte	.LASF34
 797 02e0 01       		.byte	0x1
 798 02e1 A9       		.byte	0xa9
 799 02e2 4E030000 		.4byte	0x34e
 800 02e6 02       		.uleb128 0x2
 801 02e7 91       		.byte	0x91
 802 02e8 64       		.sleb128 -28
 803 02e9 13       		.uleb128 0x13
 804 02ea 14000000 		.4byte	.LVL20
 805 02ee CB030000 		.4byte	0x3cb
 806 02f2 06030000 		.4byte	0x306
 807 02f6 14       		.uleb128 0x14
 808 02f7 01       		.uleb128 0x1
 809 02f8 50       		.byte	0x50
 810 02f9 02       		.uleb128 0x2
 811 02fa 91       		.byte	0x91
 812 02fb 64       		.sleb128 -28
 813 02fc 14       		.uleb128 0x14
 814 02fd 01       		.uleb128 0x1
 815 02fe 51       		.byte	0x51
 816 02ff 05       		.uleb128 0x5
 817 0300 03       		.byte	0x3
 818 0301 00000000 		.4byte	.LC5
 819 0305 00       		.byte	0
 820 0306 13       		.uleb128 0x13
ARM GAS  C:\Users\quint\AppData\Local\Temp\ccsWVWpL.s 			page 23


 821 0307 26000000 		.4byte	.LVL21
 822 030b D6030000 		.4byte	0x3d6
 823 030f 31030000 		.4byte	0x331
 824 0313 14       		.uleb128 0x14
 825 0314 01       		.uleb128 0x1
 826 0315 50       		.byte	0x50
 827 0316 02       		.uleb128 0x2
 828 0317 91       		.byte	0x91
 829 0318 64       		.sleb128 -28
 830 0319 14       		.uleb128 0x14
 831 031a 01       		.uleb128 0x1
 832 031b 51       		.byte	0x51
 833 031c 01       		.uleb128 0x1
 834 031d 4E       		.byte	0x4e
 835 031e 14       		.uleb128 0x14
 836 031f 01       		.uleb128 0x1
 837 0320 52       		.byte	0x52
 838 0321 01       		.uleb128 0x1
 839 0322 3A       		.byte	0x3a
 840 0323 14       		.uleb128 0x14
 841 0324 01       		.uleb128 0x1
 842 0325 53       		.byte	0x53
 843 0326 03       		.uleb128 0x3
 844 0327 0A       		.byte	0xa
 845 0328 F00F     		.2byte	0xff0
 846 032a 14       		.uleb128 0x14
 847 032b 02       		.uleb128 0x2
 848 032c 7D       		.byte	0x7d
 849 032d 00       		.sleb128 0
 850 032e 01       		.uleb128 0x1
 851 032f 30       		.byte	0x30
 852 0330 00       		.byte	0
 853 0331 13       		.uleb128 0x13
 854 0332 2C000000 		.4byte	.LVL22
 855 0336 E1030000 		.4byte	0x3e1
 856 033a 44030000 		.4byte	0x344
 857 033e 14       		.uleb128 0x14
 858 033f 01       		.uleb128 0x1
 859 0340 50       		.byte	0x50
 860 0341 01       		.uleb128 0x1
 861 0342 49       		.byte	0x49
 862 0343 00       		.byte	0
 863 0344 0F       		.uleb128 0xf
 864 0345 30000000 		.4byte	.LVL23
 865 0349 B4020000 		.4byte	0x2b4
 866 034d 00       		.byte	0
 867 034e 17       		.uleb128 0x17
 868 034f 91000000 		.4byte	0x91
 869 0353 5E030000 		.4byte	0x35e
 870 0357 18       		.uleb128 0x18
 871 0358 C3000000 		.4byte	0xc3
 872 035c 13       		.byte	0x13
 873 035d 00       		.byte	0
 874 035e 19       		.uleb128 0x19
 875 035f B3030000 		.4byte	.LASF35
 876 0363 01       		.byte	0x1
 877 0364 1E       		.byte	0x1e
ARM GAS  C:\Users\quint\AppData\Local\Temp\ccsWVWpL.s 			page 24


 878 0365 5D000000 		.4byte	0x5d
 879 0369 17       		.uleb128 0x17
 880 036a 7F030000 		.4byte	0x37f
 881 036e 7F030000 		.4byte	0x37f
 882 0372 18       		.uleb128 0x18
 883 0373 C3000000 		.4byte	0xc3
 884 0377 60       		.byte	0x60
 885 0378 18       		.uleb128 0x18
 886 0379 C3000000 		.4byte	0xc3
 887 037d 0F       		.byte	0xf
 888 037e 00       		.byte	0
 889 037f 1A       		.uleb128 0x1a
 890 0380 6B000000 		.4byte	0x6b
 891 0384 1B       		.uleb128 0x1b
 892 0385 ED020000 		.4byte	.LASF36
 893 0389 03       		.byte	0x3
 894 038a 42       		.byte	0x42
 895 038b 95030000 		.4byte	0x395
 896 038f 05       		.uleb128 0x5
 897 0390 03       		.byte	0x3
 898 0391 00000000 		.4byte	GLCD_FONT8x16
 899 0395 1A       		.uleb128 0x1a
 900 0396 69030000 		.4byte	0x369
 901 039a 17       		.uleb128 0x17
 902 039b A9000000 		.4byte	0xa9
 903 039f AA030000 		.4byte	0x3aa
 904 03a3 18       		.uleb128 0x18
 905 03a4 C3000000 		.4byte	0xc3
 906 03a8 2F       		.byte	0x2f
 907 03a9 00       		.byte	0
 908 03aa 19       		.uleb128 0x19
 909 03ab 0F000000 		.4byte	.LASF37
 910 03af 01       		.byte	0x1
 911 03b0 23       		.byte	0x23
 912 03b1 9A030000 		.4byte	0x39a
 913 03b5 1C       		.uleb128 0x1c
 914 03b6 5A010000 		.4byte	.LASF38
 915 03ba 5A010000 		.4byte	.LASF38
 916 03be 04       		.byte	0x4
 917 03bf E5       		.byte	0xe5
 918 03c0 1C       		.uleb128 0x1c
 919 03c1 2A030000 		.4byte	.LASF39
 920 03c5 2A030000 		.4byte	.LASF39
 921 03c9 04       		.byte	0x4
 922 03ca E6       		.byte	0xe6
 923 03cb 1C       		.uleb128 0x1c
 924 03cc 8D030000 		.4byte	.LASF40
 925 03d0 8D030000 		.4byte	.LASF40
 926 03d4 05       		.byte	0x5
 927 03d5 E7       		.byte	0xe7
 928 03d6 1C       		.uleb128 0x1c
 929 03d7 04020000 		.4byte	.LASF41
 930 03db 04020000 		.4byte	.LASF41
 931 03df 03       		.byte	0x3
 932 03e0 35       		.byte	0x35
 933 03e1 1C       		.uleb128 0x1c
 934 03e2 95030000 		.4byte	.LASF42
ARM GAS  C:\Users\quint\AppData\Local\Temp\ccsWVWpL.s 			page 25


 935 03e6 95030000 		.4byte	.LASF42
 936 03ea 04       		.byte	0x4
 937 03eb D9       		.byte	0xd9
 938 03ec 00       		.byte	0
 939              		.section	.debug_abbrev,"",%progbits
 940              	.Ldebug_abbrev0:
 941 0000 01       		.uleb128 0x1
 942 0001 11       		.uleb128 0x11
 943 0002 01       		.byte	0x1
 944 0003 25       		.uleb128 0x25
 945 0004 0E       		.uleb128 0xe
 946 0005 13       		.uleb128 0x13
 947 0006 0B       		.uleb128 0xb
 948 0007 03       		.uleb128 0x3
 949 0008 0E       		.uleb128 0xe
 950 0009 1B       		.uleb128 0x1b
 951 000a 0E       		.uleb128 0xe
 952 000b 55       		.uleb128 0x55
 953 000c 17       		.uleb128 0x17
 954 000d 11       		.uleb128 0x11
 955 000e 01       		.uleb128 0x1
 956 000f 10       		.uleb128 0x10
 957 0010 17       		.uleb128 0x17
 958 0011 00       		.byte	0
 959 0012 00       		.byte	0
 960 0013 02       		.uleb128 0x2
 961 0014 24       		.uleb128 0x24
 962 0015 00       		.byte	0
 963 0016 0B       		.uleb128 0xb
 964 0017 0B       		.uleb128 0xb
 965 0018 3E       		.uleb128 0x3e
 966 0019 0B       		.uleb128 0xb
 967 001a 03       		.uleb128 0x3
 968 001b 0E       		.uleb128 0xe
 969 001c 00       		.byte	0
 970 001d 00       		.byte	0
 971 001e 03       		.uleb128 0x3
 972 001f 24       		.uleb128 0x24
 973 0020 00       		.byte	0
 974 0021 0B       		.uleb128 0xb
 975 0022 0B       		.uleb128 0xb
 976 0023 3E       		.uleb128 0x3e
 977 0024 0B       		.uleb128 0xb
 978 0025 03       		.uleb128 0x3
 979 0026 08       		.uleb128 0x8
 980 0027 00       		.byte	0
 981 0028 00       		.byte	0
 982 0029 04       		.uleb128 0x4
 983 002a 16       		.uleb128 0x16
 984 002b 00       		.byte	0
 985 002c 03       		.uleb128 0x3
 986 002d 0E       		.uleb128 0xe
 987 002e 3A       		.uleb128 0x3a
 988 002f 0B       		.uleb128 0xb
 989 0030 3B       		.uleb128 0x3b
 990 0031 05       		.uleb128 0x5
 991 0032 49       		.uleb128 0x49
ARM GAS  C:\Users\quint\AppData\Local\Temp\ccsWVWpL.s 			page 26


 992 0033 13       		.uleb128 0x13
 993 0034 00       		.byte	0
 994 0035 00       		.byte	0
 995 0036 05       		.uleb128 0x5
 996 0037 35       		.uleb128 0x35
 997 0038 00       		.byte	0
 998 0039 49       		.uleb128 0x49
 999 003a 13       		.uleb128 0x13
 1000 003b 00       		.byte	0
 1001 003c 00       		.byte	0
 1002 003d 06       		.uleb128 0x6
 1003 003e 0F       		.uleb128 0xf
 1004 003f 00       		.byte	0
 1005 0040 0B       		.uleb128 0xb
 1006 0041 0B       		.uleb128 0xb
 1007 0042 49       		.uleb128 0x49
 1008 0043 13       		.uleb128 0x13
 1009 0044 00       		.byte	0
 1010 0045 00       		.byte	0
 1011 0046 07       		.uleb128 0x7
 1012 0047 15       		.uleb128 0x15
 1013 0048 00       		.byte	0
 1014 0049 27       		.uleb128 0x27
 1015 004a 19       		.uleb128 0x19
 1016 004b 00       		.byte	0
 1017 004c 00       		.byte	0
 1018 004d 08       		.uleb128 0x8
 1019 004e 2E       		.uleb128 0x2e
 1020 004f 01       		.byte	0x1
 1021 0050 3F       		.uleb128 0x3f
 1022 0051 19       		.uleb128 0x19
 1023 0052 03       		.uleb128 0x3
 1024 0053 0E       		.uleb128 0xe
 1025 0054 3A       		.uleb128 0x3a
 1026 0055 0B       		.uleb128 0xb
 1027 0056 3B       		.uleb128 0x3b
 1028 0057 0B       		.uleb128 0xb
 1029 0058 27       		.uleb128 0x27
 1030 0059 19       		.uleb128 0x19
 1031 005a 11       		.uleb128 0x11
 1032 005b 01       		.uleb128 0x1
 1033 005c 12       		.uleb128 0x12
 1034 005d 06       		.uleb128 0x6
 1035 005e 40       		.uleb128 0x40
 1036 005f 18       		.uleb128 0x18
 1037 0060 9742     		.uleb128 0x2117
 1038 0062 19       		.uleb128 0x19
 1039 0063 01       		.uleb128 0x1
 1040 0064 13       		.uleb128 0x13
 1041 0065 00       		.byte	0
 1042 0066 00       		.byte	0
 1043 0067 09       		.uleb128 0x9
 1044 0068 05       		.uleb128 0x5
 1045 0069 00       		.byte	0
 1046 006a 03       		.uleb128 0x3
 1047 006b 0E       		.uleb128 0xe
 1048 006c 3A       		.uleb128 0x3a
ARM GAS  C:\Users\quint\AppData\Local\Temp\ccsWVWpL.s 			page 27


 1049 006d 0B       		.uleb128 0xb
 1050 006e 3B       		.uleb128 0x3b
 1051 006f 0B       		.uleb128 0xb
 1052 0070 49       		.uleb128 0x49
 1053 0071 13       		.uleb128 0x13
 1054 0072 02       		.uleb128 0x2
 1055 0073 18       		.uleb128 0x18
 1056 0074 00       		.byte	0
 1057 0075 00       		.byte	0
 1058 0076 0A       		.uleb128 0xa
 1059 0077 2E       		.uleb128 0x2e
 1060 0078 00       		.byte	0
 1061 0079 3F       		.uleb128 0x3f
 1062 007a 19       		.uleb128 0x19
 1063 007b 03       		.uleb128 0x3
 1064 007c 0E       		.uleb128 0xe
 1065 007d 3A       		.uleb128 0x3a
 1066 007e 0B       		.uleb128 0xb
 1067 007f 3B       		.uleb128 0x3b
 1068 0080 0B       		.uleb128 0xb
 1069 0081 27       		.uleb128 0x27
 1070 0082 19       		.uleb128 0x19
 1071 0083 49       		.uleb128 0x49
 1072 0084 13       		.uleb128 0x13
 1073 0085 11       		.uleb128 0x11
 1074 0086 01       		.uleb128 0x1
 1075 0087 12       		.uleb128 0x12
 1076 0088 06       		.uleb128 0x6
 1077 0089 40       		.uleb128 0x40
 1078 008a 18       		.uleb128 0x18
 1079 008b 9742     		.uleb128 0x2117
 1080 008d 19       		.uleb128 0x19
 1081 008e 00       		.byte	0
 1082 008f 00       		.byte	0
 1083 0090 0B       		.uleb128 0xb
 1084 0091 2E       		.uleb128 0x2e
 1085 0092 01       		.byte	0x1
 1086 0093 3F       		.uleb128 0x3f
 1087 0094 19       		.uleb128 0x19
 1088 0095 03       		.uleb128 0x3
 1089 0096 0E       		.uleb128 0xe
 1090 0097 3A       		.uleb128 0x3a
 1091 0098 0B       		.uleb128 0xb
 1092 0099 3B       		.uleb128 0x3b
 1093 009a 05       		.uleb128 0x5
 1094 009b 27       		.uleb128 0x27
 1095 009c 19       		.uleb128 0x19
 1096 009d 11       		.uleb128 0x11
 1097 009e 01       		.uleb128 0x1
 1098 009f 12       		.uleb128 0x12
 1099 00a0 06       		.uleb128 0x6
 1100 00a1 40       		.uleb128 0x40
 1101 00a2 18       		.uleb128 0x18
 1102 00a3 9742     		.uleb128 0x2117
 1103 00a5 19       		.uleb128 0x19
 1104 00a6 01       		.uleb128 0x1
 1105 00a7 13       		.uleb128 0x13
ARM GAS  C:\Users\quint\AppData\Local\Temp\ccsWVWpL.s 			page 28


 1106 00a8 00       		.byte	0
 1107 00a9 00       		.byte	0
 1108 00aa 0C       		.uleb128 0xc
 1109 00ab 05       		.uleb128 0x5
 1110 00ac 00       		.byte	0
 1111 00ad 03       		.uleb128 0x3
 1112 00ae 0E       		.uleb128 0xe
 1113 00af 3A       		.uleb128 0x3a
 1114 00b0 0B       		.uleb128 0xb
 1115 00b1 3B       		.uleb128 0x3b
 1116 00b2 05       		.uleb128 0x5
 1117 00b3 49       		.uleb128 0x49
 1118 00b4 13       		.uleb128 0x13
 1119 00b5 02       		.uleb128 0x2
 1120 00b6 17       		.uleb128 0x17
 1121 00b7 00       		.byte	0
 1122 00b8 00       		.byte	0
 1123 00b9 0D       		.uleb128 0xd
 1124 00ba 34       		.uleb128 0x34
 1125 00bb 00       		.byte	0
 1126 00bc 03       		.uleb128 0x3
 1127 00bd 0E       		.uleb128 0xe
 1128 00be 3A       		.uleb128 0x3a
 1129 00bf 0B       		.uleb128 0xb
 1130 00c0 3B       		.uleb128 0x3b
 1131 00c1 05       		.uleb128 0x5
 1132 00c2 49       		.uleb128 0x49
 1133 00c3 13       		.uleb128 0x13
 1134 00c4 02       		.uleb128 0x2
 1135 00c5 17       		.uleb128 0x17
 1136 00c6 00       		.byte	0
 1137 00c7 00       		.byte	0
 1138 00c8 0E       		.uleb128 0xe
 1139 00c9 34       		.uleb128 0x34
 1140 00ca 00       		.byte	0
 1141 00cb 03       		.uleb128 0x3
 1142 00cc 0E       		.uleb128 0xe
 1143 00cd 3A       		.uleb128 0x3a
 1144 00ce 0B       		.uleb128 0xb
 1145 00cf 3B       		.uleb128 0x3b
 1146 00d0 05       		.uleb128 0x5
 1147 00d1 49       		.uleb128 0x49
 1148 00d2 13       		.uleb128 0x13
 1149 00d3 1C       		.uleb128 0x1c
 1150 00d4 0B       		.uleb128 0xb
 1151 00d5 00       		.byte	0
 1152 00d6 00       		.byte	0
 1153 00d7 0F       		.uleb128 0xf
 1154 00d8 898201   		.uleb128 0x4109
 1155 00db 00       		.byte	0
 1156 00dc 11       		.uleb128 0x11
 1157 00dd 01       		.uleb128 0x1
 1158 00de 31       		.uleb128 0x31
 1159 00df 13       		.uleb128 0x13
 1160 00e0 00       		.byte	0
 1161 00e1 00       		.byte	0
 1162 00e2 10       		.uleb128 0x10
ARM GAS  C:\Users\quint\AppData\Local\Temp\ccsWVWpL.s 			page 29


 1163 00e3 2E       		.uleb128 0x2e
 1164 00e4 01       		.byte	0x1
 1165 00e5 3F       		.uleb128 0x3f
 1166 00e6 19       		.uleb128 0x19
 1167 00e7 03       		.uleb128 0x3
 1168 00e8 0E       		.uleb128 0xe
 1169 00e9 3A       		.uleb128 0x3a
 1170 00ea 0B       		.uleb128 0xb
 1171 00eb 3B       		.uleb128 0x3b
 1172 00ec 05       		.uleb128 0x5
 1173 00ed 27       		.uleb128 0x27
 1174 00ee 19       		.uleb128 0x19
 1175 00ef 49       		.uleb128 0x49
 1176 00f0 13       		.uleb128 0x13
 1177 00f1 11       		.uleb128 0x11
 1178 00f2 01       		.uleb128 0x1
 1179 00f3 12       		.uleb128 0x12
 1180 00f4 06       		.uleb128 0x6
 1181 00f5 40       		.uleb128 0x40
 1182 00f6 18       		.uleb128 0x18
 1183 00f7 9742     		.uleb128 0x2117
 1184 00f9 19       		.uleb128 0x19
 1185 00fa 01       		.uleb128 0x1
 1186 00fb 13       		.uleb128 0x13
 1187 00fc 00       		.byte	0
 1188 00fd 00       		.byte	0
 1189 00fe 11       		.uleb128 0x11
 1190 00ff 2E       		.uleb128 0x2e
 1191 0100 00       		.byte	0
 1192 0101 3F       		.uleb128 0x3f
 1193 0102 19       		.uleb128 0x19
 1194 0103 03       		.uleb128 0x3
 1195 0104 0E       		.uleb128 0xe
 1196 0105 3A       		.uleb128 0x3a
 1197 0106 0B       		.uleb128 0xb
 1198 0107 3B       		.uleb128 0x3b
 1199 0108 05       		.uleb128 0x5
 1200 0109 27       		.uleb128 0x27
 1201 010a 19       		.uleb128 0x19
 1202 010b 11       		.uleb128 0x11
 1203 010c 01       		.uleb128 0x1
 1204 010d 12       		.uleb128 0x12
 1205 010e 06       		.uleb128 0x6
 1206 010f 40       		.uleb128 0x40
 1207 0110 18       		.uleb128 0x18
 1208 0111 9742     		.uleb128 0x2117
 1209 0113 19       		.uleb128 0x19
 1210 0114 00       		.byte	0
 1211 0115 00       		.byte	0
 1212 0116 12       		.uleb128 0x12
 1213 0117 2E       		.uleb128 0x2e
 1214 0118 00       		.byte	0
 1215 0119 3F       		.uleb128 0x3f
 1216 011a 19       		.uleb128 0x19
 1217 011b 03       		.uleb128 0x3
 1218 011c 0E       		.uleb128 0xe
 1219 011d 3A       		.uleb128 0x3a
ARM GAS  C:\Users\quint\AppData\Local\Temp\ccsWVWpL.s 			page 30


 1220 011e 0B       		.uleb128 0xb
 1221 011f 3B       		.uleb128 0x3b
 1222 0120 05       		.uleb128 0x5
 1223 0121 27       		.uleb128 0x27
 1224 0122 19       		.uleb128 0x19
 1225 0123 49       		.uleb128 0x49
 1226 0124 13       		.uleb128 0x13
 1227 0125 11       		.uleb128 0x11
 1228 0126 01       		.uleb128 0x1
 1229 0127 12       		.uleb128 0x12
 1230 0128 06       		.uleb128 0x6
 1231 0129 40       		.uleb128 0x40
 1232 012a 18       		.uleb128 0x18
 1233 012b 9742     		.uleb128 0x2117
 1234 012d 19       		.uleb128 0x19
 1235 012e 00       		.byte	0
 1236 012f 00       		.byte	0
 1237 0130 13       		.uleb128 0x13
 1238 0131 898201   		.uleb128 0x4109
 1239 0134 01       		.byte	0x1
 1240 0135 11       		.uleb128 0x11
 1241 0136 01       		.uleb128 0x1
 1242 0137 31       		.uleb128 0x31
 1243 0138 13       		.uleb128 0x13
 1244 0139 01       		.uleb128 0x1
 1245 013a 13       		.uleb128 0x13
 1246 013b 00       		.byte	0
 1247 013c 00       		.byte	0
 1248 013d 14       		.uleb128 0x14
 1249 013e 8A8201   		.uleb128 0x410a
 1250 0141 00       		.byte	0
 1251 0142 02       		.uleb128 0x2
 1252 0143 18       		.uleb128 0x18
 1253 0144 9142     		.uleb128 0x2111
 1254 0146 18       		.uleb128 0x18
 1255 0147 00       		.byte	0
 1256 0148 00       		.byte	0
 1257 0149 15       		.uleb128 0x15
 1258 014a 05       		.uleb128 0x5
 1259 014b 00       		.byte	0
 1260 014c 03       		.uleb128 0x3
 1261 014d 0E       		.uleb128 0xe
 1262 014e 3A       		.uleb128 0x3a
 1263 014f 0B       		.uleb128 0xb
 1264 0150 3B       		.uleb128 0x3b
 1265 0151 0B       		.uleb128 0xb
 1266 0152 49       		.uleb128 0x49
 1267 0153 13       		.uleb128 0x13
 1268 0154 02       		.uleb128 0x2
 1269 0155 17       		.uleb128 0x17
 1270 0156 00       		.byte	0
 1271 0157 00       		.byte	0
 1272 0158 16       		.uleb128 0x16
 1273 0159 34       		.uleb128 0x34
 1274 015a 00       		.byte	0
 1275 015b 03       		.uleb128 0x3
 1276 015c 0E       		.uleb128 0xe
ARM GAS  C:\Users\quint\AppData\Local\Temp\ccsWVWpL.s 			page 31


 1277 015d 3A       		.uleb128 0x3a
 1278 015e 0B       		.uleb128 0xb
 1279 015f 3B       		.uleb128 0x3b
 1280 0160 0B       		.uleb128 0xb
 1281 0161 49       		.uleb128 0x49
 1282 0162 13       		.uleb128 0x13
 1283 0163 02       		.uleb128 0x2
 1284 0164 18       		.uleb128 0x18
 1285 0165 00       		.byte	0
 1286 0166 00       		.byte	0
 1287 0167 17       		.uleb128 0x17
 1288 0168 01       		.uleb128 0x1
 1289 0169 01       		.byte	0x1
 1290 016a 49       		.uleb128 0x49
 1291 016b 13       		.uleb128 0x13
 1292 016c 01       		.uleb128 0x1
 1293 016d 13       		.uleb128 0x13
 1294 016e 00       		.byte	0
 1295 016f 00       		.byte	0
 1296 0170 18       		.uleb128 0x18
 1297 0171 21       		.uleb128 0x21
 1298 0172 00       		.byte	0
 1299 0173 49       		.uleb128 0x49
 1300 0174 13       		.uleb128 0x13
 1301 0175 2F       		.uleb128 0x2f
 1302 0176 0B       		.uleb128 0xb
 1303 0177 00       		.byte	0
 1304 0178 00       		.byte	0
 1305 0179 19       		.uleb128 0x19
 1306 017a 34       		.uleb128 0x34
 1307 017b 00       		.byte	0
 1308 017c 03       		.uleb128 0x3
 1309 017d 0E       		.uleb128 0xe
 1310 017e 3A       		.uleb128 0x3a
 1311 017f 0B       		.uleb128 0xb
 1312 0180 3B       		.uleb128 0x3b
 1313 0181 0B       		.uleb128 0xb
 1314 0182 49       		.uleb128 0x49
 1315 0183 13       		.uleb128 0x13
 1316 0184 3F       		.uleb128 0x3f
 1317 0185 19       		.uleb128 0x19
 1318 0186 3C       		.uleb128 0x3c
 1319 0187 19       		.uleb128 0x19
 1320 0188 00       		.byte	0
 1321 0189 00       		.byte	0
 1322 018a 1A       		.uleb128 0x1a
 1323 018b 26       		.uleb128 0x26
 1324 018c 00       		.byte	0
 1325 018d 49       		.uleb128 0x49
 1326 018e 13       		.uleb128 0x13
 1327 018f 00       		.byte	0
 1328 0190 00       		.byte	0
 1329 0191 1B       		.uleb128 0x1b
 1330 0192 34       		.uleb128 0x34
 1331 0193 00       		.byte	0
 1332 0194 03       		.uleb128 0x3
 1333 0195 0E       		.uleb128 0xe
ARM GAS  C:\Users\quint\AppData\Local\Temp\ccsWVWpL.s 			page 32


 1334 0196 3A       		.uleb128 0x3a
 1335 0197 0B       		.uleb128 0xb
 1336 0198 3B       		.uleb128 0x3b
 1337 0199 0B       		.uleb128 0xb
 1338 019a 49       		.uleb128 0x49
 1339 019b 13       		.uleb128 0x13
 1340 019c 3F       		.uleb128 0x3f
 1341 019d 19       		.uleb128 0x19
 1342 019e 02       		.uleb128 0x2
 1343 019f 18       		.uleb128 0x18
 1344 01a0 00       		.byte	0
 1345 01a1 00       		.byte	0
 1346 01a2 1C       		.uleb128 0x1c
 1347 01a3 2E       		.uleb128 0x2e
 1348 01a4 00       		.byte	0
 1349 01a5 3F       		.uleb128 0x3f
 1350 01a6 19       		.uleb128 0x19
 1351 01a7 3C       		.uleb128 0x3c
 1352 01a8 19       		.uleb128 0x19
 1353 01a9 6E       		.uleb128 0x6e
 1354 01aa 0E       		.uleb128 0xe
 1355 01ab 03       		.uleb128 0x3
 1356 01ac 0E       		.uleb128 0xe
 1357 01ad 3A       		.uleb128 0x3a
 1358 01ae 0B       		.uleb128 0xb
 1359 01af 3B       		.uleb128 0x3b
 1360 01b0 0B       		.uleb128 0xb
 1361 01b1 00       		.byte	0
 1362 01b2 00       		.byte	0
 1363 01b3 00       		.byte	0
 1364              		.section	.debug_loc,"",%progbits
 1365              	.Ldebug_loc0:
 1366              	.LLST0:
 1367 0000 00000000 		.4byte	.LVL1
 1368 0004 07000000 		.4byte	.LVL3-1
 1369 0008 0100     		.2byte	0x1
 1370 000a 50       		.byte	0x50
 1371 000b 07000000 		.4byte	.LVL3-1
 1372 000f 20000000 		.4byte	.LFE41
 1373 0013 0400     		.2byte	0x4
 1374 0015 F3       		.byte	0xf3
 1375 0016 01       		.uleb128 0x1
 1376 0017 50       		.byte	0x50
 1377 0018 9F       		.byte	0x9f
 1378 0019 00000000 		.4byte	0
 1379 001d 00000000 		.4byte	0
 1380              	.LLST1:
 1381 0021 08000000 		.4byte	.LVL3
 1382 0025 19000000 		.4byte	.LVL4-1
 1383 0029 0100     		.2byte	0x1
 1384 002b 50       		.byte	0x50
 1385 002c 00000000 		.4byte	0
 1386 0030 00000000 		.4byte	0
 1387              	.LLST2:
 1388 0034 06000000 		.4byte	.LVL6
 1389 0038 0A000000 		.4byte	.LVL7
 1390 003c 0500     		.2byte	0x5
ARM GAS  C:\Users\quint\AppData\Local\Temp\ccsWVWpL.s 			page 33


 1391 003e 70       		.byte	0x70
 1392 003f 00       		.sleb128 0
 1393 0040 33       		.byte	0x33
 1394 0041 1A       		.byte	0x1a
 1395 0042 9F       		.byte	0x9f
 1396 0043 0A000000 		.4byte	.LVL7
 1397 0047 10000000 		.4byte	.LFE42
 1398 004b 0100     		.2byte	0x1
 1399 004d 50       		.byte	0x50
 1400 004e 00000000 		.4byte	0
 1401 0052 00000000 		.4byte	0
 1402              	.LLST3:
 1403 0056 00000000 		.4byte	.LVL12
 1404 005a 07000000 		.4byte	.LVL13-1
 1405 005e 0100     		.2byte	0x1
 1406 0060 50       		.byte	0x50
 1407 0061 07000000 		.4byte	.LVL13-1
 1408 0065 18000000 		.4byte	.LVL17
 1409 0069 0100     		.2byte	0x1
 1410 006b 54       		.byte	0x54
 1411 006c 18000000 		.4byte	.LVL17
 1412 0070 1A000000 		.4byte	.LFE36
 1413 0074 0400     		.2byte	0x4
 1414 0076 F3       		.byte	0xf3
 1415 0077 01       		.uleb128 0x1
 1416 0078 50       		.byte	0x50
 1417 0079 9F       		.byte	0x9f
 1418 007a 00000000 		.4byte	0
 1419 007e 00000000 		.4byte	0
 1420              		.section	.debug_aranges,"",%progbits
 1421 0000 7C000000 		.4byte	0x7c
 1422 0004 0200     		.2byte	0x2
 1423 0006 00000000 		.4byte	.Ldebug_info0
 1424 000a 04       		.byte	0x4
 1425 000b 00       		.byte	0
 1426 000c 0000     		.2byte	0
 1427 000e 0000     		.2byte	0
 1428 0010 00000000 		.4byte	.LFB39
 1429 0014 0C000000 		.4byte	.LFE39-.LFB39
 1430 0018 00000000 		.4byte	.LFB40
 1431 001c 0C000000 		.4byte	.LFE40-.LFB40
 1432 0020 00000000 		.4byte	.LFB41
 1433 0024 20000000 		.4byte	.LFE41-.LFB41
 1434 0028 00000000 		.4byte	.LFB42
 1435 002c 10000000 		.4byte	.LFE42-.LFB42
 1436 0030 00000000 		.4byte	.LFB43
 1437 0034 0C000000 		.4byte	.LFE43-.LFB43
 1438 0038 00000000 		.4byte	.LFB44
 1439 003c 10000000 		.4byte	.LFE44-.LFB44
 1440 0040 00000000 		.4byte	.LFB45
 1441 0044 0C000000 		.4byte	.LFE45-.LFB45
 1442 0048 00000000 		.4byte	.LFB35
 1443 004c 1C000000 		.4byte	.LFE35-.LFB35
 1444 0050 00000000 		.4byte	.LFB36
 1445 0054 1A000000 		.4byte	.LFE36-.LFB36
 1446 0058 00000000 		.4byte	.LFB37
 1447 005c 14000000 		.4byte	.LFE37-.LFB37
ARM GAS  C:\Users\quint\AppData\Local\Temp\ccsWVWpL.s 			page 34


 1448 0060 00000000 		.4byte	.LFB46
 1449 0064 0C000000 		.4byte	.LFE46-.LFB46
 1450 0068 00000000 		.4byte	.LFB47
 1451 006c 0C000000 		.4byte	.LFE47-.LFB47
 1452 0070 00000000 		.4byte	.LFB38
 1453 0074 3C000000 		.4byte	.LFE38-.LFB38
 1454 0078 00000000 		.4byte	0
 1455 007c 00000000 		.4byte	0
 1456              		.section	.debug_ranges,"",%progbits
 1457              	.Ldebug_ranges0:
 1458 0000 00000000 		.4byte	.LFB39
 1459 0004 0C000000 		.4byte	.LFE39
 1460 0008 00000000 		.4byte	.LFB40
 1461 000c 0C000000 		.4byte	.LFE40
 1462 0010 00000000 		.4byte	.LFB41
 1463 0014 20000000 		.4byte	.LFE41
 1464 0018 00000000 		.4byte	.LFB42
 1465 001c 10000000 		.4byte	.LFE42
 1466 0020 00000000 		.4byte	.LFB43
 1467 0024 0C000000 		.4byte	.LFE43
 1468 0028 00000000 		.4byte	.LFB44
 1469 002c 10000000 		.4byte	.LFE44
 1470 0030 00000000 		.4byte	.LFB45
 1471 0034 0C000000 		.4byte	.LFE45
 1472 0038 00000000 		.4byte	.LFB35
 1473 003c 1C000000 		.4byte	.LFE35
 1474 0040 00000000 		.4byte	.LFB36
 1475 0044 1A000000 		.4byte	.LFE36
 1476 0048 00000000 		.4byte	.LFB37
 1477 004c 14000000 		.4byte	.LFE37
 1478 0050 00000000 		.4byte	.LFB46
 1479 0054 0C000000 		.4byte	.LFE46
 1480 0058 00000000 		.4byte	.LFB47
 1481 005c 0C000000 		.4byte	.LFE47
 1482 0060 00000000 		.4byte	.LFB38
 1483 0064 3C000000 		.4byte	.LFE38
 1484 0068 00000000 		.4byte	0
 1485 006c 00000000 		.4byte	0
 1486              		.section	.debug_line,"",%progbits
 1487              	.Ldebug_line0:
 1488 0000 D2010000 		.section	.debug_str,"MS",%progbits,1
 1488      0200D300 
 1488      00000201 
 1488      FB0E0D00 
 1488      01010101 
 1489              	.LASF14:
 1490 0000 72656733 		.ascii	"reg32\000"
 1490      3200
 1491              	.LASF34:
 1492 0006 6D797374 		.ascii	"mystring\000"
 1492      72696E67 
 1492      00
 1493              	.LASF37:
 1494 000f 43795261 		.ascii	"CyRamVectors\000"
 1494      6D566563 
 1494      746F7273 
 1494      00
ARM GAS  C:\Users\quint\AppData\Local\Temp\ccsWVWpL.s 			page 35


 1495              	.LASF32:
 1496 001c 4A6F7941 		.ascii	"JoyA_Interrupt_ClearPending\000"
 1496      5F496E74 
 1496      65727275 
 1496      70745F43 
 1496      6C656172 
 1497              	.LASF45:
 1498 0038 443A5C47 		.ascii	"D:\\GIT\\Microcontroller System Design Projects\\HW"
 1498      49545C4D 
 1498      6963726F 
 1498      636F6E74 
 1498      726F6C6C 
 1499 0068 322D436C 		.ascii	"2-Cline Count Zilla\\countZilla.cydsn\000"
 1499      696E6520 
 1499      436F756E 
 1499      74205A69 
 1499      6C6C615C 
 1500              	.LASF29:
 1501 008d 4A6F7941 		.ascii	"JoyA_Interrupt_StartEx\000"
 1501      5F496E74 
 1501      65727275 
 1501      70745F53 
 1501      74617274 
 1502              	.LASF18:
 1503 00a4 4A6F7941 		.ascii	"JoyA_Interrupt_SetVector\000"
 1503      5F496E74 
 1503      65727275 
 1503      70745F53 
 1503      65745665 
 1504              	.LASF11:
 1505 00bd 666C6F61 		.ascii	"float\000"
 1505      7400
 1506              	.LASF0:
 1507 00c3 7369676E 		.ascii	"signed char\000"
 1507      65642063 
 1507      68617200 
 1508              	.LASF1:
 1509 00cf 756E7369 		.ascii	"unsigned char\000"
 1509      676E6564 
 1509      20636861 
 1509      7200
 1510              	.LASF22:
 1511 00dd 696E7465 		.ascii	"interruptState\000"
 1511      72727570 
 1511      74537461 
 1511      746500
 1512              	.LASF5:
 1513 00ec 6C6F6E67 		.ascii	"long unsigned int\000"
 1513      20756E73 
 1513      69676E65 
 1513      6420696E 
 1513      7400
 1514              	.LASF3:
 1515 00fe 73686F72 		.ascii	"short unsigned int\000"
 1515      7420756E 
 1515      7369676E 
 1515      65642069 
ARM GAS  C:\Users\quint\AppData\Local\Temp\ccsWVWpL.s 			page 36


 1515      6E7400
 1516              	.LASF27:
 1517 0111 4A6F7941 		.ascii	"JoyA_Interrupt_Disable\000"
 1517      5F496E74 
 1517      65727275 
 1517      70745F44 
 1517      69736162 
 1518              	.LASF46:
 1519 0128 4A6F7941 		.ascii	"JoyA_Interrupt_GetPriority\000"
 1519      5F496E74 
 1519      65727275 
 1519      70745F47 
 1519      65745072 
 1520              	.LASF12:
 1521 0143 646F7562 		.ascii	"double\000"
 1521      6C6500
 1522              	.LASF21:
 1523 014a 7072696F 		.ascii	"priority\000"
 1523      72697479 
 1523      00
 1524              	.LASF10:
 1525 0153 75696E74 		.ascii	"uint32\000"
 1525      333200
 1526              	.LASF38:
 1527 015a 4379456E 		.ascii	"CyEnterCriticalSection\000"
 1527      74657243 
 1527      72697469 
 1527      63616C53 
 1527      65637469 
 1528              	.LASF8:
 1529 0171 756E7369 		.ascii	"unsigned int\000"
 1529      676E6564 
 1529      20696E74 
 1529      00
 1530              	.LASF44:
 1531 017e 47656E65 		.ascii	"Generated_Source\\PSoC4\\JoyA_Interrupt.c\000"
 1531      72617465 
 1531      645F536F 
 1531      75726365 
 1531      5C50536F 
 1532              	.LASF20:
 1533 01a6 61646472 		.ascii	"address\000"
 1533      65737300 
 1534              	.LASF7:
 1535 01ae 6C6F6E67 		.ascii	"long long unsigned int\000"
 1535      206C6F6E 
 1535      6720756E 
 1535      7369676E 
 1535      65642069 
 1536              	.LASF15:
 1537 01c5 63796973 		.ascii	"cyisraddress\000"
 1537      72616464 
 1537      72657373 
 1537      00
 1538              	.LASF24:
 1539 01d2 4A6F7941 		.ascii	"JoyA_Interrupt_GetVector\000"
 1539      5F496E74 
ARM GAS  C:\Users\quint\AppData\Local\Temp\ccsWVWpL.s 			page 37


 1539      65727275 
 1539      70745F47 
 1539      65745665 
 1540              	.LASF33:
 1541 01eb 4A6F7941 		.ascii	"JoyA_Interrupt_Interrupt\000"
 1541      5F496E74 
 1541      65727275 
 1541      70745F49 
 1541      6E746572 
 1542              	.LASF41:
 1543 0204 474C4344 		.ascii	"GLCD_PrintString\000"
 1543      5F507269 
 1543      6E745374 
 1543      72696E67 
 1543      00
 1544              	.LASF43:
 1545 0215 474E5520 		.ascii	"GNU C11 5.4.1 20160609 (release) [ARM/embedded-5-br"
 1545      43313120 
 1545      352E342E 
 1545      31203230 
 1545      31363036 
 1546 0248 616E6368 		.ascii	"anch revision 237715] -mcpu=cortex-m0 -mthumb -g -O"
 1546      20726576 
 1546      6973696F 
 1546      6E203233 
 1546      37373135 
 1547 027b 67202D66 		.ascii	"g -ffunction-sections -ffat-lto-objects\000"
 1547      66756E63 
 1547      74696F6E 
 1547      2D736563 
 1547      74696F6E 
 1548              	.LASF25:
 1549 02a3 4A6F7941 		.ascii	"JoyA_Interrupt_GetState\000"
 1549      5F496E74 
 1549      65727275 
 1549      70745F47 
 1549      65745374 
 1550              	.LASF19:
 1551 02bb 4A6F7941 		.ascii	"JoyA_Interrupt_SetPriority\000"
 1551      5F496E74 
 1551      65727275 
 1551      70745F53 
 1551      65745072 
 1552              	.LASF17:
 1553 02d6 73697A65 		.ascii	"sizetype\000"
 1553      74797065 
 1553      00
 1554              	.LASF6:
 1555 02df 6C6F6E67 		.ascii	"long long int\000"
 1555      206C6F6E 
 1555      6720696E 
 1555      7400
 1556              	.LASF36:
 1557 02ed 474C4344 		.ascii	"GLCD_FONT8x16\000"
 1557      5F464F4E 
 1557      54387831 
 1557      3600
ARM GAS  C:\Users\quint\AppData\Local\Temp\ccsWVWpL.s 			page 38


 1558              	.LASF13:
 1559 02fb 63686172 		.ascii	"char\000"
 1559      00
 1560              	.LASF2:
 1561 0300 73686F72 		.ascii	"short int\000"
 1561      7420696E 
 1561      7400
 1562              	.LASF31:
 1563 030a 4A6F7941 		.ascii	"JoyA_Interrupt_SetPending\000"
 1563      5F496E74 
 1563      65727275 
 1563      70745F53 
 1563      65745065 
 1564              	.LASF9:
 1565 0324 75696E74 		.ascii	"uint8\000"
 1565      3800
 1566              	.LASF39:
 1567 032a 43794578 		.ascii	"CyExitCriticalSection\000"
 1567      69744372 
 1567      69746963 
 1567      616C5365 
 1567      6374696F 
 1568              	.LASF23:
 1569 0340 7072696F 		.ascii	"priorityOffset\000"
 1569      72697479 
 1569      4F666673 
 1569      657400
 1570              	.LASF4:
 1571 034f 6C6F6E67 		.ascii	"long int\000"
 1571      20696E74 
 1571      00
 1572              	.LASF16:
 1573 0358 6C6F6E67 		.ascii	"long double\000"
 1573      20646F75 
 1573      626C6500 
 1574              	.LASF28:
 1575 0364 4A6F7941 		.ascii	"JoyA_Interrupt_Start\000"
 1575      5F496E74 
 1575      65727275 
 1575      70745F53 
 1575      74617274 
 1576              	.LASF30:
 1577 0379 4A6F7941 		.ascii	"JoyA_Interrupt_Stop\000"
 1577      5F496E74 
 1577      65727275 
 1577      70745F53 
 1577      746F7000 
 1578              	.LASF40:
 1579 038d 73707269 		.ascii	"sprintf\000"
 1579      6E746600 
 1580              	.LASF42:
 1581 0395 43794465 		.ascii	"CyDelay\000"
 1581      6C617900 
 1582              	.LASF26:
 1583 039d 4A6F7941 		.ascii	"JoyA_Interrupt_Enable\000"
 1583      5F496E74 
 1583      65727275 
ARM GAS  C:\Users\quint\AppData\Local\Temp\ccsWVWpL.s 			page 39


 1583      70745F45 
 1583      6E61626C 
 1584              	.LASF35:
 1585 03b3 41636F75 		.ascii	"Acount\000"
 1585      6E7400
 1586              		.ident	"GCC: (GNU Tools for ARM Embedded Processors) 5.4.1 20160609 (release) [ARM/embedded-5-bran
