#***************************************************************************

#sjplacer

#Version:            1.1

#Build Date:         Dec  5 2017 15:35:27

#File Generated:     Apr 23 2019 21:04:33

#Purpose:            

#Copyright (C) 2010-2011 by Softjin Technologies Pvt Ltd. All rights reserved.

#***************************************************************************

Executing : C:\Program Files (x86)\Cypress\PSoC Creator\4.2\PSoC Creator\bin/sjplacer.exe --proj-name BeatMeter --netlist-vh2 BeatMeter_p.vh2 --arch p4_udb2x2a --arch-file C:\Users\quint\Documents\PSoC Creator\4.2\Devices\arch/udbdsi_2x2_04.cydata --ip-file C:\Users\quint\Documents\PSoC Creator\4.2\Devices\psoc4/psoc4a/ip_blocks.cydata --rrg-file C:\Users\quint\Documents\PSoC Creator\4.2\Devices\psoc4/psoc4a/route_arch-rrg.cydata --irq-file C:\Users\quint\Documents\PSoC Creator\4.2\Devices\psoc4/psoc4a/irqconn.cydata --dsi-conn-file C:\Users\quint\Documents\PSoC Creator\4.2\Devices\psoc4/psoc4a/dsiconn.cydata --pins-file pins_44-TQFP.xml --lib-file BeatMeter_p.lib --sdc-file BeatMeter.sdc --io-pcf BeatMeter.pci --outdir .

		Softjin Techologies Placer, Version 1.1

Build Date : Dec  5 2017	15:33:41

D2004: Option and Settings Summary
=============================================================
Netlist vh2 file          - BeatMeter_p.vh2
Architecture file         - C:\Users\quint\Documents\PSoC Creator\4.2\Devices\arch/udbdsi_2x2_04.cydata
Package                   - 
Defparam file             - 
SDC file                  - BeatMeter.sdc
Output directory          - .
Timing library            - BeatMeter_p.lib
IO Placement file         - BeatMeter.pci

D2050: Starting reading inputs for placer
=============================================================
D2065: Reading netlist file : "BeatMeter_p.vh2"
D2065: Reading arch file : "C:\Users\quint\Documents\PSoC Creator\4.2\Devices\arch/udbdsi_2x2_04.cydata"
D2051: Reading of inputs for placer completed successfully

D2053: Starting placement of the design
=============================================================

Phase 2
Phase 3

Design Statistics after Packing
    Number of Combinational MCs 	:	5
    Number of Sequential MCs    	:	9
    Number of DPs               	:	2
    Number of Controls          	:	1
    Number of Status            	:	2
    Number of SyncCells         	:	0
    Number of count7cells       	:	1

Device Utilization Summary after Packing
    Macrocells                  :	14/32
    UDBS                        :	3/4
    IOs                         :	9/36


D2088: Phase 3, elapsed time : 0.0 (sec)

Phase 4
D2088: Phase 4, elapsed time : 0.0 (sec)

Phase 6

######################################################################
Placement Timing Summary

The timing summary is based on estimated routing delays after
placement. For final timing report, please carry out the timing
analysis after routing.
======================================================================

######################################################################
                     Clock Summary 
======================================================================
Number of clocks: 9
Clock: Clock_1              | Frequency: N/A       | Target:   0.0 MHz
Clock: Clock_1(FFB)         | Frequency: N/A       | Target:   0.0 MHz
Clock: CyHFClk              | Frequency: N/A       | Target:  24.0 MHz
Clock: CyILO                | Frequency: N/A       | Target:   0.0 MHz
Clock: CyIMO                | Frequency: N/A       | Target:  24.0 MHz
Clock: CyLFClk              | Frequency: N/A       | Target:   0.0 MHz
Clock: CyRouted1            | Frequency: N/A       | Target:  24.0 MHz
Clock: CySysClk             | Frequency: N/A       | Target:  24.0 MHz
Clock: GLCD_SPIM_UDB_IntClock | Frequency:  61.0 MHz | Target:  12.0 MHz

======================================================================
                     End of Clock Summary
######################################################################

D2088: Phase 6, elapsed time : 0.0 (sec)

Phase 7
######################################################################
                     Clock Summary 
======================================================================
Number of clocks: 9
Clock: Clock_1              | Frequency: N/A       | Target:   0.0 MHz
Clock: Clock_1(FFB)         | Frequency: N/A       | Target:   0.0 MHz
Clock: CyHFClk              | Frequency: N/A       | Target:  24.0 MHz
Clock: CyILO                | Frequency: N/A       | Target:   0.0 MHz
Clock: CyIMO                | Frequency: N/A       | Target:  24.0 MHz
Clock: CyLFClk              | Frequency: N/A       | Target:   0.0 MHz
Clock: CyRouted1            | Frequency: N/A       | Target:  24.0 MHz
Clock: CySysClk             | Frequency: N/A       | Target:  24.0 MHz
Clock: GLCD_SPIM_UDB_IntClock | Frequency:  61.0 MHz | Target:  12.0 MHz

======================================================================
                     End of Clock Summary
######################################################################
D2088: Phase 7, elapsed time : 0.1 (sec)

Final Design Statistics
    Number of Combinational MCs 	:	5
    Number of Sequential MCs    	:	9
    Number of DPs               	:	2
    Number of Controls          	:	1
    Number of Status            	:	2
    Number of SyncCells         	:	0
    Number of count7cells       	:	1
    Number of IOs       	:	9

Device Utilization Summary
    Macrocells                  :	14/32
    IOs                         :	9/36



######################################################################
Placement Timing Summary

The timing summary is based on estimated routing delays after
placement. For final timing report, please carry out the timing
analysis after routing.
======================================================================


######################################################################
                     Clock Summary 
======================================================================
Number of clocks: 9
Clock: Clock_1              | Frequency: N/A       | Target:   0.0 MHz
Clock: Clock_1(FFB)         | Frequency: N/A       | Target:   0.0 MHz
Clock: CyHFClk              | Frequency: N/A       | Target:  24.0 MHz
Clock: CyILO                | Frequency: N/A       | Target:   0.0 MHz
Clock: CyIMO                | Frequency: N/A       | Target:  24.0 MHz
Clock: CyLFClk              | Frequency: N/A       | Target:   0.0 MHz
Clock: CyRouted1            | Frequency: N/A       | Target:  24.0 MHz
Clock: CySysClk             | Frequency: N/A       | Target:  24.0 MHz
Clock: GLCD_SPIM_UDB_IntClock | Frequency:  61.0 MHz | Target:  13.2 MHz

======================================================================
                     End of Clock Summary
######################################################################

Phase 8
D2088: Phase 8, elapsed time : 0.0 (sec)

D2054: Placement of the design completed successfully

I2076: Total run-time: 0.4 sec.

