--------------- Build Started: 05/22/2019 12:21:34 Project: Clineq_Quinton_HW7, Configuration: ARM GCC 5.4-2016-q2-update Debug ---------------
The code generation step is up to date.
arm-none-eabi-gcc.exe -mcpu=cortex-m0 -mthumb -I. -IGenerated_Source\PSoC4 -Wa,-alh=.\CortexM0\ARM_GCC_541\Debug/accData.lst -g -D DEBUG -D CY_CORE_ID=0 -Wall -ffunction-sections -ffat-lto-objects -Og -c Generated_Source\PSoC4\accData.c -o .\CortexM0\ARM_GCC_541\Debug\accData.o
Generated_Source\PSoC4\accData.c: In function 'accData_Interrupt':
Generated_Source\PSoC4\accData.c:239:23: warning: suggest parentheses around '&&' within '||' [-Wparentheses]
          if((xData>2) &&xData !=xOld ||yData!=yOld) //Move up 
                       ^
Generated_Source\PSoC4\accData.c:286:23: warning: suggest parentheses around '&&' within '||' [-Wparentheses]
          if((xData<2) &&xData !=xOld||yData!=yOld) //Move down
                       ^
Generated_Source\PSoC4\accData.c:220:14: warning: unused variable 'zData' [-Wunused-variable]
        int16 zData= ((ReadBuffer[5]<<8 )| ReadBuffer[4]);
              ^
arm-none-eabi-ar.exe -rs .\CortexM0\ARM_GCC_541\Debug\Clineq_Quinton_HW7.a .\CortexM0\ARM_GCC_541\Debug\GLCD.o .\CortexM0\ARM_GCC_541\Debug\GLCD_Font.o .\CortexM0\ARM_GCC_541\Debug\Backlight.o .\CortexM0\ARM_GCC_541\Debug\Backlight_PM.o .\CortexM0\ARM_GCC_541\Debug\GLCD_Reset.o .\CortexM0\ARM_GCC_541\Debug\GLCD_SPIM_UDB.o .\CortexM0\ARM_GCC_541\Debug\GLCD_SPIM_UDB_PM.o .\CortexM0\ARM_GCC_541\Debug\GLCD_SPIM_UDB_INT.o .\CortexM0\ARM_GCC_541\Debug\GLCD_SCLK.o .\CortexM0\ARM_GCC_541\Debug\GLCD_MOSI.o .\CortexM0\ARM_GCC_541\Debug\GLCD_SS.o .\CortexM0\ARM_GCC_541\Debug\GLCD_SPIM_UDB_IntClock.o .\CortexM0\ARM_GCC_541\Debug\CyFlash.o .\CortexM0\ARM_GCC_541\Debug\CyLib.o .\CortexM0\ARM_GCC_541\Debug\cyPm.o .\CortexM0\ARM_GCC_541\Debug\cyutils.o .\CortexM0\ARM_GCC_541\Debug\CyLFClk.o .\CortexM0\ARM_GCC_541\Debug\cy_em_eeprom.o .\CortexM0\ARM_GCC_541\Debug\R_LED.o .\CortexM0\ARM_GCC_541\Debug\R_LED_PM.o .\CortexM0\ARM_GCC_541\Debug\G_LED.o .\CortexM0\ARM_GCC_541\Debug\G_LED_PM.o .\CortexM0\ARM_GCC_541\Debug\B_LED.o .\CortexM0\ARM_GCC_541\Debug\B_LED_PM.o .\CortexM0\ARM_GCC_541\Debug\I2C.o .\CortexM0\ARM_GCC_541\Debug\I2C_I2C_INT.o .\CortexM0\ARM_GCC_541\Debug\I2C_I2C.o .\CortexM0\ARM_GCC_541\Debug\I2C_I2C_BOOT.o .\CortexM0\ARM_GCC_541\Debug\I2C_PM.o .\CortexM0\ARM_GCC_541\Debug\I2C_BOOT.o .\CortexM0\ARM_GCC_541\Debug\I2C_I2C_MASTER.o .\CortexM0\ARM_GCC_541\Debug\Timer.o .\CortexM0\ARM_GCC_541\Debug\Timer_PM.o .\CortexM0\ARM_GCC_541\Debug\Clock_1.o .\CortexM0\ARM_GCC_541\Debug\Tap_Input.o .\CortexM0\ARM_GCC_541\Debug\Tap_Input_PM.o .\CortexM0\ARM_GCC_541\Debug\tapInterrupt.o .\CortexM0\ARM_GCC_541\Debug\accData.o .\CortexM0\ARM_GCC_541\Debug\I2C_SCBCLK.o .\CortexM0\ARM_GCC_541\Debug\I2C_sda.o .\CortexM0\ARM_GCC_541\Debug\I2C_sda_PM.o .\CortexM0\ARM_GCC_541\Debug\I2C_scl.o .\CortexM0\ARM_GCC_541\Debug\I2C_scl_PM.o .\CortexM0\ARM_GCC_541\Debug\I2C_SCB_IRQ.o .\CortexM0\ARM_GCC_541\Debug\CyBootAsmGnu.o
arm-none-eabi-ar.exe: creating .\CortexM0\ARM_GCC_541\Debug\Clineq_Quinton_HW7.a
arm-none-eabi-gcc.exe -Wl,--start-group -o "D:\GIT\Microcontroller System Design Projects\Hw7- Tilt Control Star Blasters\Clineq_Quinton_HW7.cydsn\CortexM0\ARM_GCC_541\Debug\Clineq_Quinton_HW7.elf" .\CortexM0\ARM_GCC_541\Debug\main.o .\CortexM0\ARM_GCC_541\Debug\cyfitter_cfg.o .\CortexM0\ARM_GCC_541\Debug\cymetadata.o .\CortexM0\ARM_GCC_541\Debug\Cm0Start.o .\CortexM0\ARM_GCC_541\Debug\Clineq_Quinton_HW7.a -mcpu=cortex-m0 -mthumb -L Generated_Source\PSoC4 -Wl,-Map,.\CortexM0\ARM_GCC_541\Debug/Clineq_Quinton_HW7.map -T Generated_Source\PSoC4\cm0gcc.ld -specs=nano.specs -Wl,--gc-sections -g -ffunction-sections -Og -ffat-lto-objects -Wl,--end-group
cyelftool.exe -C "D:\GIT\Microcontroller System Design Projects\Hw7- Tilt Control Star Blasters\Clineq_Quinton_HW7.cydsn\CortexM0\ARM_GCC_541\Debug\Clineq_Quinton_HW7.elf" --flash_row_size 128 --flash_size 32768 --flash_offset 0x00000000
No ELF section .cychecksum found, creating one
Application checksum calculated and stored in ELF section .cychecksum
Checksum calculated and stored in ELF section .cymeta
cyelftool.exe -S "D:\GIT\Microcontroller System Design Projects\Hw7- Tilt Control Star Blasters\Clineq_Quinton_HW7.cydsn\CortexM0\ARM_GCC_541\Debug\Clineq_Quinton_HW7.elf"
Flash used: 8760 of 32768 bytes (26.7%).
SRAM used: 2296 of 4096 bytes (56.1%). Stack: 1024 bytes. Heap: 128 bytes.
--------------- Build Succeeded: 05/22/2019 12:21:37 ---------------
