#***************************************************************************

#sjplacer

#Version:            1.1

#Build Date:         Dec  5 2017 15:35:27

#File Generated:     May 13 2019 23:15:17

#Purpose:            

#Copyright (C) 2010-2011 by Softjin Technologies Pvt Ltd. All rights reserved.

#***************************************************************************

Executing : C:\Program Files (x86)\Cypress\PSoC Creator\4.2\PSoC Creator\bin/sjplacer.exe --proj-name MotorControll --netlist-vh2 MotorControll_p.vh2 --arch p4_udb2x2a --arch-file C:\Users\quint\Documents\PSoC Creator\4.2\Devices\arch/udbdsi_2x2_04.cydata --ip-file C:\Users\quint\Documents\PSoC Creator\4.2\Devices\psoc4/psoc4a/ip_blocks.cydata --rrg-file C:\Users\quint\Documents\PSoC Creator\4.2\Devices\psoc4/psoc4a/route_arch-rrg.cydata --irq-file C:\Users\quint\Documents\PSoC Creator\4.2\Devices\psoc4/psoc4a/irqconn.cydata --dsi-conn-file C:\Users\quint\Documents\PSoC Creator\4.2\Devices\psoc4/psoc4a/dsiconn.cydata --pins-file pins_44-TQFP.xml --lib-file MotorControll_p.lib --sdc-file MotorControll.sdc --io-pcf MotorControll.pci --outdir .

		Softjin Techologies Placer, Version 1.1

Build Date : Dec  5 2017	15:33:41

D2004: Option and Settings Summary
=============================================================
Netlist vh2 file          - MotorControll_p.vh2
Architecture file         - C:\Users\quint\Documents\PSoC Creator\4.2\Devices\arch/udbdsi_2x2_04.cydata
Package                   - 
Defparam file             - 
SDC file                  - MotorControll.sdc
Output directory          - .
Timing library            - MotorControll_p.lib
IO Placement file         - MotorControll.pci

D2050: Starting reading inputs for placer
=============================================================
D2065: Reading netlist file : "MotorControll_p.vh2"
D2065: Reading arch file : "C:\Users\quint\Documents\PSoC Creator\4.2\Devices\arch/udbdsi_2x2_04.cydata"
D2051: Reading of inputs for placer completed successfully

D2053: Starting placement of the design
=============================================================

Phase 2
Phase 3

Design Statistics after Packing
    Number of Combinational MCs 	:	5
    Number of Sequential MCs    	:	9
    Number of DPs               	:	1
    Number of Controls          	:	1
    Number of Status            	:	2
    Number of SyncCells         	:	0
    Number of count7cells       	:	1

Device Utilization Summary after Packing
    Macrocells                  :	14/32
    UDBS                        :	3/4
    IOs                         :	15/36


D2088: Phase 3, elapsed time : 0.0 (sec)

Phase 4
D2088: Phase 4, elapsed time : 0.0 (sec)

Phase 6

######################################################################
Placement Timing Summary

The timing summary is based on estimated routing delays after
placement. For final timing report, please carry out the timing
analysis after routing.
======================================================================

######################################################################
                     Clock Summary 
======================================================================
Number of clocks: 13
Clock: CapSense_ModClk      | Frequency: N/A       | Target:   0.1 MHz
Clock: CapSense_ModClk(FFB) | Frequency: N/A       | Target:   0.1 MHz
Clock: CapSense_SnsClk      | Frequency: N/A       | Target:   0.1 MHz
Clock: CapSense_SnsClk(FFB) | Frequency: N/A       | Target:   0.1 MHz
Clock: Clock_2              | Frequency: N/A       | Target:   1.0 MHz
Clock: Clock_2(FFB)         | Frequency: N/A       | Target:   1.0 MHz
Clock: CyHFClk              | Frequency: N/A       | Target:  24.0 MHz
Clock: CyILO                | Frequency: N/A       | Target:   0.0 MHz
Clock: CyIMO                | Frequency: N/A       | Target:  24.0 MHz
Clock: CyLFClk              | Frequency: N/A       | Target:   0.0 MHz
Clock: CyRouted1            | Frequency: N/A       | Target:  24.0 MHz
Clock: CySysClk             | Frequency: N/A       | Target:  24.0 MHz
Clock: SPIM_IntClock        | Frequency:  61.0 MHz | Target:   2.0 MHz

======================================================================
                     End of Clock Summary
######################################################################

D2088: Phase 6, elapsed time : 0.0 (sec)

Phase 7
######################################################################
                     Clock Summary 
======================================================================
Number of clocks: 13
Clock: CapSense_ModClk      | Frequency: N/A       | Target:   0.1 MHz
Clock: CapSense_ModClk(FFB) | Frequency: N/A       | Target:   0.1 MHz
Clock: CapSense_SnsClk      | Frequency: N/A       | Target:   0.1 MHz
Clock: CapSense_SnsClk(FFB) | Frequency: N/A       | Target:   0.1 MHz
Clock: Clock_2              | Frequency: N/A       | Target:   1.0 MHz
Clock: Clock_2(FFB)         | Frequency: N/A       | Target:   1.0 MHz
Clock: CyHFClk              | Frequency: N/A       | Target:  24.0 MHz
Clock: CyILO                | Frequency: N/A       | Target:   0.0 MHz
Clock: CyIMO                | Frequency: N/A       | Target:  24.0 MHz
Clock: CyLFClk              | Frequency: N/A       | Target:   0.0 MHz
Clock: CyRouted1            | Frequency: N/A       | Target:  24.0 MHz
Clock: CySysClk             | Frequency: N/A       | Target:  24.0 MHz
Clock: SPIM_IntClock        | Frequency:  61.0 MHz | Target:   2.0 MHz

======================================================================
                     End of Clock Summary
######################################################################
D2088: Phase 7, elapsed time : 0.1 (sec)

Final Design Statistics
    Number of Combinational MCs 	:	5
    Number of Sequential MCs    	:	9
    Number of DPs               	:	1
    Number of Controls          	:	1
    Number of Status            	:	2
    Number of SyncCells         	:	0
    Number of count7cells       	:	1
    Number of IOs       	:	15

Device Utilization Summary
    Macrocells                  :	14/32
    IOs                         :	15/36



######################################################################
Placement Timing Summary

The timing summary is based on estimated routing delays after
placement. For final timing report, please carry out the timing
analysis after routing.
======================================================================


######################################################################
                     Clock Summary 
======================================================================
Number of clocks: 13
Clock: CapSense_ModClk      | Frequency: N/A       | Target:   0.1 MHz
Clock: CapSense_ModClk(FFB) | Frequency: N/A       | Target:   0.1 MHz
Clock: CapSense_SnsClk      | Frequency: N/A       | Target:   0.1 MHz
Clock: CapSense_SnsClk(FFB) | Frequency: N/A       | Target:   0.1 MHz
Clock: Clock_2              | Frequency: N/A       | Target:   1.0 MHz
Clock: Clock_2(FFB)         | Frequency: N/A       | Target:   1.0 MHz
Clock: CyHFClk              | Frequency: N/A       | Target:  24.0 MHz
Clock: CyILO                | Frequency: N/A       | Target:   0.0 MHz
Clock: CyIMO                | Frequency: N/A       | Target:  24.0 MHz
Clock: CyLFClk              | Frequency: N/A       | Target:   0.0 MHz
Clock: CyRouted1            | Frequency: N/A       | Target:  24.0 MHz
Clock: CySysClk             | Frequency: N/A       | Target:  24.0 MHz
Clock: SPIM_IntClock        | Frequency:  61.0 MHz | Target:   2.2 MHz

======================================================================
                     End of Clock Summary
######################################################################

Phase 8
D2088: Phase 8, elapsed time : 0.0 (sec)

D2054: Placement of the design completed successfully

I2076: Total run-time: 0.4 sec.

